#
# There is insufficient memory for the Java Runtime Environment to continue.
# Native memory allocation (malloc) failed to allocate 1287056 bytes for Chunk::new
# Possible reasons:
#   The system is out of physical RAM or swap space
#   The process is running with CompressedOops enabled, and the Java Heap may be blocking the growth of the native heap
# Possible solutions:
#   Reduce memory load on the system
#   Increase physical memory or swap space
#   Check if swap backing store is full
#   Decrease Java heap size (-Xmx/-Xms)
#   Decrease number of Java threads
#   Decrease Java thread stack sizes (-Xss)
#   Set larger code cache with -XX:ReservedCodeCacheSize=
#   JVM is running with Unscaled Compressed Oops mode in which the Java heap is
#     placed in the first 4GB address space. The Java Heap base address is the
#     maximum limit for the native heap growth. Please use -XX:HeapBaseMinAddress
#     to set the Java Heap base and to place the Java Heap above 4GB virtual address.
# This output file may be truncated or incomplete.
#
#  Out of Memory Error (arena.cpp:191), pid=2240, tid=9460
#
# JRE version: OpenJDK Runtime Environment Temurin-17.0.9+9 (17.0.9+9) (build 17.0.9+9)
# Java VM: OpenJDK 64-Bit Server VM Temurin-17.0.9+9 (17.0.9+9, mixed mode, tiered, compressed oops, compressed class ptrs, parallel gc, windows-amd64)
# No core dump will be written. Minidumps are not enabled by default on client versions of Windows
#

---------------  S U M M A R Y ------------

Command Line: --add-modules=ALL-SYSTEM --add-opens=java.base/java.util=ALL-UNNAMED --add-opens=java.base/java.lang=ALL-UNNAMED --add-opens=java.base/sun.nio.fs=ALL-UNNAMED -Declipse.application=org.eclipse.jdt.ls.core.id1 -Dosgi.bundles.defaultStartLevel=4 -Declipse.product=org.eclipse.jdt.ls.core.product -Djava.import.generatesMetadataFilesAtProjectRoot=false -DDetectVMInstallationsJob.disabled=true -Dfile.encoding=utf8 -XX:+UseParallelGC -XX:GCTimeRatio=4 -XX:AdaptiveSizePolicyWeight=90 -Dsun.zip.disableMemoryMapping=true -Xmx1G -Xms100m -Xlog:disable -javaagent:c:\Users\joshm\.vscode\extensions\redhat.java-1.26.0-win32-x64\lombok\lombok-1.18.31-3454.jar c:\Users\joshm\.vscode\extensions\redhat.java-1.26.0-win32-x64\server\plugins\org.eclipse.equinox.launcher_1.6.700.v20231214-2017.jar -configuration c:\Users\joshm\AppData\Roaming\Code\User\globalStorage\redhat.java\1.26.0\config_ss_win -data c:\Users\joshm\AppData\Roaming\Code\User\workspaceStorage\b0d151ee9e6ba5e463fc4d2f3f896610\redhat.java\ss_ws --stdio

Host: AMD Ryzen 7 6800H with Radeon Graphics         , 16 cores, 15G,  Windows 11 , 64 bit Build 22621 (10.0.22621.2506)
Time: Thu Jan 18 10:50:53 2024 Eastern Standard Time elapsed time: 3.586099 seconds (0d 0h 0m 3s)

---------------  T H R E A D  ---------------

Current thread (0x000001912c633560):  JavaThread "C2 CompilerThread4" daemon [_thread_in_native, id=9460, stack(0x0000002de7300000,0x0000002de7400000)]


Current CompileTask:
C2:   3586 3881       4       jdk.internal.jimage.ImageReader$SharedImageReader$$Lambda$220/0x00000001003bd718::visit (13 bytes)

Stack: [0x0000002de7300000,0x0000002de7400000]
Native frames: (J=compiled Java code, j=interpreted, Vv=VM code, C=native code)
V  [jvm.dll+0x67cf49]
V  [jvm.dll+0x83478a]
V  [jvm.dll+0x83624e]
V  [jvm.dll+0x8368b3]
V  [jvm.dll+0x247f1f]
V  [jvm.dll+0xac43c]
V  [jvm.dll+0xaca8c]
V  [jvm.dll+0x367012]
V  [jvm.dll+0x1bd722]
V  [jvm.dll+0x21a709]
V  [jvm.dll+0x2199d1]
V  [jvm.dll+0x1a57cd]
V  [jvm.dll+0x2297ae]
V  [jvm.dll+0x22797c]
V  [jvm.dll+0x7e9877]
V  [jvm.dll+0x7e3c3a]
V  [jvm.dll+0x67be35]
C  [ucrtbase.dll+0x29363]
C  [KERNEL32.DLL+0x1257d]
C  [ntdll.dll+0x5aa58]


---------------  P R O C E S S  ---------------

Threads class SMR info:
_java_thread_list=0x000001912c4e3820, length=34, elements={
0x000001910f5a2380, 0x0000019123425020, 0x0000019123427390, 0x000001912856bf30,
0x000001912856ca00, 0x000001912856fc70, 0x0000019128570dd0, 0x0000019128576510,
0x00000191285776b0, 0x0000019128581020, 0x000001910f606600, 0x00000191286f7020,
0x000001912882f050, 0x000001912882f570, 0x000001912a707a30, 0x000001912ae0fb50,
0x000001912b0869c0, 0x000001912ae016b0, 0x000001912b4952f0, 0x000001912b47e5e0,
0x000001912b30c580, 0x000001912b30f820, 0x000001912b30e8f0, 0x000001912c1d9850,
0x000001912c472430, 0x000001912c474960, 0x000001912b30ee00, 0x000001912b30cfa0,
0x000001912b30d4b0, 0x000001912b30d9c0, 0x000001912c633560, 0x000001912b90fe50,
0x000001912c4e2c60, 0x000001912b30f310
}

Java Threads: ( => current thread )
  0x000001910f5a2380 JavaThread "main" [_thread_blocked, id=1652, stack(0x0000002de4600000,0x0000002de4700000)]
  0x0000019123425020 JavaThread "Reference Handler" daemon [_thread_blocked, id=23888, stack(0x0000002de4900000,0x0000002de4a00000)]
  0x0000019123427390 JavaThread "Finalizer" daemon [_thread_blocked, id=26588, stack(0x0000002de4a00000,0x0000002de4b00000)]
  0x000001912856bf30 JavaThread "Signal Dispatcher" daemon [_thread_blocked, id=13056, stack(0x0000002de4b00000,0x0000002de4c00000)]
  0x000001912856ca00 JavaThread "Attach Listener" daemon [_thread_blocked, id=15532, stack(0x0000002de4c00000,0x0000002de4d00000)]
  0x000001912856fc70 JavaThread "Service Thread" daemon [_thread_blocked, id=11648, stack(0x0000002de4d00000,0x0000002de4e00000)]
  0x0000019128570dd0 JavaThread "Monitor Deflation Thread" daemon [_thread_blocked, id=16556, stack(0x0000002de4e00000,0x0000002de4f00000)]
  0x0000019128576510 JavaThread "C2 CompilerThread0" daemon [_thread_in_native, id=3684, stack(0x0000002de4f00000,0x0000002de5000000)]
  0x00000191285776b0 JavaThread "C1 CompilerThread0" daemon [_thread_blocked, id=23660, stack(0x0000002de5000000,0x0000002de5100000)]
  0x0000019128581020 JavaThread "Sweeper thread" daemon [_thread_blocked, id=3768, stack(0x0000002de5100000,0x0000002de5200000)]
  0x000001910f606600 JavaThread "Common-Cleaner" daemon [_thread_blocked, id=25596, stack(0x0000002de5200000,0x0000002de5300000)]
  0x00000191286f7020 JavaThread "C1 CompilerThread1" daemon [_thread_blocked, id=27452, stack(0x0000002de5300000,0x0000002de5400000)]
  0x000001912882f050 JavaThread "C1 CompilerThread2" daemon [_thread_blocked, id=16204, stack(0x0000002de5500000,0x0000002de5600000)]
  0x000001912882f570 JavaThread "C1 CompilerThread3" daemon [_thread_blocked, id=11756, stack(0x0000002de5600000,0x0000002de5700000)]
  0x000001912a707a30 JavaThread "Notification Thread" daemon [_thread_blocked, id=16544, stack(0x0000002de5700000,0x0000002de5800000)]
  0x000001912ae0fb50 JavaThread "Active Thread: Equinox Container: 2a096ad2-2599-4597-818e-8d9723a5f03f" [_thread_blocked, id=12176, stack(0x0000002de6100000,0x0000002de6200000)]
  0x000001912b0869c0 JavaThread "Framework Event Dispatcher: Equinox Container: 2a096ad2-2599-4597-818e-8d9723a5f03f" daemon [_thread_blocked, id=21836, stack(0x0000002de6200000,0x0000002de6300000)]
  0x000001912ae016b0 JavaThread "Start Level: Equinox Container: 2a096ad2-2599-4597-818e-8d9723a5f03f" daemon [_thread_blocked, id=7684, stack(0x0000002de6300000,0x0000002de6400000)]
  0x000001912b4952f0 JavaThread "SCR Component Actor" daemon [_thread_blocked, id=14740, stack(0x0000002de6400000,0x0000002de6500000)]
  0x000001912b47e5e0 JavaThread "SCR Component Registry" daemon [_thread_blocked, id=23288, stack(0x0000002de6700000,0x0000002de6800000)]
  0x000001912b30c580 JavaThread "Worker-JM" [_thread_blocked, id=7952, stack(0x0000002de5b00000,0x0000002de5c00000)]
  0x000001912b30f820 JavaThread "Worker-0" [_thread_blocked, id=13576, stack(0x0000002de5a00000,0x0000002de5b00000)]
  0x000001912b30e8f0 JavaThread "Worker-1" [_thread_blocked, id=2880, stack(0x0000002de6a00000,0x0000002de6b00000)]
  0x000001912c1d9850 JavaThread "C2 CompilerThread1" daemon [_thread_in_native, id=17560, stack(0x0000002de5400000,0x0000002de5500000)]
  0x000001912c472430 JavaThread "C2 CompilerThread2" daemon [_thread_in_native, id=16492, stack(0x0000002de5900000,0x0000002de5a00000)]
  0x000001912c474960 JavaThread "C2 CompilerThread3" daemon [_thread_in_native, id=1412, stack(0x0000002de6e00000,0x0000002de6f00000)]
  0x000001912b30ee00 JavaThread "JNA Cleaner" daemon [_thread_blocked, id=11384, stack(0x0000002de6f00000,0x0000002de7000000)]
  0x000001912b30cfa0 JavaThread "pool-2-thread-1" [_thread_blocked, id=26304, stack(0x0000002de7000000,0x0000002de7100000)]
  0x000001912b30d4b0 JavaThread "WorkspaceEventsHandler" [_thread_blocked, id=8084, stack(0x0000002de7100000,0x0000002de7200000)]
  0x000001912b30d9c0 JavaThread "pool-1-thread-1" [_thread_in_Java, id=11548, stack(0x0000002de7200000,0x0000002de7300000)]
=>0x000001912c633560 JavaThread "C2 CompilerThread4" daemon [_thread_in_native, id=9460, stack(0x0000002de7300000,0x0000002de7400000)]
  0x000001912b90fe50 JavaThread "C2 CompilerThread5" daemon [_thread_in_native, id=24176, stack(0x0000002de7400000,0x0000002de7500000)]
  0x000001912c4e2c60 JavaThread "C2 CompilerThread6" daemon [_thread_in_native, id=4748, stack(0x0000002de7500000,0x0000002de7600000)]
  0x000001912b30f310 JavaThread "Worker-2" [_thread_blocked, id=23044, stack(0x0000002de7700000,0x0000002de7800000)]

Other Threads:
  0x000001910f64eb10 VMThread "VM Thread" [stack: 0x0000002de4800000,0x0000002de4900000] [id=24184]
  0x000001912a735b40 WatcherThread [stack: 0x0000002de5800000,0x0000002de5900000] [id=13568]
  0x000001910f5b03c0 GCTaskThread "GC Thread#0" [stack: 0x0000002de4700000,0x0000002de4800000] [id=4784]
  0x000001912a902ac0 GCTaskThread "GC Thread#1" [stack: 0x0000002de5c00000,0x0000002de5d00000] [id=14872]
  0x000001912a9039a0 GCTaskThread "GC Thread#2" [stack: 0x0000002de5d00000,0x0000002de5e00000] [id=19364]
  0x000001912a903c60 GCTaskThread "GC Thread#3" [stack: 0x0000002de5e00000,0x0000002de5f00000] [id=10672]
  0x000001912ae8b0e0 GCTaskThread "GC Thread#4" [stack: 0x0000002de5f00000,0x0000002de6000000] [id=13524]
  0x000001912ae8b3a0 GCTaskThread "GC Thread#5" [stack: 0x0000002de6000000,0x0000002de6100000] [id=21672]
  0x000001912b4002d0 GCTaskThread "GC Thread#6" [stack: 0x0000002de6500000,0x0000002de6600000] [id=25508]
  0x000001912b3dc500 GCTaskThread "GC Thread#7" [stack: 0x0000002de6600000,0x0000002de6700000] [id=9516]
  0x000001912b2546e0 GCTaskThread "GC Thread#8" [stack: 0x0000002de6800000,0x0000002de6900000] [id=10092]
  0x000001912b2549a0 GCTaskThread "GC Thread#9" [stack: 0x0000002de6900000,0x0000002de6a00000] [id=876]
  0x000001912b6216c0 GCTaskThread "GC Thread#10" [stack: 0x0000002de6b00000,0x0000002de6c00000] [id=24428]
  0x000001912b7f8020 GCTaskThread "GC Thread#11" [stack: 0x0000002de6c00000,0x0000002de6d00000] [id=5868]
  0x000001912ba7bcb0 GCTaskThread "GC Thread#12" [stack: 0x0000002de6d00000,0x0000002de6e00000] [id=17160]

Threads with active compile tasks:
C2 CompilerThread0     3602 4270       4       lombok.patcher.MethodTarget::typeMatches (14 bytes)
C1 CompilerThread2     3602 4291       3       java.util.regex.Pattern$GroupCurly::match0 (336 bytes)
C1 CompilerThread3     3602 4290       3       java.util.regex.Pattern$GroupCurly::match (252 bytes)
C2 CompilerThread1     3602 4287 %     4       org.lombokweb.asm.SymbolTable::<init> @ 98 (536 bytes)
C2 CompilerThread3     3602 4281       4       java.util.regex.Pattern$CharPropertyGreedy::match (160 bytes)
C2 CompilerThread4     3602 3881       4       jdk.internal.jimage.ImageReader$SharedImageReader$$Lambda$220/0x00000001003bd718::visit (13 bytes)
C2 CompilerThread5     3602 4206       4       org.eclipse.core.internal.watson.ElementTreeIterator::requestPath (100 bytes)
C2 CompilerThread6     3602 3882       4       jdk.internal.jimage.ImageReader$SharedImageReader::lambda$handleModulesSubTree$1 (43 bytes)

VM state: not at safepoint (normal execution)

VM Mutex/Monitor currently owned by a thread: None

Heap address: 0x00000000c0000000, size: 1024 MB, Compressed Oops mode: 32-bit

CDS archive(s) not mapped
Compressed class space mapped at: 0x0000000100000000-0x0000000140000000, reserved size: 1073741824
Narrow klass base: 0x0000000000000000, Narrow klass shift: 3, Narrow klass range: 0x140000000

GC Precious Log:
 CPUs: 16 total, 16 available
 Memory: 15613M
 Large Page Support: Disabled
 NUMA Support: Disabled
 Compressed Oops: Enabled (32-bit)
 Alignments: Space 512K, Generation 512K, Heap 2M
 Heap Min Capacity: 100M
 Heap Initial Capacity: 100M
 Heap Max Capacity: 1G
 Pre-touch: Disabled
 Parallel Workers: 13

Heap:
 PSYoungGen      total 24064K, used 17019K [0x00000000eab00000, 0x00000000ec580000, 0x0000000100000000)
  eden space 21504K, 67% used [0x00000000eab00000,0x00000000eb92c0e0,0x00000000ec000000)
  from space 2560K, 97% used [0x00000000ec300000,0x00000000ec572c70,0x00000000ec580000)
  to   space 2560K, 0% used [0x00000000ec080000,0x00000000ec080000,0x00000000ec300000)
 ParOldGen       total 68608K, used 23256K [0x00000000c0000000, 0x00000000c4300000, 0x00000000eab00000)
  object space 68608K, 33% used [0x00000000c0000000,0x00000000c16b6080,0x00000000c4300000)
 Metaspace       used 39653K, committed 40320K, reserved 1114112K
  class space    used 4038K, committed 4352K, reserved 1048576K

Card table byte_map: [0x000001910ef50000,0x000001910f160000] _byte_map_base: 0x000001910e950000

Marking Bits: (ParMarkBitMap*) 0x00007ffee10ed0b0
 Begin Bits: [0x0000019121230000, 0x0000019122230000)
 End Bits:   [0x0000019122230000, 0x0000019123230000)

Polling page: 0x000001910d590000

Metaspace:

Usage:
  Non-class:     34.78 MB used.
      Class:      3.94 MB used.
       Both:     38.72 MB used.

Virtual space:
  Non-class space:       64.00 MB reserved,      35.12 MB ( 55%) committed,  1 nodes.
      Class space:        1.00 GB reserved,       4.25 MB ( <1%) committed,  1 nodes.
             Both:        1.06 GB reserved,      39.38 MB (  4%) committed. 

Chunk freelists:
   Non-Class:  12.48 MB
       Class:  11.63 MB
        Both:  24.11 MB

MaxMetaspaceSize: unlimited
CompressedClassSpaceSize: 1.00 GB
Initial GC threshold: 21.00 MB
Current GC threshold: 58.38 MB
CDS: off
MetaspaceReclaimPolicy: balanced
 - commit_granule_bytes: 65536.
 - commit_granule_words: 8192.
 - virtual_space_node_default_size: 8388608.
 - enlarge_chunks_in_place: 1.
 - new_chunks_are_fully_committed: 0.
 - uncommit_free_chunks: 1.
 - use_allocation_guard: 0.
 - handle_deallocations: 1.


Internal statistics:

num_allocs_failed_limit: 6.
num_arena_births: 372.
num_arena_deaths: 14.
num_vsnodes_births: 2.
num_vsnodes_deaths: 0.
num_space_committed: 630.
num_space_uncommitted: 0.
num_chunks_returned_to_freelist: 20.
num_chunks_taken_from_freelist: 1621.
num_chunk_merges: 8.
num_chunk_splits: 1059.
num_chunks_enlarged: 726.
num_inconsistent_stats: 0.

CodeHeap 'non-profiled nmethods': size=119168Kb used=2236Kb max_used=2236Kb free=116931Kb
 bounds [0x0000019119dd0000, 0x000001911a040000, 0x0000019121230000]
CodeHeap 'profiled nmethods': size=119104Kb used=8905Kb max_used=8905Kb free=110198Kb
 bounds [0x0000019112230000, 0x0000019112af0000, 0x0000019119680000]
CodeHeap 'non-nmethods': size=7488Kb used=2975Kb max_used=3053Kb free=4512Kb
 bounds [0x0000019119680000, 0x0000019119980000, 0x0000019119dd0000]
 total_blobs=4897 nmethods=4284 adapters=523
 compilation: enabled
              stopped_count=0, restarted_count=0
 full_count=0

Compilation events (20 events):
Event: 3.559 Thread 0x000001912c1d9850 nmethod 4252 0x0000019119ff0c90 code [0x0000019119ff0e40, 0x0000019119ff1518]
Event: 3.559 Thread 0x000001912c1d9850 4247       4       org.eclipse.core.internal.resources.ResourceInfo::isSet (14 bytes)
Event: 3.560 Thread 0x000001912882f050 nmethod 4255 0x0000019112ac8910 code [0x0000019112ac8b40, 0x0000019112ac93d8]
Event: 3.560 Thread 0x000001912c1d9850 nmethod 4247 0x0000019119ff1990 code [0x0000019119ff1b00, 0x0000019119ff1b98]
Event: 3.560 Thread 0x000001912c1d9850 4230       4       org.eclipse.core.internal.dtree.DataTreeNode::<init> (12 bytes)
Event: 3.560 Thread 0x0000019128576510 nmethod 4217 0x0000019119ff1c90 code [0x0000019119ff1e00, 0x0000019119ff1ed8]
Event: 3.560 Thread 0x0000019128576510 4248       4       org.eclipse.core.internal.resources.ResourceInfo::getCharsetGenerationCount (8 bytes)
Event: 3.560 Thread 0x0000019128576510 nmethod 4248 0x0000019119ff1f90 code [0x0000019119ff2100, 0x0000019119ff2178]
Event: 3.560 Thread 0x0000019128576510 4249       4       org.eclipse.core.internal.resources.ResourceInfo::getSyncInfoGenerationCount (8 bytes)
Event: 3.561 Thread 0x000001912c1d9850 nmethod 4230 0x0000019119ff2290 code [0x0000019119ff2400, 0x0000019119ff24f8]
Event: 3.561 Thread 0x00000191286f7020 4256       3       java.io.File::getCanonicalPath (31 bytes)
Event: 3.561 Thread 0x000001912882f050 4257       3       java.io.WinNTFileSystem::canonicalize (372 bytes)
Event: 3.561 Thread 0x0000019128576510 nmethod 4249 0x0000019119ff2a10 code [0x0000019119ff2b80, 0x0000019119ff2bf8]
Event: 3.561 Thread 0x00000191286f7020 nmethod 4256 0x0000019112ac9690 code [0x0000019112ac9860, 0x0000019112ac9b38]
Event: 3.563 Thread 0x000001912882f050 nmethod 4257 0x0000019112ac9c90 code [0x0000019112aca2c0, 0x0000019112acd698]
Event: 3.563 Thread 0x000001912c472430 nmethod 4211 0x0000019119ff2d10 code [0x0000019119ff3240, 0x0000019119ff4cc8]
Event: 3.566 Thread 0x000001912c474960 nmethod 4212 0x0000019119ff6510 code [0x0000019119ff67c0, 0x0000019119ff85c8]
Event: 3.573 Thread 0x0000019128576510 4259   !   4       org.eclipse.osgi.storage.bundlefile.CloseableBundleFile::internalOpen (112 bytes)
Event: 3.575 Thread 0x000001912c474960 4260   !   4       org.eclipse.osgi.storage.bundlefile.CloseableBundleFile::lockOpen (113 bytes)
Event: 3.582 Thread 0x0000019128576510 nmethod 4259 0x0000019119ff9710 code [0x0000019119ff9940, 0x0000019119ffa0c0]

GC Heap History (20 events):
Event: 1.859 GC heap before
{Heap before GC invocations=7 (full 1):
 PSYoungGen      total 26112K, used 25805K [0x00000000eab00000, 0x00000000ec880000, 0x0000000100000000)
  eden space 25088K, 100% used [0x00000000eab00000,0x00000000ec380000,0x00000000ec380000)
  from space 1024K, 70% used [0x00000000ec400000,0x00000000ec4b3458,0x00000000ec500000)
  to   space 2560K, 0% used [0x00000000ec600000,0x00000000ec600000,0x00000000ec880000)
 ParOldGen       total 68608K, used 6907K [0x00000000c0000000, 0x00000000c4300000, 0x00000000eab00000)
  object space 68608K, 10% used [0x00000000c0000000,0x00000000c06beca0,0x00000000c4300000)
 Metaspace       used 26929K, committed 27392K, reserved 1114112K
  class space    used 2585K, committed 2816K, reserved 1048576K
}
Event: 1.860 GC heap after
{Heap after GC invocations=7 (full 1):
 PSYoungGen      total 26112K, used 1210K [0x00000000eab00000, 0x00000000ec780000, 0x0000000100000000)
  eden space 24576K, 0% used [0x00000000eab00000,0x00000000eab00000,0x00000000ec300000)
  from space 1536K, 78% used [0x00000000ec600000,0x00000000ec72e8e0,0x00000000ec780000)
  to   space 1536K, 0% used [0x00000000ec480000,0x00000000ec480000,0x00000000ec600000)
 ParOldGen       total 68608K, used 6915K [0x00000000c0000000, 0x00000000c4300000, 0x00000000eab00000)
  object space 68608K, 10% used [0x00000000c0000000,0x00000000c06c0ca0,0x00000000c4300000)
 Metaspace       used 26929K, committed 27392K, reserved 1114112K
  class space    used 2585K, committed 2816K, reserved 1048576K
}
Event: 2.616 GC heap before
{Heap before GC invocations=8 (full 1):
 PSYoungGen      total 26112K, used 25786K [0x00000000eab00000, 0x00000000ec780000, 0x0000000100000000)
  eden space 24576K, 100% used [0x00000000eab00000,0x00000000ec300000,0x00000000ec300000)
  from space 1536K, 78% used [0x00000000ec600000,0x00000000ec72e8e0,0x00000000ec780000)
  to   space 1536K, 0% used [0x00000000ec480000,0x00000000ec480000,0x00000000ec600000)
 ParOldGen       total 68608K, used 6915K [0x00000000c0000000, 0x00000000c4300000, 0x00000000eab00000)
  object space 68608K, 10% used [0x00000000c0000000,0x00000000c06c0ca0,0x00000000c4300000)
 Metaspace       used 31583K, committed 32192K, reserved 1114112K
  class space    used 3092K, committed 3392K, reserved 1048576K
}
Event: 2.618 GC heap after
{Heap after GC invocations=8 (full 1):
 PSYoungGen      total 25600K, used 1516K [0x00000000eab00000, 0x00000000ec980000, 0x0000000100000000)
  eden space 24064K, 0% used [0x00000000eab00000,0x00000000eab00000,0x00000000ec280000)
  from space 1536K, 98% used [0x00000000ec480000,0x00000000ec5fb1e0,0x00000000ec600000)
  to   space 3584K, 0% used [0x00000000ec600000,0x00000000ec600000,0x00000000ec980000)
 ParOldGen       total 68608K, used 8370K [0x00000000c0000000, 0x00000000c4300000, 0x00000000eab00000)
  object space 68608K, 12% used [0x00000000c0000000,0x00000000c082cb58,0x00000000c4300000)
 Metaspace       used 31583K, committed 32192K, reserved 1114112K
  class space    used 3092K, committed 3392K, reserved 1048576K
}
Event: 2.882 GC heap before
{Heap before GC invocations=9 (full 1):
 PSYoungGen      total 25600K, used 23893K [0x00000000eab00000, 0x00000000ec980000, 0x0000000100000000)
  eden space 24064K, 92% used [0x00000000eab00000,0x00000000ec0da470,0x00000000ec280000)
  from space 1536K, 98% used [0x00000000ec480000,0x00000000ec5fb1e0,0x00000000ec600000)
  to   space 3584K, 0% used [0x00000000ec600000,0x00000000ec600000,0x00000000ec980000)
 ParOldGen       total 68608K, used 8370K [0x00000000c0000000, 0x00000000c4300000, 0x00000000eab00000)
  object space 68608K, 12% used [0x00000000c0000000,0x00000000c082cb58,0x00000000c4300000)
 Metaspace       used 35207K, committed 35840K, reserved 1114112K
  class space    used 3547K, committed 3840K, reserved 1048576K
}
Event: 2.884 GC heap after
{Heap after GC invocations=9 (full 1):
 PSYoungGen      total 27648K, used 3312K [0x00000000eab00000, 0x00000000ec980000, 0x0000000100000000)
  eden space 24064K, 0% used [0x00000000eab00000,0x00000000eab00000,0x00000000ec280000)
  from space 3584K, 92% used [0x00000000ec600000,0x00000000ec93c180,0x00000000ec980000)
  to   space 3584K, 0% used [0x00000000ec280000,0x00000000ec280000,0x00000000ec600000)
 ParOldGen       total 68608K, used 8378K [0x00000000c0000000, 0x00000000c4300000, 0x00000000eab00000)
  object space 68608K, 12% used [0x00000000c0000000,0x00000000c082eb58,0x00000000c4300000)
 Metaspace       used 35207K, committed 35840K, reserved 1114112K
  class space    used 3547K, committed 3840K, reserved 1048576K
}
Event: 2.884 GC heap before
{Heap before GC invocations=10 (full 2):
 PSYoungGen      total 27648K, used 3312K [0x00000000eab00000, 0x00000000ec980000, 0x0000000100000000)
  eden space 24064K, 0% used [0x00000000eab00000,0x00000000eab00000,0x00000000ec280000)
  from space 3584K, 92% used [0x00000000ec600000,0x00000000ec93c180,0x00000000ec980000)
  to   space 3584K, 0% used [0x00000000ec280000,0x00000000ec280000,0x00000000ec600000)
 ParOldGen       total 68608K, used 8378K [0x00000000c0000000, 0x00000000c4300000, 0x00000000eab00000)
  object space 68608K, 12% used [0x00000000c0000000,0x00000000c082eb58,0x00000000c4300000)
 Metaspace       used 35207K, committed 35840K, reserved 1114112K
  class space    used 3547K, committed 3840K, reserved 1048576K
}
Event: 2.895 GC heap after
{Heap after GC invocations=10 (full 2):
 PSYoungGen      total 27648K, used 0K [0x00000000eab00000, 0x00000000ec980000, 0x0000000100000000)
  eden space 24064K, 0% used [0x00000000eab00000,0x00000000eab00000,0x00000000ec280000)
  from space 3584K, 0% used [0x00000000ec600000,0x00000000ec600000,0x00000000ec980000)
  to   space 3584K, 0% used [0x00000000ec280000,0x00000000ec280000,0x00000000ec600000)
 ParOldGen       total 68608K, used 11315K [0x00000000c0000000, 0x00000000c4300000, 0x00000000eab00000)
  object space 68608K, 16% used [0x00000000c0000000,0x00000000c0b0ced8,0x00000000c4300000)
 Metaspace       used 35207K, committed 35840K, reserved 1114112K
  class space    used 3547K, committed 3840K, reserved 1048576K
}
Event: 3.032 GC heap before
{Heap before GC invocations=11 (full 2):
 PSYoungGen      total 27648K, used 24064K [0x00000000eab00000, 0x00000000ec980000, 0x0000000100000000)
  eden space 24064K, 100% used [0x00000000eab00000,0x00000000ec280000,0x00000000ec280000)
  from space 3584K, 0% used [0x00000000ec600000,0x00000000ec600000,0x00000000ec980000)
  to   space 3584K, 0% used [0x00000000ec280000,0x00000000ec280000,0x00000000ec600000)
 ParOldGen       total 68608K, used 11315K [0x00000000c0000000, 0x00000000c4300000, 0x00000000eab00000)
  object space 68608K, 16% used [0x00000000c0000000,0x00000000c0b0ced8,0x00000000c4300000)
 Metaspace       used 36744K, committed 37440K, reserved 1114112K
  class space    used 3724K, committed 4032K, reserved 1048576K
}
Event: 3.034 GC heap after
{Heap after GC invocations=11 (full 2):
 PSYoungGen      total 26112K, used 2368K [0x00000000eab00000, 0x00000000ec800000, 0x0000000100000000)
  eden space 23552K, 0% used [0x00000000eab00000,0x00000000eab00000,0x00000000ec200000)
  from space 2560K, 92% used [0x00000000ec280000,0x00000000ec4d0040,0x00000000ec500000)
  to   space 3072K, 0% used [0x00000000ec500000,0x00000000ec500000,0x00000000ec800000)
 ParOldGen       total 68608K, used 11323K [0x00000000c0000000, 0x00000000c4300000, 0x00000000eab00000)
  object space 68608K, 16% used [0x00000000c0000000,0x00000000c0b0eed8,0x00000000c4300000)
 Metaspace       used 36744K, committed 37440K, reserved 1114112K
  class space    used 3724K, committed 4032K, reserved 1048576K
}
Event: 3.129 GC heap before
{Heap before GC invocations=12 (full 2):
 PSYoungGen      total 26112K, used 25920K [0x00000000eab00000, 0x00000000ec800000, 0x0000000100000000)
  eden space 23552K, 100% used [0x00000000eab00000,0x00000000ec200000,0x00000000ec200000)
  from space 2560K, 92% used [0x00000000ec280000,0x00000000ec4d0040,0x00000000ec500000)
  to   space 3072K, 0% used [0x00000000ec500000,0x00000000ec500000,0x00000000ec800000)
 ParOldGen       total 68608K, used 11323K [0x00000000c0000000, 0x00000000c4300000, 0x00000000eab00000)
  object space 68608K, 16% used [0x00000000c0000000,0x00000000c0b0eed8,0x00000000c4300000)
 Metaspace       used 36947K, committed 37696K, reserved 1114112K
  class space    used 3743K, committed 4096K, reserved 1048576K
}
Event: 3.132 GC heap after
{Heap after GC invocations=12 (full 2):
 PSYoungGen      total 24576K, used 3040K [0x00000000eab00000, 0x00000000ecb80000, 0x0000000100000000)
  eden space 21504K, 0% used [0x00000000eab00000,0x00000000eab00000,0x00000000ec000000)
  from space 3072K, 98% used [0x00000000ec500000,0x00000000ec7f8030,0x00000000ec800000)
  to   space 5120K, 0% used [0x00000000ec000000,0x00000000ec000000,0x00000000ec500000)
 ParOldGen       total 68608K, used 12667K [0x00000000c0000000, 0x00000000c4300000, 0x00000000eab00000)
  object space 68608K, 18% used [0x00000000c0000000,0x00000000c0c5eee8,0x00000000c4300000)
 Metaspace       used 36947K, committed 37696K, reserved 1114112K
  class space    used 3743K, committed 4096K, reserved 1048576K
}
Event: 3.181 GC heap before
{Heap before GC invocations=13 (full 2):
 PSYoungGen      total 24576K, used 24544K [0x00000000eab00000, 0x00000000ecb80000, 0x0000000100000000)
  eden space 21504K, 100% used [0x00000000eab00000,0x00000000ec000000,0x00000000ec000000)
  from space 3072K, 98% used [0x00000000ec500000,0x00000000ec7f8030,0x00000000ec800000)
  to   space 5120K, 0% used [0x00000000ec000000,0x00000000ec000000,0x00000000ec500000)
 ParOldGen       total 68608K, used 12667K [0x00000000c0000000, 0x00000000c4300000, 0x00000000eab00000)
  object space 68608K, 18% used [0x00000000c0000000,0x00000000c0c5eee8,0x00000000c4300000)
 Metaspace       used 37008K, committed 37696K, reserved 1114112K
  class space    used 3755K, committed 4096K, reserved 1048576K
}
Event: 3.183 GC heap after
{Heap after GC invocations=13 (full 2):
 PSYoungGen      total 24576K, used 2816K [0x00000000eab00000, 0x00000000ec700000, 0x0000000100000000)
  eden space 21504K, 0% used [0x00000000eab00000,0x00000000eab00000,0x00000000ec000000)
  from space 3072K, 91% used [0x00000000ec000000,0x00000000ec2c0020,0x00000000ec300000)
  to   space 3584K, 0% used [0x00000000ec380000,0x00000000ec380000,0x00000000ec700000)
 ParOldGen       total 68608K, used 15769K [0x00000000c0000000, 0x00000000c4300000, 0x00000000eab00000)
  object space 68608K, 22% used [0x00000000c0000000,0x00000000c0f66560,0x00000000c4300000)
 Metaspace       used 37008K, committed 37696K, reserved 1114112K
  class space    used 3755K, committed 4096K, reserved 1048576K
}
Event: 3.213 GC heap before
{Heap before GC invocations=14 (full 2):
 PSYoungGen      total 24576K, used 24320K [0x00000000eab00000, 0x00000000ec700000, 0x0000000100000000)
  eden space 21504K, 100% used [0x00000000eab00000,0x00000000ec000000,0x00000000ec000000)
  from space 3072K, 91% used [0x00000000ec000000,0x00000000ec2c0020,0x00000000ec300000)
  to   space 3584K, 0% used [0x00000000ec380000,0x00000000ec380000,0x00000000ec700000)
 ParOldGen       total 68608K, used 15769K [0x00000000c0000000, 0x00000000c4300000, 0x00000000eab00000)
  object space 68608K, 22% used [0x00000000c0000000,0x00000000c0f66560,0x00000000c4300000)
 Metaspace       used 37008K, committed 37696K, reserved 1114112K
  class space    used 3755K, committed 4096K, reserved 1048576K
}
Event: 3.217 GC heap after
{Heap after GC invocations=14 (full 2):
 PSYoungGen      total 24064K, used 2496K [0x00000000eab00000, 0x00000000ec600000, 0x0000000100000000)
  eden space 21504K, 0% used [0x00000000eab00000,0x00000000eab00000,0x00000000ec000000)
  from space 2560K, 97% used [0x00000000ec380000,0x00000000ec5f0000,0x00000000ec600000)
  to   space 3072K, 0% used [0x00000000ec000000,0x00000000ec000000,0x00000000ec300000)
 ParOldGen       total 68608K, used 18449K [0x00000000c0000000, 0x00000000c4300000, 0x00000000eab00000)
  object space 68608K, 26% used [0x00000000c0000000,0x00000000c12047f0,0x00000000c4300000)
 Metaspace       used 37008K, committed 37696K, reserved 1114112K
  class space    used 3755K, committed 4096K, reserved 1048576K
}
Event: 3.259 GC heap before
{Heap before GC invocations=15 (full 2):
 PSYoungGen      total 24064K, used 24000K [0x00000000eab00000, 0x00000000ec600000, 0x0000000100000000)
  eden space 21504K, 100% used [0x00000000eab00000,0x00000000ec000000,0x00000000ec000000)
  from space 2560K, 97% used [0x00000000ec380000,0x00000000ec5f0000,0x00000000ec600000)
  to   space 3072K, 0% used [0x00000000ec000000,0x00000000ec000000,0x00000000ec300000)
 ParOldGen       total 68608K, used 18449K [0x00000000c0000000, 0x00000000c4300000, 0x00000000eab00000)
  object space 68608K, 26% used [0x00000000c0000000,0x00000000c12047f0,0x00000000c4300000)
 Metaspace       used 37008K, committed 37696K, reserved 1114112K
  class space    used 3755K, committed 4096K, reserved 1048576K
}
Event: 3.264 GC heap after
{Heap after GC invocations=15 (full 2):
 PSYoungGen      total 24576K, used 2592K [0x00000000eab00000, 0x00000000ec600000, 0x0000000100000000)
  eden space 21504K, 0% used [0x00000000eab00000,0x00000000eab00000,0x00000000ec000000)
  from space 3072K, 84% used [0x00000000ec000000,0x00000000ec288010,0x00000000ec300000)
  to   space 3072K, 0% used [0x00000000ec300000,0x00000000ec300000,0x00000000ec600000)
 ParOldGen       total 68608K, used 20833K [0x00000000c0000000, 0x00000000c4300000, 0x00000000eab00000)
  object space 68608K, 30% used [0x00000000c0000000,0x00000000c14587f0,0x00000000c4300000)
 Metaspace       used 37008K, committed 37696K, reserved 1114112K
  class space    used 3755K, committed 4096K, reserved 1048576K
}
Event: 3.507 GC heap before
{Heap before GC invocations=16 (full 2):
 PSYoungGen      total 24576K, used 24063K [0x00000000eab00000, 0x00000000ec600000, 0x0000000100000000)
  eden space 21504K, 99% used [0x00000000eab00000,0x00000000ebff7cf8,0x00000000ec000000)
  from space 3072K, 84% used [0x00000000ec000000,0x00000000ec288010,0x00000000ec300000)
  to   space 3072K, 0% used [0x00000000ec300000,0x00000000ec300000,0x00000000ec600000)
 ParOldGen       total 68608K, used 20833K [0x00000000c0000000, 0x00000000c4300000, 0x00000000eab00000)
  object space 68608K, 30% used [0x00000000c0000000,0x00000000c14587f0,0x00000000c4300000)
 Metaspace       used 38941K, committed 39616K, reserved 1114112K
  class space    used 3979K, committed 4288K, reserved 1048576K
}
Event: 3.510 GC heap after
{Heap after GC invocations=16 (full 2):
 PSYoungGen      total 24064K, used 2507K [0x00000000eab00000, 0x00000000ec580000, 0x0000000100000000)
  eden space 21504K, 0% used [0x00000000eab00000,0x00000000eab00000,0x00000000ec000000)
  from space 2560K, 97% used [0x00000000ec300000,0x00000000ec572c70,0x00000000ec580000)
  to   space 2560K, 0% used [0x00000000ec080000,0x00000000ec080000,0x00000000ec300000)
 ParOldGen       total 68608K, used 23256K [0x00000000c0000000, 0x00000000c4300000, 0x00000000eab00000)
  object space 68608K, 33% used [0x00000000c0000000,0x00000000c16b6080,0x00000000c4300000)
 Metaspace       used 38941K, committed 39616K, reserved 1114112K
  class space    used 3979K, committed 4288K, reserved 1048576K
}

Dll operation events (10 events):
Event: 0.006 Loaded shared library c:\Users\joshm\.vscode\extensions\redhat.java-1.26.0-win32-x64\jre\17.0.9-win32-x86_64\bin\java.dll
Event: 0.087 Loaded shared library c:\Users\joshm\.vscode\extensions\redhat.java-1.26.0-win32-x64\jre\17.0.9-win32-x86_64\bin\zip.dll
Event: 0.089 Loaded shared library C:\Users\joshm\.vscode\extensions\redhat.java-1.26.0-win32-x64\jre\17.0.9-win32-x86_64\bin\instrument.dll
Event: 0.096 Loaded shared library C:\Users\joshm\.vscode\extensions\redhat.java-1.26.0-win32-x64\jre\17.0.9-win32-x86_64\bin\net.dll
Event: 0.097 Loaded shared library C:\Users\joshm\.vscode\extensions\redhat.java-1.26.0-win32-x64\jre\17.0.9-win32-x86_64\bin\nio.dll
Event: 0.101 Loaded shared library C:\Users\joshm\.vscode\extensions\redhat.java-1.26.0-win32-x64\jre\17.0.9-win32-x86_64\bin\zip.dll
Event: 0.109 Loaded shared library C:\Users\joshm\.vscode\extensions\redhat.java-1.26.0-win32-x64\jre\17.0.9-win32-x86_64\bin\jimage.dll
Event: 0.142 Loaded shared library c:\Users\joshm\.vscode\extensions\redhat.java-1.26.0-win32-x64\jre\17.0.9-win32-x86_64\bin\verify.dll
Event: 0.780 Loaded shared library C:\Users\joshm\AppData\Roaming\Code\User\globalStorage\redhat.java\1.26.0\config_ss_win\org.eclipse.equinox.launcher\org.eclipse.equinox.launcher.win32.win32.x86_64_1.2.800.v20231003-1442\eclipse_11802.dll
Event: 2.594 Loaded shared library C:\Users\joshm\AppData\Local\Temp\jna-101313875\jna5201656965577361894.dll

Deoptimization events (20 events):
Event: 3.391 Thread 0x000001912b30d9c0 DEOPT PACKING pc=0x000001911273bc1e sp=0x0000002de72fce90
Event: 3.391 Thread 0x000001912b30d9c0 DEOPT UNPACKING pc=0x00000191196d6e43 sp=0x0000002de72fc388 mode 0
Event: 3.391 Thread 0x000001912b30d9c0 DEOPT PACKING pc=0x000001911273bc1e sp=0x0000002de72fce90
Event: 3.391 Thread 0x000001912b30d9c0 DEOPT UNPACKING pc=0x00000191196d6e43 sp=0x0000002de72fc388 mode 0
Event: 3.391 Thread 0x000001912b30d9c0 DEOPT PACKING pc=0x000001911273bc1e sp=0x0000002de72fce90
Event: 3.391 Thread 0x000001912b30d9c0 DEOPT UNPACKING pc=0x00000191196d6e43 sp=0x0000002de72fc388 mode 0
Event: 3.392 Thread 0x000001912b30d9c0 DEOPT PACKING pc=0x000001911273bc1e sp=0x0000002de72fce90
Event: 3.392 Thread 0x000001912b30d9c0 DEOPT UNPACKING pc=0x00000191196d6e43 sp=0x0000002de72fc388 mode 0
Event: 3.392 Thread 0x000001912b30d9c0 DEOPT PACKING pc=0x000001911273bc1e sp=0x0000002de72fce90
Event: 3.392 Thread 0x000001912b30d9c0 DEOPT UNPACKING pc=0x00000191196d6e43 sp=0x0000002de72fc388 mode 0
Event: 3.392 Thread 0x000001912b30d9c0 DEOPT PACKING pc=0x000001911273bc1e sp=0x0000002de72fce90
Event: 3.392 Thread 0x000001912b30d9c0 DEOPT UNPACKING pc=0x00000191196d6e43 sp=0x0000002de72fc388 mode 0
Event: 3.392 Thread 0x000001912b30d9c0 DEOPT PACKING pc=0x000001911273bc1e sp=0x0000002de72fce90
Event: 3.392 Thread 0x000001912b30d9c0 DEOPT UNPACKING pc=0x00000191196d6e43 sp=0x0000002de72fc388 mode 0
Event: 3.392 Thread 0x000001912b30d9c0 DEOPT PACKING pc=0x000001911273bc1e sp=0x0000002de72fce90
Event: 3.393 Thread 0x000001912b30d9c0 DEOPT UNPACKING pc=0x00000191196d6e43 sp=0x0000002de72fc388 mode 0
Event: 3.393 Thread 0x000001912b30d9c0 DEOPT PACKING pc=0x000001911273bc1e sp=0x0000002de72fce90
Event: 3.393 Thread 0x000001912b30d9c0 DEOPT UNPACKING pc=0x00000191196d6e43 sp=0x0000002de72fc388 mode 0
Event: 3.393 Thread 0x000001912b30d9c0 DEOPT PACKING pc=0x000001911273bc1e sp=0x0000002de72fce90
Event: 3.393 Thread 0x000001912b30d9c0 DEOPT UNPACKING pc=0x00000191196d6e43 sp=0x0000002de72fc388 mode 0

Classes unloaded (7 events):
Event: 1.549 Thread 0x000001910f64eb10 Unloading class 0x000000010021b400 'java/lang/invoke/LambdaForm$MH+0x000000010021b400'
Event: 1.549 Thread 0x000001910f64eb10 Unloading class 0x000000010021b000 'java/lang/invoke/LambdaForm$MH+0x000000010021b000'
Event: 1.549 Thread 0x000001910f64eb10 Unloading class 0x000000010021ac00 'java/lang/invoke/LambdaForm$MH+0x000000010021ac00'
Event: 1.549 Thread 0x000001910f64eb10 Unloading class 0x000000010021a800 'java/lang/invoke/LambdaForm$MH+0x000000010021a800'
Event: 1.549 Thread 0x000001910f64eb10 Unloading class 0x000000010021a400 'java/lang/invoke/LambdaForm$BMH+0x000000010021a400'
Event: 1.549 Thread 0x000001910f64eb10 Unloading class 0x000000010021a000 'java/lang/invoke/LambdaForm$DMH+0x000000010021a000'
Event: 1.549 Thread 0x000001910f64eb10 Unloading class 0x0000000100214400 'java/lang/invoke/LambdaForm$DMH+0x0000000100214400'

Classes redefined (0 events):
No events

Internal exceptions (20 events):
Event: 2.622 Thread 0x000001912ae016b0 Exception <a 'java/lang/UnsatisfiedLinkError'{0x00000000eab3c3f8}: The specified procedure could not be found.
> (0x00000000eab3c3f8) 
thrown [s\src\hotspot\share\prims\jni.cpp, line 535]
Event: 2.626 Thread 0x000001912ae016b0 Exception <a 'java/io/FileNotFoundException'{0x00000000eab5faf8}> (0x00000000eab5faf8) 
thrown [s\src\hotspot\share\prims\jni.cpp, line 516]
Event: 2.631 Thread 0x000001912ae016b0 Exception <a 'java/io/FileNotFoundException'{0x00000000eabe7208}> (0x00000000eabe7208) 
thrown [s\src\hotspot\share\prims\jni.cpp, line 516]
Event: 2.638 Thread 0x000001912ae016b0 Exception <a 'java/lang/UnsatisfiedLinkError'{0x00000000eac74500}: The specified procedure could not be found.
> (0x00000000eac74500) 
thrown [s\src\hotspot\share\prims\jni.cpp, line 535]
Event: 2.663 Thread 0x000001910f5a2380 Exception <a 'java/lang/NoSuchMethodError'{0x00000000eae844e0}: 'java.lang.Object java.lang.invoke.DirectMethodHandle$Holder.invokeStatic(java.lang.Object, java.lang.Object, long, java.lang.Object)'> (0x00000000eae844e0) 
thrown [s\src\hotspot\share\interpreter\linkResolver.cpp, line 759]
Event: 2.663 Thread 0x000001910f5a2380 Exception <a 'java/lang/NoSuchMethodError'{0x00000000eae87f78}: 'java.lang.Object java.lang.invoke.DirectMethodHandle$Holder.invokeStaticInit(java.lang.Object, java.lang.Object, long, java.lang.Object)'> (0x00000000eae87f78) 
thrown [s\src\hotspot\share\interpreter\linkResolver.cpp, line 759]
Event: 2.664 Thread 0x000001910f5a2380 Exception <a 'java/lang/NoSuchMethodError'{0x00000000eae8e7e8}: 'java.lang.Object java.lang.invoke.DirectMethodHandle$Holder.newInvokeSpecial(java.lang.Object, java.lang.Object, long)'> (0x00000000eae8e7e8) 
thrown [s\src\hotspot\share\interpreter\linkResolver.cpp, line 759]
Event: 2.700 Thread 0x000001910f5a2380 Exception <a 'java/lang/NoSuchMethodError'{0x00000000eb05bb08}: 'void java.lang.invoke.DirectMethodHandle$Holder.invokeStatic(java.lang.Object, java.lang.Object, java.lang.Object, java.lang.Object)'> (0x00000000eb05bb08) 
thrown [s\src\hotspot\share\interpreter\linkResolver.cpp, line 759]
Event: 2.784 Thread 0x000001910f5a2380 Exception <a 'java/lang/NoSuchMethodError'{0x00000000eb87b870}: 'void java.lang.invoke.DirectMethodHandle$Holder.invokeSpecial(java.lang.Object, java.lang.Object, java.lang.Object, java.lang.Object, java.lang.Object, java.lang.Object)'> (0x00000000eb87b870) 
thrown [s\src\hotspot\share\interpreter\linkResolver.cpp, line 759]
Event: 2.786 Thread 0x000001910f5a2380 Exception <a 'java/lang/IncompatibleClassChangeError'{0x00000000eb885370}: Found class java.lang.Object, but interface was expected> (0x00000000eb885370) 
thrown [s\src\hotspot\share\interpreter\linkResolver.cpp, line 826]
Event: 2.861 Thread 0x000001912b30d9c0 Exception <a 'java/io/FileNotFoundException'{0x00000000ebeb1fd0}> (0x00000000ebeb1fd0) 
thrown [s\src\hotspot\share\prims\jni.cpp, line 516]
Event: 2.877 Thread 0x000001912b30d9c0 Exception <a 'sun/nio/fs/WindowsException'{0x00000000ec064708}> (0x00000000ec064708) 
thrown [s\src\hotspot\share\prims\jni.cpp, line 516]
Event: 2.879 Thread 0x000001912b30f820 Exception <a 'java/io/FileNotFoundException'{0x00000000ec08f998}> (0x00000000ec08f998) 
thrown [s\src\hotspot\share\prims\jni.cpp, line 516]
Event: 2.879 Thread 0x000001912b30f820 Exception <a 'java/io/FileNotFoundException'{0x00000000ec090990}> (0x00000000ec090990) 
thrown [s\src\hotspot\share\prims\jni.cpp, line 516]
Event: 2.921 Thread 0x000001912b30d9c0 Exception <a 'java/lang/NoSuchMethodError'{0x00000000eaf00558}: 'int java.lang.invoke.DirectMethodHandle$Holder.invokeVirtual(java.lang.Object, java.lang.Object)'> (0x00000000eaf00558) 
thrown [s\src\hotspot\share\interpreter\linkResolver.cpp, line 759]
Event: 2.923 Thread 0x000001912b30e8f0 Exception <a 'java/lang/NoSuchMethodError'{0x00000000eaf5d888}: 'java.lang.Object java.lang.invoke.Invokers$Holder.invoke_MT(java.lang.Object, java.lang.Object, java.lang.Object)'> (0x00000000eaf5d888) 
thrown [s\src\hotspot\share\interpreter\linkResolver.cpp, line 759]
Event: 3.046 Thread 0x000001912b30e8f0 Exception <a 'java/io/FileNotFoundException'{0x00000000eae007e8}> (0x00000000eae007e8) 
thrown [s\src\hotspot\share\prims\jni.cpp, line 516]
Event: 3.047 Thread 0x000001912b30e8f0 Exception <a 'java/io/FileNotFoundException'{0x00000000eae01d20}> (0x00000000eae01d20) 
thrown [s\src\hotspot\share\prims\jni.cpp, line 516]
Event: 3.049 Thread 0x000001912b30e8f0 Exception <a 'java/lang/NoSuchMethodError'{0x00000000eae12f10}: 'void java.lang.invoke.DirectMethodHandle$Holder.invokeStaticInit(java.lang.Object, java.lang.Object, java.lang.Object)'> (0x00000000eae12f10) 
thrown [s\src\hotspot\share\interpreter\linkResolver.cpp, line 759]
Event: 3.354 Thread 0x000001912b30d9c0 Exception <a 'java/lang/NoSuchMethodError'{0x00000000eb2e9c38}: 'java.lang.Object java.lang.invoke.DirectMethodHandle$Holder.invokeInterface(java.lang.Object, java.lang.Object, java.lang.Object)'> (0x00000000eb2e9c38) 
thrown [s\src\hotspot\share\interpreter\linkResolver.cpp, line 759]

VM Operations (20 events):
Event: 2.939 Executing VM operation: HandshakeAllThreads
Event: 2.939 Executing VM operation: HandshakeAllThreads done
Event: 3.032 Executing VM operation: ParallelGCFailedAllocation
Event: 3.034 Executing VM operation: ParallelGCFailedAllocation done
Event: 3.129 Executing VM operation: ParallelGCFailedAllocation
Event: 3.132 Executing VM operation: ParallelGCFailedAllocation done
Event: 3.181 Executing VM operation: ParallelGCFailedAllocation
Event: 3.183 Executing VM operation: ParallelGCFailedAllocation done
Event: 3.213 Executing VM operation: ParallelGCFailedAllocation
Event: 3.217 Executing VM operation: ParallelGCFailedAllocation done
Event: 3.259 Executing VM operation: ParallelGCFailedAllocation
Event: 3.264 Executing VM operation: ParallelGCFailedAllocation done
Event: 3.313 Executing VM operation: HandshakeAllThreads
Event: 3.313 Executing VM operation: HandshakeAllThreads done
Event: 3.384 Executing VM operation: HandshakeAllThreads
Event: 3.384 Executing VM operation: HandshakeAllThreads done
Event: 3.501 Executing VM operation: HandshakeAllThreads
Event: 3.501 Executing VM operation: HandshakeAllThreads done
Event: 3.507 Executing VM operation: ParallelGCFailedAllocation
Event: 3.510 Executing VM operation: ParallelGCFailedAllocation done

Events (20 events):
Event: 3.000 loading class sun/nio/ch/ChannelInputStream
Event: 3.000 loading class sun/nio/ch/ChannelInputStream done
Event: 3.059 Thread 0x000001912c633560 Thread added: 0x000001912c633560
Event: 3.086 Thread 0x000001912b90fe50 Thread added: 0x000001912b90fe50
Event: 3.086 Thread 0x000001912c4e2c60 Thread added: 0x000001912c4e2c60
Event: 3.087 Thread 0x000001912c34c910 Thread added: 0x000001912c34c910
Event: 3.327 Thread 0x000001912b30f310 Thread added: 0x000001912b30f310
Event: 3.345 loading class jdk/internal/reflect/UnsafeIntegerFieldAccessorImpl
Event: 3.345 loading class jdk/internal/reflect/UnsafeIntegerFieldAccessorImpl done
Event: 3.377 loading class sun/nio/cs/ThreadLocalCoders
Event: 3.378 loading class sun/nio/cs/ThreadLocalCoders done
Event: 3.378 loading class sun/nio/cs/ThreadLocalCoders$1
Event: 3.378 loading class sun/nio/cs/ThreadLocalCoders$Cache
Event: 3.378 loading class sun/nio/cs/ThreadLocalCoders$Cache done
Event: 3.378 loading class sun/nio/cs/ThreadLocalCoders$1 done
Event: 3.378 loading class sun/nio/cs/ThreadLocalCoders$2
Event: 3.378 loading class sun/nio/cs/ThreadLocalCoders$2 done
Event: 3.397 loading class java/lang/ExceptionInInitializerError
Event: 3.397 loading class java/lang/ExceptionInInitializerError done
Event: 3.514 Thread 0x000001912c34c910 Thread exited: 0x000001912c34c910


Dynamic libraries:
0x00007ff6aaeb0000 - 0x00007ff6aaebe000 	c:\Users\joshm\.vscode\extensions\redhat.java-1.26.0-win32-x64\jre\17.0.9-win32-x86_64\bin\java.exe
0x00007fff52790000 - 0x00007fff529a7000 	C:\WINDOWS\SYSTEM32\ntdll.dll
0x00007fff50ad0000 - 0x00007fff50b94000 	C:\WINDOWS\System32\KERNEL32.DLL
0x00007fff4feb0000 - 0x00007fff50256000 	C:\WINDOWS\System32\KERNELBASE.dll
0x00007fff4fc40000 - 0x00007fff4fd51000 	C:\WINDOWS\System32\ucrtbase.dll
0x00007fff43e00000 - 0x00007fff43e17000 	c:\Users\joshm\.vscode\extensions\redhat.java-1.26.0-win32-x64\jre\17.0.9-win32-x86_64\bin\jli.dll
0x00007fff3c7f0000 - 0x00007fff3c80b000 	c:\Users\joshm\.vscode\extensions\redhat.java-1.26.0-win32-x64\jre\17.0.9-win32-x86_64\bin\VCRUNTIME140.dll
0x00007fff51090000 - 0x00007fff5123e000 	C:\WINDOWS\System32\USER32.dll
0x00007fff50260000 - 0x00007fff50286000 	C:\WINDOWS\System32\win32u.dll
0x00007fff3fdd0000 - 0x00007fff40063000 	C:\WINDOWS\WinSxS\amd64_microsoft.windows.common-controls_6595b64144ccf1df_6.0.22621.2506_none_270c5ae97388e100\COMCTL32.dll
0x00007fff50a50000 - 0x00007fff50a79000 	C:\WINDOWS\System32\GDI32.dll
0x00007fff51300000 - 0x00007fff513a7000 	C:\WINDOWS\System32\msvcrt.dll
0x00007fff4fd90000 - 0x00007fff4fea8000 	C:\WINDOWS\System32\gdi32full.dll
0x00007fff50310000 - 0x00007fff503aa000 	C:\WINDOWS\System32\msvcp_win.dll
0x00007fff51240000 - 0x00007fff51271000 	C:\WINDOWS\System32\IMM32.DLL
0x00007fff4cd10000 - 0x00007fff4cd1c000 	c:\Users\joshm\.vscode\extensions\redhat.java-1.26.0-win32-x64\jre\17.0.9-win32-x86_64\bin\vcruntime140_1.dll
0x00007fff17400000 - 0x00007fff1748d000 	c:\Users\joshm\.vscode\extensions\redhat.java-1.26.0-win32-x64\jre\17.0.9-win32-x86_64\bin\msvcp140.dll
0x00007ffee0550000 - 0x00007ffee11b1000 	c:\Users\joshm\.vscode\extensions\redhat.java-1.26.0-win32-x64\jre\17.0.9-win32-x86_64\bin\server\jvm.dll
0x00007fff51410000 - 0x00007fff514c3000 	C:\WINDOWS\System32\ADVAPI32.dll
0x00007fff50870000 - 0x00007fff50918000 	C:\WINDOWS\System32\sechost.dll
0x00007fff4fd60000 - 0x00007fff4fd88000 	C:\WINDOWS\System32\bcrypt.dll
0x00007fff50930000 - 0x00007fff50a47000 	C:\WINDOWS\System32\RPCRT4.dll
0x00007fff4f9a0000 - 0x00007fff4f9ed000 	C:\WINDOWS\SYSTEM32\POWRPROF.dll
0x00007fff48ea0000 - 0x00007fff48ed4000 	C:\WINDOWS\SYSTEM32\WINMM.dll
0x00007fff48910000 - 0x00007fff4891a000 	C:\WINDOWS\SYSTEM32\VERSION.dll
0x00007fff43bb0000 - 0x00007fff43bb9000 	C:\WINDOWS\SYSTEM32\WSOCK32.dll
0x00007fff51280000 - 0x00007fff512f1000 	C:\WINDOWS\System32\WS2_32.dll
0x00007fff4f980000 - 0x00007fff4f993000 	C:\WINDOWS\SYSTEM32\UMPDC.dll
0x00007fff4eac0000 - 0x00007fff4ead8000 	C:\WINDOWS\SYSTEM32\kernel.appcore.dll
0x00007fff42fb0000 - 0x00007fff42fba000 	c:\Users\joshm\.vscode\extensions\redhat.java-1.26.0-win32-x64\jre\17.0.9-win32-x86_64\bin\jimage.dll
0x00007fff477d0000 - 0x00007fff47a03000 	C:\WINDOWS\SYSTEM32\DBGHELP.DLL
0x00007fff504e0000 - 0x00007fff50869000 	C:\WINDOWS\System32\combase.dll
0x00007fff52420000 - 0x00007fff524f7000 	C:\WINDOWS\System32\OLEAUT32.dll
0x00007fff2ca20000 - 0x00007fff2ca52000 	C:\WINDOWS\SYSTEM32\dbgcore.DLL
0x00007fff50290000 - 0x00007fff5030a000 	C:\WINDOWS\System32\bcryptPrimitives.dll
0x00007fff3fba0000 - 0x00007fff3fbae000 	c:\Users\joshm\.vscode\extensions\redhat.java-1.26.0-win32-x64\jre\17.0.9-win32-x86_64\bin\instrument.dll
0x00007fff3c760000 - 0x00007fff3c785000 	c:\Users\joshm\.vscode\extensions\redhat.java-1.26.0-win32-x64\jre\17.0.9-win32-x86_64\bin\java.dll
0x00007fff3c3f0000 - 0x00007fff3c408000 	c:\Users\joshm\.vscode\extensions\redhat.java-1.26.0-win32-x64\jre\17.0.9-win32-x86_64\bin\zip.dll
0x00007fff51540000 - 0x00007fff51d9a000 	C:\WINDOWS\System32\SHELL32.dll
0x00007fff4d9d0000 - 0x00007fff4e2c6000 	C:\WINDOWS\SYSTEM32\windows.storage.dll
0x00007fff4d890000 - 0x00007fff4d9ce000 	C:\WINDOWS\SYSTEM32\wintypes.dll
0x00007fff52650000 - 0x00007fff52743000 	C:\WINDOWS\System32\SHCORE.dll
0x00007fff513b0000 - 0x00007fff5140e000 	C:\WINDOWS\System32\shlwapi.dll
0x00007fff4fa00000 - 0x00007fff4fa26000 	C:\WINDOWS\SYSTEM32\profapi.dll
0x00007fff3a550000 - 0x00007fff3a569000 	C:\Users\joshm\.vscode\extensions\redhat.java-1.26.0-win32-x64\jre\17.0.9-win32-x86_64\bin\net.dll
0x00007fff4a020000 - 0x00007fff4a157000 	C:\WINDOWS\SYSTEM32\WINHTTP.dll
0x00007fff4ef30000 - 0x00007fff4ef99000 	C:\WINDOWS\system32\mswsock.dll
0x00007fff3a530000 - 0x00007fff3a546000 	C:\Users\joshm\.vscode\extensions\redhat.java-1.26.0-win32-x64\jre\17.0.9-win32-x86_64\bin\nio.dll
0x00007fff3e6e0000 - 0x00007fff3e6f0000 	c:\Users\joshm\.vscode\extensions\redhat.java-1.26.0-win32-x64\jre\17.0.9-win32-x86_64\bin\verify.dll
0x00007fff2c9e0000 - 0x00007fff2ca1e000 	C:\Users\joshm\AppData\Roaming\Code\User\globalStorage\redhat.java\1.26.0\config_ss_win\org.eclipse.equinox.launcher\org.eclipse.equinox.launcher.win32.win32.x86_64_1.2.800.v20231003-1442\eclipse_11802.dll
0x00007fff50c70000 - 0x00007fff50e10000 	C:\WINDOWS\System32\ole32.dll
0x00007fff4f170000 - 0x00007fff4f18b000 	C:\WINDOWS\SYSTEM32\CRYPTSP.dll
0x00007fff4ea20000 - 0x00007fff4ea55000 	C:\WINDOWS\system32\rsaenh.dll
0x00007fff4efe0000 - 0x00007fff4f00c000 	C:\WINDOWS\SYSTEM32\USERENV.dll
0x00007fff4f160000 - 0x00007fff4f16c000 	C:\WINDOWS\SYSTEM32\CRYPTBASE.dll
0x00007fff4e570000 - 0x00007fff4e59d000 	C:\WINDOWS\SYSTEM32\IPHLPAPI.DLL
0x00007fff51080000 - 0x00007fff51089000 	C:\WINDOWS\System32\NSI.dll
0x00007fff49f50000 - 0x00007fff49f69000 	C:\WINDOWS\SYSTEM32\dhcpcsvc6.DLL
0x00007fff498d0000 - 0x00007fff498ef000 	C:\WINDOWS\SYSTEM32\dhcpcsvc.DLL
0x00007fff4e5a0000 - 0x00007fff4e699000 	C:\WINDOWS\SYSTEM32\DNSAPI.dll
0x00007fff20710000 - 0x00007fff20755000 	C:\Users\joshm\AppData\Local\Temp\jna-101313875\jna5201656965577361894.dll
0x00007fff50920000 - 0x00007fff50928000 	C:\WINDOWS\System32\PSAPI.DLL

dbghelp: loaded successfully - version: 4.0.5 - missing functions: none
symbol engine: initialized successfully - sym options: 0x614 - pdb path: .;c:\Users\joshm\.vscode\extensions\redhat.java-1.26.0-win32-x64\jre\17.0.9-win32-x86_64\bin;C:\WINDOWS\SYSTEM32;C:\WINDOWS\WinSxS\amd64_microsoft.windows.common-controls_6595b64144ccf1df_6.0.22621.2506_none_270c5ae97388e100;c:\Users\joshm\.vscode\extensions\redhat.java-1.26.0-win32-x64\jre\17.0.9-win32-x86_64\bin\server;C:\Users\joshm\AppData\Roaming\Code\User\globalStorage\redhat.java\1.26.0\config_ss_win\org.eclipse.equinox.launcher\org.eclipse.equinox.launcher.win32.win32.x86_64_1.2.800.v20231003-1442;C:\Users\joshm\AppData\Local\Temp\jna-101313875

VM Arguments:
jvm_args: --add-modules=ALL-SYSTEM --add-opens=java.base/java.util=ALL-UNNAMED --add-opens=java.base/java.lang=ALL-UNNAMED --add-opens=java.base/sun.nio.fs=ALL-UNNAMED -Declipse.application=org.eclipse.jdt.ls.core.id1 -Dosgi.bundles.defaultStartLevel=4 -Declipse.product=org.eclipse.jdt.ls.core.product -Djava.import.generatesMetadataFilesAtProjectRoot=false -DDetectVMInstallationsJob.disabled=true -Dfile.encoding=utf8 -XX:+UseParallelGC -XX:GCTimeRatio=4 -XX:AdaptiveSizePolicyWeight=90 -Dsun.zip.disableMemoryMapping=true -Xmx1G -Xms100m -Xlog:disable -javaagent:c:\Users\joshm\.vscode\extensions\redhat.java-1.26.0-win32-x64\lombok\lombok-1.18.31-3454.jar 
java_command: c:\Users\joshm\.vscode\extensions\redhat.java-1.26.0-win32-x64\server\plugins\org.eclipse.equinox.launcher_1.6.700.v20231214-2017.jar -configuration c:\Users\joshm\AppData\Roaming\Code\User\globalStorage\redhat.java\1.26.0\config_ss_win -data c:\Users\joshm\AppData\Roaming\Code\User\workspaceStorage\b0d151ee9e6ba5e463fc4d2f3f896610\redhat.java\ss_ws --stdio
java_class_path (initial): c:\Users\joshm\.vscode\extensions\redhat.java-1.26.0-win32-x64\server\plugins\org.eclipse.equinox.launcher_1.6.700.v20231214-2017.jar
Launcher Type: SUN_STANDARD

[Global flags]
    uintx AdaptiveSizePolicyWeight                 = 90                                        {product} {command line}
     intx CICompilerCount                          = 12                                        {product} {ergonomic}
    uintx GCTimeRatio                              = 4                                         {product} {command line}
   size_t InitialHeapSize                          = 104857600                                 {product} {command line}
   size_t MaxHeapSize                              = 1073741824                                {product} {command line}
   size_t MaxNewSize                               = 357564416                                 {product} {ergonomic}
   size_t MinHeapDeltaBytes                        = 524288                                    {product} {ergonomic}
   size_t MinHeapSize                              = 104857600                                 {product} {command line}
   size_t NewSize                                  = 34603008                                  {product} {ergonomic}
    uintx NonNMethodCodeHeapSize                   = 7602480                                {pd product} {ergonomic}
    uintx NonProfiledCodeHeapSize                  = 122027880                              {pd product} {ergonomic}
   size_t OldSize                                  = 70254592                                  {product} {ergonomic}
    uintx ProfiledCodeHeapSize                     = 122027880                              {pd product} {ergonomic}
    uintx ReservedCodeCacheSize                    = 251658240                              {pd product} {ergonomic}
     bool SegmentedCodeCache                       = true                                      {product} {ergonomic}
   size_t SoftMaxHeapSize                          = 1073741824                             {manageable} {ergonomic}
     bool UseCompressedClassPointers               = true                           {product lp64_product} {ergonomic}
     bool UseCompressedOops                        = true                           {product lp64_product} {ergonomic}
     bool UseLargePagesIndividualAllocation        = false                                  {pd product} {ergonomic}
     bool UseParallelGC                            = true                                      {product} {command line}

Logging:
Log output configuration:
 #0: stdout all=off uptime,level,tags
 #1: stderr all=off uptime,level,tags

Environment Variables:
JAVA_HOME=C:\Program Files\Java\jdk-17
PATH=C:\Program Files\Common Files\Oracle\Java\javapath;C:\Program Files (x86)\Razer\ChromaBroadcast\bin;C:\Program Files\Razer\ChromaBroadcast\bin;C:\Windows\system32;C:\Windows;C:\Windows\System32\Wbem;C:\Windows\System32\WindowsPowerShell\v1.0\;C:\Windows\System32\OpenSSH\;C:\Program Files (x86)\NVIDIA Corporation\PhysX\Common;C:\Program Files\NVIDIA Corporation\NVIDIA NvDLISR;C:\WINDOWS\system32;C:\WINDOWS;C:\WINDOWS\System32\Wbem;C:\WINDOWS\System32\WindowsPowerShell\v1.0\;C:\WINDOWS\System32\OpenSSH\;C:\WINDOWS\system32\config\systemprofile\AppData\Local\Microsoft\WindowsApps;C:\Program Files\dotnet\;C:\ProgramData\chocolatey\bin;C:\Program Files\Git\cmd;C:\Users\joshm\AppData\Local\Microsoft\WindowsApps;C:\Users\joshm\AppData\Local\Programs\Microsoft VS Code\bin;C:\Users\joshm\AppData\Local\Programs\Python\Python311;C:\Users\joshm\AppData\Local\spicetify;C:\Flutter\flutter\bin;
USERNAME=joshm
OS=Windows_NT
PROCESSOR_IDENTIFIER=AMD64 Family 25 Model 68 Stepping 1, AuthenticAMD
TMP=C:\Users\joshm\AppData\Local\Temp
TEMP=C:\Users\joshm\AppData\Local\Temp



Periodic native trim disabled


---------------  S Y S T E M  ---------------

OS:
 Windows 11 , 64 bit Build 22621 (10.0.22621.2506)
OS uptime: 0 days 19:01 hours
Hyper-V role detected

CPU: total 16 (initial active 16) (16 cores per cpu, 2 threads per core) family 25 model 68 stepping 1 microcode 0x0, cx8, cmov, fxsr, ht, mmx, 3dnowpref, sse, sse2, sse3, ssse3, sse4a, sse4.1, sse4.2, popcnt, lzcnt, tsc, tscinvbit, avx, avx2, aes, clmul, bmi1, bmi2, adx, sha, fma, vzeroupper, clflush, clflushopt, hv
Processor Information for processor 0
  Max Mhz: 3201, Current Mhz: 3201, Mhz Limit: 3201
Processor Information for processor 1
  Max Mhz: 3201, Current Mhz: 3201, Mhz Limit: 3201
Processor Information for processor 2
  Max Mhz: 3201, Current Mhz: 3201, Mhz Limit: 3201
Processor Information for processor 3
  Max Mhz: 3201, Current Mhz: 3201, Mhz Limit: 3201
Processor Information for processor 4
  Max Mhz: 3201, Current Mhz: 3201, Mhz Limit: 3201
Processor Information for processor 5
  Max Mhz: 3201, Current Mhz: 2566, Mhz Limit: 3201
Processor Information for processor 6
  Max Mhz: 3201, Current Mhz: 3201, Mhz Limit: 3201
Processor Information for processor 7
  Max Mhz: 3201, Current Mhz: 3201, Mhz Limit: 3201
Processor Information for processor 8
  Max Mhz: 3201, Current Mhz: 2566, Mhz Limit: 3201
Processor Information for processor 9
  Max Mhz: 3201, Current Mhz: 3201, Mhz Limit: 3201
Processor Information for processor 10
  Max Mhz: 3201, Current Mhz: 3201, Mhz Limit: 3201
Processor Information for processor 11
  Max Mhz: 3201, Current Mhz: 3201, Mhz Limit: 3201
Processor Information for processor 12
  Max Mhz: 3201, Current Mhz: 3201, Mhz Limit: 3201
Processor Information for processor 13
  Max Mhz: 3201, Current Mhz: 2566, Mhz Limit: 3201
Processor Information for processor 14
  Max Mhz: 3201, Current Mhz: 3201, Mhz Limit: 3201
Processor Information for processor 15
  Max Mhz: 3201, Current Mhz: 2566, Mhz Limit: 3201

Memory: 4k page, system-wide physical 15613M (3525M free)
TotalPageFile size 37089M (AvailPageFile size 5M)
current process WorkingSet (physical memory assigned to process): 196M, peak: 202M
current process commit charge ("private bytes"): 300M, peak: 306M

vm_info: OpenJDK 64-Bit Server VM (17.0.9+9) for windows-amd64 JRE (17.0.9+9), built on Oct 26 2023 14:01:42 by "admin" with MS VC++ 16.10 / 16.11 (VS2019)

END.
