#
# There is insufficient memory for the Java Runtime Environment to continue.
# Native memory allocation (malloc) failed to allocate 277216 bytes for Chunk::new
# Possible reasons:
#   The system is out of physical RAM or swap space
#   The process is running with CompressedOops enabled, and the Java Heap may be blocking the growth of the native heap
# Possible solutions:
#   Reduce memory load on the system
#   Increase physical memory or swap space
#   Check if swap backing store is full
#   Decrease Java heap size (-Xmx/-Xms)
#   Decrease number of Java threads
#   Decrease Java thread stack sizes (-Xss)
#   Set larger code cache with -XX:ReservedCodeCacheSize=
#   JVM is running with Unscaled Compressed Oops mode in which the Java heap is
#     placed in the first 4GB address space. The Java Heap base address is the
#     maximum limit for the native heap growth. Please use -XX:HeapBaseMinAddress
#     to set the Java Heap base and to place the Java Heap above 4GB virtual address.
# This output file may be truncated or incomplete.
#
#  Out of Memory Error (arena.cpp:191), pid=20600, tid=20380
#
# JRE version: OpenJDK Runtime Environment Temurin-17.0.9+9 (17.0.9+9) (build 17.0.9+9)
# Java VM: OpenJDK 64-Bit Server VM Temurin-17.0.9+9 (17.0.9+9, mixed mode, tiered, compressed oops, compressed class ptrs, parallel gc, windows-amd64)
# No core dump will be written. Minidumps are not enabled by default on client versions of Windows
#

---------------  S U M M A R Y ------------

Command Line: --add-modules=ALL-SYSTEM --add-opens=java.base/java.util=ALL-UNNAMED --add-opens=java.base/java.lang=ALL-UNNAMED --add-opens=java.base/sun.nio.fs=ALL-UNNAMED -Declipse.application=org.eclipse.jdt.ls.core.id1 -Dosgi.bundles.defaultStartLevel=4 -Declipse.product=org.eclipse.jdt.ls.core.product -Djava.import.generatesMetadataFilesAtProjectRoot=false -DDetectVMInstallationsJob.disabled=true -Dfile.encoding=utf8 -XX:+UseParallelGC -XX:GCTimeRatio=4 -XX:AdaptiveSizePolicyWeight=90 -Dsun.zip.disableMemoryMapping=true -Xmx1G -Xms100m -Xlog:disable -javaagent:c:\Users\joshm\.vscode\extensions\redhat.java-1.26.0-win32-x64\lombok\lombok-1.18.31-3454.jar -XX:+HeapDumpOnOutOfMemoryError -XX:HeapDumpPath=c:\Users\joshm\AppData\Roaming\Code\User\workspaceStorage\b0d151ee9e6ba5e463fc4d2f3f896610\redhat.java -Daether.dependencyCollector.impl=bf c:\Users\joshm\.vscode\extensions\redhat.java-1.26.0-win32-x64\server\plugins\org.eclipse.equinox.launcher_1.6.700.v20231214-2017.jar -configuration c:\Users\joshm\AppData\Roaming\Code\User\globalStorage\redhat.java\1.26.0\config_win -data c:\Users\joshm\AppData\Roaming\Code\User\workspaceStorage\b0d151ee9e6ba5e463fc4d2f3f896610\redhat.java\jdt_ws --stdio

Host: AMD Ryzen 7 6800H with Radeon Graphics         , 16 cores, 15G,  Windows 11 , 64 bit Build 22621 (10.0.22621.2506)
Time: Thu Jan 18 10:50:55 2024 Eastern Standard Time elapsed time: 1.281765 seconds (0d 0h 0m 1s)

---------------  T H R E A D  ---------------

Current thread (0x0000015259f56b90):  JavaThread "C2 CompilerThread1" daemon [_thread_in_native, id=20380, stack(0x0000004574800000,0x0000004574900000)]


Current CompileTask:
C2:   1281 2837       4       lombok.patcher.PatchScript::classMatches (41 bytes)

Stack: [0x0000004574800000,0x0000004574900000]
Native frames: (J=compiled Java code, j=interpreted, Vv=VM code, C=native code)
V  [jvm.dll+0x67cf49]
V  [jvm.dll+0x83478a]
V  [jvm.dll+0x83624e]
V  [jvm.dll+0x8368b3]
V  [jvm.dll+0x247f1f]
V  [jvm.dll+0xac43c]
V  [jvm.dll+0xaca8c]
V  [jvm.dll+0x367067]
V  [jvm.dll+0x3313ba]
V  [jvm.dll+0x33085a]
V  [jvm.dll+0x21a5b1]
V  [jvm.dll+0x2199d1]
V  [jvm.dll+0x1a57cd]
V  [jvm.dll+0x2297ae]
V  [jvm.dll+0x22797c]
V  [jvm.dll+0x7e9877]
V  [jvm.dll+0x7e3c3a]
V  [jvm.dll+0x67be35]
C  [ucrtbase.dll+0x29363]
C  [KERNEL32.DLL+0x1257d]
C  [ntdll.dll+0x5aa58]


---------------  P R O C E S S  ---------------

Threads class SMR info:
_java_thread_list=0x000001525cfa2a90, length=25, elements={
0x0000015240da0340, 0x0000015254c23260, 0x0000015254c244d0, 0x0000015254c2a090,
0x0000015254c2ab60, 0x0000015254c2bdd0, 0x0000015254c2d040, 0x0000015254c2e4e0,
0x0000015259de11f0, 0x0000015259de42b0, 0x0000015259f3f7b0, 0x0000015254b0c6c0,
0x0000015259f56b90, 0x0000015259f594c0, 0x000001525be8a0a0, 0x000001525be8a5c0,
0x000001525bf23ec0, 0x000001525c850010, 0x000001525c193150, 0x000001525c7b2250,
0x000001525c8896f0, 0x000001525d16c740, 0x000001525cd6de60, 0x000001525d198ca0,
0x000001525cb33490
}

Java Threads: ( => current thread )
  0x0000015240da0340 JavaThread "main" [_thread_blocked, id=8632, stack(0x0000004573a00000,0x0000004573b00000)]
  0x0000015254c23260 JavaThread "Reference Handler" daemon [_thread_blocked, id=20404, stack(0x0000004573d00000,0x0000004573e00000)]
  0x0000015254c244d0 JavaThread "Finalizer" daemon [_thread_blocked, id=26148, stack(0x0000004573e00000,0x0000004573f00000)]
  0x0000015254c2a090 JavaThread "Signal Dispatcher" daemon [_thread_blocked, id=9304, stack(0x0000004573f00000,0x0000004574000000)]
  0x0000015254c2ab60 JavaThread "Attach Listener" daemon [_thread_blocked, id=9372, stack(0x0000004574000000,0x0000004574100000)]
  0x0000015254c2bdd0 JavaThread "Service Thread" daemon [_thread_blocked, id=7428, stack(0x0000004574100000,0x0000004574200000)]
  0x0000015254c2d040 JavaThread "Monitor Deflation Thread" daemon [_thread_blocked, id=20644, stack(0x0000004574200000,0x0000004574300000)]
  0x0000015254c2e4e0 JavaThread "C2 CompilerThread0" daemon [_thread_blocked, id=5932, stack(0x0000004574300000,0x0000004574400000)]
  0x0000015259de11f0 JavaThread "C1 CompilerThread0" daemon [_thread_in_native, id=12228, stack(0x0000004574400000,0x0000004574500000)]
  0x0000015259de42b0 JavaThread "Sweeper thread" daemon [_thread_blocked, id=15284, stack(0x0000004574500000,0x0000004574600000)]
  0x0000015259f3f7b0 JavaThread "Common-Cleaner" daemon [_thread_blocked, id=18660, stack(0x0000004574600000,0x0000004574700000)]
  0x0000015254b0c6c0 JavaThread "C1 CompilerThread1" daemon [_thread_blocked, id=3628, stack(0x0000004574700000,0x0000004574800000)]
=>0x0000015259f56b90 JavaThread "C2 CompilerThread1" daemon [_thread_in_native, id=20380, stack(0x0000004574800000,0x0000004574900000)]
  0x0000015259f594c0 JavaThread "C2 CompilerThread2" daemon [_thread_blocked, id=14680, stack(0x0000004574900000,0x0000004574a00000)]
  0x000001525be8a0a0 JavaThread "C1 CompilerThread2" daemon [_thread_blocked, id=11836, stack(0x0000004574a00000,0x0000004574b00000)]
  0x000001525be8a5c0 JavaThread "C1 CompilerThread3" daemon [_thread_blocked, id=15068, stack(0x0000004574b00000,0x0000004574c00000)]
  0x000001525bf23ec0 JavaThread "Notification Thread" daemon [_thread_blocked, id=15540, stack(0x0000004574c00000,0x0000004574d00000)]
  0x000001525c850010 JavaThread "C2 CompilerThread3" daemon [_thread_blocked, id=7256, stack(0x0000004574e00000,0x0000004574f00000)]
  0x000001525c193150 JavaThread "Active Thread: Equinox Container: e440e3d6-a334-4b7b-9a38-0be625fb6b8d" [_thread_blocked, id=7036, stack(0x0000004575500000,0x0000004575600000)]
  0x000001525c7b2250 JavaThread "Framework Event Dispatcher: Equinox Container: e440e3d6-a334-4b7b-9a38-0be625fb6b8d" daemon [_thread_blocked, id=26744, stack(0x0000004575600000,0x0000004575700000)]
  0x000001525c8896f0 JavaThread "Start Level: Equinox Container: e440e3d6-a334-4b7b-9a38-0be625fb6b8d" daemon [_thread_in_vm, id=2148, stack(0x0000004575700000,0x0000004575800000)]
  0x000001525d16c740 JavaThread "Bundle File Closer" daemon [_thread_blocked, id=10056, stack(0x0000004575a00000,0x0000004575b00000)]
  0x000001525cd6de60 JavaThread "SCR Component Actor" daemon [_thread_blocked, id=24848, stack(0x0000004575d00000,0x0000004575e00000)]
  0x000001525d198ca0 JavaThread "SCR Component Registry" daemon [_thread_blocked, id=4960, stack(0x0000004575e00000,0x0000004575f00000)]
  0x000001525cb33490 JavaThread "Worker-JM" [_thread_blocked, id=23508, stack(0x0000004574f00000,0x0000004575000000)]

Other Threads:
  0x0000015259db6600 VMThread "VM Thread" [stack: 0x0000004573c00000,0x0000004573d00000] [id=16052]
  0x000001525bfa64d0 WatcherThread [stack: 0x0000004574d00000,0x0000004574e00000] [id=3320]
  0x0000015240db75d0 GCTaskThread "GC Thread#0" [stack: 0x0000004573b00000,0x0000004573c00000] [id=16268]
  0x000001525c662940 GCTaskThread "GC Thread#1" [stack: 0x0000004575000000,0x0000004575100000] [id=24468]
  0x000001525c9d9420 GCTaskThread "GC Thread#2" [stack: 0x0000004575100000,0x0000004575200000] [id=5768]
  0x000001525c9d96e0 GCTaskThread "GC Thread#3" [stack: 0x0000004575200000,0x0000004575300000] [id=12580]
  0x000001525c9d99a0 GCTaskThread "GC Thread#4" [stack: 0x0000004575300000,0x0000004575400000] [id=11860]
  0x000001525c9d9c60 GCTaskThread "GC Thread#5" [stack: 0x0000004575400000,0x0000004575500000] [id=15656]
  0x000001525cb124f0 GCTaskThread "GC Thread#6" [stack: 0x0000004575800000,0x0000004575900000] [id=25536]
  0x000001525cca4f30 GCTaskThread "GC Thread#7" [stack: 0x0000004575900000,0x0000004575a00000] [id=15856]
  0x000001525cf458d0 GCTaskThread "GC Thread#8" [stack: 0x0000004575b00000,0x0000004575c00000] [id=18840]
  0x000001525d06af50 GCTaskThread "GC Thread#9" [stack: 0x0000004575c00000,0x0000004575d00000] [id=17244]
  0x000001525cd84480 GCTaskThread "GC Thread#10" [stack: 0x0000004575f00000,0x0000004576000000] [id=19880]
  0x000001525cd84740 GCTaskThread "GC Thread#11" [stack: 0x0000004576000000,0x0000004576100000] [id=1356]

Threads with active compile tasks:
C2 CompilerThread1     1292 2837       4       lombok.patcher.PatchScript::classMatches (41 bytes)

VM state: not at safepoint (normal execution)

VM Mutex/Monitor currently owned by a thread: None

Heap address: 0x00000000c0000000, size: 1024 MB, Compressed Oops mode: 32-bit

CDS archive(s) not mapped
Compressed class space mapped at: 0x0000000100000000-0x0000000140000000, reserved size: 1073741824
Narrow klass base: 0x0000000000000000, Narrow klass shift: 3, Narrow klass range: 0x140000000

GC Precious Log:
 CPUs: 16 total, 16 available
 Memory: 15613M
 Large Page Support: Disabled
 NUMA Support: Disabled
 Compressed Oops: Enabled (32-bit)
 Alignments: Space 512K, Generation 512K, Heap 2M
 Heap Min Capacity: 100M
 Heap Initial Capacity: 100M
 Heap Max Capacity: 1G
 Pre-touch: Disabled
 Parallel Workers: 13

Heap:
 PSYoungGen      total 29696K, used 6461K [0x00000000eab00000, 0x00000000ece00000, 0x0000000100000000)
  eden space 25600K, 25% used [0x00000000eab00000,0x00000000eb14f500,0x00000000ec400000)
  from space 4096K, 0% used [0x00000000ec400000,0x00000000ec400000,0x00000000ec800000)
  to   space 5120K, 0% used [0x00000000ec900000,0x00000000ec900000,0x00000000ece00000)
 ParOldGen       total 68608K, used 10254K [0x00000000c0000000, 0x00000000c4300000, 0x00000000eab00000)
  object space 68608K, 14% used [0x00000000c0000000,0x00000000c0a03830,0x00000000c4300000)
 Metaspace       used 21945K, committed 22464K, reserved 1114112K
  class space    used 2221K, committed 2432K, reserved 1048576K

Card table byte_map: [0x0000015240760000,0x0000015240970000] _byte_map_base: 0x0000015240160000

Marking Bits: (ParMarkBitMap*) 0x00007ffee10ed0b0
 Begin Bits: [0x0000015252a30000, 0x0000015253a30000)
 End Bits:   [0x0000015253a30000, 0x0000015254a30000)

Polling page: 0x0000015240550000

Metaspace:

Usage:
  Non-class:     19.26 MB used.
      Class:      2.17 MB used.
       Both:     21.43 MB used.

Virtual space:
  Non-class space:       64.00 MB reserved,      19.56 MB ( 31%) committed,  1 nodes.
      Class space:        1.00 GB reserved,       2.38 MB ( <1%) committed,  1 nodes.
             Both:        1.06 GB reserved,      21.94 MB (  2%) committed. 

Chunk freelists:
   Non-Class:  12.08 MB
       Class:  13.60 MB
        Both:  25.68 MB

MaxMetaspaceSize: unlimited
CompressedClassSpaceSize: 1.00 GB
Initial GC threshold: 21.00 MB
Current GC threshold: 35.00 MB
CDS: off
MetaspaceReclaimPolicy: balanced
 - commit_granule_bytes: 65536.
 - commit_granule_words: 8192.
 - virtual_space_node_default_size: 8388608.
 - enlarge_chunks_in_place: 1.
 - new_chunks_are_fully_committed: 0.
 - uncommit_free_chunks: 1.
 - use_allocation_guard: 0.
 - handle_deallocations: 1.


Internal statistics:

num_allocs_failed_limit: 3.
num_arena_births: 272.
num_arena_deaths: 14.
num_vsnodes_births: 2.
num_vsnodes_deaths: 0.
num_space_committed: 351.
num_space_uncommitted: 0.
num_chunks_returned_to_freelist: 17.
num_chunks_taken_from_freelist: 757.
num_chunk_merges: 8.
num_chunk_splits: 483.
num_chunks_enlarged: 341.
num_inconsistent_stats: 0.

CodeHeap 'non-profiled nmethods': size=119168Kb used=1195Kb max_used=1195Kb free=117972Kb
 bounds [0x000001524b5d0000, 0x000001524b840000, 0x0000015252a30000]
CodeHeap 'profiled nmethods': size=119104Kb used=5962Kb max_used=5962Kb free=113141Kb
 bounds [0x0000015243a30000, 0x0000015244010000, 0x000001524ae80000]
CodeHeap 'non-nmethods': size=7488Kb used=2878Kb max_used=2909Kb free=4609Kb
 bounds [0x000001524ae80000, 0x000001524b160000, 0x000001524b5d0000]
 total_blobs=3395 nmethods=2902 adapters=403
 compilation: enabled
              stopped_count=0, restarted_count=0
 full_count=0

Compilation events (20 events):
Event: 1.278 Thread 0x000001525be8a0a0 2864       3       java.lang.Boolean::parseBoolean (7 bytes)
Event: 1.278 Thread 0x0000015259de11f0 2865       3       org.eclipse.core.internal.registry.ReferenceMap::get (54 bytes)
Event: 1.278 Thread 0x0000015254b0c6c0 2866  s    3       org.eclipse.core.internal.registry.RegistryObjectManager::getObject (7 bytes)
Event: 1.278 Thread 0x000001525be8a5c0 2867       3       org.eclipse.core.internal.registry.RegistryObjectManager::basicGetObject (52 bytes)
Event: 1.278 Thread 0x000001525be8a0a0 nmethod 2864 0x0000015243ff5490 code [0x0000015243ff5620, 0x0000015243ff5748]
Event: 1.278 Thread 0x000001525be8a0a0 2868       3       org.eclipse.core.internal.registry.ReferenceMap$SoftRef::getValue (5 bytes)
Event: 1.278 Thread 0x0000015254b0c6c0 nmethod 2866 0x0000015243ff5810 code [0x0000015243ff59c0, 0x0000015243ff5ba8]
Event: 1.278 Thread 0x000001525be8a0a0 nmethod 2868 0x0000015243ff5c90 code [0x0000015243ff5e20, 0x0000015243ff5f68]
Event: 1.278 Thread 0x000001525be8a0a0 2869       1       org.eclipse.core.internal.registry.ConfigurationElement::getName (5 bytes)
Event: 1.279 Thread 0x0000015254b0c6c0 2870       1       org.eclipse.core.internal.registry.ReferenceMap$SoftRef::getNext (5 bytes)
Event: 1.279 Thread 0x000001525be8a0a0 nmethod 2869 0x000001524b6f7f90 code [0x000001524b6f8120, 0x000001524b6f81f8]
Event: 1.279 Thread 0x000001525be8a5c0 nmethod 2867 0x0000015243ff6010 code [0x0000015243ff6200, 0x0000015243ff65b8]
Event: 1.279 Thread 0x0000015254b0c6c0 nmethod 2870 0x000001524b6f8290 code [0x000001524b6f8420, 0x000001524b6f84f8]
Event: 1.279 Thread 0x000001525be8a5c0 2871       3       org.eclipse.core.internal.registry.ConfigurationElementHandle::getConfigurationElement (18 bytes)
Event: 1.279 Thread 0x0000015259de11f0 nmethod 2865 0x0000015243ff6790 code [0x0000015243ff6980, 0x0000015243ff6e28]
Event: 1.279 Thread 0x000001525be8a0a0 2872       3       org.eclipse.core.internal.registry.Handle::<init> (15 bytes)
Event: 1.279 Thread 0x000001525be8a5c0 nmethod 2871 0x0000015243ff7090 code [0x0000015243ff7260, 0x0000015243ff76a8]
Event: 1.279 Thread 0x000001525be8a0a0 nmethod 2872 0x0000015243ff7810 code [0x0000015243ff79a0, 0x0000015243ff7b18]
Event: 1.279 Thread 0x0000015259de11f0 2873   !   3       java.util.Collections$SynchronizedMap::get (25 bytes)
Event: 1.280 Thread 0x0000015259de11f0 nmethod 2873 0x0000015243ff7c10 code [0x0000015243ff7dc0, 0x0000015243ff8068]

GC Heap History (12 events):
Event: 0.419 GC heap before
{Heap before GC invocations=1 (full 0):
 PSYoungGen      total 29696K, used 25600K [0x00000000eab00000, 0x00000000ecc00000, 0x0000000100000000)
  eden space 25600K, 100% used [0x00000000eab00000,0x00000000ec400000,0x00000000ec400000)
  from space 4096K, 0% used [0x00000000ec800000,0x00000000ec800000,0x00000000ecc00000)
  to   space 4096K, 0% used [0x00000000ec400000,0x00000000ec400000,0x00000000ec800000)
 ParOldGen       total 68608K, used 0K [0x00000000c0000000, 0x00000000c4300000, 0x00000000eab00000)
  object space 68608K, 0% used [0x00000000c0000000,0x00000000c0000000,0x00000000c4300000)
 Metaspace       used 10628K, committed 10752K, reserved 1114112K
  class space    used 1059K, committed 1088K, reserved 1048576K
}
Event: 0.423 GC heap after
{Heap after GC invocations=1 (full 0):
 PSYoungGen      total 29696K, used 3060K [0x00000000eab00000, 0x00000000ecc00000, 0x0000000100000000)
  eden space 25600K, 0% used [0x00000000eab00000,0x00000000eab00000,0x00000000ec400000)
  from space 4096K, 74% used [0x00000000ec400000,0x00000000ec6fd060,0x00000000ec800000)
  to   space 4096K, 0% used [0x00000000ec800000,0x00000000ec800000,0x00000000ecc00000)
 ParOldGen       total 68608K, used 16K [0x00000000c0000000, 0x00000000c4300000, 0x00000000eab00000)
  object space 68608K, 0% used [0x00000000c0000000,0x00000000c0004000,0x00000000c4300000)
 Metaspace       used 10628K, committed 10752K, reserved 1114112K
  class space    used 1059K, committed 1088K, reserved 1048576K
}
Event: 0.733 GC heap before
{Heap before GC invocations=2 (full 0):
 PSYoungGen      total 29696K, used 28660K [0x00000000eab00000, 0x00000000ecc00000, 0x0000000100000000)
  eden space 25600K, 100% used [0x00000000eab00000,0x00000000ec400000,0x00000000ec400000)
  from space 4096K, 74% used [0x00000000ec400000,0x00000000ec6fd060,0x00000000ec800000)
  to   space 4096K, 0% used [0x00000000ec800000,0x00000000ec800000,0x00000000ecc00000)
 ParOldGen       total 68608K, used 16K [0x00000000c0000000, 0x00000000c4300000, 0x00000000eab00000)
  object space 68608K, 0% used [0x00000000c0000000,0x00000000c0004000,0x00000000c4300000)
 Metaspace       used 14412K, committed 14528K, reserved 1114112K
  class space    used 1430K, committed 1472K, reserved 1048576K
}
Event: 0.737 GC heap after
{Heap after GC invocations=2 (full 0):
 PSYoungGen      total 29696K, used 4077K [0x00000000eab00000, 0x00000000ecc00000, 0x0000000100000000)
  eden space 25600K, 0% used [0x00000000eab00000,0x00000000eab00000,0x00000000ec400000)
  from space 4096K, 99% used [0x00000000ec800000,0x00000000ecbfb4e8,0x00000000ecc00000)
  to   space 4096K, 0% used [0x00000000ec400000,0x00000000ec400000,0x00000000ec800000)
 ParOldGen       total 68608K, used 1416K [0x00000000c0000000, 0x00000000c4300000, 0x00000000eab00000)
  object space 68608K, 2% used [0x00000000c0000000,0x00000000c0162338,0x00000000c4300000)
 Metaspace       used 14412K, committed 14528K, reserved 1114112K
  class space    used 1430K, committed 1472K, reserved 1048576K
}
Event: 0.940 GC heap before
{Heap before GC invocations=3 (full 0):
 PSYoungGen      total 29696K, used 29677K [0x00000000eab00000, 0x00000000ecc00000, 0x0000000100000000)
  eden space 25600K, 100% used [0x00000000eab00000,0x00000000ec400000,0x00000000ec400000)
  from space 4096K, 99% used [0x00000000ec800000,0x00000000ecbfb4e8,0x00000000ecc00000)
  to   space 4096K, 0% used [0x00000000ec400000,0x00000000ec400000,0x00000000ec800000)
 ParOldGen       total 68608K, used 1416K [0x00000000c0000000, 0x00000000c4300000, 0x00000000eab00000)
  object space 68608K, 2% used [0x00000000c0000000,0x00000000c0162338,0x00000000c4300000)
 Metaspace       used 16209K, committed 16448K, reserved 1114112K
  class space    used 1622K, committed 1728K, reserved 1048576K
}
Event: 0.943 GC heap after
{Heap after GC invocations=3 (full 0):
 PSYoungGen      total 29696K, used 4079K [0x00000000eab00000, 0x00000000ecc00000, 0x0000000100000000)
  eden space 25600K, 0% used [0x00000000eab00000,0x00000000eab00000,0x00000000ec400000)
  from space 4096K, 99% used [0x00000000ec400000,0x00000000ec7fbc00,0x00000000ec800000)
  to   space 4096K, 0% used [0x00000000ec800000,0x00000000ec800000,0x00000000ecc00000)
 ParOldGen       total 68608K, used 5238K [0x00000000c0000000, 0x00000000c4300000, 0x00000000eab00000)
  object space 68608K, 7% used [0x00000000c0000000,0x00000000c051d828,0x00000000c4300000)
 Metaspace       used 16209K, committed 16448K, reserved 1114112K
  class space    used 1622K, committed 1728K, reserved 1048576K
}
Event: 1.189 GC heap before
{Heap before GC invocations=4 (full 0):
 PSYoungGen      total 29696K, used 29679K [0x00000000eab00000, 0x00000000ecc00000, 0x0000000100000000)
  eden space 25600K, 100% used [0x00000000eab00000,0x00000000ec400000,0x00000000ec400000)
  from space 4096K, 99% used [0x00000000ec400000,0x00000000ec7fbc00,0x00000000ec800000)
  to   space 4096K, 0% used [0x00000000ec800000,0x00000000ec800000,0x00000000ecc00000)
 ParOldGen       total 68608K, used 5238K [0x00000000c0000000, 0x00000000c4300000, 0x00000000eab00000)
  object space 68608K, 7% used [0x00000000c0000000,0x00000000c051d828,0x00000000c4300000)
 Metaspace       used 20891K, committed 21312K, reserved 1114112K
  class space    used 2105K, committed 2304K, reserved 1048576K
}
Event: 1.192 GC heap after
{Heap after GC invocations=4 (full 0):
 PSYoungGen      total 29696K, used 4068K [0x00000000eab00000, 0x00000000ecc00000, 0x0000000100000000)
  eden space 25600K, 0% used [0x00000000eab00000,0x00000000eab00000,0x00000000ec400000)
  from space 4096K, 99% used [0x00000000ec800000,0x00000000ecbf9300,0x00000000ecc00000)
  to   space 4096K, 0% used [0x00000000ec400000,0x00000000ec400000,0x00000000ec800000)
 ParOldGen       total 68608K, used 6344K [0x00000000c0000000, 0x00000000c4300000, 0x00000000eab00000)
  object space 68608K, 9% used [0x00000000c0000000,0x00000000c06320f0,0x00000000c4300000)
 Metaspace       used 20891K, committed 21312K, reserved 1114112K
  class space    used 2105K, committed 2304K, reserved 1048576K
}
Event: 1.207 GC heap before
{Heap before GC invocations=5 (full 0):
 PSYoungGen      total 29696K, used 5401K [0x00000000eab00000, 0x00000000ecc00000, 0x0000000100000000)
  eden space 25600K, 5% used [0x00000000eab00000,0x00000000eac4d388,0x00000000ec400000)
  from space 4096K, 99% used [0x00000000ec800000,0x00000000ecbf9300,0x00000000ecc00000)
  to   space 4096K, 0% used [0x00000000ec400000,0x00000000ec400000,0x00000000ec800000)
 ParOldGen       total 68608K, used 6344K [0x00000000c0000000, 0x00000000c4300000, 0x00000000eab00000)
  object space 68608K, 9% used [0x00000000c0000000,0x00000000c06320f0,0x00000000c4300000)
 Metaspace       used 21082K, committed 21504K, reserved 1114112K
  class space    used 2131K, committed 2304K, reserved 1048576K
}
Event: 1.209 GC heap after
{Heap after GC invocations=5 (full 0):
 PSYoungGen      total 29696K, used 4090K [0x00000000eab00000, 0x00000000ece00000, 0x0000000100000000)
  eden space 25600K, 0% used [0x00000000eab00000,0x00000000eab00000,0x00000000ec400000)
  from space 4096K, 99% used [0x00000000ec400000,0x00000000ec7fe858,0x00000000ec800000)
  to   space 5120K, 0% used [0x00000000ec900000,0x00000000ec900000,0x00000000ece00000)
 ParOldGen       total 68608K, used 6523K [0x00000000c0000000, 0x00000000c4300000, 0x00000000eab00000)
  object space 68608K, 9% used [0x00000000c0000000,0x00000000c065ecb8,0x00000000c4300000)
 Metaspace       used 21082K, committed 21504K, reserved 1114112K
  class space    used 2131K, committed 2304K, reserved 1048576K
}
Event: 1.209 GC heap before
{Heap before GC invocations=6 (full 1):
 PSYoungGen      total 29696K, used 4090K [0x00000000eab00000, 0x00000000ece00000, 0x0000000100000000)
  eden space 25600K, 0% used [0x00000000eab00000,0x00000000eab00000,0x00000000ec400000)
  from space 4096K, 99% used [0x00000000ec400000,0x00000000ec7fe858,0x00000000ec800000)
  to   space 5120K, 0% used [0x00000000ec900000,0x00000000ec900000,0x00000000ece00000)
 ParOldGen       total 68608K, used 6523K [0x00000000c0000000, 0x00000000c4300000, 0x00000000eab00000)
  object space 68608K, 9% used [0x00000000c0000000,0x00000000c065ecb8,0x00000000c4300000)
 Metaspace       used 21082K, committed 21504K, reserved 1114112K
  class space    used 2131K, committed 2304K, reserved 1048576K
}
Event: 1.230 GC heap after
{Heap after GC invocations=6 (full 1):
 PSYoungGen      total 29696K, used 0K [0x00000000eab00000, 0x00000000ece00000, 0x0000000100000000)
  eden space 25600K, 0% used [0x00000000eab00000,0x00000000eab00000,0x00000000ec400000)
  from space 4096K, 0% used [0x00000000ec400000,0x00000000ec400000,0x00000000ec800000)
  to   space 5120K, 0% used [0x00000000ec900000,0x00000000ec900000,0x00000000ece00000)
 ParOldGen       total 68608K, used 10254K [0x00000000c0000000, 0x00000000c4300000, 0x00000000eab00000)
  object space 68608K, 14% used [0x00000000c0000000,0x00000000c0a03830,0x00000000c4300000)
 Metaspace       used 21069K, committed 21504K, reserved 1114112K
  class space    used 2128K, committed 2304K, reserved 1048576K
}

Dll operation events (9 events):
Event: 0.006 Loaded shared library c:\Users\joshm\.vscode\extensions\redhat.java-1.26.0-win32-x64\jre\17.0.9-win32-x86_64\bin\java.dll
Event: 0.080 Loaded shared library c:\Users\joshm\.vscode\extensions\redhat.java-1.26.0-win32-x64\jre\17.0.9-win32-x86_64\bin\zip.dll
Event: 0.082 Loaded shared library C:\Users\joshm\.vscode\extensions\redhat.java-1.26.0-win32-x64\jre\17.0.9-win32-x86_64\bin\instrument.dll
Event: 0.089 Loaded shared library C:\Users\joshm\.vscode\extensions\redhat.java-1.26.0-win32-x64\jre\17.0.9-win32-x86_64\bin\net.dll
Event: 0.090 Loaded shared library C:\Users\joshm\.vscode\extensions\redhat.java-1.26.0-win32-x64\jre\17.0.9-win32-x86_64\bin\nio.dll
Event: 0.094 Loaded shared library C:\Users\joshm\.vscode\extensions\redhat.java-1.26.0-win32-x64\jre\17.0.9-win32-x86_64\bin\zip.dll
Event: 0.103 Loaded shared library C:\Users\joshm\.vscode\extensions\redhat.java-1.26.0-win32-x64\jre\17.0.9-win32-x86_64\bin\jimage.dll
Event: 0.138 Loaded shared library c:\Users\joshm\.vscode\extensions\redhat.java-1.26.0-win32-x64\jre\17.0.9-win32-x86_64\bin\verify.dll
Event: 0.711 Loaded shared library C:\Users\joshm\AppData\Roaming\Code\User\globalStorage\redhat.java\1.26.0\config_win\org.eclipse.equinox.launcher\org.eclipse.equinox.launcher.win32.win32.x86_64_1.2.800.v20231003-1442\eclipse_11802.dll

Deoptimization events (20 events):
Event: 1.182 Thread 0x000001525c8896f0 DEOPT PACKING pc=0x000001524b6c1668 sp=0x00000045757f9000
Event: 1.182 Thread 0x000001525c8896f0 DEOPT UNPACKING pc=0x000001524aed66a3 sp=0x00000045757f8f90 mode 2
Event: 1.187 Thread 0x000001525c8896f0 Uncommon trap: trap_request=0xffffff45 fr.pc=0x000001524b60e350 relative=0x0000000000000f30
Event: 1.187 Thread 0x000001525c8896f0 Uncommon trap: reason=unstable_if action=reinterpret pc=0x000001524b60e350 method=lombok.patcher.PatchScript.classMatches(Ljava/lang/String;Ljava/util/Collection;)Z @ 25 c2
Event: 1.187 Thread 0x000001525c8896f0 DEOPT PACKING pc=0x000001524b60e350 sp=0x00000045757f70c0
Event: 1.187 Thread 0x000001525c8896f0 DEOPT UNPACKING pc=0x000001524aed66a3 sp=0x00000045757f7080 mode 2
Event: 1.236 Thread 0x000001525c8896f0 DEOPT PACKING pc=0x0000015243fb7ec3 sp=0x00000045757f79f0
Event: 1.236 Thread 0x000001525c8896f0 DEOPT UNPACKING pc=0x000001524aed6e43 sp=0x00000045757f6f10 mode 0
Event: 1.253 Thread 0x000001525c8896f0 Uncommon trap: trap_request=0xffffff45 fr.pc=0x000001524b6b6638 relative=0x0000000000000f18
Event: 1.253 Thread 0x000001525c8896f0 Uncommon trap: reason=unstable_if action=reinterpret pc=0x000001524b6b6638 method=java.util.Properties.loadConvert([CIILjava/lang/StringBuilder;)Ljava/lang/String; @ 491 c2
Event: 1.253 Thread 0x000001525c8896f0 DEOPT PACKING pc=0x000001524b6b6638 sp=0x00000045757f7dd0
Event: 1.253 Thread 0x000001525c8896f0 DEOPT UNPACKING pc=0x000001524aed66a3 sp=0x00000045757f7db0 mode 2
Event: 1.254 Thread 0x000001525c8896f0 Uncommon trap: trap_request=0xffffffc6 fr.pc=0x000001524b6c1668 relative=0x0000000000000ec8
Event: 1.254 Thread 0x000001525c8896f0 Uncommon trap: reason=bimorphic_or_optimized_type_check action=maybe_recompile pc=0x000001524b6c1668 method=java.util.Properties$LineReader.readLine()I @ 479 c2
Event: 1.254 Thread 0x000001525c8896f0 DEOPT PACKING pc=0x000001524b6c1668 sp=0x00000045757f7e00
Event: 1.254 Thread 0x000001525c8896f0 DEOPT UNPACKING pc=0x000001524aed66a3 sp=0x00000045757f7d90 mode 2
Event: 1.270 Thread 0x000001525c8896f0 Uncommon trap: trap_request=0xffffff45 fr.pc=0x000001524b6579b4 relative=0x0000000000000094
Event: 1.270 Thread 0x000001525c8896f0 Uncommon trap: reason=unstable_if action=reinterpret pc=0x000001524b6579b4 method=org.eclipse.osgi.container.ModuleRevisionBuilder.unmodifiableMap(Ljava/util/Map;)Ljava/util/Map; @ 27 c2
Event: 1.270 Thread 0x000001525c8896f0 DEOPT PACKING pc=0x000001524b6579b4 sp=0x00000045757f9b90
Event: 1.270 Thread 0x000001525c8896f0 DEOPT UNPACKING pc=0x000001524aed66a3 sp=0x00000045757f9b10 mode 2

Classes unloaded (7 events):
Event: 1.213 Thread 0x0000015259db6600 Unloading class 0x0000000100248400 'java/lang/invoke/LambdaForm$MH+0x0000000100248400'
Event: 1.213 Thread 0x0000015259db6600 Unloading class 0x0000000100248000 'java/lang/invoke/LambdaForm$MH+0x0000000100248000'
Event: 1.213 Thread 0x0000015259db6600 Unloading class 0x0000000100243c00 'java/lang/invoke/LambdaForm$MH+0x0000000100243c00'
Event: 1.213 Thread 0x0000015259db6600 Unloading class 0x0000000100243800 'java/lang/invoke/LambdaForm$MH+0x0000000100243800'
Event: 1.213 Thread 0x0000015259db6600 Unloading class 0x0000000100243400 'java/lang/invoke/LambdaForm$BMH+0x0000000100243400'
Event: 1.213 Thread 0x0000015259db6600 Unloading class 0x0000000100243000 'java/lang/invoke/LambdaForm$DMH+0x0000000100243000'
Event: 1.213 Thread 0x0000015259db6600 Unloading class 0x0000000100240400 'java/lang/invoke/LambdaForm$DMH+0x0000000100240400'

Classes redefined (0 events):
No events

Internal exceptions (20 events):
Event: 0.774 Thread 0x000001525c8896f0 Exception <a 'java/lang/NoSuchMethodError'{0x00000000eaf069e8}: 'java.lang.Object java.lang.invoke.DirectMethodHandle$Holder.invokeStatic(java.lang.Object, int, java.lang.Object)'> (0x00000000eaf069e8) 
thrown [s\src\hotspot\share\interpreter\linkResolver.cpp, line 759]
Event: 0.784 Thread 0x000001525c8896f0 Exception <a 'java/lang/ClassNotFoundException'{0x00000000eb01fa08}: sun/util/logging/resources/spi/loggingProvider> (0x00000000eb01fa08) 
thrown [s\src\hotspot\share\classfile\systemDictionary.cpp, line 256]
Event: 1.050 Thread 0x000001525c8896f0 Exception <a 'java/io/FileNotFoundException'{0x00000000eb854748}> (0x00000000eb854748) 
thrown [s\src\hotspot\share\prims\jni.cpp, line 516]
Event: 1.057 Thread 0x000001525c8896f0 Exception <a 'java/lang/NullPointerException'{0x00000000eb8d0c08}> (0x00000000eb8d0c08) 
thrown [s\src\hotspot\share\interpreter\linkResolver.cpp, line 1350]
Event: 1.057 Thread 0x000001525c8896f0 Exception <a 'java/lang/NullPointerException'{0x00000000eb8d1430}> (0x00000000eb8d1430) 
thrown [s\src\hotspot\share\interpreter\linkResolver.cpp, line 1350]
Event: 1.109 Thread 0x000001525c8896f0 Exception <a 'java/lang/NoSuchMethodError'{0x00000000ebbea2e8}: 'java.lang.Object java.lang.invoke.Invokers$Holder.invokeExact_MT(java.lang.Object, java.lang.Object, java.lang.Object, java.lang.Object, java.lang.Object, java.lang.Object)'> (0x00000000ebbea2e8) 
thrown [s\src\hotspot\share\interpreter\linkResolver.cpp, line 759]
Event: 1.128 Thread 0x000001525c8896f0 Exception <a 'java/lang/NoSuchMethodError'{0x00000000ebd24398}: 'java.lang.Object java.lang.invoke.Invokers$Holder.linkToTargetMethod(java.lang.Object, long, java.lang.Object)'> (0x00000000ebd24398) 
thrown [s\src\hotspot\share\interpreter\linkResolver.cpp, line 759]
Event: 1.155 Thread 0x000001525c8896f0 Exception <a 'java/lang/NoSuchMethodError'{0x00000000ec029020}: 'void java.lang.invoke.DirectMethodHandle$Holder.invokeInterface(java.lang.Object, java.lang.Object, java.lang.Object)'> (0x00000000ec029020) 
thrown [s\src\hotspot\share\interpreter\linkResolver.cpp, line 759]
Event: 1.184 Thread 0x000001525c8896f0 Exception <a 'java/lang/NoSuchMethodError'{0x00000000ec3927e0}: 'void java.lang.invoke.DirectMethodHandle$Holder.invokeVirtual(java.lang.Object, java.lang.Object)'> (0x00000000ec3927e0) 
thrown [s\src\hotspot\share\interpreter\linkResolver.cpp, line 759]
Event: 1.201 Thread 0x000001525c8896f0 Exception <a 'java/lang/NoSuchMethodError'{0x00000000eaba9dd0}: 'java.lang.Object java.lang.invoke.DirectMethodHandle$Holder.invokeStatic(java.lang.Object, java.lang.Object, int)'> (0x00000000eaba9dd0) 
thrown [s\src\hotspot\share\interpreter\linkResolver.cpp, line 759]
Event: 1.202 Thread 0x000001525c8896f0 Exception <a 'java/lang/NoSuchMethodError'{0x00000000eabaebd0}: 'void java.lang.invoke.DirectMethodHandle$Holder.invokeStatic(java.lang.Object, java.lang.Object, int, java.lang.Object)'> (0x00000000eabaebd0) 
thrown [s\src\hotspot\share\interpreter\linkResolver.cpp, line 759]
Event: 1.202 Thread 0x000001525c8896f0 Exception <a 'java/lang/NoSuchMethodError'{0x00000000eabb5ea0}: 'void java.lang.invoke.DelegatingMethodHandle$Holder.delegate(java.lang.Object, java.lang.Object, int, java.lang.Object)'> (0x00000000eabb5ea0) 
thrown [s\src\hotspot\share\interpreter\linkResolver.cpp, line 759]
Event: 1.202 Thread 0x000001525c8896f0 Exception <a 'java/lang/NoSuchMethodError'{0x00000000eabba288}: 'int java.lang.invoke.DirectMethodHandle$Holder.invokeSpecial(java.lang.Object, java.lang.Object, java.lang.Object)'> (0x00000000eabba288) 
thrown [s\src\hotspot\share\interpreter\linkResolver.cpp, line 759]
Event: 1.203 Thread 0x000001525c8896f0 Exception <a 'java/lang/NoSuchMethodError'{0x00000000eabcb970}: 'int java.lang.invoke.DirectMethodHandle$Holder.invokeStatic(java.lang.Object, java.lang.Object, int)'> (0x00000000eabcb970) 
thrown [s\src\hotspot\share\interpreter\linkResolver.cpp, line 759]
Event: 1.203 Thread 0x000001525c8896f0 Exception <a 'java/lang/NoSuchMethodError'{0x00000000eabcf998}: 'int java.lang.invoke.DirectMethodHandle$Holder.invokeSpecial(java.lang.Object, java.lang.Object, java.lang.Object, int)'> (0x00000000eabcf998) 
thrown [s\src\hotspot\share\interpreter\linkResolver.cpp, line 759]
Event: 1.204 Thread 0x000001525c8896f0 Exception <a 'java/lang/NoSuchMethodError'{0x00000000eabeb5c8}: 'java.lang.Object java.lang.invoke.DirectMethodHandle$Holder.invokeStatic(java.lang.Object, java.lang.Object, java.lang.Object, java.lang.Object, int)'> (0x00000000eabeb5c8) 
thrown [s\src\hotspot\share\interpreter\linkResolver.cpp, line 759]
Event: 1.205 Thread 0x000001525c8896f0 Exception <a 'java/lang/NoSuchMethodError'{0x00000000eabf7558}: 'java.lang.Object java.lang.invoke.DelegatingMethodHandle$Holder.reinvoke_L(java.lang.Object, java.lang.Object, java.lang.Object, java.lang.Object, int, int)'> (0x00000000eabf7558) 
thrown [s\src\hotspot\share\interpreter\linkResolver.cpp, line 759]
Event: 1.206 Thread 0x000001525c8896f0 Exception <a 'java/lang/NoSuchMethodError'{0x00000000eac0bfe8}: 'java.lang.Object java.lang.invoke.Invokers$Holder.invokeExact_MT(java.lang.Object, java.lang.Object, java.lang.Object, java.lang.Object)'> (0x00000000eac0bfe8) 
thrown [s\src\hotspot\share\interpreter\linkResolver.cpp, line 759]
Event: 1.231 Thread 0x000001525c8896f0 Exception <a 'java/lang/NoSuchMethodError'{0x00000000eab1b560}: 'java.lang.Object java.lang.invoke.DelegatingMethodHandle$Holder.reinvoke_L(java.lang.Object, java.lang.Object, java.lang.Object, java.lang.Object, int, int)'> (0x00000000eab1b560) 
thrown [s\src\hotspot\share\interpreter\linkResolver.cpp, line 759]
Event: 1.262 Thread 0x000001525c8896f0 Exception <a 'java/io/FileNotFoundException'{0x00000000eadf53a8}> (0x00000000eadf53a8) 
thrown [s\src\hotspot\share\prims\jni.cpp, line 516]

VM Operations (20 events):
Event: 0.791 Executing VM operation: HandshakeAllThreads
Event: 0.791 Executing VM operation: HandshakeAllThreads done
Event: 0.799 Executing VM operation: HandshakeAllThreads
Event: 0.799 Executing VM operation: HandshakeAllThreads done
Event: 0.806 Executing VM operation: HandshakeAllThreads
Event: 0.806 Executing VM operation: HandshakeAllThreads done
Event: 0.939 Executing VM operation: ParallelGCFailedAllocation
Event: 0.943 Executing VM operation: ParallelGCFailedAllocation done
Event: 0.960 Executing VM operation: HandshakeAllThreads
Event: 0.960 Executing VM operation: HandshakeAllThreads done
Event: 1.176 Executing VM operation: ICBufferFull
Event: 1.176 Executing VM operation: ICBufferFull done
Event: 1.189 Executing VM operation: ParallelGCFailedAllocation
Event: 1.192 Executing VM operation: ParallelGCFailedAllocation done
Event: 1.201 Executing VM operation: HandshakeAllThreads
Event: 1.201 Executing VM operation: HandshakeAllThreads done
Event: 1.207 Executing VM operation: CollectForMetadataAllocation
Event: 1.230 Executing VM operation: CollectForMetadataAllocation done
Event: 1.272 Executing VM operation: HandshakeAllThreads
Event: 1.272 Executing VM operation: HandshakeAllThreads done

Events (20 events):
Event: 1.203 loading class sun/invoke/util/ValueConversions$1
Event: 1.203 loading class sun/invoke/util/ValueConversions$1 done
Event: 1.203 loading class java/lang/invoke/BoundMethodHandle$Species_LI
Event: 1.203 loading class java/lang/invoke/BoundMethodHandle$Species_LI done
Event: 1.204 loading class java/lang/invoke/ClassSpecializer$Factory$1Var
Event: 1.204 loading class java/lang/invoke/ClassSpecializer$Factory$1Var done
Event: 1.252 loading class java/lang/IllegalCallerException
Event: 1.252 loading class java/lang/IllegalCallerException done
Event: 1.259 loading class java/util/function/IntFunction
Event: 1.259 loading class java/util/function/IntFunction done
Event: 1.271 loading class java/util/stream/SortedOps
Event: 1.271 loading class java/util/stream/SortedOps done
Event: 1.271 loading class java/util/stream/SortedOps$OfRef
Event: 1.271 loading class java/util/stream/ReferencePipeline$StatefulOp
Event: 1.271 loading class java/util/stream/ReferencePipeline$StatefulOp done
Event: 1.271 loading class java/util/stream/SortedOps$OfRef done
Event: 1.272 loading class java/util/stream/SortedOps$RefSortingSink
Event: 1.272 loading class java/util/stream/SortedOps$AbstractRefSortingSink
Event: 1.272 loading class java/util/stream/SortedOps$AbstractRefSortingSink done
Event: 1.272 loading class java/util/stream/SortedOps$RefSortingSink done


Dynamic libraries:
0x00007ff6aaeb0000 - 0x00007ff6aaebe000 	c:\Users\joshm\.vscode\extensions\redhat.java-1.26.0-win32-x64\jre\17.0.9-win32-x86_64\bin\java.exe
0x00007fff52790000 - 0x00007fff529a7000 	C:\WINDOWS\SYSTEM32\ntdll.dll
0x00007fff50ad0000 - 0x00007fff50b94000 	C:\WINDOWS\System32\KERNEL32.DLL
0x00007fff4feb0000 - 0x00007fff50256000 	C:\WINDOWS\System32\KERNELBASE.dll
0x00007fff4fc40000 - 0x00007fff4fd51000 	C:\WINDOWS\System32\ucrtbase.dll
0x00007fff43e00000 - 0x00007fff43e17000 	c:\Users\joshm\.vscode\extensions\redhat.java-1.26.0-win32-x64\jre\17.0.9-win32-x86_64\bin\jli.dll
0x00007fff3c7f0000 - 0x00007fff3c80b000 	c:\Users\joshm\.vscode\extensions\redhat.java-1.26.0-win32-x64\jre\17.0.9-win32-x86_64\bin\VCRUNTIME140.dll
0x00007fff51090000 - 0x00007fff5123e000 	C:\WINDOWS\System32\USER32.dll
0x00007fff3fdd0000 - 0x00007fff40063000 	C:\WINDOWS\WinSxS\amd64_microsoft.windows.common-controls_6595b64144ccf1df_6.0.22621.2506_none_270c5ae97388e100\COMCTL32.dll
0x00007fff50260000 - 0x00007fff50286000 	C:\WINDOWS\System32\win32u.dll
0x00007fff51300000 - 0x00007fff513a7000 	C:\WINDOWS\System32\msvcrt.dll
0x00007fff50a50000 - 0x00007fff50a79000 	C:\WINDOWS\System32\GDI32.dll
0x00007fff4fd90000 - 0x00007fff4fea8000 	C:\WINDOWS\System32\gdi32full.dll
0x00007fff50310000 - 0x00007fff503aa000 	C:\WINDOWS\System32\msvcp_win.dll
0x00007fff51240000 - 0x00007fff51271000 	C:\WINDOWS\System32\IMM32.DLL
0x00007fff4cd10000 - 0x00007fff4cd1c000 	c:\Users\joshm\.vscode\extensions\redhat.java-1.26.0-win32-x64\jre\17.0.9-win32-x86_64\bin\vcruntime140_1.dll
0x00007fff17400000 - 0x00007fff1748d000 	c:\Users\joshm\.vscode\extensions\redhat.java-1.26.0-win32-x64\jre\17.0.9-win32-x86_64\bin\msvcp140.dll
0x00007ffee0550000 - 0x00007ffee11b1000 	c:\Users\joshm\.vscode\extensions\redhat.java-1.26.0-win32-x64\jre\17.0.9-win32-x86_64\bin\server\jvm.dll
0x00007fff51410000 - 0x00007fff514c3000 	C:\WINDOWS\System32\ADVAPI32.dll
0x00007fff50870000 - 0x00007fff50918000 	C:\WINDOWS\System32\sechost.dll
0x00007fff4fd60000 - 0x00007fff4fd88000 	C:\WINDOWS\System32\bcrypt.dll
0x00007fff50930000 - 0x00007fff50a47000 	C:\WINDOWS\System32\RPCRT4.dll
0x00007fff43bb0000 - 0x00007fff43bb9000 	C:\WINDOWS\SYSTEM32\WSOCK32.dll
0x00007fff4f9a0000 - 0x00007fff4f9ed000 	C:\WINDOWS\SYSTEM32\POWRPROF.dll
0x00007fff48ea0000 - 0x00007fff48ed4000 	C:\WINDOWS\SYSTEM32\WINMM.dll
0x00007fff51280000 - 0x00007fff512f1000 	C:\WINDOWS\System32\WS2_32.dll
0x00007fff48910000 - 0x00007fff4891a000 	C:\WINDOWS\SYSTEM32\VERSION.dll
0x00007fff4f980000 - 0x00007fff4f993000 	C:\WINDOWS\SYSTEM32\UMPDC.dll
0x00007fff4eac0000 - 0x00007fff4ead8000 	C:\WINDOWS\SYSTEM32\kernel.appcore.dll
0x00007fff42fb0000 - 0x00007fff42fba000 	c:\Users\joshm\.vscode\extensions\redhat.java-1.26.0-win32-x64\jre\17.0.9-win32-x86_64\bin\jimage.dll
0x00007fff477d0000 - 0x00007fff47a03000 	C:\WINDOWS\SYSTEM32\DBGHELP.DLL
0x00007fff504e0000 - 0x00007fff50869000 	C:\WINDOWS\System32\combase.dll
0x00007fff52420000 - 0x00007fff524f7000 	C:\WINDOWS\System32\OLEAUT32.dll
0x00007fff2ca20000 - 0x00007fff2ca52000 	C:\WINDOWS\SYSTEM32\dbgcore.DLL
0x00007fff50290000 - 0x00007fff5030a000 	C:\WINDOWS\System32\bcryptPrimitives.dll
0x00007fff3fba0000 - 0x00007fff3fbae000 	c:\Users\joshm\.vscode\extensions\redhat.java-1.26.0-win32-x64\jre\17.0.9-win32-x86_64\bin\instrument.dll
0x00007fff3c760000 - 0x00007fff3c785000 	c:\Users\joshm\.vscode\extensions\redhat.java-1.26.0-win32-x64\jre\17.0.9-win32-x86_64\bin\java.dll
0x00007fff3c3f0000 - 0x00007fff3c408000 	c:\Users\joshm\.vscode\extensions\redhat.java-1.26.0-win32-x64\jre\17.0.9-win32-x86_64\bin\zip.dll
0x00007fff51540000 - 0x00007fff51d9a000 	C:\WINDOWS\System32\SHELL32.dll
0x00007fff4d9d0000 - 0x00007fff4e2c6000 	C:\WINDOWS\SYSTEM32\windows.storage.dll
0x00007fff4d890000 - 0x00007fff4d9ce000 	C:\WINDOWS\SYSTEM32\wintypes.dll
0x00007fff52650000 - 0x00007fff52743000 	C:\WINDOWS\System32\SHCORE.dll
0x00007fff513b0000 - 0x00007fff5140e000 	C:\WINDOWS\System32\shlwapi.dll
0x00007fff4fa00000 - 0x00007fff4fa26000 	C:\WINDOWS\SYSTEM32\profapi.dll
0x00007fff3a550000 - 0x00007fff3a569000 	C:\Users\joshm\.vscode\extensions\redhat.java-1.26.0-win32-x64\jre\17.0.9-win32-x86_64\bin\net.dll
0x00007fff4a020000 - 0x00007fff4a157000 	C:\WINDOWS\SYSTEM32\WINHTTP.dll
0x00007fff4ef30000 - 0x00007fff4ef99000 	C:\WINDOWS\system32\mswsock.dll
0x00007fff3a530000 - 0x00007fff3a546000 	C:\Users\joshm\.vscode\extensions\redhat.java-1.26.0-win32-x64\jre\17.0.9-win32-x86_64\bin\nio.dll
0x00007fff3e6e0000 - 0x00007fff3e6f0000 	c:\Users\joshm\.vscode\extensions\redhat.java-1.26.0-win32-x64\jre\17.0.9-win32-x86_64\bin\verify.dll
0x00007fff2c9e0000 - 0x00007fff2ca1e000 	C:\Users\joshm\AppData\Roaming\Code\User\globalStorage\redhat.java\1.26.0\config_win\org.eclipse.equinox.launcher\org.eclipse.equinox.launcher.win32.win32.x86_64_1.2.800.v20231003-1442\eclipse_11802.dll
0x00007fff50c70000 - 0x00007fff50e10000 	C:\WINDOWS\System32\ole32.dll

dbghelp: loaded successfully - version: 4.0.5 - missing functions: none
symbol engine: initialized successfully - sym options: 0x614 - pdb path: .;c:\Users\joshm\.vscode\extensions\redhat.java-1.26.0-win32-x64\jre\17.0.9-win32-x86_64\bin;C:\WINDOWS\SYSTEM32;C:\WINDOWS\WinSxS\amd64_microsoft.windows.common-controls_6595b64144ccf1df_6.0.22621.2506_none_270c5ae97388e100;c:\Users\joshm\.vscode\extensions\redhat.java-1.26.0-win32-x64\jre\17.0.9-win32-x86_64\bin\server;C:\Users\joshm\AppData\Roaming\Code\User\globalStorage\redhat.java\1.26.0\config_win\org.eclipse.equinox.launcher\org.eclipse.equinox.launcher.win32.win32.x86_64_1.2.800.v20231003-1442

VM Arguments:
jvm_args: --add-modules=ALL-SYSTEM --add-opens=java.base/java.util=ALL-UNNAMED --add-opens=java.base/java.lang=ALL-UNNAMED --add-opens=java.base/sun.nio.fs=ALL-UNNAMED -Declipse.application=org.eclipse.jdt.ls.core.id1 -Dosgi.bundles.defaultStartLevel=4 -Declipse.product=org.eclipse.jdt.ls.core.product -Djava.import.generatesMetadataFilesAtProjectRoot=false -DDetectVMInstallationsJob.disabled=true -Dfile.encoding=utf8 -XX:+UseParallelGC -XX:GCTimeRatio=4 -XX:AdaptiveSizePolicyWeight=90 -Dsun.zip.disableMemoryMapping=true -Xmx1G -Xms100m -Xlog:disable -javaagent:c:\Users\joshm\.vscode\extensions\redhat.java-1.26.0-win32-x64\lombok\lombok-1.18.31-3454.jar -XX:+HeapDumpOnOutOfMemoryError -XX:HeapDumpPath=c:\Users\joshm\AppData\Roaming\Code\User\workspaceStorage\b0d151ee9e6ba5e463fc4d2f3f896610\redhat.java -Daether.dependencyCollector.impl=bf 
java_command: c:\Users\joshm\.vscode\extensions\redhat.java-1.26.0-win32-x64\server\plugins\org.eclipse.equinox.launcher_1.6.700.v20231214-2017.jar -configuration c:\Users\joshm\AppData\Roaming\Code\User\globalStorage\redhat.java\1.26.0\config_win -data c:\Users\joshm\AppData\Roaming\Code\User\workspaceStorage\b0d151ee9e6ba5e463fc4d2f3f896610\redhat.java\jdt_ws --stdio
java_class_path (initial): c:\Users\joshm\.vscode\extensions\redhat.java-1.26.0-win32-x64\server\plugins\org.eclipse.equinox.launcher_1.6.700.v20231214-2017.jar
Launcher Type: SUN_STANDARD

[Global flags]
    uintx AdaptiveSizePolicyWeight                 = 90                                        {product} {command line}
     intx CICompilerCount                          = 12                                        {product} {ergonomic}
    uintx GCTimeRatio                              = 4                                         {product} {command line}
     bool HeapDumpOnOutOfMemoryError               = true                                   {manageable} {command line}
    ccstr HeapDumpPath                             = c:\Users\joshm\AppData\Roaming\Code\User\workspaceStorage\b0d151ee9e6ba5e463fc4d2f3f896610\redhat.java         {manageable} {command line}
   size_t InitialHeapSize                          = 104857600                                 {product} {command line}
   size_t MaxHeapSize                              = 1073741824                                {product} {command line}
   size_t MaxNewSize                               = 357564416                                 {product} {ergonomic}
   size_t MinHeapDeltaBytes                        = 524288                                    {product} {ergonomic}
   size_t MinHeapSize                              = 104857600                                 {product} {command line}
   size_t NewSize                                  = 34603008                                  {product} {ergonomic}
    uintx NonNMethodCodeHeapSize                   = 7602480                                {pd product} {ergonomic}
    uintx NonProfiledCodeHeapSize                  = 122027880                              {pd product} {ergonomic}
   size_t OldSize                                  = 70254592                                  {product} {ergonomic}
    uintx ProfiledCodeHeapSize                     = 122027880                              {pd product} {ergonomic}
    uintx ReservedCodeCacheSize                    = 251658240                              {pd product} {ergonomic}
     bool SegmentedCodeCache                       = true                                      {product} {ergonomic}
   size_t SoftMaxHeapSize                          = 1073741824                             {manageable} {ergonomic}
     bool UseCompressedClassPointers               = true                           {product lp64_product} {ergonomic}
     bool UseCompressedOops                        = true                           {product lp64_product} {ergonomic}
     bool UseLargePagesIndividualAllocation        = false                                  {pd product} {ergonomic}
     bool UseParallelGC                            = true                                      {product} {command line}

Logging:
Log output configuration:
 #0: stdout all=off uptime,level,tags
 #1: stderr all=off uptime,level,tags

Environment Variables:
JAVA_HOME=C:\Program Files\Java\jdk-17
PATH=C:\Program Files\Common Files\Oracle\Java\javapath;C:\Program Files (x86)\Razer\ChromaBroadcast\bin;C:\Program Files\Razer\ChromaBroadcast\bin;C:\Windows\system32;C:\Windows;C:\Windows\System32\Wbem;C:\Windows\System32\WindowsPowerShell\v1.0\;C:\Windows\System32\OpenSSH\;C:\Program Files (x86)\NVIDIA Corporation\PhysX\Common;C:\Program Files\NVIDIA Corporation\NVIDIA NvDLISR;C:\WINDOWS\system32;C:\WINDOWS;C:\WINDOWS\System32\Wbem;C:\WINDOWS\System32\WindowsPowerShell\v1.0\;C:\WINDOWS\System32\OpenSSH\;C:\WINDOWS\system32\config\systemprofile\AppData\Local\Microsoft\WindowsApps;C:\Program Files\dotnet\;C:\ProgramData\chocolatey\bin;C:\Program Files\Git\cmd;C:\Users\joshm\AppData\Local\Microsoft\WindowsApps;C:\Users\joshm\AppData\Local\Programs\Microsoft VS Code\bin;C:\Users\joshm\AppData\Local\Programs\Python\Python311;C:\Users\joshm\AppData\Local\spicetify;C:\Flutter\flutter\bin;
USERNAME=joshm
OS=Windows_NT
PROCESSOR_IDENTIFIER=AMD64 Family 25 Model 68 Stepping 1, AuthenticAMD
TMP=C:\Users\joshm\AppData\Local\Temp
TEMP=C:\Users\joshm\AppData\Local\Temp



Periodic native trim disabled


---------------  S Y S T E M  ---------------

OS:
 Windows 11 , 64 bit Build 22621 (10.0.22621.2506)
OS uptime: 0 days 19:01 hours
Hyper-V role detected

CPU: total 16 (initial active 16) (16 cores per cpu, 2 threads per core) family 25 model 68 stepping 1 microcode 0x0, cx8, cmov, fxsr, ht, mmx, 3dnowpref, sse, sse2, sse3, ssse3, sse4a, sse4.1, sse4.2, popcnt, lzcnt, tsc, tscinvbit, avx, avx2, aes, clmul, bmi1, bmi2, adx, sha, fma, vzeroupper, clflush, clflushopt, hv
Processor Information for processor 0
  Max Mhz: 3201, Current Mhz: 2566, Mhz Limit: 3201
Processor Information for processor 1
  Max Mhz: 3201, Current Mhz: 2566, Mhz Limit: 3201
Processor Information for processor 2
  Max Mhz: 3201, Current Mhz: 2566, Mhz Limit: 3201
Processor Information for processor 3
  Max Mhz: 3201, Current Mhz: 2566, Mhz Limit: 3201
Processor Information for processor 4
  Max Mhz: 3201, Current Mhz: 2566, Mhz Limit: 3201
Processor Information for processor 5
  Max Mhz: 3201, Current Mhz: 2566, Mhz Limit: 3201
Processor Information for processor 6
  Max Mhz: 3201, Current Mhz: 2566, Mhz Limit: 3201
Processor Information for processor 7
  Max Mhz: 3201, Current Mhz: 3201, Mhz Limit: 3201
Processor Information for processor 8
  Max Mhz: 3201, Current Mhz: 2566, Mhz Limit: 3201
Processor Information for processor 9
  Max Mhz: 3201, Current Mhz: 3201, Mhz Limit: 3201
Processor Information for processor 10
  Max Mhz: 3201, Current Mhz: 3201, Mhz Limit: 3201
Processor Information for processor 11
  Max Mhz: 3201, Current Mhz: 2566, Mhz Limit: 3201
Processor Information for processor 12
  Max Mhz: 3201, Current Mhz: 2566, Mhz Limit: 3201
Processor Information for processor 13
  Max Mhz: 3201, Current Mhz: 2566, Mhz Limit: 3201
Processor Information for processor 14
  Max Mhz: 3201, Current Mhz: 2566, Mhz Limit: 3201
Processor Information for processor 15
  Max Mhz: 3201, Current Mhz: 2566, Mhz Limit: 3201

Memory: 4k page, system-wide physical 15613M (3550M free)
TotalPageFile size 37089M (AvailPageFile size 3M)
current process WorkingSet (physical memory assigned to process): 126M, peak: 126M
current process commit charge ("private bytes"): 245M, peak: 245M

vm_info: OpenJDK 64-Bit Server VM (17.0.9+9) for windows-amd64 JRE (17.0.9+9), built on Oct 26 2023 14:01:42 by "admin" with MS VC++ 16.10 / 16.11 (VS2019)

END.
