#
# There is insufficient memory for the Java Runtime Environment to continue.
# Native memory allocation (malloc) failed to allocate 2607536 bytes for Chunk::new
# Possible reasons:
#   The system is out of physical RAM or swap space
#   The process is running with CompressedOops enabled, and the Java Heap may be blocking the growth of the native heap
# Possible solutions:
#   Reduce memory load on the system
#   Increase physical memory or swap space
#   Check if swap backing store is full
#   Decrease Java heap size (-Xmx/-Xms)
#   Decrease number of Java threads
#   Decrease Java thread stack sizes (-Xss)
#   Set larger code cache with -XX:ReservedCodeCacheSize=
#   JVM is running with Unscaled Compressed Oops mode in which the Java heap is
#     placed in the first 4GB address space. The Java Heap base address is the
#     maximum limit for the native heap growth. Please use -XX:HeapBaseMinAddress
#     to set the Java Heap base and to place the Java Heap above 4GB virtual address.
# This output file may be truncated or incomplete.
#
#  Out of Memory Error (arena.cpp:191), pid=21880, tid=4068
#
# JRE version: OpenJDK Runtime Environment Temurin-17.0.9+9 (17.0.9+9) (build 17.0.9+9)
# Java VM: OpenJDK 64-Bit Server VM Temurin-17.0.9+9 (17.0.9+9, mixed mode, tiered, compressed oops, compressed class ptrs, parallel gc, windows-amd64)
# No core dump will be written. Minidumps are not enabled by default on client versions of Windows
#

---------------  S U M M A R Y ------------

Command Line: --add-modules=ALL-SYSTEM --add-opens=java.base/java.util=ALL-UNNAMED --add-opens=java.base/java.lang=ALL-UNNAMED --add-opens=java.base/sun.nio.fs=ALL-UNNAMED -Declipse.application=org.eclipse.jdt.ls.core.id1 -Dosgi.bundles.defaultStartLevel=4 -Declipse.product=org.eclipse.jdt.ls.core.product -Djava.import.generatesMetadataFilesAtProjectRoot=false -DDetectVMInstallationsJob.disabled=true -Dfile.encoding=utf8 -XX:+UseParallelGC -XX:GCTimeRatio=4 -XX:AdaptiveSizePolicyWeight=90 -Dsun.zip.disableMemoryMapping=true -Xmx1G -Xms100m -Xlog:disable -javaagent:c:\Users\joshm\.vscode\extensions\redhat.java-1.26.0-win32-x64\lombok\lombok-1.18.31-3454.jar -XX:+HeapDumpOnOutOfMemoryError -XX:HeapDumpPath=c:\Users\joshm\AppData\Roaming\Code\User\workspaceStorage\b0d151ee9e6ba5e463fc4d2f3f896610\redhat.java -Daether.dependencyCollector.impl=bf c:\Users\joshm\.vscode\extensions\redhat.java-1.26.0-win32-x64\server\plugins\org.eclipse.equinox.launcher_1.6.700.v20231214-2017.jar -configuration c:\Users\joshm\AppData\Roaming\Code\User\globalStorage\redhat.java\1.26.0\config_win -data c:\Users\joshm\AppData\Roaming\Code\User\workspaceStorage\b0d151ee9e6ba5e463fc4d2f3f896610\redhat.java\jdt_ws --stdio

Host: AMD Ryzen 7 6800H with Radeon Graphics         , 16 cores, 15G,  Windows 11 , 64 bit Build 22621 (10.0.22621.2506)
Time: Thu Jan 18 10:50:53 2024 Eastern Standard Time elapsed time: 3.493744 seconds (0d 0h 0m 3s)

---------------  T H R E A D  ---------------

Current thread (0x000001f0c21d1490):  JavaThread "C2 CompilerThread2" daemon [_thread_in_native, id=4068, stack(0x0000009e60800000,0x0000009e60900000)]


Current CompileTask:
C2:   3493 4268   !   4       org.eclipse.osgi.internal.loader.classpath.ClasspathManager::findLocalClass (210 bytes)

Stack: [0x0000009e60800000,0x0000009e60900000]
Native frames: (J=compiled Java code, j=interpreted, Vv=VM code, C=native code)
V  [jvm.dll+0x67cf49]
V  [jvm.dll+0x83478a]
V  [jvm.dll+0x83624e]
V  [jvm.dll+0x8368b3]
V  [jvm.dll+0x247f1f]
V  [jvm.dll+0xac43c]
V  [jvm.dll+0xaca8c]
V  [jvm.dll+0x367012]
V  [jvm.dll+0x1bd722]
V  [jvm.dll+0x21a709]
V  [jvm.dll+0x2199d1]
V  [jvm.dll+0x1a57cd]
V  [jvm.dll+0x2297ae]
V  [jvm.dll+0x22797c]
V  [jvm.dll+0x7e9877]
V  [jvm.dll+0x7e3c3a]
V  [jvm.dll+0x67be35]
C  [ucrtbase.dll+0x29363]
C  [KERNEL32.DLL+0x1257d]
C  [ntdll.dll+0x5aa58]


---------------  P R O C E S S  ---------------

Threads class SMR info:
_java_thread_list=0x000001f0c69438b0, length=37, elements={
0x000001f0a8ff2530, 0x000001f0bce75020, 0x000001f0bce76900, 0x000001f0c1ff9f20,
0x000001f0c1ffa7f0, 0x000001f0c1ffbb00, 0x000001f0c1ffce10, 0x000001f0c1fff370,
0x000001f0c2006180, 0x000001f0c2007230, 0x000001f0bcd5c170, 0x000001f0c217e120,
0x000001f0c21ce7c0, 0x000001f0c21d1490, 0x000001f0c22e44b0, 0x000001f0c22e3f60,
0x000001f0c4136260, 0x000001f0c4804e10, 0x000001f0c4b68030, 0x000001f0c4e7e5a0,
0x000001f0c5283890, 0x000001f0c47c8a40, 0x000001f0c542f1d0, 0x000001f0c4fe5320,
0x000001f0c4fe2080, 0x000001f0c4fe4900, 0x000001f0c4fe39d0, 0x000001f0c22e2a20,
0x000001f0c4fe3ee0, 0x000001f0c4fe4e10, 0x000001f0c4fe2590, 0x000001f0c4fe2aa0,
0x000001f0c22e4a00, 0x000001f0c22e24d0, 0x000001f0c22e4f50, 0x000001f0c22e54a0,
0x000001f0c4fe2fb0
}

Java Threads: ( => current thread )
  0x000001f0a8ff2530 JavaThread "main" [_thread_blocked, id=4356, stack(0x0000009e5f900000,0x0000009e5fa00000)]
  0x000001f0bce75020 JavaThread "Reference Handler" daemon [_thread_blocked, id=5184, stack(0x0000009e5fc00000,0x0000009e5fd00000)]
  0x000001f0bce76900 JavaThread "Finalizer" daemon [_thread_blocked, id=21948, stack(0x0000009e5fd00000,0x0000009e5fe00000)]
  0x000001f0c1ff9f20 JavaThread "Signal Dispatcher" daemon [_thread_blocked, id=15200, stack(0x0000009e5fe00000,0x0000009e5ff00000)]
  0x000001f0c1ffa7f0 JavaThread "Attach Listener" daemon [_thread_blocked, id=25864, stack(0x0000009e5ff00000,0x0000009e60000000)]
  0x000001f0c1ffbb00 JavaThread "Service Thread" daemon [_thread_blocked, id=8112, stack(0x0000009e60000000,0x0000009e60100000)]
  0x000001f0c1ffce10 JavaThread "Monitor Deflation Thread" daemon [_thread_blocked, id=23192, stack(0x0000009e60100000,0x0000009e60200000)]
  0x000001f0c1fff370 JavaThread "C2 CompilerThread0" daemon [_thread_blocked, id=16452, stack(0x0000009e60200000,0x0000009e60300000)]
  0x000001f0c2006180 JavaThread "C1 CompilerThread0" daemon [_thread_blocked, id=25104, stack(0x0000009e60300000,0x0000009e60400000)]
  0x000001f0c2007230 JavaThread "Sweeper thread" daemon [_thread_blocked, id=19140, stack(0x0000009e60400000,0x0000009e60500000)]
  0x000001f0bcd5c170 JavaThread "Common-Cleaner" daemon [_thread_blocked, id=25652, stack(0x0000009e60500000,0x0000009e60600000)]
  0x000001f0c217e120 JavaThread "C1 CompilerThread1" daemon [_thread_blocked, id=26416, stack(0x0000009e60600000,0x0000009e60700000)]
  0x000001f0c21ce7c0 JavaThread "C2 CompilerThread1" daemon [_thread_blocked, id=22492, stack(0x0000009e60700000,0x0000009e60800000)]
=>0x000001f0c21d1490 JavaThread "C2 CompilerThread2" daemon [_thread_in_native, id=4068, stack(0x0000009e60800000,0x0000009e60900000)]
  0x000001f0c22e44b0 JavaThread "C1 CompilerThread2" daemon [_thread_blocked, id=19292, stack(0x0000009e60900000,0x0000009e60a00000)]
  0x000001f0c22e3f60 JavaThread "C1 CompilerThread3" daemon [_thread_blocked, id=2032, stack(0x0000009e60a00000,0x0000009e60b00000)]
  0x000001f0c4136260 JavaThread "Notification Thread" daemon [_thread_blocked, id=23108, stack(0x0000009e60b00000,0x0000009e60c00000)]
  0x000001f0c4804e10 JavaThread "Active Thread: Equinox Container: 6607944d-65b3-4325-8ae3-c77f1e4f5875" [_thread_blocked, id=7888, stack(0x0000009e61300000,0x0000009e61400000)]
  0x000001f0c4b68030 JavaThread "Framework Event Dispatcher: Equinox Container: 6607944d-65b3-4325-8ae3-c77f1e4f5875" daemon [_thread_blocked, id=27492, stack(0x0000009e61400000,0x0000009e61500000)]
  0x000001f0c4e7e5a0 JavaThread "Start Level: Equinox Container: 6607944d-65b3-4325-8ae3-c77f1e4f5875" daemon [_thread_blocked, id=11680, stack(0x0000009e61500000,0x0000009e61600000)]
  0x000001f0c5283890 JavaThread "Bundle File Closer" daemon [_thread_blocked, id=25176, stack(0x0000009e61800000,0x0000009e61900000)]
  0x000001f0c47c8a40 JavaThread "SCR Component Actor" daemon [_thread_blocked, id=19232, stack(0x0000009e61b00000,0x0000009e61c00000)]
  0x000001f0c542f1d0 JavaThread "SCR Component Registry" daemon [_thread_blocked, id=13400, stack(0x0000009e61c00000,0x0000009e61d00000)]
  0x000001f0c4fe5320 JavaThread "Worker-JM" [_thread_blocked, id=19760, stack(0x0000009e60d00000,0x0000009e60e00000)]
  0x000001f0c4fe2080 JavaThread "Worker-0: Repository registry initialization" [_thread_blocked, id=10988, stack(0x0000009e61f00000,0x0000009e62000000)]
  0x000001f0c4fe4900 JavaThread "Worker-1: Updating Maven Dependencies" [_thread_in_vm, id=15896, stack(0x0000009e62000000,0x0000009e62100000)]
  0x000001f0c4fe39d0 JavaThread "Java indexing" daemon [_thread_blocked, id=25400, stack(0x0000009e62200000,0x0000009e62300000)]
  0x000001f0c22e2a20 JavaThread "C2 CompilerThread3" daemon [_thread_blocked, id=10116, stack(0x0000009e62300000,0x0000009e62400000)]
  0x000001f0c4fe3ee0 JavaThread "JNA Cleaner" daemon [_thread_blocked, id=2456, stack(0x0000009e62400000,0x0000009e62500000)]
  0x000001f0c4fe4e10 JavaThread "pool-2-thread-1" [_thread_blocked, id=15432, stack(0x0000009e62500000,0x0000009e62600000)]
  0x000001f0c4fe2590 JavaThread "WorkspaceEventsHandler" [_thread_blocked, id=23912, stack(0x0000009e62600000,0x0000009e62700000)]
  0x000001f0c4fe2aa0 JavaThread "pool-1-thread-1" [_thread_blocked, id=3880, stack(0x0000009e62700000,0x0000009e62800000)]
  0x000001f0c22e4a00 JavaThread "C2 CompilerThread4" daemon [_thread_blocked, id=17316, stack(0x0000009e62800000,0x0000009e62900000)]
  0x000001f0c22e24d0 JavaThread "C2 CompilerThread5" daemon [_thread_in_native, id=23928, stack(0x0000009e62900000,0x0000009e62a00000)]
  0x000001f0c22e4f50 JavaThread "C2 CompilerThread6" daemon [_thread_blocked, id=19236, stack(0x0000009e62a00000,0x0000009e62b00000)]
  0x000001f0c22e54a0 JavaThread "C2 CompilerThread7" daemon [_thread_in_native, id=2704, stack(0x0000009e62b00000,0x0000009e62c00000)]
  0x000001f0c4fe2fb0 JavaThread "Worker-2" [_thread_blocked, id=4900, stack(0x0000009e62c00000,0x0000009e62d00000)]

Other Threads:
  0x000001f0a909eb90 VMThread "VM Thread" [stack: 0x0000009e5fb00000,0x0000009e5fc00000] [id=5576]
  0x000001f0c41accc0 WatcherThread [stack: 0x0000009e60c00000,0x0000009e60d00000] [id=20572]
  0x000001f0a90097c0 GCTaskThread "GC Thread#0" [stack: 0x0000009e5fa00000,0x0000009e5fb00000] [id=6384]
  0x000001f0c4896ba0 GCTaskThread "GC Thread#1" [stack: 0x0000009e60e00000,0x0000009e60f00000] [id=25164]
  0x000001f0c448a440 GCTaskThread "GC Thread#2" [stack: 0x0000009e60f00000,0x0000009e61000000] [id=13388]
  0x000001f0c448a700 GCTaskThread "GC Thread#3" [stack: 0x0000009e61000000,0x0000009e61100000] [id=7184]
  0x000001f0c447d410 GCTaskThread "GC Thread#4" [stack: 0x0000009e61100000,0x0000009e61200000] [id=22044]
  0x000001f0c447d6d0 GCTaskThread "GC Thread#5" [stack: 0x0000009e61200000,0x0000009e61300000] [id=14616]
  0x000001f0c4a1ec40 GCTaskThread "GC Thread#6" [stack: 0x0000009e61600000,0x0000009e61700000] [id=20676]
  0x000001f0c4a1ef00 GCTaskThread "GC Thread#7" [stack: 0x0000009e61700000,0x0000009e61800000] [id=3724]
  0x000001f0c52a6ee0 GCTaskThread "GC Thread#8" [stack: 0x0000009e61900000,0x0000009e61a00000] [id=25580]
  0x000001f0c52a71a0 GCTaskThread "GC Thread#9" [stack: 0x0000009e61a00000,0x0000009e61b00000] [id=14480]
  0x000001f0c572cd00 GCTaskThread "GC Thread#10" [stack: 0x0000009e61d00000,0x0000009e61e00000] [id=18868]
  0x000001f0c55fe460 GCTaskThread "GC Thread#11" [stack: 0x0000009e61e00000,0x0000009e61f00000] [id=24868]
  0x000001f0c54db660 GCTaskThread "GC Thread#12" [stack: 0x0000009e62100000,0x0000009e62200000] [id=1404]

Threads with active compile tasks:
C2 CompilerThread2     3509 4268   !   4       org.eclipse.osgi.internal.loader.classpath.ClasspathManager::findLocalClass (210 bytes)
C2 CompilerThread5     3509 4728       4       java.lang.reflect.Method::getAnnotation (6 bytes)
C2 CompilerThread7     3509 4617   !   4       org.eclipse.osgi.internal.loader.classpath.ClasspathManager::defineClass (636 bytes)

VM state: not at safepoint (normal execution)

VM Mutex/Monitor currently owned by a thread: None

Heap address: 0x00000000c0000000, size: 1024 MB, Compressed Oops mode: 32-bit

CDS archive(s) not mapped
Compressed class space mapped at: 0x0000000100000000-0x0000000140000000, reserved size: 1073741824
Narrow klass base: 0x0000000000000000, Narrow klass shift: 3, Narrow klass range: 0x140000000

GC Precious Log:
 CPUs: 16 total, 16 available
 Memory: 15613M
 Large Page Support: Disabled
 NUMA Support: Disabled
 Compressed Oops: Enabled (32-bit)
 Alignments: Space 512K, Generation 512K, Heap 2M
 Heap Min Capacity: 100M
 Heap Initial Capacity: 100M
 Heap Max Capacity: 1G
 Pre-touch: Disabled
 Parallel Workers: 13

Heap:
 PSYoungGen      total 23552K, used 10947K [0x00000000eab00000, 0x00000000ec500000, 0x0000000100000000)
  eden space 22016K, 46% used [0x00000000eab00000,0x00000000eb500fb8,0x00000000ec080000)
  from space 1536K, 45% used [0x00000000ec280000,0x00000000ec330000,0x00000000ec400000)
  to   space 1024K, 0% used [0x00000000ec400000,0x00000000ec400000,0x00000000ec500000)
 ParOldGen       total 68608K, used 15209K [0x00000000c0000000, 0x00000000c4300000, 0x00000000eab00000)
  object space 68608K, 22% used [0x00000000c0000000,0x00000000c0eda548,0x00000000c4300000)
 Metaspace       used 43839K, committed 44672K, reserved 1114112K
  class space    used 4628K, committed 4992K, reserved 1048576K

Card table byte_map: [0x000001f0a8980000,0x000001f0a8b90000] _byte_map_base: 0x000001f0a8380000

Marking Bits: (ParMarkBitMap*) 0x00007ffee10ed0b0
 Begin Bits: [0x000001f0bac80000, 0x000001f0bbc80000)
 End Bits:   [0x000001f0bbc80000, 0x000001f0bcc80000)

Polling page: 0x000001f0a6f00000

Metaspace:

Usage:
  Non-class:     38.29 MB used.
      Class:      4.52 MB used.
       Both:     42.81 MB used.

Virtual space:
  Non-class space:       64.00 MB reserved,      38.75 MB ( 61%) committed,  1 nodes.
      Class space:        1.00 GB reserved,       4.88 MB ( <1%) committed,  1 nodes.
             Both:        1.06 GB reserved,      43.62 MB (  4%) committed. 

Chunk freelists:
   Non-Class:  8.47 MB
       Class:  11.00 MB
        Both:  19.47 MB

MaxMetaspaceSize: unlimited
CompressedClassSpaceSize: 1.00 GB
Initial GC threshold: 21.00 MB
Current GC threshold: 58.38 MB
CDS: off
MetaspaceReclaimPolicy: balanced
 - commit_granule_bytes: 65536.
 - commit_granule_words: 8192.
 - virtual_space_node_default_size: 8388608.
 - enlarge_chunks_in_place: 1.
 - new_chunks_are_fully_committed: 0.
 - uncommit_free_chunks: 1.
 - use_allocation_guard: 0.
 - handle_deallocations: 1.


Internal statistics:

num_allocs_failed_limit: 6.
num_arena_births: 440.
num_arena_deaths: 28.
num_vsnodes_births: 2.
num_vsnodes_deaths: 0.
num_space_committed: 698.
num_space_uncommitted: 0.
num_chunks_returned_to_freelist: 41.
num_chunks_taken_from_freelist: 1930.
num_chunk_merges: 17.
num_chunk_splits: 1249.
num_chunks_enlarged: 838.
num_inconsistent_stats: 0.

CodeHeap 'non-profiled nmethods': size=119168Kb used=2379Kb max_used=2379Kb free=116788Kb
 bounds [0x000001f0b3820000, 0x000001f0b3a90000, 0x000001f0bac80000]
CodeHeap 'profiled nmethods': size=119104Kb used=10353Kb max_used=10353Kb free=108750Kb
 bounds [0x000001f0abc80000, 0x000001f0ac6a0000, 0x000001f0b30d0000]
CodeHeap 'non-nmethods': size=7488Kb used=2964Kb max_used=3060Kb free=4523Kb
 bounds [0x000001f0b30d0000, 0x000001f0b33e0000, 0x000001f0b3820000]
 total_blobs=5345 nmethods=4744 adapters=511
 compilation: enabled
              stopped_count=0, restarted_count=0
 full_count=0

Compilation events (20 events):
Event: 3.439 Thread 0x000001f0c2006180 nmethod 4724 0x000001f0ac693710 code [0x000001f0ac6938e0, 0x000001f0ac693c48]
Event: 3.450 Thread 0x000001f0c217e120 4725       3       com.google.common.collect.ComparatorOrdering::compare (12 bytes)
Event: 3.450 Thread 0x000001f0c217e120 nmethod 4725 0x000001f0ac693e10 code [0x000001f0ac693fc0, 0x000001f0ac694188]
Event: 3.461 Thread 0x000001f0c2006180 4726       1       java.util.stream.ForEachOps$ForEachOp::get (2 bytes)
Event: 3.461 Thread 0x000001f0c22e44b0 4727       3       java.lang.reflect.Executable::getAllGenericParameterTypes (134 bytes)
Event: 3.461 Thread 0x000001f0c2006180 nmethod 4726 0x000001f0b3a70f90 code [0x000001f0b3a71120, 0x000001f0b3a711f8]
Event: 3.461 Thread 0x000001f0c22e24d0 4728       4       java.lang.reflect.Method::getAnnotation (6 bytes)
Event: 3.462 Thread 0x000001f0c22e44b0 nmethod 4727 0x000001f0ac694290 code [0x000001f0ac694540, 0x000001f0ac695628]
Event: 3.463 Thread 0x000001f0c2006180 4729       3       com.google.inject.internal.ProviderInstanceBindingImpl::<init> (23 bytes)
Event: 3.463 Thread 0x000001f0c2006180 nmethod 4729 0x000001f0ac695b90 code [0x000001f0ac695d40, 0x000001f0ac695fe8]
Event: 3.463 Thread 0x000001f0c22e2a20 4730       4       java.lang.String::checkIndex (48 bytes)
Event: 3.463 Thread 0x000001f0c22e2a20 nmethod 4730 0x000001f0b3a71290 code [0x000001f0b3a71400, 0x000001f0b3a71498]
Event: 3.464 Thread 0x000001f0c217e120 4731       1       com.google.inject.internal.KotlinSupport$KotlinUnsupported::isNullable (2 bytes)
Event: 3.464 Thread 0x000001f0c217e120 nmethod 4731 0x000001f0b3a71590 code [0x000001f0b3a71720, 0x000001f0b3a717f8]
Event: 3.467 Thread 0x000001f0c22e2a20 4732       4       jdk.internal.ref.CleanerImpl$PhantomCleanableRef::performCleanup (10 bytes)
Event: 3.467 Thread 0x000001f0c22e2a20 nmethod 4732 0x000001f0b3a71890 code [0x000001f0b3a71a00, 0x000001f0b3a71a98]
Event: 3.479 Thread 0x000001f0c217e120 4734       3       com.google.inject.internal.DeclaredMembers::getDeclaredFields (52 bytes)
Event: 3.481 Thread 0x000001f0c217e120 nmethod 4734 0x000001f0ac696110 code [0x000001f0ac6964e0, 0x000001f0ac6980f8]
Event: 3.481 Thread 0x000001f0c2006180 4735       1       com.google.inject.Key::hashCode (5 bytes)
Event: 3.481 Thread 0x000001f0c2006180 nmethod 4735 0x000001f0b3a71f90 code [0x000001f0b3a72120, 0x000001f0b3a721f8]

GC Heap History (20 events):
Event: 1.779 GC heap before
{Heap before GC invocations=6 (full 1):
 PSYoungGen      total 29696K, used 4082K [0x00000000eab00000, 0x00000000ece00000, 0x0000000100000000)
  eden space 25600K, 0% used [0x00000000eab00000,0x00000000eab00000,0x00000000ec400000)
  from space 4096K, 99% used [0x00000000ec400000,0x00000000ec7fcbd8,0x00000000ec800000)
  to   space 5120K, 0% used [0x00000000ec900000,0x00000000ec900000,0x00000000ece00000)
 ParOldGen       total 68608K, used 6450K [0x00000000c0000000, 0x00000000c4300000, 0x00000000eab00000)
  object space 68608K, 9% used [0x00000000c0000000,0x00000000c064c840,0x00000000c4300000)
 Metaspace       used 21097K, committed 21504K, reserved 1114112K
  class space    used 2132K, committed 2304K, reserved 1048576K
}
Event: 1.798 GC heap after
{Heap after GC invocations=6 (full 1):
 PSYoungGen      total 29696K, used 0K [0x00000000eab00000, 0x00000000ece00000, 0x0000000100000000)
  eden space 25600K, 0% used [0x00000000eab00000,0x00000000eab00000,0x00000000ec400000)
  from space 4096K, 0% used [0x00000000ec400000,0x00000000ec400000,0x00000000ec800000)
  to   space 5120K, 0% used [0x00000000ec900000,0x00000000ec900000,0x00000000ece00000)
 ParOldGen       total 68608K, used 10255K [0x00000000c0000000, 0x00000000c4300000, 0x00000000eab00000)
  object space 68608K, 14% used [0x00000000c0000000,0x00000000c0a03dd8,0x00000000c4300000)
 Metaspace       used 21084K, committed 21504K, reserved 1114112K
  class space    used 2128K, committed 2304K, reserved 1048576K
}
Event: 2.027 GC heap before
{Heap before GC invocations=7 (full 1):
 PSYoungGen      total 29696K, used 25600K [0x00000000eab00000, 0x00000000ece00000, 0x0000000100000000)
  eden space 25600K, 100% used [0x00000000eab00000,0x00000000ec400000,0x00000000ec400000)
  from space 4096K, 0% used [0x00000000ec400000,0x00000000ec400000,0x00000000ec800000)
  to   space 5120K, 0% used [0x00000000ec900000,0x00000000ec900000,0x00000000ece00000)
 ParOldGen       total 68608K, used 10255K [0x00000000c0000000, 0x00000000c4300000, 0x00000000eab00000)
  object space 68608K, 14% used [0x00000000c0000000,0x00000000c0a03dd8,0x00000000c4300000)
 Metaspace       used 24401K, committed 25024K, reserved 1114112K
  class space    used 2475K, committed 2752K, reserved 1048576K
}
Event: 2.028 GC heap after
{Heap after GC invocations=7 (full 1):
 PSYoungGen      total 26112K, used 1015K [0x00000000eab00000, 0x00000000eca00000, 0x0000000100000000)
  eden space 25088K, 0% used [0x00000000eab00000,0x00000000eab00000,0x00000000ec380000)
  from space 1024K, 99% used [0x00000000ec900000,0x00000000ec9fdc18,0x00000000eca00000)
  to   space 2560K, 0% used [0x00000000ec500000,0x00000000ec500000,0x00000000ec780000)
 ParOldGen       total 68608K, used 10263K [0x00000000c0000000, 0x00000000c4300000, 0x00000000eab00000)
  object space 68608K, 14% used [0x00000000c0000000,0x00000000c0a05dd8,0x00000000c4300000)
 Metaspace       used 24401K, committed 25024K, reserved 1114112K
  class space    used 2475K, committed 2752K, reserved 1048576K
}
Event: 2.179 GC heap before
{Heap before GC invocations=8 (full 1):
 PSYoungGen      total 26112K, used 26103K [0x00000000eab00000, 0x00000000eca00000, 0x0000000100000000)
  eden space 25088K, 100% used [0x00000000eab00000,0x00000000ec380000,0x00000000ec380000)
  from space 1024K, 99% used [0x00000000ec900000,0x00000000ec9fdc18,0x00000000eca00000)
  to   space 2560K, 0% used [0x00000000ec500000,0x00000000ec500000,0x00000000ec780000)
 ParOldGen       total 68608K, used 10263K [0x00000000c0000000, 0x00000000c4300000, 0x00000000eab00000)
  object space 68608K, 14% used [0x00000000c0000000,0x00000000c0a05dd8,0x00000000c4300000)
 Metaspace       used 27647K, committed 28288K, reserved 1114112K
  class space    used 2811K, committed 3072K, reserved 1048576K
}
Event: 2.180 GC heap after
{Heap after GC invocations=8 (full 1):
 PSYoungGen      total 27136K, used 2542K [0x00000000eab00000, 0x00000000eca00000, 0x0000000100000000)
  eden space 24576K, 0% used [0x00000000eab00000,0x00000000eab00000,0x00000000ec300000)
  from space 2560K, 99% used [0x00000000ec500000,0x00000000ec77b870,0x00000000ec780000)
  to   space 2560K, 0% used [0x00000000ec780000,0x00000000ec780000,0x00000000eca00000)
 ParOldGen       total 68608K, used 10711K [0x00000000c0000000, 0x00000000c4300000, 0x00000000eab00000)
  object space 68608K, 15% used [0x00000000c0000000,0x00000000c0a75de8,0x00000000c4300000)
 Metaspace       used 27647K, committed 28288K, reserved 1114112K
  class space    used 2811K, committed 3072K, reserved 1048576K
}
Event: 2.267 GC heap before
{Heap before GC invocations=9 (full 1):
 PSYoungGen      total 27136K, used 27118K [0x00000000eab00000, 0x00000000eca00000, 0x0000000100000000)
  eden space 24576K, 100% used [0x00000000eab00000,0x00000000ec300000,0x00000000ec300000)
  from space 2560K, 99% used [0x00000000ec500000,0x00000000ec77b870,0x00000000ec780000)
  to   space 2560K, 0% used [0x00000000ec780000,0x00000000ec780000,0x00000000eca00000)
 ParOldGen       total 68608K, used 10711K [0x00000000c0000000, 0x00000000c4300000, 0x00000000eab00000)
  object space 68608K, 15% used [0x00000000c0000000,0x00000000c0a75de8,0x00000000c4300000)
 Metaspace       used 30194K, committed 30848K, reserved 1114112K
  class space    used 2979K, committed 3264K, reserved 1048576K
}
Event: 2.268 GC heap after
{Heap after GC invocations=9 (full 1):
 PSYoungGen      total 26624K, used 2541K [0x00000000eab00000, 0x00000000eca00000, 0x0000000100000000)
  eden space 24064K, 0% used [0x00000000eab00000,0x00000000eab00000,0x00000000ec280000)
  from space 2560K, 99% used [0x00000000ec780000,0x00000000ec9fb658,0x00000000eca00000)
  to   space 3072K, 0% used [0x00000000ec400000,0x00000000ec400000,0x00000000ec700000)
 ParOldGen       total 68608K, used 11067K [0x00000000c0000000, 0x00000000c4300000, 0x00000000eab00000)
  object space 68608K, 16% used [0x00000000c0000000,0x00000000c0acef20,0x00000000c4300000)
 Metaspace       used 30194K, committed 30848K, reserved 1114112K
  class space    used 2979K, committed 3264K, reserved 1048576K
}
Event: 2.375 GC heap before
{Heap before GC invocations=10 (full 1):
 PSYoungGen      total 26624K, used 26605K [0x00000000eab00000, 0x00000000eca00000, 0x0000000100000000)
  eden space 24064K, 100% used [0x00000000eab00000,0x00000000ec280000,0x00000000ec280000)
  from space 2560K, 99% used [0x00000000ec780000,0x00000000ec9fb658,0x00000000eca00000)
  to   space 3072K, 0% used [0x00000000ec400000,0x00000000ec400000,0x00000000ec700000)
 ParOldGen       total 68608K, used 11067K [0x00000000c0000000, 0x00000000c4300000, 0x00000000eab00000)
  object space 68608K, 16% used [0x00000000c0000000,0x00000000c0acef20,0x00000000c4300000)
 Metaspace       used 32592K, committed 33216K, reserved 1114112K
  class space    used 3172K, committed 3456K, reserved 1048576K
}
Event: 2.377 GC heap after
{Heap after GC invocations=10 (full 1):
 PSYoungGen      total 26112K, used 2456K [0x00000000eab00000, 0x00000000ec800000, 0x0000000100000000)
  eden space 23552K, 0% used [0x00000000eab00000,0x00000000eab00000,0x00000000ec200000)
  from space 2560K, 95% used [0x00000000ec400000,0x00000000ec666190,0x00000000ec680000)
  to   space 1536K, 0% used [0x00000000ec680000,0x00000000ec680000,0x00000000ec800000)
 ParOldGen       total 68608K, used 11587K [0x00000000c0000000, 0x00000000c4300000, 0x00000000eab00000)
  object space 68608K, 16% used [0x00000000c0000000,0x00000000c0b50f88,0x00000000c4300000)
 Metaspace       used 32592K, committed 33216K, reserved 1114112K
  class space    used 3172K, committed 3456K, reserved 1048576K
}
Event: 2.598 GC heap before
{Heap before GC invocations=11 (full 1):
 PSYoungGen      total 26112K, used 17142K [0x00000000eab00000, 0x00000000ec800000, 0x0000000100000000)
  eden space 23552K, 62% used [0x00000000eab00000,0x00000000eb957910,0x00000000ec200000)
  from space 2560K, 95% used [0x00000000ec400000,0x00000000ec666190,0x00000000ec680000)
  to   space 1536K, 0% used [0x00000000ec680000,0x00000000ec680000,0x00000000ec800000)
 ParOldGen       total 68608K, used 11587K [0x00000000c0000000, 0x00000000c4300000, 0x00000000eab00000)
  object space 68608K, 16% used [0x00000000c0000000,0x00000000c0b50f88,0x00000000c4300000)
 Metaspace       used 35164K, committed 35840K, reserved 1114112K
  class space    used 3467K, committed 3776K, reserved 1048576K
}
Event: 2.601 GC heap after
{Heap after GC invocations=11 (full 1):
 PSYoungGen      total 25088K, used 1522K [0x00000000eab00000, 0x00000000eca00000, 0x0000000100000000)
  eden space 23552K, 0% used [0x00000000eab00000,0x00000000eab00000,0x00000000ec200000)
  from space 1536K, 99% used [0x00000000ec680000,0x00000000ec7fc810,0x00000000ec800000)
  to   space 4096K, 0% used [0x00000000ec200000,0x00000000ec200000,0x00000000ec600000)
 ParOldGen       total 68608K, used 13512K [0x00000000c0000000, 0x00000000c4300000, 0x00000000eab00000)
  object space 68608K, 19% used [0x00000000c0000000,0x00000000c0d320c8,0x00000000c4300000)
 Metaspace       used 35164K, committed 35840K, reserved 1114112K
  class space    used 3467K, committed 3776K, reserved 1048576K
}
Event: 2.601 GC heap before
{Heap before GC invocations=12 (full 2):
 PSYoungGen      total 25088K, used 1522K [0x00000000eab00000, 0x00000000eca00000, 0x0000000100000000)
  eden space 23552K, 0% used [0x00000000eab00000,0x00000000eab00000,0x00000000ec200000)
  from space 1536K, 99% used [0x00000000ec680000,0x00000000ec7fc810,0x00000000ec800000)
  to   space 4096K, 0% used [0x00000000ec200000,0x00000000ec200000,0x00000000ec600000)
 ParOldGen       total 68608K, used 13512K [0x00000000c0000000, 0x00000000c4300000, 0x00000000eab00000)
  object space 68608K, 19% used [0x00000000c0000000,0x00000000c0d320c8,0x00000000c4300000)
 Metaspace       used 35164K, committed 35840K, reserved 1114112K
  class space    used 3467K, committed 3776K, reserved 1048576K
}
Event: 2.620 GC heap after
{Heap after GC invocations=12 (full 2):
 PSYoungGen      total 25088K, used 0K [0x00000000eab00000, 0x00000000eca00000, 0x0000000100000000)
  eden space 23552K, 0% used [0x00000000eab00000,0x00000000eab00000,0x00000000ec200000)
  from space 1536K, 0% used [0x00000000ec680000,0x00000000ec680000,0x00000000ec800000)
  to   space 4096K, 0% used [0x00000000ec200000,0x00000000ec200000,0x00000000ec600000)
 ParOldGen       total 68608K, used 13401K [0x00000000c0000000, 0x00000000c4300000, 0x00000000eab00000)
  object space 68608K, 19% used [0x00000000c0000000,0x00000000c0d16538,0x00000000c4300000)
 Metaspace       used 35151K, committed 35840K, reserved 1114112K
  class space    used 3463K, committed 3776K, reserved 1048576K
}
Event: 2.862 GC heap before
{Heap before GC invocations=13 (full 2):
 PSYoungGen      total 25088K, used 23552K [0x00000000eab00000, 0x00000000eca00000, 0x0000000100000000)
  eden space 23552K, 100% used [0x00000000eab00000,0x00000000ec200000,0x00000000ec200000)
  from space 1536K, 0% used [0x00000000ec680000,0x00000000ec680000,0x00000000ec800000)
  to   space 4096K, 0% used [0x00000000ec200000,0x00000000ec200000,0x00000000ec600000)
 ParOldGen       total 68608K, used 13401K [0x00000000c0000000, 0x00000000c4300000, 0x00000000eab00000)
  object space 68608K, 19% used [0x00000000c0000000,0x00000000c0d16538,0x00000000c4300000)
 Metaspace       used 38226K, committed 39040K, reserved 1114112K
  class space    used 3871K, committed 4224K, reserved 1048576K
}
Event: 2.864 GC heap after
{Heap after GC invocations=13 (full 2):
 PSYoungGen      total 24576K, used 1278K [0x00000000eab00000, 0x00000000ec700000, 0x0000000100000000)
  eden space 23040K, 0% used [0x00000000eab00000,0x00000000eab00000,0x00000000ec180000)
  from space 1536K, 83% used [0x00000000ec200000,0x00000000ec33f890,0x00000000ec380000)
  to   space 2560K, 0% used [0x00000000ec480000,0x00000000ec480000,0x00000000ec700000)
 ParOldGen       total 68608K, used 13409K [0x00000000c0000000, 0x00000000c4300000, 0x00000000eab00000)
  object space 68608K, 19% used [0x00000000c0000000,0x00000000c0d18538,0x00000000c4300000)
 Metaspace       used 38226K, committed 39040K, reserved 1114112K
  class space    used 3871K, committed 4224K, reserved 1048576K
}
Event: 3.159 GC heap before
{Heap before GC invocations=14 (full 2):
 PSYoungGen      total 24576K, used 24318K [0x00000000eab00000, 0x00000000ec700000, 0x0000000100000000)
  eden space 23040K, 99% used [0x00000000eab00000,0x00000000ec17fff8,0x00000000ec180000)
  from space 1536K, 83% used [0x00000000ec200000,0x00000000ec33f890,0x00000000ec380000)
  to   space 2560K, 0% used [0x00000000ec480000,0x00000000ec480000,0x00000000ec700000)
 ParOldGen       total 68608K, used 13409K [0x00000000c0000000, 0x00000000c4300000, 0x00000000eab00000)
  object space 68608K, 19% used [0x00000000c0000000,0x00000000c0d18538,0x00000000c4300000)
 Metaspace       used 41128K, committed 41920K, reserved 1114112K
  class space    used 4254K, committed 4608K, reserved 1048576K
}
Event: 3.163 GC heap after
{Heap after GC invocations=14 (full 2):
 PSYoungGen      total 23552K, used 912K [0x00000000eab00000, 0x00000000ec580000, 0x0000000100000000)
  eden space 22528K, 0% used [0x00000000eab00000,0x00000000eab00000,0x00000000ec100000)
  from space 1024K, 89% used [0x00000000ec480000,0x00000000ec564010,0x00000000ec580000)
  to   space 1536K, 0% used [0x00000000ec280000,0x00000000ec280000,0x00000000ec400000)
 ParOldGen       total 68608K, used 14553K [0x00000000c0000000, 0x00000000c4300000, 0x00000000eab00000)
  object space 68608K, 21% used [0x00000000c0000000,0x00000000c0e36548,0x00000000c4300000)
 Metaspace       used 41128K, committed 41920K, reserved 1114112K
  class space    used 4254K, committed 4608K, reserved 1048576K
}
Event: 3.393 GC heap before
{Heap before GC invocations=15 (full 2):
 PSYoungGen      total 23552K, used 23440K [0x00000000eab00000, 0x00000000ec580000, 0x0000000100000000)
  eden space 22528K, 100% used [0x00000000eab00000,0x00000000ec100000,0x00000000ec100000)
  from space 1024K, 89% used [0x00000000ec480000,0x00000000ec564010,0x00000000ec580000)
  to   space 1536K, 0% used [0x00000000ec280000,0x00000000ec280000,0x00000000ec400000)
 ParOldGen       total 68608K, used 14553K [0x00000000c0000000, 0x00000000c4300000, 0x00000000eab00000)
  object space 68608K, 21% used [0x00000000c0000000,0x00000000c0e36548,0x00000000c4300000)
 Metaspace       used 42679K, committed 43584K, reserved 1114112K
  class space    used 4468K, committed 4864K, reserved 1048576K
}
Event: 3.395 GC heap after
{Heap after GC invocations=15 (full 2):
 PSYoungGen      total 23552K, used 704K [0x00000000eab00000, 0x00000000ec500000, 0x0000000100000000)
  eden space 22016K, 0% used [0x00000000eab00000,0x00000000eab00000,0x00000000ec080000)
  from space 1536K, 45% used [0x00000000ec280000,0x00000000ec330000,0x00000000ec400000)
  to   space 1024K, 0% used [0x00000000ec400000,0x00000000ec400000,0x00000000ec500000)
 ParOldGen       total 68608K, used 15209K [0x00000000c0000000, 0x00000000c4300000, 0x00000000eab00000)
  object space 68608K, 22% used [0x00000000c0000000,0x00000000c0eda548,0x00000000c4300000)
 Metaspace       used 42679K, committed 43584K, reserved 1114112K
  class space    used 4468K, committed 4864K, reserved 1048576K
}

Dll operation events (10 events):
Event: 0.005 Loaded shared library c:\Users\joshm\.vscode\extensions\redhat.java-1.26.0-win32-x64\jre\17.0.9-win32-x86_64\bin\java.dll
Event: 0.080 Loaded shared library c:\Users\joshm\.vscode\extensions\redhat.java-1.26.0-win32-x64\jre\17.0.9-win32-x86_64\bin\zip.dll
Event: 0.082 Loaded shared library C:\Users\joshm\.vscode\extensions\redhat.java-1.26.0-win32-x64\jre\17.0.9-win32-x86_64\bin\instrument.dll
Event: 0.089 Loaded shared library C:\Users\joshm\.vscode\extensions\redhat.java-1.26.0-win32-x64\jre\17.0.9-win32-x86_64\bin\net.dll
Event: 0.090 Loaded shared library C:\Users\joshm\.vscode\extensions\redhat.java-1.26.0-win32-x64\jre\17.0.9-win32-x86_64\bin\nio.dll
Event: 0.094 Loaded shared library C:\Users\joshm\.vscode\extensions\redhat.java-1.26.0-win32-x64\jre\17.0.9-win32-x86_64\bin\zip.dll
Event: 0.103 Loaded shared library C:\Users\joshm\.vscode\extensions\redhat.java-1.26.0-win32-x64\jre\17.0.9-win32-x86_64\bin\jimage.dll
Event: 0.142 Loaded shared library c:\Users\joshm\.vscode\extensions\redhat.java-1.26.0-win32-x64\jre\17.0.9-win32-x86_64\bin\verify.dll
Event: 0.838 Loaded shared library C:\Users\joshm\AppData\Roaming\Code\User\globalStorage\redhat.java\1.26.0\config_win\org.eclipse.equinox.launcher\org.eclipse.equinox.launcher.win32.win32.x86_64_1.2.800.v20231003-1442\eclipse_11802.dll
Event: 2.569 Loaded shared library C:\Users\joshm\AppData\Local\Temp\jna-101313875\jna2226859355326795226.dll

Deoptimization events (20 events):
Event: 3.383 Thread 0x000001f0c4fe4900 Uncommon trap: trap_request=0xffffffde fr.pc=0x000001f0b3a47514 relative=0x0000000000000494
Event: 3.383 Thread 0x000001f0c4fe4900 Uncommon trap: reason=class_check action=maybe_recompile pc=0x000001f0b3a47514 method=java.lang.reflect.Executable.declaredAnnotations()Ljava/util/Map; @ 23 c2
Event: 3.383 Thread 0x000001f0c4fe4900 DEOPT PACKING pc=0x000001f0b3a47514 sp=0x0000009e620fdb50
Event: 3.383 Thread 0x000001f0c4fe4900 DEOPT UNPACKING pc=0x000001f0b31266a3 sp=0x0000009e620fdb18 mode 2
Event: 3.383 Thread 0x000001f0c4fe4900 Uncommon trap: trap_request=0xffffffde fr.pc=0x000001f0b3a47514 relative=0x0000000000000494
Event: 3.383 Thread 0x000001f0c4fe4900 Uncommon trap: reason=class_check action=maybe_recompile pc=0x000001f0b3a47514 method=java.lang.reflect.Executable.declaredAnnotations()Ljava/util/Map; @ 23 c2
Event: 3.383 Thread 0x000001f0c4fe4900 DEOPT PACKING pc=0x000001f0b3a47514 sp=0x0000009e620fdab0
Event: 3.383 Thread 0x000001f0c4fe4900 DEOPT UNPACKING pc=0x000001f0b31266a3 sp=0x0000009e620fda80 mode 2
Event: 3.383 Thread 0x000001f0c4fe4900 Uncommon trap: trap_request=0xffffffde fr.pc=0x000001f0b3a47514 relative=0x0000000000000494
Event: 3.383 Thread 0x000001f0c4fe4900 Uncommon trap: reason=class_check action=maybe_recompile pc=0x000001f0b3a47514 method=java.lang.reflect.Executable.declaredAnnotations()Ljava/util/Map; @ 23 c2
Event: 3.383 Thread 0x000001f0c4fe4900 DEOPT PACKING pc=0x000001f0b3a47514 sp=0x0000009e620fdb50
Event: 3.383 Thread 0x000001f0c4fe4900 DEOPT UNPACKING pc=0x000001f0b31266a3 sp=0x0000009e620fdb18 mode 2
Event: 3.383 Thread 0x000001f0c4fe4900 Uncommon trap: trap_request=0xffffffde fr.pc=0x000001f0b3a47514 relative=0x0000000000000494
Event: 3.383 Thread 0x000001f0c4fe4900 Uncommon trap: reason=class_check action=maybe_recompile pc=0x000001f0b3a47514 method=java.lang.reflect.Executable.declaredAnnotations()Ljava/util/Map; @ 23 c2
Event: 3.383 Thread 0x000001f0c4fe4900 DEOPT PACKING pc=0x000001f0b3a47514 sp=0x0000009e620fdab0
Event: 3.383 Thread 0x000001f0c4fe4900 DEOPT UNPACKING pc=0x000001f0b31266a3 sp=0x0000009e620fda80 mode 2
Event: 3.443 Thread 0x000001f0c4fe4900 Uncommon trap: trap_request=0xffffffbe fr.pc=0x000001f0b3a6b74c relative=0x0000000000001d4c
Event: 3.443 Thread 0x000001f0c4fe4900 Uncommon trap: reason=profile_predicate action=maybe_recompile pc=0x000001f0b3a6b74c method=org.eclipse.osgi.internal.loader.BundleLoader.searchHooks(Ljava/lang/String;I)Ljava/lang/Object; @ 186 c2
Event: 3.443 Thread 0x000001f0c4fe4900 DEOPT PACKING pc=0x000001f0b3a6b74c sp=0x0000009e620fbe90
Event: 3.443 Thread 0x000001f0c4fe4900 DEOPT UNPACKING pc=0x000001f0b31266a3 sp=0x0000009e620fbe88 mode 2

Classes unloaded (14 events):
Event: 1.781 Thread 0x000001f0a909eb90 Unloading class 0x0000000100248800 'java/lang/invoke/LambdaForm$MH+0x0000000100248800'
Event: 1.781 Thread 0x000001f0a909eb90 Unloading class 0x0000000100248400 'java/lang/invoke/LambdaForm$MH+0x0000000100248400'
Event: 1.781 Thread 0x000001f0a909eb90 Unloading class 0x0000000100248000 'java/lang/invoke/LambdaForm$MH+0x0000000100248000'
Event: 1.781 Thread 0x000001f0a909eb90 Unloading class 0x0000000100243c00 'java/lang/invoke/LambdaForm$MH+0x0000000100243c00'
Event: 1.781 Thread 0x000001f0a909eb90 Unloading class 0x0000000100243800 'java/lang/invoke/LambdaForm$BMH+0x0000000100243800'
Event: 1.781 Thread 0x000001f0a909eb90 Unloading class 0x0000000100243400 'java/lang/invoke/LambdaForm$DMH+0x0000000100243400'
Event: 1.781 Thread 0x000001f0a909eb90 Unloading class 0x0000000100240400 'java/lang/invoke/LambdaForm$DMH+0x0000000100240400'
Event: 2.603 Thread 0x000001f0a909eb90 Unloading class 0x0000000100243c00 'java/lang/invoke/LambdaForm$MH+0x0000000100243c00'
Event: 2.603 Thread 0x000001f0a909eb90 Unloading class 0x0000000100243800 'java/lang/invoke/LambdaForm$MH+0x0000000100243800'
Event: 2.603 Thread 0x000001f0a909eb90 Unloading class 0x0000000100248400 'java/lang/invoke/LambdaForm$MH+0x0000000100248400'
Event: 2.603 Thread 0x000001f0a909eb90 Unloading class 0x0000000100248000 'java/lang/invoke/LambdaForm$MH+0x0000000100248000'
Event: 2.603 Thread 0x000001f0a909eb90 Unloading class 0x0000000100240400 'java/lang/invoke/LambdaForm$BMH+0x0000000100240400'
Event: 2.603 Thread 0x000001f0a909eb90 Unloading class 0x0000000100243400 'java/lang/invoke/LambdaForm$DMH+0x0000000100243400'
Event: 2.603 Thread 0x000001f0a909eb90 Unloading class 0x0000000100248800 'java/lang/invoke/LambdaForm$DMH+0x0000000100248800'

Classes redefined (0 events):
No events

Internal exceptions (20 events):
Event: 2.375 Thread 0x000001f0c4e7e5a0 Exception <a 'java/lang/ClassNotFoundException'{0x00000000ec278108}: com/sun/org/apache/xerces/internal/impl/msg/spi/DOMMessagesProvider> (0x00000000ec278108) 
thrown [s\src\hotspot\share\classfile\systemDictionary.cpp, line 256]
Event: 2.378 Thread 0x000001f0c4e7e5a0 Exception <a 'java/lang/ClassNotFoundException'{0x00000000eab0b140}: com/sun/org/apache/xerces/internal/impl/msg/spi/XMLSerializerMessagesProvider> (0x00000000eab0b140) 
thrown [s\src\hotspot\share\classfile\systemDictionary.cpp, line 256]
Event: 2.378 Thread 0x000001f0c4e7e5a0 Exception <a 'java/lang/ClassNotFoundException'{0x00000000eab183c8}: com/sun/org/apache/xerces/internal/impl/msg/spi/XMLMessagesProvider> (0x00000000eab183c8) 
thrown [s\src\hotspot\share\classfile\systemDictionary.cpp, line 256]
Event: 2.404 Thread 0x000001f0c4e7e5a0 Exception <a 'java/lang/NoSuchMethodError'{0x00000000ead8c6d8}: 'java.lang.Object java.lang.invoke.DirectMethodHandle$Holder.invokeStaticInit(java.lang.Object, int, int, int, int)'> (0x00000000ead8c6d8) 
thrown [s\src\hotspot\share\interpreter\linkResolver.cpp, line 759]
Event: 2.434 Thread 0x000001f0c4e7e5a0 Exception <a 'java/lang/NoSuchMethodError'{0x00000000eae30098}: 'java.lang.Object java.lang.invoke.DirectMethodHandle$Holder.invokeStaticInit(java.lang.Object, java.lang.Object, int, int, int, int)'> (0x00000000eae30098) 
thrown [s\src\hotspot\share\interpreter\linkResolver.cpp, line 759]
Event: 2.481 Thread 0x000001f0c4e7e5a0 Exception <a 'java/lang/ClassNotFoundException'{0x00000000eb1f9650}: com/sun/org/apache/xml/internal/serializer/spi/XMLEntitiesProvider> (0x00000000eb1f9650) 
thrown [s\src\hotspot\share\classfile\systemDictionary.cpp, line 256]
Event: 2.541 Thread 0x000001f0c4e7e5a0 Exception <a 'java/io/FileNotFoundException'{0x00000000eb5f4388}> (0x00000000eb5f4388) 
thrown [s\src\hotspot\share\prims\jni.cpp, line 516]
Event: 2.594 Thread 0x000001f0c4e7e5a0 Exception <a 'java/lang/UnsatisfiedLinkError'{0x00000000eb8f58b0}: The specified procedure could not be found.
> (0x00000000eb8f58b0) 
thrown [s\src\hotspot\share\prims\jni.cpp, line 535]
Event: 2.597 Thread 0x000001f0c4e7e5a0 Exception <a 'java/io/FileNotFoundException'{0x00000000eb91b548}> (0x00000000eb91b548) 
thrown [s\src\hotspot\share\prims\jni.cpp, line 516]
Event: 2.626 Thread 0x000001f0c4e7e5a0 Exception <a 'java/io/FileNotFoundException'{0x00000000eab8d198}> (0x00000000eab8d198) 
thrown [s\src\hotspot\share\prims\jni.cpp, line 516]
Event: 2.635 Thread 0x000001f0c4e7e5a0 Exception <a 'java/lang/UnsatisfiedLinkError'{0x00000000eac1ca10}: The specified procedure could not be found.
> (0x00000000eac1ca10) 
thrown [s\src\hotspot\share\prims\jni.cpp, line 535]
Event: 2.702 Thread 0x000001f0a8ff2530 Exception <a 'java/lang/NoSuchMethodError'{0x00000000eb155eb0}: 'java.lang.Object java.lang.invoke.DirectMethodHandle$Holder.invokeStatic(java.lang.Object, java.lang.Object, long, java.lang.Object)'> (0x00000000eb155eb0) 
thrown [s\src\hotspot\share\interpreter\linkResolver.cpp, line 759]
Event: 2.703 Thread 0x000001f0a8ff2530 Exception <a 'java/lang/NoSuchMethodError'{0x00000000eb159bf8}: 'java.lang.Object java.lang.invoke.DirectMethodHandle$Holder.invokeStaticInit(java.lang.Object, java.lang.Object, long, java.lang.Object)'> (0x00000000eb159bf8) 
thrown [s\src\hotspot\share\interpreter\linkResolver.cpp, line 759]
Event: 2.703 Thread 0x000001f0a8ff2530 Exception <a 'java/lang/NoSuchMethodError'{0x00000000eb160518}: 'java.lang.Object java.lang.invoke.DirectMethodHandle$Holder.newInvokeSpecial(java.lang.Object, java.lang.Object, long)'> (0x00000000eb160518) 
thrown [s\src\hotspot\share\interpreter\linkResolver.cpp, line 759]
Event: 2.742 Thread 0x000001f0a8ff2530 Exception <a 'java/lang/NoSuchMethodError'{0x00000000eb32eae0}: 'void java.lang.invoke.DirectMethodHandle$Holder.invokeStatic(java.lang.Object, java.lang.Object, java.lang.Object, java.lang.Object)'> (0x00000000eb32eae0) 
thrown [s\src\hotspot\share\interpreter\linkResolver.cpp, line 759]
Event: 2.819 Thread 0x000001f0a8ff2530 Exception <a 'java/lang/NoSuchMethodError'{0x00000000ebdb5388}: 'void java.lang.invoke.DirectMethodHandle$Holder.invokeSpecial(java.lang.Object, java.lang.Object, java.lang.Object, java.lang.Object, java.lang.Object, java.lang.Object)'> (0x00000000ebdb5388) 
thrown [s\src\hotspot\share\interpreter\linkResolver.cpp, line 759]
Event: 2.820 Thread 0x000001f0a8ff2530 Exception <a 'java/lang/IncompatibleClassChangeError'{0x00000000ebdbf148}: Found class java.lang.Object, but interface was expected> (0x00000000ebdbf148) 
thrown [s\src\hotspot\share\interpreter\linkResolver.cpp, line 826]
Event: 2.923 Thread 0x000001f0c4fe4900 Exception <a 'java/lang/NoSuchMethodError'{0x00000000eaec9390}: 'java.lang.Object java.lang.invoke.DirectMethodHandle$Holder.invokeSpecialIFC(java.lang.Object, java.lang.Object, java.lang.Object, java.lang.Object)'> (0x00000000eaec9390) 
thrown [s\src\hotspot\share\interpreter\linkResolver.cpp, line 759]
Event: 3.034 Thread 0x000001f0c4fe4900 Exception <a 'java/lang/NoSuchMethodError'{0x00000000eb86b608}: 'int java.lang.invoke.DirectMethodHandle$Holder.invokeSpecialIFC(java.lang.Object, java.lang.Object, java.lang.Object, java.lang.Object, java.lang.Object)'> (0x00000000eb86b608) 
thrown [s\src\hotspot\share\interpreter\linkResolver.cpp, line 759]
Event: 3.127 Thread 0x000001f0c4fe4900 Exception <a 'java/lang/NoClassDefFoundError'{0x00000000ebf179d0}: javax/enterprise/inject/Typed> (0x00000000ebf179d0) 
thrown [s\src\hotspot\share\classfile\systemDictionary.cpp, line 245]

VM Operations (20 events):
Event: 2.584 Executing VM operation: HandshakeAllThreads
Event: 2.584 Executing VM operation: HandshakeAllThreads done
Event: 2.598 Executing VM operation: CollectForMetadataAllocation
Event: 2.620 Executing VM operation: CollectForMetadataAllocation done
Event: 2.862 Executing VM operation: ParallelGCFailedAllocation
Event: 2.864 Executing VM operation: ParallelGCFailedAllocation done
Event: 2.906 Executing VM operation: HandshakeAllThreads
Event: 2.906 Executing VM operation: HandshakeAllThreads done
Event: 2.931 Executing VM operation: HandshakeAllThreads
Event: 2.931 Executing VM operation: HandshakeAllThreads done
Event: 3.115 Executing VM operation: HandshakeAllThreads
Event: 3.115 Executing VM operation: HandshakeAllThreads done
Event: 3.158 Executing VM operation: ParallelGCFailedAllocation
Event: 3.163 Executing VM operation: ParallelGCFailedAllocation done
Event: 3.393 Executing VM operation: ParallelGCFailedAllocation
Event: 3.395 Executing VM operation: ParallelGCFailedAllocation done
Event: 3.419 Executing VM operation: HandshakeAllThreads
Event: 3.419 Executing VM operation: HandshakeAllThreads done
Event: 3.451 Executing VM operation: HandshakeAllThreads
Event: 3.451 Executing VM operation: HandshakeAllThreads done

Events (20 events):
Event: 3.118 loading class java/lang/Short$ShortCache done
Event: 3.127 loading class java/lang/annotation/IncompleteAnnotationException
Event: 3.127 loading class java/lang/annotation/IncompleteAnnotationException done
Event: 3.144 loading class jdk/internal/access/foreign/MemorySegmentProxy
Event: 3.144 loading class jdk/internal/access/foreign/MemorySegmentProxy done
Event: 3.144 Thread 0x000001f0c22e4a00 Thread added: 0x000001f0c22e4a00
Event: 3.145 Thread 0x000001f0c22e24d0 Thread added: 0x000001f0c22e24d0
Event: 3.164 Thread 0x000001f0c22e4f50 Thread added: 0x000001f0c22e4f50
Event: 3.165 Thread 0x000001f0c22e54a0 Thread added: 0x000001f0c22e54a0
Event: 3.204 Thread 0x000001f0c4fe2fb0 Thread added: 0x000001f0c4fe2fb0
Event: 3.378 loading class sun/reflect/annotation/AnnotatedTypeFactory$AnnotatedParameterizedTypeImpl
Event: 3.378 loading class java/lang/reflect/AnnotatedParameterizedType
Event: 3.378 loading class java/lang/reflect/AnnotatedParameterizedType done
Event: 3.378 loading class sun/reflect/annotation/AnnotatedTypeFactory$AnnotatedParameterizedTypeImpl done
Event: 3.404 loading class sun/reflect/generics/scope/ConstructorScope
Event: 3.404 loading class sun/reflect/generics/scope/ConstructorScope done
Event: 3.404 loading class sun/reflect/generics/tree/VoidDescriptor
Event: 3.404 loading class sun/reflect/generics/tree/VoidDescriptor done
Event: 3.483 loading class java/util/concurrent/CompletionService
Event: 3.484 loading class java/util/concurrent/CompletionService done


Dynamic libraries:
0x00007ff6aaeb0000 - 0x00007ff6aaebe000 	c:\Users\joshm\.vscode\extensions\redhat.java-1.26.0-win32-x64\jre\17.0.9-win32-x86_64\bin\java.exe
0x00007fff52790000 - 0x00007fff529a7000 	C:\WINDOWS\SYSTEM32\ntdll.dll
0x00007fff50ad0000 - 0x00007fff50b94000 	C:\WINDOWS\System32\KERNEL32.DLL
0x00007fff4feb0000 - 0x00007fff50256000 	C:\WINDOWS\System32\KERNELBASE.dll
0x00007fff4fc40000 - 0x00007fff4fd51000 	C:\WINDOWS\System32\ucrtbase.dll
0x00007fff43e00000 - 0x00007fff43e17000 	c:\Users\joshm\.vscode\extensions\redhat.java-1.26.0-win32-x64\jre\17.0.9-win32-x86_64\bin\jli.dll
0x00007fff3c7f0000 - 0x00007fff3c80b000 	c:\Users\joshm\.vscode\extensions\redhat.java-1.26.0-win32-x64\jre\17.0.9-win32-x86_64\bin\VCRUNTIME140.dll
0x00007fff51090000 - 0x00007fff5123e000 	C:\WINDOWS\System32\USER32.dll
0x00007fff50260000 - 0x00007fff50286000 	C:\WINDOWS\System32\win32u.dll
0x00007fff3fdd0000 - 0x00007fff40063000 	C:\WINDOWS\WinSxS\amd64_microsoft.windows.common-controls_6595b64144ccf1df_6.0.22621.2506_none_270c5ae97388e100\COMCTL32.dll
0x00007fff50a50000 - 0x00007fff50a79000 	C:\WINDOWS\System32\GDI32.dll
0x00007fff51300000 - 0x00007fff513a7000 	C:\WINDOWS\System32\msvcrt.dll
0x00007fff4fd90000 - 0x00007fff4fea8000 	C:\WINDOWS\System32\gdi32full.dll
0x00007fff50310000 - 0x00007fff503aa000 	C:\WINDOWS\System32\msvcp_win.dll
0x00007fff51240000 - 0x00007fff51271000 	C:\WINDOWS\System32\IMM32.DLL
0x00007fff4cd10000 - 0x00007fff4cd1c000 	c:\Users\joshm\.vscode\extensions\redhat.java-1.26.0-win32-x64\jre\17.0.9-win32-x86_64\bin\vcruntime140_1.dll
0x00007fff17400000 - 0x00007fff1748d000 	c:\Users\joshm\.vscode\extensions\redhat.java-1.26.0-win32-x64\jre\17.0.9-win32-x86_64\bin\msvcp140.dll
0x00007ffee0550000 - 0x00007ffee11b1000 	c:\Users\joshm\.vscode\extensions\redhat.java-1.26.0-win32-x64\jre\17.0.9-win32-x86_64\bin\server\jvm.dll
0x00007fff51410000 - 0x00007fff514c3000 	C:\WINDOWS\System32\ADVAPI32.dll
0x00007fff50870000 - 0x00007fff50918000 	C:\WINDOWS\System32\sechost.dll
0x00007fff4fd60000 - 0x00007fff4fd88000 	C:\WINDOWS\System32\bcrypt.dll
0x00007fff50930000 - 0x00007fff50a47000 	C:\WINDOWS\System32\RPCRT4.dll
0x00007fff43bb0000 - 0x00007fff43bb9000 	C:\WINDOWS\SYSTEM32\WSOCK32.dll
0x00007fff51280000 - 0x00007fff512f1000 	C:\WINDOWS\System32\WS2_32.dll
0x00007fff48910000 - 0x00007fff4891a000 	C:\WINDOWS\SYSTEM32\VERSION.dll
0x00007fff4f9a0000 - 0x00007fff4f9ed000 	C:\WINDOWS\SYSTEM32\POWRPROF.dll
0x00007fff48ea0000 - 0x00007fff48ed4000 	C:\WINDOWS\SYSTEM32\WINMM.dll
0x00007fff4f980000 - 0x00007fff4f993000 	C:\WINDOWS\SYSTEM32\UMPDC.dll
0x00007fff4eac0000 - 0x00007fff4ead8000 	C:\WINDOWS\SYSTEM32\kernel.appcore.dll
0x00007fff42fb0000 - 0x00007fff42fba000 	c:\Users\joshm\.vscode\extensions\redhat.java-1.26.0-win32-x64\jre\17.0.9-win32-x86_64\bin\jimage.dll
0x00007fff477d0000 - 0x00007fff47a03000 	C:\WINDOWS\SYSTEM32\DBGHELP.DLL
0x00007fff504e0000 - 0x00007fff50869000 	C:\WINDOWS\System32\combase.dll
0x00007fff52420000 - 0x00007fff524f7000 	C:\WINDOWS\System32\OLEAUT32.dll
0x00007fff2ca20000 - 0x00007fff2ca52000 	C:\WINDOWS\SYSTEM32\dbgcore.DLL
0x00007fff50290000 - 0x00007fff5030a000 	C:\WINDOWS\System32\bcryptPrimitives.dll
0x00007fff3fba0000 - 0x00007fff3fbae000 	c:\Users\joshm\.vscode\extensions\redhat.java-1.26.0-win32-x64\jre\17.0.9-win32-x86_64\bin\instrument.dll
0x00007fff3c760000 - 0x00007fff3c785000 	c:\Users\joshm\.vscode\extensions\redhat.java-1.26.0-win32-x64\jre\17.0.9-win32-x86_64\bin\java.dll
0x00007fff3c3f0000 - 0x00007fff3c408000 	c:\Users\joshm\.vscode\extensions\redhat.java-1.26.0-win32-x64\jre\17.0.9-win32-x86_64\bin\zip.dll
0x00007fff51540000 - 0x00007fff51d9a000 	C:\WINDOWS\System32\SHELL32.dll
0x00007fff4d9d0000 - 0x00007fff4e2c6000 	C:\WINDOWS\SYSTEM32\windows.storage.dll
0x00007fff4d890000 - 0x00007fff4d9ce000 	C:\WINDOWS\SYSTEM32\wintypes.dll
0x00007fff52650000 - 0x00007fff52743000 	C:\WINDOWS\System32\SHCORE.dll
0x00007fff513b0000 - 0x00007fff5140e000 	C:\WINDOWS\System32\shlwapi.dll
0x00007fff4fa00000 - 0x00007fff4fa26000 	C:\WINDOWS\SYSTEM32\profapi.dll
0x00007fff3a550000 - 0x00007fff3a569000 	C:\Users\joshm\.vscode\extensions\redhat.java-1.26.0-win32-x64\jre\17.0.9-win32-x86_64\bin\net.dll
0x00007fff4a020000 - 0x00007fff4a157000 	C:\WINDOWS\SYSTEM32\WINHTTP.dll
0x00007fff4ef30000 - 0x00007fff4ef99000 	C:\WINDOWS\system32\mswsock.dll
0x00007fff3a530000 - 0x00007fff3a546000 	C:\Users\joshm\.vscode\extensions\redhat.java-1.26.0-win32-x64\jre\17.0.9-win32-x86_64\bin\nio.dll
0x00007fff3e6e0000 - 0x00007fff3e6f0000 	c:\Users\joshm\.vscode\extensions\redhat.java-1.26.0-win32-x64\jre\17.0.9-win32-x86_64\bin\verify.dll
0x00007fff32e40000 - 0x00007fff32e7e000 	C:\Users\joshm\AppData\Roaming\Code\User\globalStorage\redhat.java\1.26.0\config_win\org.eclipse.equinox.launcher\org.eclipse.equinox.launcher.win32.win32.x86_64_1.2.800.v20231003-1442\eclipse_11802.dll
0x00007fff50c70000 - 0x00007fff50e10000 	C:\WINDOWS\System32\ole32.dll
0x00007fff4f170000 - 0x00007fff4f18b000 	C:\WINDOWS\SYSTEM32\CRYPTSP.dll
0x00007fff4ea20000 - 0x00007fff4ea55000 	C:\WINDOWS\system32\rsaenh.dll
0x00007fff4efe0000 - 0x00007fff4f00c000 	C:\WINDOWS\SYSTEM32\USERENV.dll
0x00007fff4f160000 - 0x00007fff4f16c000 	C:\WINDOWS\SYSTEM32\CRYPTBASE.dll
0x00007fff4e570000 - 0x00007fff4e59d000 	C:\WINDOWS\SYSTEM32\IPHLPAPI.DLL
0x00007fff51080000 - 0x00007fff51089000 	C:\WINDOWS\System32\NSI.dll
0x00007fff49f50000 - 0x00007fff49f69000 	C:\WINDOWS\SYSTEM32\dhcpcsvc6.DLL
0x00007fff498d0000 - 0x00007fff498ef000 	C:\WINDOWS\SYSTEM32\dhcpcsvc.DLL
0x00007fff4e5a0000 - 0x00007fff4e699000 	C:\WINDOWS\SYSTEM32\DNSAPI.dll
0x00007fff1fa00000 - 0x00007fff1fa45000 	C:\Users\joshm\AppData\Local\Temp\jna-101313875\jna2226859355326795226.dll
0x00007fff50920000 - 0x00007fff50928000 	C:\WINDOWS\System32\PSAPI.DLL

dbghelp: loaded successfully - version: 4.0.5 - missing functions: none
symbol engine: initialized successfully - sym options: 0x614 - pdb path: .;c:\Users\joshm\.vscode\extensions\redhat.java-1.26.0-win32-x64\jre\17.0.9-win32-x86_64\bin;C:\WINDOWS\SYSTEM32;C:\WINDOWS\WinSxS\amd64_microsoft.windows.common-controls_6595b64144ccf1df_6.0.22621.2506_none_270c5ae97388e100;c:\Users\joshm\.vscode\extensions\redhat.java-1.26.0-win32-x64\jre\17.0.9-win32-x86_64\bin\server;C:\Users\joshm\AppData\Roaming\Code\User\globalStorage\redhat.java\1.26.0\config_win\org.eclipse.equinox.launcher\org.eclipse.equinox.launcher.win32.win32.x86_64_1.2.800.v20231003-1442;C:\Users\joshm\AppData\Local\Temp\jna-101313875

VM Arguments:
jvm_args: --add-modules=ALL-SYSTEM --add-opens=java.base/java.util=ALL-UNNAMED --add-opens=java.base/java.lang=ALL-UNNAMED --add-opens=java.base/sun.nio.fs=ALL-UNNAMED -Declipse.application=org.eclipse.jdt.ls.core.id1 -Dosgi.bundles.defaultStartLevel=4 -Declipse.product=org.eclipse.jdt.ls.core.product -Djava.import.generatesMetadataFilesAtProjectRoot=false -DDetectVMInstallationsJob.disabled=true -Dfile.encoding=utf8 -XX:+UseParallelGC -XX:GCTimeRatio=4 -XX:AdaptiveSizePolicyWeight=90 -Dsun.zip.disableMemoryMapping=true -Xmx1G -Xms100m -Xlog:disable -javaagent:c:\Users\joshm\.vscode\extensions\redhat.java-1.26.0-win32-x64\lombok\lombok-1.18.31-3454.jar -XX:+HeapDumpOnOutOfMemoryError -XX:HeapDumpPath=c:\Users\joshm\AppData\Roaming\Code\User\workspaceStorage\b0d151ee9e6ba5e463fc4d2f3f896610\redhat.java -Daether.dependencyCollector.impl=bf 
java_command: c:\Users\joshm\.vscode\extensions\redhat.java-1.26.0-win32-x64\server\plugins\org.eclipse.equinox.launcher_1.6.700.v20231214-2017.jar -configuration c:\Users\joshm\AppData\Roaming\Code\User\globalStorage\redhat.java\1.26.0\config_win -data c:\Users\joshm\AppData\Roaming\Code\User\workspaceStorage\b0d151ee9e6ba5e463fc4d2f3f896610\redhat.java\jdt_ws --stdio
java_class_path (initial): c:\Users\joshm\.vscode\extensions\redhat.java-1.26.0-win32-x64\server\plugins\org.eclipse.equinox.launcher_1.6.700.v20231214-2017.jar
Launcher Type: SUN_STANDARD

[Global flags]
    uintx AdaptiveSizePolicyWeight                 = 90                                        {product} {command line}
     intx CICompilerCount                          = 12                                        {product} {ergonomic}
    uintx GCTimeRatio                              = 4                                         {product} {command line}
     bool HeapDumpOnOutOfMemoryError               = true                                   {manageable} {command line}
    ccstr HeapDumpPath                             = c:\Users\joshm\AppData\Roaming\Code\User\workspaceStorage\b0d151ee9e6ba5e463fc4d2f3f896610\redhat.java         {manageable} {command line}
   size_t InitialHeapSize                          = 104857600                                 {product} {command line}
   size_t MaxHeapSize                              = 1073741824                                {product} {command line}
   size_t MaxNewSize                               = 357564416                                 {product} {ergonomic}
   size_t MinHeapDeltaBytes                        = 524288                                    {product} {ergonomic}
   size_t MinHeapSize                              = 104857600                                 {product} {command line}
   size_t NewSize                                  = 34603008                                  {product} {ergonomic}
    uintx NonNMethodCodeHeapSize                   = 7602480                                {pd product} {ergonomic}
    uintx NonProfiledCodeHeapSize                  = 122027880                              {pd product} {ergonomic}
   size_t OldSize                                  = 70254592                                  {product} {ergonomic}
    uintx ProfiledCodeHeapSize                     = 122027880                              {pd product} {ergonomic}
    uintx ReservedCodeCacheSize                    = 251658240                              {pd product} {ergonomic}
     bool SegmentedCodeCache                       = true                                      {product} {ergonomic}
   size_t SoftMaxHeapSize                          = 1073741824                             {manageable} {ergonomic}
     bool UseCompressedClassPointers               = true                           {product lp64_product} {ergonomic}
     bool UseCompressedOops                        = true                           {product lp64_product} {ergonomic}
     bool UseLargePagesIndividualAllocation        = false                                  {pd product} {ergonomic}
     bool UseParallelGC                            = true                                      {product} {command line}

Logging:
Log output configuration:
 #0: stdout all=off uptime,level,tags
 #1: stderr all=off uptime,level,tags

Environment Variables:
JAVA_HOME=C:\Program Files\Java\jdk-17
PATH=C:\Program Files\Common Files\Oracle\Java\javapath;C:\Program Files (x86)\Razer\ChromaBroadcast\bin;C:\Program Files\Razer\ChromaBroadcast\bin;C:\Windows\system32;C:\Windows;C:\Windows\System32\Wbem;C:\Windows\System32\WindowsPowerShell\v1.0\;C:\Windows\System32\OpenSSH\;C:\Program Files (x86)\NVIDIA Corporation\PhysX\Common;C:\Program Files\NVIDIA Corporation\NVIDIA NvDLISR;C:\WINDOWS\system32;C:\WINDOWS;C:\WINDOWS\System32\Wbem;C:\WINDOWS\System32\WindowsPowerShell\v1.0\;C:\WINDOWS\System32\OpenSSH\;C:\WINDOWS\system32\config\systemprofile\AppData\Local\Microsoft\WindowsApps;C:\Program Files\dotnet\;C:\ProgramData\chocolatey\bin;C:\Program Files\Git\cmd;C:\Users\joshm\AppData\Local\Microsoft\WindowsApps;C:\Users\joshm\AppData\Local\Programs\Microsoft VS Code\bin;C:\Users\joshm\AppData\Local\Programs\Python\Python311;C:\Users\joshm\AppData\Local\spicetify;C:\Flutter\flutter\bin;
USERNAME=joshm
OS=Windows_NT
PROCESSOR_IDENTIFIER=AMD64 Family 25 Model 68 Stepping 1, AuthenticAMD
TMP=C:\Users\joshm\AppData\Local\Temp
TEMP=C:\Users\joshm\AppData\Local\Temp



Periodic native trim disabled


---------------  S Y S T E M  ---------------

OS:
 Windows 11 , 64 bit Build 22621 (10.0.22621.2506)
OS uptime: 0 days 19:01 hours
Hyper-V role detected

CPU: total 16 (initial active 16) (16 cores per cpu, 2 threads per core) family 25 model 68 stepping 1 microcode 0x0, cx8, cmov, fxsr, ht, mmx, 3dnowpref, sse, sse2, sse3, ssse3, sse4a, sse4.1, sse4.2, popcnt, lzcnt, tsc, tscinvbit, avx, avx2, aes, clmul, bmi1, bmi2, adx, sha, fma, vzeroupper, clflush, clflushopt, hv
Processor Information for processor 0
  Max Mhz: 3201, Current Mhz: 3201, Mhz Limit: 3201
Processor Information for processor 1
  Max Mhz: 3201, Current Mhz: 3201, Mhz Limit: 3201
Processor Information for processor 2
  Max Mhz: 3201, Current Mhz: 3201, Mhz Limit: 3201
Processor Information for processor 3
  Max Mhz: 3201, Current Mhz: 3201, Mhz Limit: 3201
Processor Information for processor 4
  Max Mhz: 3201, Current Mhz: 3201, Mhz Limit: 3201
Processor Information for processor 5
  Max Mhz: 3201, Current Mhz: 3201, Mhz Limit: 3201
Processor Information for processor 6
  Max Mhz: 3201, Current Mhz: 3201, Mhz Limit: 3201
Processor Information for processor 7
  Max Mhz: 3201, Current Mhz: 3201, Mhz Limit: 3201
Processor Information for processor 8
  Max Mhz: 3201, Current Mhz: 3201, Mhz Limit: 3201
Processor Information for processor 9
  Max Mhz: 3201, Current Mhz: 3201, Mhz Limit: 3201
Processor Information for processor 10
  Max Mhz: 3201, Current Mhz: 3201, Mhz Limit: 3201
Processor Information for processor 11
  Max Mhz: 3201, Current Mhz: 3201, Mhz Limit: 3201
Processor Information for processor 12
  Max Mhz: 3201, Current Mhz: 3201, Mhz Limit: 3201
Processor Information for processor 13
  Max Mhz: 3201, Current Mhz: 3201, Mhz Limit: 3201
Processor Information for processor 14
  Max Mhz: 3201, Current Mhz: 3201, Mhz Limit: 3201
Processor Information for processor 15
  Max Mhz: 3201, Current Mhz: 2566, Mhz Limit: 3201

Memory: 4k page, system-wide physical 15613M (3525M free)
TotalPageFile size 37089M (AvailPageFile size 5M)
current process WorkingSet (physical memory assigned to process): 217M, peak: 222M
current process commit charge ("private bytes"): 330M, peak: 337M

vm_info: OpenJDK 64-Bit Server VM (17.0.9+9) for windows-amd64 JRE (17.0.9+9), built on Oct 26 2023 14:01:42 by "admin" with MS VC++ 16.10 / 16.11 (VS2019)

END.
