#
# There is insufficient memory for the Java Runtime Environment to continue.
# Native memory allocation (malloc) failed to allocate 1071216 bytes for Chunk::new
# Possible reasons:
#   The system is out of physical RAM or swap space
#   The process is running with CompressedOops enabled, and the Java Heap may be blocking the growth of the native heap
# Possible solutions:
#   Reduce memory load on the system
#   Increase physical memory or swap space
#   Check if swap backing store is full
#   Decrease Java heap size (-Xmx/-Xms)
#   Decrease number of Java threads
#   Decrease Java thread stack sizes (-Xss)
#   Set larger code cache with -XX:ReservedCodeCacheSize=
#   JVM is running with Unscaled Compressed Oops mode in which the Java heap is
#     placed in the first 4GB address space. The Java Heap base address is the
#     maximum limit for the native heap growth. Please use -XX:HeapBaseMinAddress
#     to set the Java Heap base and to place the Java Heap above 4GB virtual address.
# This output file may be truncated or incomplete.
#
#  Out of Memory Error (arena.cpp:191), pid=27168, tid=14460
#
# JRE version: OpenJDK Runtime Environment Temurin-17.0.9+9 (17.0.9+9) (build 17.0.9+9)
# Java VM: OpenJDK 64-Bit Server VM Temurin-17.0.9+9 (17.0.9+9, mixed mode, tiered, compressed oops, compressed class ptrs, parallel gc, windows-amd64)
# No core dump will be written. Minidumps are not enabled by default on client versions of Windows
#

---------------  S U M M A R Y ------------

Command Line: --add-modules=ALL-SYSTEM --add-opens=java.base/java.util=ALL-UNNAMED --add-opens=java.base/java.lang=ALL-UNNAMED --add-opens=java.base/sun.nio.fs=ALL-UNNAMED -Declipse.application=org.eclipse.jdt.ls.core.id1 -Dosgi.bundles.defaultStartLevel=4 -Declipse.product=org.eclipse.jdt.ls.core.product -Djava.import.generatesMetadataFilesAtProjectRoot=false -DDetectVMInstallationsJob.disabled=true -Dfile.encoding=utf8 -XX:+UseParallelGC -XX:GCTimeRatio=4 -XX:AdaptiveSizePolicyWeight=90 -Dsun.zip.disableMemoryMapping=true -Xmx1G -Xms100m -Xlog:disable -javaagent:c:\Users\joshm\.vscode\extensions\redhat.java-1.26.0-win32-x64\lombok\lombok-1.18.31-3454.jar c:\Users\joshm\.vscode\extensions\redhat.java-1.26.0-win32-x64\server\plugins\org.eclipse.equinox.launcher_1.6.700.v20231214-2017.jar -configuration c:\Users\joshm\AppData\Roaming\Code\User\globalStorage\redhat.java\1.26.0\config_ss_win -data c:\Users\joshm\AppData\Roaming\Code\User\workspaceStorage\b0d151ee9e6ba5e463fc4d2f3f896610\redhat.java\ss_ws --stdio

Host: AMD Ryzen 7 6800H with Radeon Graphics         , 16 cores, 15G,  Windows 11 , 64 bit Build 22621 (10.0.22621.2506)
Time: Thu Jan 18 10:49:54 2024 Eastern Standard Time elapsed time: 3.162898 seconds (0d 0h 0m 3s)

---------------  T H R E A D  ---------------

Current thread (0x000001498ad1c290):  JavaThread "C2 CompilerThread4" daemon [_thread_in_native, id=14460, stack(0x0000001752200000,0x0000001752300000)]


Current CompileTask:
C2:   3162 4263       4       org.lombokweb.asm.ClassReader::readMethod (1066 bytes)

Stack: [0x0000001752200000,0x0000001752300000]
Native frames: (J=compiled Java code, j=interpreted, Vv=VM code, C=native code)
V  [jvm.dll+0x67cf49]
V  [jvm.dll+0x83478a]
V  [jvm.dll+0x83624e]
V  [jvm.dll+0x8368b3]
V  [jvm.dll+0x247f1f]
V  [jvm.dll+0xac43c]
V  [jvm.dll+0xaca8c]
V  [jvm.dll+0x367012]
V  [jvm.dll+0x3313ba]
V  [jvm.dll+0x33085a]
V  [jvm.dll+0x21a5b1]
V  [jvm.dll+0x2199d1]
V  [jvm.dll+0x1a57cd]
V  [jvm.dll+0x2297ae]
V  [jvm.dll+0x22797c]
V  [jvm.dll+0x7e9877]
V  [jvm.dll+0x7e3c3a]
V  [jvm.dll+0x67be35]
C  [ucrtbase.dll+0x29363]
C  [KERNEL32.DLL+0x1257d]
C  [ntdll.dll+0x5aa58]


---------------  P R O C E S S  ---------------

Threads class SMR info:
_java_thread_list=0x000001498ac5dad0, length=37, elements={
0x00000149ed292710, 0x00000149ff111030, 0x00000149ff113660, 0x00000149ff11cf00,
0x00000149ff11dd30, 0x000001498632e720, 0x00000149863300c0, 0x000001498633d090,
0x000001498633f9b0, 0x0000014986348a90, 0x0000014986409910, 0x000001498646b8b0,
0x0000014986601c70, 0x000001498837a400, 0x0000014988dded10, 0x0000014988c4e1f0,
0x0000014988bf64f0, 0x0000014988bf69d0, 0x0000014988bf5b90, 0x0000014989025590,
0x0000014989025fb0, 0x0000014989026ee0, 0x0000014986602190, 0x00000149892227e0,
0x00000149891f0440, 0x0000014989025080, 0x0000014989025aa0, 0x00000149890264c0,
0x00000149890273f0, 0x000001498a942610, 0x000001498ad1c290, 0x000001498ad97ee0,
0x000001498ac422f0, 0x000001498ac42810, 0x0000014989027e10, 0x000001498b52d7d0,
0x000001498b52aa40
}

Java Threads: ( => current thread )
  0x00000149ed292710 JavaThread "main" [_thread_blocked, id=27368, stack(0x000000174f500000,0x000000174f600000)]
  0x00000149ff111030 JavaThread "Reference Handler" daemon [_thread_blocked, id=21652, stack(0x000000174f800000,0x000000174f900000)]
  0x00000149ff113660 JavaThread "Finalizer" daemon [_thread_blocked, id=6468, stack(0x000000174f900000,0x000000174fa00000)]
  0x00000149ff11cf00 JavaThread "Signal Dispatcher" daemon [_thread_blocked, id=9860, stack(0x000000174fa00000,0x000000174fb00000)]
  0x00000149ff11dd30 JavaThread "Attach Listener" daemon [_thread_blocked, id=22588, stack(0x000000174fb00000,0x000000174fc00000)]
  0x000001498632e720 JavaThread "Service Thread" daemon [_thread_blocked, id=18152, stack(0x000000174fc00000,0x000000174fd00000)]
  0x00000149863300c0 JavaThread "Monitor Deflation Thread" daemon [_thread_blocked, id=13928, stack(0x000000174fd00000,0x000000174fe00000)]
  0x000001498633d090 JavaThread "C2 CompilerThread0" daemon [_thread_blocked, id=14652, stack(0x000000174fe00000,0x000000174ff00000)]
  0x000001498633f9b0 JavaThread "C1 CompilerThread0" daemon [_thread_blocked, id=8048, stack(0x000000174ff00000,0x0000001750000000)]
  0x0000014986348a90 JavaThread "Sweeper thread" daemon [_thread_blocked, id=9156, stack(0x0000001750000000,0x0000001750100000)]
  0x0000014986409910 JavaThread "Common-Cleaner" daemon [_thread_blocked, id=20404, stack(0x0000001750100000,0x0000001750200000)]
  0x000001498646b8b0 JavaThread "C1 CompilerThread1" daemon [_thread_in_native, id=16052, stack(0x0000001750200000,0x0000001750300000)]
  0x0000014986601c70 JavaThread "C1 CompilerThread2" daemon [_thread_blocked, id=14572, stack(0x0000001750400000,0x0000001750500000)]
  0x000001498837a400 JavaThread "Notification Thread" daemon [_thread_blocked, id=13496, stack(0x0000001750600000,0x0000001750700000)]
  0x0000014988dded10 JavaThread "Active Thread: Equinox Container: 5cdc5b8a-3fb3-4022-a4b9-c036c599041a" [_thread_blocked, id=8172, stack(0x0000001750f00000,0x0000001751000000)]
  0x0000014988c4e1f0 JavaThread "Framework Event Dispatcher: Equinox Container: 5cdc5b8a-3fb3-4022-a4b9-c036c599041a" daemon [_thread_blocked, id=4984, stack(0x0000001751000000,0x0000001751100000)]
  0x0000014988bf64f0 JavaThread "Start Level: Equinox Container: 5cdc5b8a-3fb3-4022-a4b9-c036c599041a" daemon [_thread_blocked, id=12392, stack(0x0000001751100000,0x0000001751200000)]
  0x0000014988bf69d0 JavaThread "SCR Component Actor" daemon [_thread_blocked, id=25656, stack(0x0000001751200000,0x0000001751300000)]
  0x0000014988bf5b90 JavaThread "SCR Component Registry" daemon [_thread_blocked, id=12248, stack(0x0000001751500000,0x0000001751600000)]
  0x0000014989025590 JavaThread "Worker-JM" [_thread_blocked, id=26920, stack(0x0000001751600000,0x0000001751700000)]
  0x0000014989025fb0 JavaThread "Worker-0" [_thread_blocked, id=15960, stack(0x0000001751a00000,0x0000001751b00000)]
  0x0000014989026ee0 JavaThread "Worker-1" [_thread_blocked, id=23564, stack(0x0000001751b00000,0x0000001751c00000)]
  0x0000014986602190 JavaThread "C2 CompilerThread1" daemon [_thread_in_native, id=19352, stack(0x0000001750300000,0x0000001750400000)]
  0x00000149892227e0 JavaThread "C2 CompilerThread2" daemon [_thread_in_native, id=12932, stack(0x0000001750500000,0x0000001750600000)]
  0x00000149891f0440 JavaThread "C1 CompilerThread3" daemon [_thread_blocked, id=8376, stack(0x0000001750800000,0x0000001750900000)]
  0x0000014989025080 JavaThread "JNA Cleaner" daemon [_thread_blocked, id=6000, stack(0x0000001750900000,0x0000001750a00000)]
  0x0000014989025aa0 JavaThread "pool-2-thread-1" [_thread_blocked, id=27072, stack(0x0000001751e00000,0x0000001751f00000)]
  0x00000149890264c0 JavaThread "WorkspaceEventsHandler" [_thread_blocked, id=8568, stack(0x0000001751f00000,0x0000001752000000)]
  0x00000149890273f0 JavaThread "pool-1-thread-1" [_thread_in_native, id=15248, stack(0x0000001752000000,0x0000001752100000)]
  0x000001498a942610 JavaThread "C2 CompilerThread3" daemon [_thread_blocked, id=13904, stack(0x0000001752100000,0x0000001752200000)]
=>0x000001498ad1c290 JavaThread "C2 CompilerThread4" daemon [_thread_in_native, id=14460, stack(0x0000001752200000,0x0000001752300000)]
  0x000001498ad97ee0 JavaThread "C2 CompilerThread5" daemon [_thread_blocked, id=13608, stack(0x0000001752300000,0x0000001752400000)]
  0x000001498ac422f0 JavaThread "C2 CompilerThread6" daemon [_thread_blocked, id=18832, stack(0x0000001752400000,0x0000001752500000)]
  0x000001498ac42810 JavaThread "C2 CompilerThread7" daemon [_thread_blocked, id=12296, stack(0x0000001752500000,0x0000001752600000)]
  0x0000014989027e10 JavaThread "Worker-2" [_thread_blocked, id=10664, stack(0x0000001752600000,0x0000001752700000)]
  0x000001498b52d7d0 JavaThread "ForkJoinPool.commonPool-worker-1" daemon [_thread_blocked, id=27264, stack(0x0000001752700000,0x0000001752800000)]
  0x000001498b52aa40 JavaThread "Worker-3" [_thread_blocked, id=17528, stack(0x0000001752800000,0x0000001752900000)]

Other Threads:
  0x00000149ed33eb60 VMThread "VM Thread" [stack: 0x000000174f700000,0x000000174f800000] [id=22424]
  0x0000014986609180 WatcherThread [stack: 0x0000001750700000,0x0000001750800000] [id=26148]
  0x00000149ed2a9980 GCTaskThread "GC Thread#0" [stack: 0x000000174f600000,0x000000174f700000] [id=16300]
  0x0000014988a4ce40 GCTaskThread "GC Thread#1" [stack: 0x0000001750a00000,0x0000001750b00000] [id=12132]
  0x00000149888d2bd0 GCTaskThread "GC Thread#2" [stack: 0x0000001750b00000,0x0000001750c00000] [id=21828]
  0x00000149888d2e90 GCTaskThread "GC Thread#3" [stack: 0x0000001750c00000,0x0000001750d00000] [id=13852]
  0x00000149888d3150 GCTaskThread "GC Thread#4" [stack: 0x0000001750d00000,0x0000001750e00000] [id=7576]
  0x00000149888d3410 GCTaskThread "GC Thread#5" [stack: 0x0000001750e00000,0x0000001750f00000] [id=25704]
  0x0000014988da2bb0 GCTaskThread "GC Thread#6" [stack: 0x0000001751300000,0x0000001751400000] [id=5060]
  0x0000014988ef8460 GCTaskThread "GC Thread#7" [stack: 0x0000001751400000,0x0000001751500000] [id=15680]
  0x0000014988cf7f70 GCTaskThread "GC Thread#8" [stack: 0x0000001751700000,0x0000001751800000] [id=2848]
  0x0000014988cf8230 GCTaskThread "GC Thread#9" [stack: 0x0000001751800000,0x0000001751900000] [id=8984]
  0x0000014988cf84f0 GCTaskThread "GC Thread#10" [stack: 0x0000001751900000,0x0000001751a00000] [id=14756]
  0x000001498a713910 GCTaskThread "GC Thread#11" [stack: 0x0000001751c00000,0x0000001751d00000] [id=11352]
  0x0000014989336530 GCTaskThread "GC Thread#12" [stack: 0x0000001751d00000,0x0000001751e00000] [id=12716]

Threads with active compile tasks:
C1 CompilerThread1     3182 4395       3       org.eclipse.jdt.internal.compiler.parser.Parser::consumeRule (7920 bytes)
C2 CompilerThread1     3182 4256 %     4       org.lombokweb.asm.ClassReader::readCode @ 2036 (5117 bytes)
C2 CompilerThread2     3182 4225 %     4       org.lombokweb.asm.SymbolTable::<init> @ 98 (536 bytes)
C2 CompilerThread4     3182 4263       4       org.lombokweb.asm.ClassReader::readMethod (1066 bytes)

VM state: not at safepoint (normal execution)

VM Mutex/Monitor currently owned by a thread: None

Heap address: 0x00000000c0000000, size: 1024 MB, Compressed Oops mode: 32-bit

CDS archive(s) not mapped
Compressed class space mapped at: 0x0000000100000000-0x0000000140000000, reserved size: 1073741824
Narrow klass base: 0x0000000000000000, Narrow klass shift: 3, Narrow klass range: 0x140000000

GC Precious Log:
 CPUs: 16 total, 16 available
 Memory: 15613M
 Large Page Support: Disabled
 NUMA Support: Disabled
 Compressed Oops: Enabled (32-bit)
 Alignments: Space 512K, Generation 512K, Heap 2M
 Heap Min Capacity: 100M
 Heap Initial Capacity: 100M
 Heap Max Capacity: 1G
 Pre-touch: Disabled
 Parallel Workers: 13

Heap:
 PSYoungGen      total 22528K, used 8935K [0x00000000eab00000, 0x00000000ec300000, 0x0000000100000000)
  eden space 21504K, 37% used [0x00000000eab00000,0x00000000eb2d9800,0x00000000ec000000)
  from space 1024K, 87% used [0x00000000ec200000,0x00000000ec2e06e8,0x00000000ec300000)
  to   space 1536K, 0% used [0x00000000ec000000,0x00000000ec000000,0x00000000ec180000)
 ParOldGen       total 68608K, used 26316K [0x00000000c0000000, 0x00000000c4300000, 0x00000000eab00000)
  object space 68608K, 38% used [0x00000000c0000000,0x00000000c19b3390,0x00000000c4300000)
 Metaspace       used 41418K, committed 42112K, reserved 1114112K
  class space    used 4183K, committed 4480K, reserved 1048576K

Card table byte_map: [0x00000149ecc30000,0x00000149ece40000] _byte_map_base: 0x00000149ec630000

Marking Bits: (ParMarkBitMap*) 0x00007ffee10ed0b0
 Begin Bits: [0x0000014980000000, 0x0000014981000000)
 End Bits:   [0x0000014981000000, 0x0000014982000000)

Polling page: 0x00000149eb200000

Metaspace:

Usage:
  Non-class:     36.36 MB used.
      Class:      4.09 MB used.
       Both:     40.45 MB used.

Virtual space:
  Non-class space:       64.00 MB reserved,      36.75 MB ( 57%) committed,  1 nodes.
      Class space:        1.00 GB reserved,       4.38 MB ( <1%) committed,  1 nodes.
             Both:        1.06 GB reserved,      41.12 MB (  4%) committed. 

Chunk freelists:
   Non-Class:  10.86 MB
       Class:  11.64 MB
        Both:  22.50 MB

MaxMetaspaceSize: unlimited
CompressedClassSpaceSize: 1.00 GB
Initial GC threshold: 21.00 MB
Current GC threshold: 58.38 MB
CDS: off
MetaspaceReclaimPolicy: balanced
 - commit_granule_bytes: 65536.
 - commit_granule_words: 8192.
 - virtual_space_node_default_size: 8388608.
 - enlarge_chunks_in_place: 1.
 - new_chunks_are_fully_committed: 0.
 - uncommit_free_chunks: 1.
 - use_allocation_guard: 0.
 - handle_deallocations: 1.


Internal statistics:

num_allocs_failed_limit: 6.
num_arena_births: 378.
num_arena_deaths: 14.
num_vsnodes_births: 2.
num_vsnodes_deaths: 0.
num_space_committed: 658.
num_space_uncommitted: 0.
num_chunks_returned_to_freelist: 20.
num_chunks_taken_from_freelist: 1696.
num_chunk_merges: 11.
num_chunk_splits: 1129.
num_chunks_enlarged: 753.
num_inconsistent_stats: 0.

CodeHeap 'non-profiled nmethods': size=119168Kb used=2425Kb max_used=2425Kb free=116742Kb
 bounds [0x00000149f7ac0000, 0x00000149f7d30000, 0x00000149fef20000]
CodeHeap 'profiled nmethods': size=119104Kb used=9164Kb max_used=9164Kb free=109939Kb
 bounds [0x00000149eff20000, 0x00000149f0820000, 0x00000149f7370000]
CodeHeap 'non-nmethods': size=7488Kb used=2978Kb max_used=3042Kb free=4509Kb
 bounds [0x00000149f7370000, 0x00000149f7670000, 0x00000149f7ac0000]
 total_blobs=5049 nmethods=4434 adapters=526
 compilation: enabled
              stopped_count=0, restarted_count=0
 full_count=0

Compilation events (20 events):
Event: 3.086 Thread 0x000001498ac42810 nmethod 4349 0x00000149f7d0f190 code [0x00000149f7d0f320, 0x00000149f7d0f878]
Event: 3.086 Thread 0x000001498633d090 nmethod 4382 0x00000149f7d0fb10 code [0x00000149f7d0fc80, 0x00000149f7d0fcf8]
Event: 3.089 Thread 0x000001498ad97ee0 nmethod 4354 0x00000149f7d0fe10 code [0x00000149f7d10000, 0x00000149f7d10688]
Event: 3.122 Thread 0x000001498ac422f0 nmethod 4341 0x00000149f7d10c90 code [0x00000149f7d10f40, 0x00000149f7d12c28]
Event: 3.133 Thread 0x000001498633d090 4384       4       org.eclipse.core.internal.dtree.DeltaDataTree::getData (135 bytes)
Event: 3.133 Thread 0x000001498ad97ee0 4385       4       org.eclipse.core.runtime.Path::<init> (37 bytes)
Event: 3.134 Thread 0x000001498ac422f0 4386       4       org.eclipse.core.runtime.Path::lastSegment (22 bytes)
Event: 3.134 Thread 0x000001498ac42810 4387       4       org.eclipse.core.runtime.Path::append (147 bytes)
Event: 3.135 Thread 0x0000014986601c70 4388       3       org.eclipse.core.runtime.jobs.Job::getState (5 bytes)
Event: 3.135 Thread 0x000001498646b8b0 4389       3       org.eclipse.core.internal.jobs.InternalJob::getState (60 bytes)
Event: 3.136 Thread 0x0000014986601c70 nmethod 4388 0x00000149f07ea910 code [0x00000149f07eaaa0, 0x00000149f07eabe8]
Event: 3.136 Thread 0x000001498646b8b0 nmethod 4389 0x00000149f07eac90 code [0x00000149f07eae40, 0x00000149f07eb078]
Event: 3.137 Thread 0x000001498ad97ee0 nmethod 4385 0x00000149f7d13d90 code [0x00000149f7d13f00, 0x00000149f7d13fb8]
Event: 3.138 Thread 0x000001498ac422f0 nmethod 4386 0x00000149f7d14090 code [0x00000149f7d14200, 0x00000149f7d142b8]
Event: 3.147 Thread 0x000001498ac42810 nmethod 4387 0x00000149f7d14390 code [0x00000149f7d14540, 0x00000149f7d14e78]
Event: 3.153 Thread 0x000001498633d090 nmethod 4384 0x00000149f7d15210 code [0x00000149f7d153c0, 0x00000149f7d15af8]
Event: 3.161 Thread 0x00000149891f0440 4390       1       org.eclipse.jdt.internal.compiler.parser.Parser::restartRecovery (5 bytes)
Event: 3.161 Thread 0x000001498633f9b0 4391       1       org.eclipse.jdt.internal.core.CompilationUnit::getElementName (5 bytes)
Event: 3.161 Thread 0x000001498633f9b0 nmethod 4391 0x00000149f7d16010 code [0x00000149f7d161a0, 0x00000149f7d16278]
Event: 3.161 Thread 0x00000149891f0440 nmethod 4390 0x00000149f7d16310 code [0x00000149f7d164a0, 0x00000149f7d16578]

GC Heap History (20 events):
Event: 2.374 GC heap before
{Heap before GC invocations=9 (full 1):
 PSYoungGen      total 25600K, used 24067K [0x00000000eab00000, 0x00000000ec880000, 0x0000000100000000)
  eden space 24064K, 93% used [0x00000000eab00000,0x00000000ec104048,0x00000000ec280000)
  from space 1536K, 99% used [0x00000000ec400000,0x00000000ec57ced8,0x00000000ec580000)
  to   space 3072K, 0% used [0x00000000ec580000,0x00000000ec580000,0x00000000ec880000)
 ParOldGen       total 68608K, used 8346K [0x00000000c0000000, 0x00000000c4300000, 0x00000000eab00000)
  object space 68608K, 12% used [0x00000000c0000000,0x00000000c0826b80,0x00000000c4300000)
 Metaspace       used 35231K, committed 35840K, reserved 1114112K
  class space    used 3545K, committed 3840K, reserved 1048576K
}
Event: 2.376 GC heap after
{Heap after GC invocations=9 (full 1):
 PSYoungGen      total 26624K, used 3065K [0x00000000eab00000, 0x00000000ec980000, 0x0000000100000000)
  eden space 23552K, 0% used [0x00000000eab00000,0x00000000eab00000,0x00000000ec200000)
  from space 3072K, 99% used [0x00000000ec580000,0x00000000ec87e590,0x00000000ec880000)
  to   space 3584K, 0% used [0x00000000ec200000,0x00000000ec200000,0x00000000ec580000)
 ParOldGen       total 68608K, used 8480K [0x00000000c0000000, 0x00000000c4300000, 0x00000000eab00000)
  object space 68608K, 12% used [0x00000000c0000000,0x00000000c0848180,0x00000000c4300000)
 Metaspace       used 35231K, committed 35840K, reserved 1114112K
  class space    used 3545K, committed 3840K, reserved 1048576K
}
Event: 2.376 GC heap before
{Heap before GC invocations=10 (full 2):
 PSYoungGen      total 26624K, used 3065K [0x00000000eab00000, 0x00000000ec980000, 0x0000000100000000)
  eden space 23552K, 0% used [0x00000000eab00000,0x00000000eab00000,0x00000000ec200000)
  from space 3072K, 99% used [0x00000000ec580000,0x00000000ec87e590,0x00000000ec880000)
  to   space 3584K, 0% used [0x00000000ec200000,0x00000000ec200000,0x00000000ec580000)
 ParOldGen       total 68608K, used 8480K [0x00000000c0000000, 0x00000000c4300000, 0x00000000eab00000)
  object space 68608K, 12% used [0x00000000c0000000,0x00000000c0848180,0x00000000c4300000)
 Metaspace       used 35231K, committed 35840K, reserved 1114112K
  class space    used 3545K, committed 3840K, reserved 1048576K
}
Event: 2.388 GC heap after
{Heap after GC invocations=10 (full 2):
 PSYoungGen      total 26624K, used 0K [0x00000000eab00000, 0x00000000ec980000, 0x0000000100000000)
  eden space 23552K, 0% used [0x00000000eab00000,0x00000000eab00000,0x00000000ec200000)
  from space 3072K, 0% used [0x00000000ec580000,0x00000000ec580000,0x00000000ec880000)
  to   space 3584K, 0% used [0x00000000ec200000,0x00000000ec200000,0x00000000ec580000)
 ParOldGen       total 68608K, used 11315K [0x00000000c0000000, 0x00000000c4300000, 0x00000000eab00000)
  object space 68608K, 16% used [0x00000000c0000000,0x00000000c0b0cd18,0x00000000c4300000)
 Metaspace       used 35231K, committed 35840K, reserved 1114112K
  class space    used 3545K, committed 3840K, reserved 1048576K
}
Event: 2.496 GC heap before
{Heap before GC invocations=11 (full 2):
 PSYoungGen      total 26624K, used 23552K [0x00000000eab00000, 0x00000000ec980000, 0x0000000100000000)
  eden space 23552K, 100% used [0x00000000eab00000,0x00000000ec200000,0x00000000ec200000)
  from space 3072K, 0% used [0x00000000ec580000,0x00000000ec580000,0x00000000ec880000)
  to   space 3584K, 0% used [0x00000000ec200000,0x00000000ec200000,0x00000000ec580000)
 ParOldGen       total 68608K, used 11315K [0x00000000c0000000, 0x00000000c4300000, 0x00000000eab00000)
  object space 68608K, 16% used [0x00000000c0000000,0x00000000c0b0cd18,0x00000000c4300000)
 Metaspace       used 36749K, committed 37504K, reserved 1114112K
  class space    used 3721K, committed 4032K, reserved 1048576K
}
Event: 2.498 GC heap after
{Heap after GC invocations=11 (full 2):
 PSYoungGen      total 25600K, used 2272K [0x00000000eab00000, 0x00000000ec780000, 0x0000000100000000)
  eden space 23040K, 0% used [0x00000000eab00000,0x00000000eab00000,0x00000000ec180000)
  from space 2560K, 88% used [0x00000000ec200000,0x00000000ec438040,0x00000000ec480000)
  to   space 3072K, 0% used [0x00000000ec480000,0x00000000ec480000,0x00000000ec780000)
 ParOldGen       total 68608K, used 11323K [0x00000000c0000000, 0x00000000c4300000, 0x00000000eab00000)
  object space 68608K, 16% used [0x00000000c0000000,0x00000000c0b0ed18,0x00000000c4300000)
 Metaspace       used 36749K, committed 37504K, reserved 1114112K
  class space    used 3721K, committed 4032K, reserved 1048576K
}
Event: 2.568 GC heap before
{Heap before GC invocations=12 (full 2):
 PSYoungGen      total 25600K, used 25312K [0x00000000eab00000, 0x00000000ec780000, 0x0000000100000000)
  eden space 23040K, 100% used [0x00000000eab00000,0x00000000ec180000,0x00000000ec180000)
  from space 2560K, 88% used [0x00000000ec200000,0x00000000ec438040,0x00000000ec480000)
  to   space 3072K, 0% used [0x00000000ec480000,0x00000000ec480000,0x00000000ec780000)
 ParOldGen       total 68608K, used 11323K [0x00000000c0000000, 0x00000000c4300000, 0x00000000eab00000)
  object space 68608K, 16% used [0x00000000c0000000,0x00000000c0b0ed18,0x00000000c4300000)
 Metaspace       used 36945K, committed 37632K, reserved 1114112K
  class space    used 3740K, committed 4032K, reserved 1048576K
}
Event: 2.570 GC heap after
{Heap after GC invocations=12 (full 2):
 PSYoungGen      total 24576K, used 3040K [0x00000000eab00000, 0x00000000eca00000, 0x0000000100000000)
  eden space 21504K, 0% used [0x00000000eab00000,0x00000000eab00000,0x00000000ec000000)
  from space 3072K, 98% used [0x00000000ec480000,0x00000000ec778040,0x00000000ec780000)
  to   space 4608K, 0% used [0x00000000ec000000,0x00000000ec000000,0x00000000ec480000)
 ParOldGen       total 68608K, used 12531K [0x00000000c0000000, 0x00000000c4300000, 0x00000000eab00000)
  object space 68608K, 18% used [0x00000000c0000000,0x00000000c0c3cd18,0x00000000c4300000)
 Metaspace       used 36945K, committed 37632K, reserved 1114112K
  class space    used 3740K, committed 4032K, reserved 1048576K
}
Event: 2.623 GC heap before
{Heap before GC invocations=13 (full 2):
 PSYoungGen      total 24576K, used 24544K [0x00000000eab00000, 0x00000000eca00000, 0x0000000100000000)
  eden space 21504K, 100% used [0x00000000eab00000,0x00000000ec000000,0x00000000ec000000)
  from space 3072K, 98% used [0x00000000ec480000,0x00000000ec778040,0x00000000ec780000)
  to   space 4608K, 0% used [0x00000000ec000000,0x00000000ec000000,0x00000000ec480000)
 ParOldGen       total 68608K, used 12531K [0x00000000c0000000, 0x00000000c4300000, 0x00000000eab00000)
  object space 68608K, 18% used [0x00000000c0000000,0x00000000c0c3cd18,0x00000000c4300000)
 Metaspace       used 37014K, committed 37760K, reserved 1114112K
  class space    used 3753K, committed 4096K, reserved 1048576K
}
Event: 2.625 GC heap after
{Heap after GC invocations=13 (full 2):
 PSYoungGen      total 24576K, used 2816K [0x00000000eab00000, 0x00000000ec700000, 0x0000000100000000)
  eden space 21504K, 0% used [0x00000000eab00000,0x00000000eab00000,0x00000000ec000000)
  from space 3072K, 91% used [0x00000000ec000000,0x00000000ec2c0020,0x00000000ec300000)
  to   space 3584K, 0% used [0x00000000ec380000,0x00000000ec380000,0x00000000ec700000)
 ParOldGen       total 68608K, used 15563K [0x00000000c0000000, 0x00000000c4300000, 0x00000000eab00000)
  object space 68608K, 22% used [0x00000000c0000000,0x00000000c0f32d58,0x00000000c4300000)
 Metaspace       used 37014K, committed 37760K, reserved 1114112K
  class space    used 3753K, committed 4096K, reserved 1048576K
}
Event: 2.656 GC heap before
{Heap before GC invocations=14 (full 2):
 PSYoungGen      total 24576K, used 24320K [0x00000000eab00000, 0x00000000ec700000, 0x0000000100000000)
  eden space 21504K, 100% used [0x00000000eab00000,0x00000000ec000000,0x00000000ec000000)
  from space 3072K, 91% used [0x00000000ec000000,0x00000000ec2c0020,0x00000000ec300000)
  to   space 3584K, 0% used [0x00000000ec380000,0x00000000ec380000,0x00000000ec700000)
 ParOldGen       total 68608K, used 15563K [0x00000000c0000000, 0x00000000c4300000, 0x00000000eab00000)
  object space 68608K, 22% used [0x00000000c0000000,0x00000000c0f32d58,0x00000000c4300000)
 Metaspace       used 37014K, committed 37760K, reserved 1114112K
  class space    used 3753K, committed 4096K, reserved 1048576K
}
Event: 2.658 GC heap after
{Heap after GC invocations=14 (full 2):
 PSYoungGen      total 24064K, used 2560K [0x00000000eab00000, 0x00000000ec600000, 0x0000000100000000)
  eden space 21504K, 0% used [0x00000000eab00000,0x00000000eab00000,0x00000000ec000000)
  from space 2560K, 100% used [0x00000000ec380000,0x00000000ec600000,0x00000000ec600000)
  to   space 3072K, 0% used [0x00000000ec000000,0x00000000ec000000,0x00000000ec300000)
 ParOldGen       total 68608K, used 18223K [0x00000000c0000000, 0x00000000c4300000, 0x00000000eab00000)
  object space 68608K, 26% used [0x00000000c0000000,0x00000000c11cbc90,0x00000000c4300000)
 Metaspace       used 37014K, committed 37760K, reserved 1114112K
  class space    used 3753K, committed 4096K, reserved 1048576K
}
Event: 2.680 GC heap before
{Heap before GC invocations=15 (full 2):
 PSYoungGen      total 24064K, used 24064K [0x00000000eab00000, 0x00000000ec600000, 0x0000000100000000)
  eden space 21504K, 100% used [0x00000000eab00000,0x00000000ec000000,0x00000000ec000000)
  from space 2560K, 100% used [0x00000000ec380000,0x00000000ec600000,0x00000000ec600000)
  to   space 3072K, 0% used [0x00000000ec000000,0x00000000ec000000,0x00000000ec300000)
 ParOldGen       total 68608K, used 18223K [0x00000000c0000000, 0x00000000c4300000, 0x00000000eab00000)
  object space 68608K, 26% used [0x00000000c0000000,0x00000000c11cbc90,0x00000000c4300000)
 Metaspace       used 37014K, committed 37760K, reserved 1114112K
  class space    used 3753K, committed 4096K, reserved 1048576K
}
Event: 2.681 GC heap after
{Heap after GC invocations=15 (full 2):
 PSYoungGen      total 24576K, used 2528K [0x00000000eab00000, 0x00000000ec600000, 0x0000000100000000)
  eden space 21504K, 0% used [0x00000000eab00000,0x00000000eab00000,0x00000000ec000000)
  from space 3072K, 82% used [0x00000000ec000000,0x00000000ec278010,0x00000000ec300000)
  to   space 3072K, 0% used [0x00000000ec300000,0x00000000ec300000,0x00000000ec600000)
 ParOldGen       total 68608K, used 20599K [0x00000000c0000000, 0x00000000c4300000, 0x00000000eab00000)
  object space 68608K, 30% used [0x00000000c0000000,0x00000000c141dc90,0x00000000c4300000)
 Metaspace       used 37014K, committed 37760K, reserved 1114112K
  class space    used 3753K, committed 4096K, reserved 1048576K
}
Event: 2.867 GC heap before
{Heap before GC invocations=16 (full 2):
 PSYoungGen      total 24576K, used 23982K [0x00000000eab00000, 0x00000000ec600000, 0x0000000100000000)
  eden space 21504K, 99% used [0x00000000eab00000,0x00000000ebff3830,0x00000000ec000000)
  from space 3072K, 82% used [0x00000000ec000000,0x00000000ec278010,0x00000000ec300000)
  to   space 3072K, 0% used [0x00000000ec300000,0x00000000ec300000,0x00000000ec600000)
 ParOldGen       total 68608K, used 20599K [0x00000000c0000000, 0x00000000c4300000, 0x00000000eab00000)
  object space 68608K, 30% used [0x00000000c0000000,0x00000000c141dc90,0x00000000c4300000)
 Metaspace       used 38790K, committed 39488K, reserved 1114112K
  class space    used 3969K, committed 4288K, reserved 1048576K
}
Event: 2.869 GC heap after
{Heap after GC invocations=16 (full 2):
 PSYoungGen      total 24064K, used 2242K [0x00000000eab00000, 0x00000000ec580000, 0x0000000100000000)
  eden space 21504K, 0% used [0x00000000eab00000,0x00000000eab00000,0x00000000ec000000)
  from space 2560K, 87% used [0x00000000ec300000,0x00000000ec530a50,0x00000000ec580000)
  to   space 2560K, 0% used [0x00000000ec080000,0x00000000ec080000,0x00000000ec300000)
 ParOldGen       total 68608K, used 23021K [0x00000000c0000000, 0x00000000c4300000, 0x00000000eab00000)
  object space 68608K, 33% used [0x00000000c0000000,0x00000000c167b520,0x00000000c4300000)
 Metaspace       used 38790K, committed 39488K, reserved 1114112K
  class space    used 3969K, committed 4288K, reserved 1048576K
}
Event: 3.006 GC heap before
{Heap before GC invocations=17 (full 2):
 PSYoungGen      total 24064K, used 23720K [0x00000000eab00000, 0x00000000ec580000, 0x0000000100000000)
  eden space 21504K, 99% used [0x00000000eab00000,0x00000000ebff9800,0x00000000ec000000)
  from space 2560K, 87% used [0x00000000ec300000,0x00000000ec530a50,0x00000000ec580000)
  to   space 2560K, 0% used [0x00000000ec080000,0x00000000ec080000,0x00000000ec300000)
 ParOldGen       total 68608K, used 23021K [0x00000000c0000000, 0x00000000c4300000, 0x00000000eab00000)
  object space 68608K, 33% used [0x00000000c0000000,0x00000000c167b520,0x00000000c4300000)
 Metaspace       used 39744K, committed 40448K, reserved 1114112K
  class space    used 4052K, committed 4352K, reserved 1048576K
}
Event: 3.007 GC heap after
{Heap after GC invocations=17 (full 2):
 PSYoungGen      total 23040K, used 1252K [0x00000000eab00000, 0x00000000ec400000, 0x0000000100000000)
  eden space 21504K, 0% used [0x00000000eab00000,0x00000000eab00000,0x00000000ec000000)
  from space 1536K, 81% used [0x00000000ec080000,0x00000000ec1b9048,0x00000000ec200000)
  to   space 2048K, 0% used [0x00000000ec200000,0x00000000ec200000,0x00000000ec400000)
 ParOldGen       total 68608K, used 25061K [0x00000000c0000000, 0x00000000c4300000, 0x00000000eab00000)
  object space 68608K, 36% used [0x00000000c0000000,0x00000000c18794b0,0x00000000c4300000)
 Metaspace       used 39744K, committed 40448K, reserved 1114112K
  class space    used 4052K, committed 4352K, reserved 1048576K
}
Event: 3.050 GC heap before
{Heap before GC invocations=18 (full 2):
 PSYoungGen      total 23040K, used 22756K [0x00000000eab00000, 0x00000000ec400000, 0x0000000100000000)
  eden space 21504K, 100% used [0x00000000eab00000,0x00000000ec000000,0x00000000ec000000)
  from space 1536K, 81% used [0x00000000ec080000,0x00000000ec1b9048,0x00000000ec200000)
  to   space 2048K, 0% used [0x00000000ec200000,0x00000000ec200000,0x00000000ec400000)
 ParOldGen       total 68608K, used 25061K [0x00000000c0000000, 0x00000000c4300000, 0x00000000eab00000)
  object space 68608K, 36% used [0x00000000c0000000,0x00000000c18794b0,0x00000000c4300000)
 Metaspace       used 39875K, committed 40512K, reserved 1114112K
  class space    used 4063K, committed 4352K, reserved 1048576K
}
Event: 3.051 GC heap after
{Heap after GC invocations=18 (full 2):
 PSYoungGen      total 22528K, used 897K [0x00000000eab00000, 0x00000000ec300000, 0x0000000100000000)
  eden space 21504K, 0% used [0x00000000eab00000,0x00000000eab00000,0x00000000ec000000)
  from space 1024K, 87% used [0x00000000ec200000,0x00000000ec2e06e8,0x00000000ec300000)
  to   space 1536K, 0% used [0x00000000ec000000,0x00000000ec000000,0x00000000ec180000)
 ParOldGen       total 68608K, used 26316K [0x00000000c0000000, 0x00000000c4300000, 0x00000000eab00000)
  object space 68608K, 38% used [0x00000000c0000000,0x00000000c19b3390,0x00000000c4300000)
 Metaspace       used 39875K, committed 40512K, reserved 1114112K
  class space    used 4063K, committed 4352K, reserved 1048576K
}

Dll operation events (10 events):
Event: 0.006 Loaded shared library c:\Users\joshm\.vscode\extensions\redhat.java-1.26.0-win32-x64\jre\17.0.9-win32-x86_64\bin\java.dll
Event: 0.106 Loaded shared library c:\Users\joshm\.vscode\extensions\redhat.java-1.26.0-win32-x64\jre\17.0.9-win32-x86_64\bin\zip.dll
Event: 0.108 Loaded shared library C:\Users\joshm\.vscode\extensions\redhat.java-1.26.0-win32-x64\jre\17.0.9-win32-x86_64\bin\instrument.dll
Event: 0.118 Loaded shared library C:\Users\joshm\.vscode\extensions\redhat.java-1.26.0-win32-x64\jre\17.0.9-win32-x86_64\bin\net.dll
Event: 0.120 Loaded shared library C:\Users\joshm\.vscode\extensions\redhat.java-1.26.0-win32-x64\jre\17.0.9-win32-x86_64\bin\nio.dll
Event: 0.124 Loaded shared library C:\Users\joshm\.vscode\extensions\redhat.java-1.26.0-win32-x64\jre\17.0.9-win32-x86_64\bin\zip.dll
Event: 0.137 Loaded shared library C:\Users\joshm\.vscode\extensions\redhat.java-1.26.0-win32-x64\jre\17.0.9-win32-x86_64\bin\jimage.dll
Event: 0.184 Loaded shared library c:\Users\joshm\.vscode\extensions\redhat.java-1.26.0-win32-x64\jre\17.0.9-win32-x86_64\bin\verify.dll
Event: 0.781 Loaded shared library C:\Users\joshm\AppData\Roaming\Code\User\globalStorage\redhat.java\1.26.0\config_ss_win\org.eclipse.equinox.launcher\org.eclipse.equinox.launcher.win32.win32.x86_64_1.2.800.v20231003-1442\eclipse_11802.dll
Event: 2.137 Loaded shared library C:\Users\joshm\AppData\Local\Temp\jna-101313875\jna14696897841439937026.dll

Deoptimization events (20 events):
Event: 3.013 Thread 0x0000014989027e10 Uncommon trap: trap_request=0xffffffc6 fr.pc=0x00000149f7c486bc relative=0x000000000000009c
Event: 3.013 Thread 0x0000014989027e10 Uncommon trap: reason=bimorphic_or_optimized_type_check action=maybe_recompile pc=0x00000149f7c486bc method=java.util.stream.Sink$ChainedReference.cancellationRequested()Z @ 4 c2
Event: 3.013 Thread 0x0000014989027e10 DEOPT PACKING pc=0x00000149f7c486bc sp=0x00000017526ff010
Event: 3.013 Thread 0x0000014989027e10 DEOPT UNPACKING pc=0x00000149f73c66a3 sp=0x00000017526fefa0 mode 2
Event: 3.013 Thread 0x0000014989027e10 Uncommon trap: trap_request=0xffffffc6 fr.pc=0x00000149f7c486bc relative=0x000000000000009c
Event: 3.013 Thread 0x0000014989027e10 Uncommon trap: reason=bimorphic_or_optimized_type_check action=maybe_recompile pc=0x00000149f7c486bc method=java.util.stream.Sink$ChainedReference.cancellationRequested()Z @ 4 c2
Event: 3.013 Thread 0x0000014989027e10 DEOPT PACKING pc=0x00000149f7c486bc sp=0x00000017526fef80
Event: 3.014 Thread 0x0000014989027e10 DEOPT UNPACKING pc=0x00000149f73c66a3 sp=0x00000017526fef10 mode 2
Event: 3.014 Thread 0x0000014989027e10 Uncommon trap: trap_request=0xffffffc6 fr.pc=0x00000149f7c486bc relative=0x000000000000009c
Event: 3.014 Thread 0x0000014989027e10 Uncommon trap: reason=bimorphic_or_optimized_type_check action=maybe_recompile pc=0x00000149f7c486bc method=java.util.stream.Sink$ChainedReference.cancellationRequested()Z @ 4 c2
Event: 3.014 Thread 0x0000014989027e10 DEOPT PACKING pc=0x00000149f7c486bc sp=0x00000017526fef80
Event: 3.014 Thread 0x0000014989027e10 DEOPT UNPACKING pc=0x00000149f73c66a3 sp=0x00000017526fef10 mode 2
Event: 3.132 Thread 0x0000014989027e10 Uncommon trap: trap_request=0xffffffc6 fr.pc=0x00000149f7d0d818 relative=0x00000000000006d8
Event: 3.133 Thread 0x0000014989027e10 Uncommon trap: reason=bimorphic_or_optimized_type_check action=maybe_recompile pc=0x00000149f7d0d818 method=org.eclipse.core.internal.dtree.DeltaDataTree.searchNodeAt(Lorg/eclipse/core/runtime/IPath;)Lorg/eclipse/core/internal/dtree/AbstractDataTreeNode; 
Event: 3.133 Thread 0x0000014989027e10 DEOPT PACKING pc=0x00000149f7d0d818 sp=0x00000017526ff2d0
Event: 3.133 Thread 0x0000014989027e10 DEOPT UNPACKING pc=0x00000149f73c66a3 sp=0x00000017526ff278 mode 2
Event: 3.133 Thread 0x0000014989027e10 Uncommon trap: trap_request=0xffffff45 fr.pc=0x00000149f7d1286c relative=0x000000000000192c
Event: 3.133 Thread 0x0000014989027e10 Uncommon trap: reason=unstable_if action=reinterpret pc=0x00000149f7d1286c method=org.eclipse.core.internal.dtree.AbstractDataTreeNode.assembleWith(Lorg/eclipse/core/internal/dtree/AbstractDataTreeNode;Lorg/eclipse/core/runtime/IPath;I)Lorg/eclipse/core/i
Event: 3.133 Thread 0x0000014989027e10 DEOPT PACKING pc=0x00000149f7d1286c sp=0x00000017526ff230
Event: 3.133 Thread 0x0000014989027e10 DEOPT UNPACKING pc=0x00000149f73c66a3 sp=0x00000017526ff200 mode 2

Classes unloaded (7 events):
Event: 1.188 Thread 0x00000149ed33eb60 Unloading class 0x000000010021e400 'java/lang/invoke/LambdaForm$MH+0x000000010021e400'
Event: 1.188 Thread 0x00000149ed33eb60 Unloading class 0x000000010021e000 'java/lang/invoke/LambdaForm$MH+0x000000010021e000'
Event: 1.188 Thread 0x00000149ed33eb60 Unloading class 0x000000010021dc00 'java/lang/invoke/LambdaForm$MH+0x000000010021dc00'
Event: 1.188 Thread 0x00000149ed33eb60 Unloading class 0x000000010021d800 'java/lang/invoke/LambdaForm$MH+0x000000010021d800'
Event: 1.188 Thread 0x00000149ed33eb60 Unloading class 0x000000010021d400 'java/lang/invoke/LambdaForm$BMH+0x000000010021d400'
Event: 1.188 Thread 0x00000149ed33eb60 Unloading class 0x000000010021d000 'java/lang/invoke/LambdaForm$DMH+0x000000010021d000'
Event: 1.188 Thread 0x00000149ed33eb60 Unloading class 0x0000000100218400 'java/lang/invoke/LambdaForm$DMH+0x0000000100218400'

Classes redefined (0 events):
No events

Internal exceptions (20 events):
Event: 2.165 Thread 0x0000014988bf64f0 Exception <a 'java/lang/UnsatisfiedLinkError'{0x00000000eac96d70}: The specified procedure could not be found.
> (0x00000000eac96d70) 
thrown [s\src\hotspot\share\prims\jni.cpp, line 535]
Event: 2.183 Thread 0x00000149ed292710 Exception <a 'java/lang/NoSuchMethodError'{0x00000000eae9e080}: 'java.lang.Object java.lang.invoke.DirectMethodHandle$Holder.invokeStatic(java.lang.Object, java.lang.Object, long, java.lang.Object)'> (0x00000000eae9e080) 
thrown [s\src\hotspot\share\interpreter\linkResolver.cpp, line 759]
Event: 2.183 Thread 0x00000149ed292710 Exception <a 'java/lang/NoSuchMethodError'{0x00000000eaea1b18}: 'java.lang.Object java.lang.invoke.DirectMethodHandle$Holder.invokeStaticInit(java.lang.Object, java.lang.Object, long, java.lang.Object)'> (0x00000000eaea1b18) 
thrown [s\src\hotspot\share\interpreter\linkResolver.cpp, line 759]
Event: 2.184 Thread 0x00000149ed292710 Exception <a 'java/lang/NoSuchMethodError'{0x00000000eaeb3c70}: 'java.lang.Object java.lang.invoke.DirectMethodHandle$Holder.newInvokeSpecial(java.lang.Object, java.lang.Object, long)'> (0x00000000eaeb3c70) 
thrown [s\src\hotspot\share\interpreter\linkResolver.cpp, line 759]
Event: 2.215 Thread 0x00000149ed292710 Exception <a 'java/lang/NoSuchMethodError'{0x00000000eb0a50f0}: 'void java.lang.invoke.DirectMethodHandle$Holder.invokeStatic(java.lang.Object, java.lang.Object, java.lang.Object, java.lang.Object)'> (0x00000000eb0a50f0) 
thrown [s\src\hotspot\share\interpreter\linkResolver.cpp, line 759]
Event: 2.281 Thread 0x00000149ed292710 Exception <a 'java/lang/NoSuchMethodError'{0x00000000eb8cf298}: 'void java.lang.invoke.DirectMethodHandle$Holder.invokeSpecial(java.lang.Object, java.lang.Object, java.lang.Object, java.lang.Object, java.lang.Object, java.lang.Object)'> (0x00000000eb8cf298) 
thrown [s\src\hotspot\share\interpreter\linkResolver.cpp, line 759]
Event: 2.282 Thread 0x00000149ed292710 Exception <a 'java/lang/IncompatibleClassChangeError'{0x00000000eb8d8d90}: Found class java.lang.Object, but interface was expected> (0x00000000eb8d8d90) 
thrown [s\src\hotspot\share\interpreter\linkResolver.cpp, line 826]
Event: 2.354 Thread 0x00000149890273f0 Exception <a 'java/io/FileNotFoundException'{0x00000000ebed5db8}> (0x00000000ebed5db8) 
thrown [s\src\hotspot\share\prims\jni.cpp, line 516]
Event: 2.369 Thread 0x00000149890273f0 Exception <a 'sun/nio/fs/WindowsException'{0x00000000ec087ca0}> (0x00000000ec087ca0) 
thrown [s\src\hotspot\share\prims\jni.cpp, line 516]
Event: 2.372 Thread 0x0000014989026ee0 Exception <a 'java/io/FileNotFoundException'{0x00000000ec0a7468}> (0x00000000ec0a7468) 
thrown [s\src\hotspot\share\prims\jni.cpp, line 516]
Event: 2.372 Thread 0x0000014989026ee0 Exception <a 'java/io/FileNotFoundException'{0x00000000ec0a8460}> (0x00000000ec0a8460) 
thrown [s\src\hotspot\share\prims\jni.cpp, line 516]
Event: 2.414 Thread 0x00000149890273f0 Exception <a 'java/lang/NoSuchMethodError'{0x00000000eaf04440}: 'int java.lang.invoke.DirectMethodHandle$Holder.invokeVirtual(java.lang.Object, java.lang.Object)'> (0x00000000eaf04440) 
thrown [s\src\hotspot\share\interpreter\linkResolver.cpp, line 759]
Event: 2.415 Thread 0x0000014989025fb0 Exception <a 'java/lang/NoSuchMethodError'{0x00000000eaf34198}: 'java.lang.Object java.lang.invoke.Invokers$Holder.invoke_MT(java.lang.Object, java.lang.Object, java.lang.Object)'> (0x00000000eaf34198) 
thrown [s\src\hotspot\share\interpreter\linkResolver.cpp, line 759]
Event: 2.510 Thread 0x0000014989025fb0 Exception <a 'java/io/FileNotFoundException'{0x00000000eaedaf90}> (0x00000000eaedaf90) 
thrown [s\src\hotspot\share\prims\jni.cpp, line 516]
Event: 2.511 Thread 0x0000014989025fb0 Exception <a 'java/io/FileNotFoundException'{0x00000000eaedc4c8}> (0x00000000eaedc4c8) 
thrown [s\src\hotspot\share\prims\jni.cpp, line 516]
Event: 2.512 Thread 0x0000014989025fb0 Exception <a 'java/lang/NoSuchMethodError'{0x00000000eaeed6e0}: 'void java.lang.invoke.DirectMethodHandle$Holder.invokeStaticInit(java.lang.Object, java.lang.Object, java.lang.Object)'> (0x00000000eaeed6e0) 
thrown [s\src\hotspot\share\interpreter\linkResolver.cpp, line 759]
Event: 2.755 Thread 0x000001498b52d7d0 Exception <a 'java/lang/NoSuchMethodError'{0x00000000eb4db8e8}: 'java.lang.Object java.lang.invoke.DirectMethodHandle$Holder.invokeInterface(java.lang.Object, java.lang.Object, java.lang.Object)'> (0x00000000eb4db8e8) 
thrown [s\src\hotspot\share\interpreter\linkResolver.cpp, line 759]
Event: 2.755 Thread 0x00000149890273f0 Exception <a 'java/lang/NoSuchMethodError'{0x00000000eb4f93e0}: 'java.lang.Object java.lang.invoke.DirectMethodHandle$Holder.invokeInterface(java.lang.Object, java.lang.Object, java.lang.Object)'> (0x00000000eb4f93e0) 
thrown [s\src\hotspot\share\interpreter\linkResolver.cpp, line 759]
Event: 2.943 Thread 0x000001498b52d7d0 Exception <a 'java/lang/LinkageError'{0x00000000eb03fe70}: loader lombok.launch.ShadowClassLoader @56f38876 attempted duplicate class definition for lombok.launch.PatchFixesHider$ValPortal. (lombok.launch.PatchFixesHider$ValPortal is in unnamed module of loader lombok.launch.ShadowClassLoader @56f38876, parent loader org.eclipse.osgi.internal.loader.EquinoxClassLoader @5b80d006)> (0x00000000eb03fe70) 
thrown [s\src\hotspot\share\classfile\systemDictionary.cpp, line 1724]
Event: 3.025 Thread 0x0000014989026ee0 Exception <a 'java/io/FileNotFoundException'{0x00000000eb085cb8}> (0x00000000eb085cb8) 
thrown [s\src\hotspot\share\prims\jni.cpp, line 516]

VM Operations (20 events):
Event: 2.568 Executing VM operation: ParallelGCFailedAllocation
Event: 2.570 Executing VM operation: ParallelGCFailedAllocation done
Event: 2.623 Executing VM operation: ParallelGCFailedAllocation
Event: 2.625 Executing VM operation: ParallelGCFailedAllocation done
Event: 2.656 Executing VM operation: ParallelGCFailedAllocation
Event: 2.658 Executing VM operation: ParallelGCFailedAllocation done
Event: 2.680 Executing VM operation: ParallelGCFailedAllocation
Event: 2.681 Executing VM operation: ParallelGCFailedAllocation done
Event: 2.707 Executing VM operation: HandshakeAllThreads
Event: 2.708 Executing VM operation: HandshakeAllThreads done
Event: 2.788 Executing VM operation: HandshakeAllThreads
Event: 2.788 Executing VM operation: HandshakeAllThreads done
Event: 2.867 Executing VM operation: ParallelGCFailedAllocation
Event: 2.869 Executing VM operation: ParallelGCFailedAllocation done
Event: 2.919 Executing VM operation: HandshakeAllThreads
Event: 2.919 Executing VM operation: HandshakeAllThreads done
Event: 3.005 Executing VM operation: ParallelGCFailedAllocation
Event: 3.007 Executing VM operation: ParallelGCFailedAllocation done
Event: 3.049 Executing VM operation: ParallelGCFailedAllocation
Event: 3.051 Executing VM operation: ParallelGCFailedAllocation done

Events (20 events):
Event: 2.742 loading class java/util/concurrent/CompletableFuture$UniAccept done
Event: 2.742 loading class java/util/concurrent/CompletableFuture$UniExceptionally
Event: 2.742 loading class java/util/concurrent/CompletableFuture$UniExceptionally done
Event: 2.744 loading class jdk/internal/reflect/UnsafeIntegerFieldAccessorImpl
Event: 2.745 loading class jdk/internal/reflect/UnsafeIntegerFieldAccessorImpl done
Event: 2.779 loading class sun/nio/cs/ThreadLocalCoders
Event: 2.779 loading class sun/nio/cs/ThreadLocalCoders done
Event: 2.779 loading class sun/nio/cs/ThreadLocalCoders$1
Event: 2.779 loading class sun/nio/cs/ThreadLocalCoders$Cache
Event: 2.779 loading class sun/nio/cs/ThreadLocalCoders$Cache done
Event: 2.779 loading class sun/nio/cs/ThreadLocalCoders$1 done
Event: 2.779 loading class sun/nio/cs/ThreadLocalCoders$2
Event: 2.779 loading class sun/nio/cs/ThreadLocalCoders$2 done
Event: 2.863 loading class java/lang/ExceptionInInitializerError
Event: 2.863 loading class java/lang/ExceptionInInitializerError done
Event: 3.011 loading class java/util/ArrayDeque$DeqSpliterator
Event: 3.011 loading class java/util/ArrayDeque$DeqSpliterator done
Event: 3.028 Thread 0x000001498b52aa40 Thread added: 0x000001498b52aa40
Event: 3.029 loading class java/util/WeakHashMap$KeyIterator
Event: 3.030 loading class java/util/WeakHashMap$KeyIterator done


Dynamic libraries:
0x00007ff6aaeb0000 - 0x00007ff6aaebe000 	c:\Users\joshm\.vscode\extensions\redhat.java-1.26.0-win32-x64\jre\17.0.9-win32-x86_64\bin\java.exe
0x00007fff52790000 - 0x00007fff529a7000 	C:\WINDOWS\SYSTEM32\ntdll.dll
0x00007fff50ad0000 - 0x00007fff50b94000 	C:\WINDOWS\System32\KERNEL32.DLL
0x00007fff4feb0000 - 0x00007fff50256000 	C:\WINDOWS\System32\KERNELBASE.dll
0x00007fff4fc40000 - 0x00007fff4fd51000 	C:\WINDOWS\System32\ucrtbase.dll
0x00007fff43e00000 - 0x00007fff43e1b000 	c:\Users\joshm\.vscode\extensions\redhat.java-1.26.0-win32-x64\jre\17.0.9-win32-x86_64\bin\VCRUNTIME140.dll
0x00007fff3c7f0000 - 0x00007fff3c807000 	c:\Users\joshm\.vscode\extensions\redhat.java-1.26.0-win32-x64\jre\17.0.9-win32-x86_64\bin\jli.dll
0x00007fff51090000 - 0x00007fff5123e000 	C:\WINDOWS\System32\USER32.dll
0x00007fff3fdd0000 - 0x00007fff40063000 	C:\WINDOWS\WinSxS\amd64_microsoft.windows.common-controls_6595b64144ccf1df_6.0.22621.2506_none_270c5ae97388e100\COMCTL32.dll
0x00007fff50260000 - 0x00007fff50286000 	C:\WINDOWS\System32\win32u.dll
0x00007fff51300000 - 0x00007fff513a7000 	C:\WINDOWS\System32\msvcrt.dll
0x00007fff50a50000 - 0x00007fff50a79000 	C:\WINDOWS\System32\GDI32.dll
0x00007fff4fd90000 - 0x00007fff4fea8000 	C:\WINDOWS\System32\gdi32full.dll
0x00007fff50310000 - 0x00007fff503aa000 	C:\WINDOWS\System32\msvcp_win.dll
0x00007fff51240000 - 0x00007fff51271000 	C:\WINDOWS\System32\IMM32.DLL
0x00007fff4cd10000 - 0x00007fff4cd1c000 	c:\Users\joshm\.vscode\extensions\redhat.java-1.26.0-win32-x64\jre\17.0.9-win32-x86_64\bin\vcruntime140_1.dll
0x00007fff17400000 - 0x00007fff1748d000 	c:\Users\joshm\.vscode\extensions\redhat.java-1.26.0-win32-x64\jre\17.0.9-win32-x86_64\bin\msvcp140.dll
0x00007ffee0550000 - 0x00007ffee11b1000 	c:\Users\joshm\.vscode\extensions\redhat.java-1.26.0-win32-x64\jre\17.0.9-win32-x86_64\bin\server\jvm.dll
0x00007fff51410000 - 0x00007fff514c3000 	C:\WINDOWS\System32\ADVAPI32.dll
0x00007fff50870000 - 0x00007fff50918000 	C:\WINDOWS\System32\sechost.dll
0x00007fff4fd60000 - 0x00007fff4fd88000 	C:\WINDOWS\System32\bcrypt.dll
0x00007fff50930000 - 0x00007fff50a47000 	C:\WINDOWS\System32\RPCRT4.dll
0x00007fff4f9a0000 - 0x00007fff4f9ed000 	C:\WINDOWS\SYSTEM32\POWRPROF.dll
0x00007fff43bb0000 - 0x00007fff43bb9000 	C:\WINDOWS\SYSTEM32\WSOCK32.dll
0x00007fff48ea0000 - 0x00007fff48ed4000 	C:\WINDOWS\SYSTEM32\WINMM.dll
0x00007fff51280000 - 0x00007fff512f1000 	C:\WINDOWS\System32\WS2_32.dll
0x00007fff48910000 - 0x00007fff4891a000 	C:\WINDOWS\SYSTEM32\VERSION.dll
0x00007fff4f980000 - 0x00007fff4f993000 	C:\WINDOWS\SYSTEM32\UMPDC.dll
0x00007fff4eac0000 - 0x00007fff4ead8000 	C:\WINDOWS\SYSTEM32\kernel.appcore.dll
0x00007fff42fb0000 - 0x00007fff42fba000 	c:\Users\joshm\.vscode\extensions\redhat.java-1.26.0-win32-x64\jre\17.0.9-win32-x86_64\bin\jimage.dll
0x00007fff477d0000 - 0x00007fff47a03000 	C:\WINDOWS\SYSTEM32\DBGHELP.DLL
0x00007fff504e0000 - 0x00007fff50869000 	C:\WINDOWS\System32\combase.dll
0x00007fff52420000 - 0x00007fff524f7000 	C:\WINDOWS\System32\OLEAUT32.dll
0x00007fff2ca20000 - 0x00007fff2ca52000 	C:\WINDOWS\SYSTEM32\dbgcore.DLL
0x00007fff50290000 - 0x00007fff5030a000 	C:\WINDOWS\System32\bcryptPrimitives.dll
0x00007fff3fba0000 - 0x00007fff3fbae000 	c:\Users\joshm\.vscode\extensions\redhat.java-1.26.0-win32-x64\jre\17.0.9-win32-x86_64\bin\instrument.dll
0x00007fff3c760000 - 0x00007fff3c785000 	c:\Users\joshm\.vscode\extensions\redhat.java-1.26.0-win32-x64\jre\17.0.9-win32-x86_64\bin\java.dll
0x00007fff3c3f0000 - 0x00007fff3c408000 	c:\Users\joshm\.vscode\extensions\redhat.java-1.26.0-win32-x64\jre\17.0.9-win32-x86_64\bin\zip.dll
0x00007fff51540000 - 0x00007fff51d9a000 	C:\WINDOWS\System32\SHELL32.dll
0x00007fff4d9d0000 - 0x00007fff4e2c6000 	C:\WINDOWS\SYSTEM32\windows.storage.dll
0x00007fff4d890000 - 0x00007fff4d9ce000 	C:\WINDOWS\SYSTEM32\wintypes.dll
0x00007fff52650000 - 0x00007fff52743000 	C:\WINDOWS\System32\SHCORE.dll
0x00007fff513b0000 - 0x00007fff5140e000 	C:\WINDOWS\System32\shlwapi.dll
0x00007fff4fa00000 - 0x00007fff4fa26000 	C:\WINDOWS\SYSTEM32\profapi.dll
0x00007fff3a550000 - 0x00007fff3a569000 	C:\Users\joshm\.vscode\extensions\redhat.java-1.26.0-win32-x64\jre\17.0.9-win32-x86_64\bin\net.dll
0x00007fff4a020000 - 0x00007fff4a157000 	C:\WINDOWS\SYSTEM32\WINHTTP.dll
0x00007fff4ef30000 - 0x00007fff4ef99000 	C:\WINDOWS\system32\mswsock.dll
0x00007fff3a530000 - 0x00007fff3a546000 	C:\Users\joshm\.vscode\extensions\redhat.java-1.26.0-win32-x64\jre\17.0.9-win32-x86_64\bin\nio.dll
0x00007fff3e6e0000 - 0x00007fff3e6f0000 	c:\Users\joshm\.vscode\extensions\redhat.java-1.26.0-win32-x64\jre\17.0.9-win32-x86_64\bin\verify.dll
0x00007fff32e40000 - 0x00007fff32e7e000 	C:\Users\joshm\AppData\Roaming\Code\User\globalStorage\redhat.java\1.26.0\config_ss_win\org.eclipse.equinox.launcher\org.eclipse.equinox.launcher.win32.win32.x86_64_1.2.800.v20231003-1442\eclipse_11802.dll
0x00007fff50c70000 - 0x00007fff50e10000 	C:\WINDOWS\System32\ole32.dll
0x00007fff4f170000 - 0x00007fff4f18b000 	C:\WINDOWS\SYSTEM32\CRYPTSP.dll
0x00007fff4ea20000 - 0x00007fff4ea55000 	C:\WINDOWS\system32\rsaenh.dll
0x00007fff4efe0000 - 0x00007fff4f00c000 	C:\WINDOWS\SYSTEM32\USERENV.dll
0x00007fff4f160000 - 0x00007fff4f16c000 	C:\WINDOWS\SYSTEM32\CRYPTBASE.dll
0x00007fff4e570000 - 0x00007fff4e59d000 	C:\WINDOWS\SYSTEM32\IPHLPAPI.DLL
0x00007fff51080000 - 0x00007fff51089000 	C:\WINDOWS\System32\NSI.dll
0x00007fff49f50000 - 0x00007fff49f69000 	C:\WINDOWS\SYSTEM32\dhcpcsvc6.DLL
0x00007fff498d0000 - 0x00007fff498ef000 	C:\WINDOWS\SYSTEM32\dhcpcsvc.DLL
0x00007fff4e5a0000 - 0x00007fff4e699000 	C:\WINDOWS\SYSTEM32\DNSAPI.dll
0x00007fff20920000 - 0x00007fff20965000 	C:\Users\joshm\AppData\Local\Temp\jna-101313875\jna14696897841439937026.dll
0x00007fff50920000 - 0x00007fff50928000 	C:\WINDOWS\System32\PSAPI.DLL

dbghelp: loaded successfully - version: 4.0.5 - missing functions: none
symbol engine: initialized successfully - sym options: 0x614 - pdb path: .;c:\Users\joshm\.vscode\extensions\redhat.java-1.26.0-win32-x64\jre\17.0.9-win32-x86_64\bin;C:\WINDOWS\SYSTEM32;C:\WINDOWS\WinSxS\amd64_microsoft.windows.common-controls_6595b64144ccf1df_6.0.22621.2506_none_270c5ae97388e100;c:\Users\joshm\.vscode\extensions\redhat.java-1.26.0-win32-x64\jre\17.0.9-win32-x86_64\bin\server;C:\Users\joshm\AppData\Roaming\Code\User\globalStorage\redhat.java\1.26.0\config_ss_win\org.eclipse.equinox.launcher\org.eclipse.equinox.launcher.win32.win32.x86_64_1.2.800.v20231003-1442;C:\Users\joshm\AppData\Local\Temp\jna-101313875

VM Arguments:
jvm_args: --add-modules=ALL-SYSTEM --add-opens=java.base/java.util=ALL-UNNAMED --add-opens=java.base/java.lang=ALL-UNNAMED --add-opens=java.base/sun.nio.fs=ALL-UNNAMED -Declipse.application=org.eclipse.jdt.ls.core.id1 -Dosgi.bundles.defaultStartLevel=4 -Declipse.product=org.eclipse.jdt.ls.core.product -Djava.import.generatesMetadataFilesAtProjectRoot=false -DDetectVMInstallationsJob.disabled=true -Dfile.encoding=utf8 -XX:+UseParallelGC -XX:GCTimeRatio=4 -XX:AdaptiveSizePolicyWeight=90 -Dsun.zip.disableMemoryMapping=true -Xmx1G -Xms100m -Xlog:disable -javaagent:c:\Users\joshm\.vscode\extensions\redhat.java-1.26.0-win32-x64\lombok\lombok-1.18.31-3454.jar 
java_command: c:\Users\joshm\.vscode\extensions\redhat.java-1.26.0-win32-x64\server\plugins\org.eclipse.equinox.launcher_1.6.700.v20231214-2017.jar -configuration c:\Users\joshm\AppData\Roaming\Code\User\globalStorage\redhat.java\1.26.0\config_ss_win -data c:\Users\joshm\AppData\Roaming\Code\User\workspaceStorage\b0d151ee9e6ba5e463fc4d2f3f896610\redhat.java\ss_ws --stdio
java_class_path (initial): c:\Users\joshm\.vscode\extensions\redhat.java-1.26.0-win32-x64\server\plugins\org.eclipse.equinox.launcher_1.6.700.v20231214-2017.jar
Launcher Type: SUN_STANDARD

[Global flags]
    uintx AdaptiveSizePolicyWeight                 = 90                                        {product} {command line}
     intx CICompilerCount                          = 12                                        {product} {ergonomic}
    uintx GCTimeRatio                              = 4                                         {product} {command line}
   size_t InitialHeapSize                          = 104857600                                 {product} {command line}
   size_t MaxHeapSize                              = 1073741824                                {product} {command line}
   size_t MaxNewSize                               = 357564416                                 {product} {ergonomic}
   size_t MinHeapDeltaBytes                        = 524288                                    {product} {ergonomic}
   size_t MinHeapSize                              = 104857600                                 {product} {command line}
   size_t NewSize                                  = 34603008                                  {product} {ergonomic}
    uintx NonNMethodCodeHeapSize                   = 7602480                                {pd product} {ergonomic}
    uintx NonProfiledCodeHeapSize                  = 122027880                              {pd product} {ergonomic}
   size_t OldSize                                  = 70254592                                  {product} {ergonomic}
    uintx ProfiledCodeHeapSize                     = 122027880                              {pd product} {ergonomic}
    uintx ReservedCodeCacheSize                    = 251658240                              {pd product} {ergonomic}
     bool SegmentedCodeCache                       = true                                      {product} {ergonomic}
   size_t SoftMaxHeapSize                          = 1073741824                             {manageable} {ergonomic}
     bool UseCompressedClassPointers               = true                           {product lp64_product} {ergonomic}
     bool UseCompressedOops                        = true                           {product lp64_product} {ergonomic}
     bool UseLargePagesIndividualAllocation        = false                                  {pd product} {ergonomic}
     bool UseParallelGC                            = true                                      {product} {command line}

Logging:
Log output configuration:
 #0: stdout all=off uptime,level,tags
 #1: stderr all=off uptime,level,tags

Environment Variables:
JAVA_HOME=C:\Program Files\Java\jdk-17
PATH=C:\Program Files\Common Files\Oracle\Java\javapath;C:\Program Files (x86)\Razer\ChromaBroadcast\bin;C:\Program Files\Razer\ChromaBroadcast\bin;C:\Windows\system32;C:\Windows;C:\Windows\System32\Wbem;C:\Windows\System32\WindowsPowerShell\v1.0\;C:\Windows\System32\OpenSSH\;C:\Program Files (x86)\NVIDIA Corporation\PhysX\Common;C:\Program Files\NVIDIA Corporation\NVIDIA NvDLISR;C:\WINDOWS\system32;C:\WINDOWS;C:\WINDOWS\System32\Wbem;C:\WINDOWS\System32\WindowsPowerShell\v1.0\;C:\WINDOWS\System32\OpenSSH\;C:\WINDOWS\system32\config\systemprofile\AppData\Local\Microsoft\WindowsApps;C:\Program Files\dotnet\;C:\ProgramData\chocolatey\bin;C:\Program Files\Git\cmd;C:\Users\joshm\AppData\Local\Microsoft\WindowsApps;C:\Users\joshm\AppData\Local\Programs\Microsoft VS Code\bin;C:\Users\joshm\AppData\Local\Programs\Python\Python311;C:\Users\joshm\AppData\Local\spicetify;C:\Flutter\flutter\bin;
USERNAME=joshm
OS=Windows_NT
PROCESSOR_IDENTIFIER=AMD64 Family 25 Model 68 Stepping 1, AuthenticAMD
TMP=C:\Users\joshm\AppData\Local\Temp
TEMP=C:\Users\joshm\AppData\Local\Temp



Periodic native trim disabled


---------------  S Y S T E M  ---------------

OS:
 Windows 11 , 64 bit Build 22621 (10.0.22621.2506)
OS uptime: 0 days 19:00 hours
Hyper-V role detected

CPU: total 16 (initial active 16) (16 cores per cpu, 2 threads per core) family 25 model 68 stepping 1 microcode 0x0, cx8, cmov, fxsr, ht, mmx, 3dnowpref, sse, sse2, sse3, ssse3, sse4a, sse4.1, sse4.2, popcnt, lzcnt, tsc, tscinvbit, avx, avx2, aes, clmul, bmi1, bmi2, adx, sha, fma, vzeroupper, clflush, clflushopt, hv
Processor Information for all 16 processors :
  Max Mhz: 3201, Current Mhz: 3201, Mhz Limit: 3201

Memory: 4k page, system-wide physical 15613M (3448M free)
TotalPageFile size 37089M (AvailPageFile size 6M)
current process WorkingSet (physical memory assigned to process): 197M, peak: 197M
current process commit charge ("private bytes"): 298M, peak: 298M

vm_info: OpenJDK 64-Bit Server VM (17.0.9+9) for windows-amd64 JRE (17.0.9+9), built on Oct 26 2023 14:01:42 by "admin" with MS VC++ 16.10 / 16.11 (VS2019)

END.
