#
# There is insufficient memory for the Java Runtime Environment to continue.
# Native memory allocation (malloc) failed to allocate 1934960 bytes for Chunk::new
# Possible reasons:
#   The system is out of physical RAM or swap space
#   The process is running with CompressedOops enabled, and the Java Heap may be blocking the growth of the native heap
# Possible solutions:
#   Reduce memory load on the system
#   Increase physical memory or swap space
#   Check if swap backing store is full
#   Decrease Java heap size (-Xmx/-Xms)
#   Decrease number of Java threads
#   Decrease Java thread stack sizes (-Xss)
#   Set larger code cache with -XX:ReservedCodeCacheSize=
#   JVM is running with Unscaled Compressed Oops mode in which the Java heap is
#     placed in the first 4GB address space. The Java Heap base address is the
#     maximum limit for the native heap growth. Please use -XX:HeapBaseMinAddress
#     to set the Java Heap base and to place the Java Heap above 4GB virtual address.
# This output file may be truncated or incomplete.
#
#  Out of Memory Error (arena.cpp:191), pid=25028, tid=5444
#
# JRE version: OpenJDK Runtime Environment Temurin-17.0.9+9 (17.0.9+9) (build 17.0.9+9)
# Java VM: OpenJDK 64-Bit Server VM Temurin-17.0.9+9 (17.0.9+9, mixed mode, tiered, compressed oops, compressed class ptrs, parallel gc, windows-amd64)
# No core dump will be written. Minidumps are not enabled by default on client versions of Windows
#

---------------  S U M M A R Y ------------

Command Line: --add-modules=ALL-SYSTEM --add-opens=java.base/java.util=ALL-UNNAMED --add-opens=java.base/java.lang=ALL-UNNAMED --add-opens=java.base/sun.nio.fs=ALL-UNNAMED -Declipse.application=org.eclipse.jdt.ls.core.id1 -Dosgi.bundles.defaultStartLevel=4 -Declipse.product=org.eclipse.jdt.ls.core.product -Djava.import.generatesMetadataFilesAtProjectRoot=false -DDetectVMInstallationsJob.disabled=true -Dfile.encoding=utf8 -XX:+UseParallelGC -XX:GCTimeRatio=4 -XX:AdaptiveSizePolicyWeight=90 -Dsun.zip.disableMemoryMapping=true -Xmx1G -Xms100m -Xlog:disable -javaagent:c:\Users\joshm\.vscode\extensions\redhat.java-1.26.0-win32-x64\lombok\lombok-1.18.31-3454.jar -XX:+HeapDumpOnOutOfMemoryError -XX:HeapDumpPath=c:\Users\joshm\AppData\Roaming\Code\User\workspaceStorage\b0d151ee9e6ba5e463fc4d2f3f896610\redhat.java -Daether.dependencyCollector.impl=bf c:\Users\joshm\.vscode\extensions\redhat.java-1.26.0-win32-x64\server\plugins\org.eclipse.equinox.launcher_1.6.700.v20231214-2017.jar -configuration c:\Users\joshm\AppData\Roaming\Code\User\globalStorage\redhat.java\1.26.0\config_win -data c:\Users\joshm\AppData\Roaming\Code\User\workspaceStorage\b0d151ee9e6ba5e463fc4d2f3f896610\redhat.java\jdt_ws --stdio

Host: AMD Ryzen 7 6800H with Radeon Graphics         , 16 cores, 15G,  Windows 11 , 64 bit Build 22621 (10.0.22621.2506)
Time: Thu Jan 18 10:49:54 2024 Eastern Standard Time elapsed time: 2.877007 seconds (0d 0h 0m 2s)

---------------  T H R E A D  ---------------

Current thread (0x0000024178ec2550):  JavaThread "C2 CompilerThread1" daemon [_thread_in_native, id=5444, stack(0x0000004f4a500000,0x0000004f4a600000)]


Current CompileTask:
C2:   2877 4603   !   4       org.eclipse.osgi.internal.loader.classpath.ClasspathManager::defineClass (636 bytes)

Stack: [0x0000004f4a500000,0x0000004f4a600000]
Native frames: (J=compiled Java code, j=interpreted, Vv=VM code, C=native code)
V  [jvm.dll+0x67cf49]
V  [jvm.dll+0x83478a]
V  [jvm.dll+0x83624e]
V  [jvm.dll+0x8368b3]
V  [jvm.dll+0x247f1f]
V  [jvm.dll+0xac43c]
V  [jvm.dll+0xaca8c]
V  [jvm.dll+0x367067]
V  [jvm.dll+0x3313ba]
V  [jvm.dll+0x33085a]
V  [jvm.dll+0x21a5b1]
V  [jvm.dll+0x2199d1]
V  [jvm.dll+0x1a57cd]
V  [jvm.dll+0x2297ae]
V  [jvm.dll+0x22797c]
V  [jvm.dll+0x7e9877]
V  [jvm.dll+0x7e3c3a]
V  [jvm.dll+0x67be35]
C  [ucrtbase.dll+0x29363]
C  [KERNEL32.DLL+0x1257d]
C  [ntdll.dll+0x5aa58]


---------------  P R O C E S S  ---------------

Threads class SMR info:
_java_thread_list=0x000002417bff2770, length=38, elements={
0x000002415fcc3690, 0x0000024173b41020, 0x0000024173b45340, 0x0000024173b4ae80,
0x0000024173b4bd00, 0x0000024173b4d930, 0x0000024178cdb000, 0x0000024178ce4560,
0x0000024178ce5a20, 0x0000024178cf13a0, 0x0000024178e68dc0, 0x0000024178e75ba0,
0x0000024178ec2550, 0x0000024178ec2e80, 0x000002417adcf020, 0x000002417adcf540,
0x000002417aec9080, 0x000002417b1bb900, 0x000002417b152430, 0x000002417b151a10,
0x000002417b1505d0, 0x000002417b152940, 0x000002417b153870, 0x000002417b1500c0,
0x000002417b153360, 0x000002417b152e50, 0x000002417b150ff0, 0x000002417b151f20,
0x000002417de67d80, 0x000002417de65f20, 0x000002417de65a10, 0x000002417de6a0f0,
0x000002417bc629c0, 0x000002417bc639b0, 0x000002417bc61f20, 0x000002417bc62470,
0x000002417de6a600, 0x000002417de67870
}

Java Threads: ( => current thread )
  0x000002415fcc3690 JavaThread "main" [_thread_blocked, id=1684, stack(0x0000004f49700000,0x0000004f49800000)]
  0x0000024173b41020 JavaThread "Reference Handler" daemon [_thread_blocked, id=10140, stack(0x0000004f49a00000,0x0000004f49b00000)]
  0x0000024173b45340 JavaThread "Finalizer" daemon [_thread_blocked, id=24148, stack(0x0000004f49b00000,0x0000004f49c00000)]
  0x0000024173b4ae80 JavaThread "Signal Dispatcher" daemon [_thread_blocked, id=26312, stack(0x0000004f49c00000,0x0000004f49d00000)]
  0x0000024173b4bd00 JavaThread "Attach Listener" daemon [_thread_blocked, id=13240, stack(0x0000004f49d00000,0x0000004f49e00000)]
  0x0000024173b4d930 JavaThread "Service Thread" daemon [_thread_blocked, id=23368, stack(0x0000004f49e00000,0x0000004f49f00000)]
  0x0000024178cdb000 JavaThread "Monitor Deflation Thread" daemon [_thread_blocked, id=26844, stack(0x0000004f49f00000,0x0000004f4a000000)]
  0x0000024178ce4560 JavaThread "C2 CompilerThread0" daemon [_thread_blocked, id=22152, stack(0x0000004f4a000000,0x0000004f4a100000)]
  0x0000024178ce5a20 JavaThread "C1 CompilerThread0" daemon [_thread_blocked, id=15728, stack(0x0000004f4a100000,0x0000004f4a200000)]
  0x0000024178cf13a0 JavaThread "Sweeper thread" daemon [_thread_blocked, id=24940, stack(0x0000004f4a200000,0x0000004f4a300000)]
  0x0000024178e68dc0 JavaThread "Common-Cleaner" daemon [_thread_blocked, id=25568, stack(0x0000004f4a300000,0x0000004f4a400000)]
  0x0000024178e75ba0 JavaThread "C1 CompilerThread1" daemon [_thread_blocked, id=10216, stack(0x0000004f4a400000,0x0000004f4a500000)]
=>0x0000024178ec2550 JavaThread "C2 CompilerThread1" daemon [_thread_in_native, id=5444, stack(0x0000004f4a500000,0x0000004f4a600000)]
  0x0000024178ec2e80 JavaThread "C2 CompilerThread2" daemon [_thread_blocked, id=3968, stack(0x0000004f4a600000,0x0000004f4a700000)]
  0x000002417adcf020 JavaThread "C1 CompilerThread2" daemon [_thread_blocked, id=3928, stack(0x0000004f4a700000,0x0000004f4a800000)]
  0x000002417adcf540 JavaThread "C1 CompilerThread3" daemon [_thread_blocked, id=8872, stack(0x0000004f4a800000,0x0000004f4a900000)]
  0x000002417aec9080 JavaThread "Notification Thread" daemon [_thread_blocked, id=3832, stack(0x0000004f4a900000,0x0000004f4aa00000)]
  0x000002417b1bb900 JavaThread "C2 CompilerThread3" daemon [_thread_in_native, id=21496, stack(0x0000004f4ab00000,0x0000004f4ac00000)]
  0x000002417b152430 JavaThread "Active Thread: Equinox Container: 4ff5715e-bdda-4981-817c-1833bf040769" [_thread_blocked, id=25348, stack(0x0000004f4b100000,0x0000004f4b200000)]
  0x000002417b151a10 JavaThread "Framework Event Dispatcher: Equinox Container: 4ff5715e-bdda-4981-817c-1833bf040769" daemon [_thread_blocked, id=17200, stack(0x0000004f4b200000,0x0000004f4b300000)]
  0x000002417b1505d0 JavaThread "Start Level: Equinox Container: 4ff5715e-bdda-4981-817c-1833bf040769" daemon [_thread_blocked, id=23260, stack(0x0000004f4b300000,0x0000004f4b400000)]
  0x000002417b152940 JavaThread "Bundle File Closer" daemon [_thread_blocked, id=6364, stack(0x0000004f4b600000,0x0000004f4b700000)]
  0x000002417b153870 JavaThread "SCR Component Actor" daemon [_thread_blocked, id=19728, stack(0x0000004f4b900000,0x0000004f4ba00000)]
  0x000002417b1500c0 JavaThread "SCR Component Registry" daemon [_thread_blocked, id=21160, stack(0x0000004f4ba00000,0x0000004f4bb00000)]
  0x000002417b153360 JavaThread "Worker-JM" [_thread_blocked, id=9656, stack(0x0000004f4bb00000,0x0000004f4bc00000)]
  0x000002417b152e50 JavaThread "Worker-0: Updating Maven Dependencies" [_thread_in_Java, id=6856, stack(0x0000004f4be00000,0x0000004f4bf00000)]
  0x000002417b150ff0 JavaThread "Worker-1: Repository registry initialization" [_thread_blocked, id=13012, stack(0x0000004f4bf00000,0x0000004f4c000000)]
  0x000002417b151f20 JavaThread "Java indexing" daemon [_thread_blocked, id=11860, stack(0x0000004f4c100000,0x0000004f4c200000)]
  0x000002417de67d80 JavaThread "JNA Cleaner" daemon [_thread_blocked, id=18300, stack(0x0000004f4c200000,0x0000004f4c300000)]
  0x000002417de65f20 JavaThread "pool-2-thread-1" [_thread_blocked, id=13680, stack(0x0000004f4c300000,0x0000004f4c400000)]
  0x000002417de65a10 JavaThread "WorkspaceEventsHandler" [_thread_blocked, id=3628, stack(0x0000004f4c400000,0x0000004f4c500000)]
  0x000002417de6a0f0 JavaThread "pool-1-thread-1" [_thread_blocked, id=25120, stack(0x0000004f4c500000,0x0000004f4c600000)]
  0x000002417bc629c0 JavaThread "C2 CompilerThread4" daemon [_thread_blocked, id=7428, stack(0x0000004f4c600000,0x0000004f4c700000)]
  0x000002417bc639b0 JavaThread "C2 CompilerThread5" daemon [_thread_blocked, id=14968, stack(0x0000004f4c700000,0x0000004f4c800000)]
  0x000002417bc61f20 JavaThread "C2 CompilerThread6" daemon [_thread_in_native, id=27064, stack(0x0000004f4c800000,0x0000004f4c900000)]
  0x000002417bc62470 JavaThread "C2 CompilerThread7" daemon [_thread_blocked, id=9000, stack(0x0000004f4c900000,0x0000004f4ca00000)]
  0x000002417de6a600 JavaThread "Worker-2" [_thread_blocked, id=26112, stack(0x0000004f4ca00000,0x0000004f4cb00000)]
  0x000002417de67870 JavaThread "Worker-3" [_thread_blocked, id=9372, stack(0x0000004f4cb00000,0x0000004f4cc00000)]

Other Threads:
  0x0000024178cb45f0 VMThread "VM Thread" [stack: 0x0000004f49900000,0x0000004f49a00000] [id=23308]
  0x000002417aec9560 WatcherThread [stack: 0x0000004f4aa00000,0x0000004f4ab00000] [id=22808]
  0x000002415fcda180 GCTaskThread "GC Thread#0" [stack: 0x0000004f49800000,0x0000004f49900000] [id=12188]
  0x000002417b601660 GCTaskThread "GC Thread#1" [stack: 0x0000004f4ac00000,0x0000004f4ad00000] [id=4860]
  0x000002417b7bf170 GCTaskThread "GC Thread#2" [stack: 0x0000004f4ad00000,0x0000004f4ae00000] [id=7020]
  0x000002417b7bf430 GCTaskThread "GC Thread#3" [stack: 0x0000004f4ae00000,0x0000004f4af00000] [id=18992]
  0x000002417b7bf6f0 GCTaskThread "GC Thread#4" [stack: 0x0000004f4af00000,0x0000004f4b000000] [id=10220]
  0x000002417b21e020 GCTaskThread "GC Thread#5" [stack: 0x0000004f4b000000,0x0000004f4b100000] [id=1528]
  0x000002417b8f3a50 GCTaskThread "GC Thread#6" [stack: 0x0000004f4b400000,0x0000004f4b500000] [id=8472]
  0x000002417bc2bc80 GCTaskThread "GC Thread#7" [stack: 0x0000004f4b500000,0x0000004f4b600000] [id=8500]
  0x000002417bd07340 GCTaskThread "GC Thread#8" [stack: 0x0000004f4b700000,0x0000004f4b800000] [id=17056]
  0x000002417b69d9f0 GCTaskThread "GC Thread#9" [stack: 0x0000004f4b800000,0x0000004f4b900000] [id=25280]
  0x000002417bd30550 GCTaskThread "GC Thread#10" [stack: 0x0000004f4bc00000,0x0000004f4bd00000] [id=5692]
  0x000002417bfeb170 GCTaskThread "GC Thread#11" [stack: 0x0000004f4bd00000,0x0000004f4be00000] [id=15440]
  0x000002417bda8470 GCTaskThread "GC Thread#12" [stack: 0x0000004f4c000000,0x0000004f4c100000] [id=16132]

Threads with active compile tasks:
C2 CompilerThread1     2902 4603   !   4       org.eclipse.osgi.internal.loader.classpath.ClasspathManager::defineClass (636 bytes)
C2 CompilerThread3     2902 4261   !   4       org.eclipse.osgi.internal.loader.classpath.ClasspathManager::findLocalClass (210 bytes)
C2 CompilerThread6     2902 4774   !   4       org.eclipse.osgi.internal.loader.BundleLoader::findClass0 (470 bytes)

VM state: not at safepoint (normal execution)

VM Mutex/Monitor currently owned by a thread: None

Heap address: 0x00000000c0000000, size: 1024 MB, Compressed Oops mode: 32-bit

CDS archive(s) not mapped
Compressed class space mapped at: 0x0000000100000000-0x0000000140000000, reserved size: 1073741824
Narrow klass base: 0x0000000000000000, Narrow klass shift: 3, Narrow klass range: 0x140000000

GC Precious Log:
 CPUs: 16 total, 16 available
 Memory: 15613M
 Large Page Support: Disabled
 NUMA Support: Disabled
 Compressed Oops: Enabled (32-bit)
 Alignments: Space 512K, Generation 512K, Heap 2M
 Heap Min Capacity: 100M
 Heap Initial Capacity: 100M
 Heap Max Capacity: 1G
 Pre-touch: Disabled
 Parallel Workers: 13

Heap:
 PSYoungGen      total 23552K, used 15904K [0x00000000eab00000, 0x00000000ec600000, 0x0000000100000000)
  eden space 22016K, 69% used [0x00000000eab00000,0x00000000eb9d8080,0x00000000ec080000)
  from space 1536K, 45% used [0x00000000ec380000,0x00000000ec430000,0x00000000ec500000)
  to   space 1024K, 0% used [0x00000000ec500000,0x00000000ec500000,0x00000000ec600000)
 ParOldGen       total 68608K, used 15341K [0x00000000c0000000, 0x00000000c4300000, 0x00000000eab00000)
  object space 68608K, 22% used [0x00000000c0000000,0x00000000c0efb730,0x00000000c4300000)
 Metaspace       used 44534K, committed 45376K, reserved 1114112K
  class space    used 4702K, committed 5056K, reserved 1048576K

Card table byte_map: [0x000002415f650000,0x000002415f860000] _byte_map_base: 0x000002415f050000

Marking Bits: (ParMarkBitMap*) 0x00007ffee10ed0b0
 Begin Bits: [0x0000024171950000, 0x0000024172950000)
 End Bits:   [0x0000024172950000, 0x0000024173950000)

Polling page: 0x000002415dc60000

Metaspace:

Usage:
  Non-class:     38.90 MB used.
      Class:      4.59 MB used.
       Both:     43.49 MB used.

Virtual space:
  Non-class space:       64.00 MB reserved,      39.38 MB ( 62%) committed,  1 nodes.
      Class space:        1.00 GB reserved,       4.94 MB ( <1%) committed,  1 nodes.
             Both:        1.06 GB reserved,      44.31 MB (  4%) committed. 

Chunk freelists:
   Non-Class:  7.80 MB
       Class:  10.94 MB
        Both:  18.73 MB

MaxMetaspaceSize: unlimited
CompressedClassSpaceSize: 1.00 GB
Initial GC threshold: 21.00 MB
Current GC threshold: 58.38 MB
CDS: off
MetaspaceReclaimPolicy: balanced
 - commit_granule_bytes: 65536.
 - commit_granule_words: 8192.
 - virtual_space_node_default_size: 8388608.
 - enlarge_chunks_in_place: 1.
 - new_chunks_are_fully_committed: 0.
 - uncommit_free_chunks: 1.
 - use_allocation_guard: 0.
 - handle_deallocations: 1.


Internal statistics:

num_allocs_failed_limit: 6.
num_arena_births: 426.
num_arena_deaths: 14.
num_vsnodes_births: 2.
num_vsnodes_deaths: 0.
num_space_committed: 709.
num_space_uncommitted: 0.
num_chunks_returned_to_freelist: 20.
num_chunks_taken_from_freelist: 1894.
num_chunk_merges: 8.
num_chunk_splits: 1260.
num_chunks_enlarged: 877.
num_inconsistent_stats: 0.

CodeHeap 'non-profiled nmethods': size=119168Kb used=2383Kb max_used=2383Kb free=116784Kb
 bounds [0x000002416a4f0000, 0x000002416a760000, 0x0000024171950000]
CodeHeap 'profiled nmethods': size=119104Kb used=10485Kb max_used=10485Kb free=108618Kb
 bounds [0x0000024162950000, 0x0000024163390000, 0x0000024169da0000]
CodeHeap 'non-nmethods': size=7488Kb used=2964Kb max_used=3044Kb free=4523Kb
 bounds [0x0000024169da0000, 0x000002416a0b0000, 0x000002416a4f0000]
 total_blobs=5386 nmethods=4784 adapters=512
 compilation: enabled
              stopped_count=0, restarted_count=0
 full_count=0

Compilation events (20 events):
Event: 2.854 Thread 0x000002417adcf020 nmethod 4764 0x0000024163384c10 code [0x0000024163384dc0, 0x0000024163384f88]
Event: 2.854 Thread 0x0000024178e75ba0 nmethod 4765 0x0000024163385010 code [0x0000024163385200, 0x0000024163385798]
Event: 2.854 Thread 0x0000024178ce5a20 nmethod 4763 0x0000024163385990 code [0x0000024163385c00, 0x0000024163386698]
Event: 2.855 Thread 0x0000024178ce5a20 4766       3       java.util.ArrayList::spliterator (12 bytes)
Event: 2.855 Thread 0x0000024178e75ba0 4767       3       java.util.ArrayList$ArrayListSpliterator::<init> (26 bytes)
Event: 2.855 Thread 0x000002417adcf020 4768       3       java.util.ArrayList$ArrayListSpliterator::estimateSize (11 bytes)
Event: 2.855 Thread 0x0000024178e75ba0 nmethod 4767 0x0000024163386b10 code [0x0000024163386ca0, 0x0000024163386e38]
Event: 2.855 Thread 0x0000024178ce5a20 nmethod 4766 0x0000024163386f10 code [0x00000241633870c0, 0x0000024163387318]
Event: 2.855 Thread 0x000002417adcf020 nmethod 4768 0x0000024163387410 code [0x00000241633875a0, 0x0000024163387758]
Event: 2.856 Thread 0x000002417bc62470 nmethod 4761 0x000002416a742110 code [0x000002416a7422c0, 0x000002416a742828]
Event: 2.858 Thread 0x000002417adcf020 4770       3       com.google.common.collect.LexicographicalOrdering::compare (85 bytes)
Event: 2.858 Thread 0x0000024178ce5a20 4769       3       com.google.common.collect.LexicographicalOrdering::compare (13 bytes)
Event: 2.859 Thread 0x0000024178ce5a20 nmethod 4769 0x0000024163387810 code [0x00000241633879c0, 0x0000024163387d08]
Event: 2.859 Thread 0x000002417adcf020 nmethod 4770 0x0000024163387e10 code [0x0000024163388060, 0x0000024163388978]
Event: 2.866 Thread 0x0000024178e75ba0 4771       3       java.lang.reflect.Executable::getGenericParameterTypes (20 bytes)
Event: 2.867 Thread 0x0000024178e75ba0 nmethod 4771 0x0000024163388c10 code [0x0000024163388e20, 0x0000024163389508]
Event: 2.870 Thread 0x000002417bc62470 4772       4       java.util.regex.Pattern::next (33 bytes)
Event: 2.871 Thread 0x000002417bc62470 nmethod 4772 0x000002416a742b90 code [0x000002416a742d00, 0x000002416a742df8]
Event: 2.873 Thread 0x000002417bc61f20 4773       4       java.util.AbstractCollection::isEmpty (13 bytes)
Event: 2.874 Thread 0x000002417bc61f20 nmethod 4773 0x000002416a742f10 code [0x000002416a743080, 0x000002416a743118]

GC Heap History (20 events):
Event: 1.275 GC heap before
{Heap before GC invocations=6 (full 1):
 PSYoungGen      total 29696K, used 4093K [0x00000000eab00000, 0x00000000ece00000, 0x0000000100000000)
  eden space 25600K, 0% used [0x00000000eab00000,0x00000000eab00000,0x00000000ec400000)
  from space 4096K, 99% used [0x00000000ec400000,0x00000000ec7ff648,0x00000000ec800000)
  to   space 5120K, 0% used [0x00000000ec900000,0x00000000ec900000,0x00000000ece00000)
 ParOldGen       total 68608K, used 6641K [0x00000000c0000000, 0x00000000c4300000, 0x00000000eab00000)
  object space 68608K, 9% used [0x00000000c0000000,0x00000000c067c780,0x00000000c4300000)
 Metaspace       used 21048K, committed 21504K, reserved 1114112K
  class space    used 2129K, committed 2304K, reserved 1048576K
}
Event: 1.288 GC heap after
{Heap after GC invocations=6 (full 1):
 PSYoungGen      total 29696K, used 0K [0x00000000eab00000, 0x00000000ece00000, 0x0000000100000000)
  eden space 25600K, 0% used [0x00000000eab00000,0x00000000eab00000,0x00000000ec400000)
  from space 4096K, 0% used [0x00000000ec400000,0x00000000ec400000,0x00000000ec800000)
  to   space 5120K, 0% used [0x00000000ec900000,0x00000000ec900000,0x00000000ece00000)
 ParOldGen       total 68608K, used 10353K [0x00000000c0000000, 0x00000000c4300000, 0x00000000eab00000)
  object space 68608K, 15% used [0x00000000c0000000,0x00000000c0a1c708,0x00000000c4300000)
 Metaspace       used 21048K, committed 21504K, reserved 1114112K
  class space    used 2129K, committed 2304K, reserved 1048576K
}
Event: 1.513 GC heap before
{Heap before GC invocations=7 (full 1):
 PSYoungGen      total 29696K, used 25600K [0x00000000eab00000, 0x00000000ece00000, 0x0000000100000000)
  eden space 25600K, 100% used [0x00000000eab00000,0x00000000ec400000,0x00000000ec400000)
  from space 4096K, 0% used [0x00000000ec400000,0x00000000ec400000,0x00000000ec800000)
  to   space 5120K, 0% used [0x00000000ec900000,0x00000000ec900000,0x00000000ece00000)
 ParOldGen       total 68608K, used 10353K [0x00000000c0000000, 0x00000000c4300000, 0x00000000eab00000)
  object space 68608K, 15% used [0x00000000c0000000,0x00000000c0a1c708,0x00000000c4300000)
 Metaspace       used 24378K, committed 25024K, reserved 1114112K
  class space    used 2475K, committed 2752K, reserved 1048576K
}
Event: 1.515 GC heap after
{Heap after GC invocations=7 (full 1):
 PSYoungGen      total 26112K, used 983K [0x00000000eab00000, 0x00000000eca00000, 0x0000000100000000)
  eden space 25088K, 0% used [0x00000000eab00000,0x00000000eab00000,0x00000000ec380000)
  from space 1024K, 95% used [0x00000000ec900000,0x00000000ec9f5c18,0x00000000eca00000)
  to   space 2560K, 0% used [0x00000000ec500000,0x00000000ec500000,0x00000000ec780000)
 ParOldGen       total 68608K, used 10361K [0x00000000c0000000, 0x00000000c4300000, 0x00000000eab00000)
  object space 68608K, 15% used [0x00000000c0000000,0x00000000c0a1e708,0x00000000c4300000)
 Metaspace       used 24378K, committed 25024K, reserved 1114112K
  class space    used 2475K, committed 2752K, reserved 1048576K
}
Event: 1.657 GC heap before
{Heap before GC invocations=8 (full 1):
 PSYoungGen      total 26112K, used 25887K [0x00000000eab00000, 0x00000000eca00000, 0x0000000100000000)
  eden space 25088K, 99% used [0x00000000eab00000,0x00000000ec352178,0x00000000ec380000)
  from space 1024K, 95% used [0x00000000ec900000,0x00000000ec9f5c18,0x00000000eca00000)
  to   space 2560K, 0% used [0x00000000ec500000,0x00000000ec500000,0x00000000ec780000)
 ParOldGen       total 68608K, used 10361K [0x00000000c0000000, 0x00000000c4300000, 0x00000000eab00000)
  object space 68608K, 15% used [0x00000000c0000000,0x00000000c0a1e708,0x00000000c4300000)
 Metaspace       used 27590K, committed 28160K, reserved 1114112K
  class space    used 2806K, committed 3008K, reserved 1048576K
}
Event: 1.658 GC heap after
{Heap after GC invocations=8 (full 1):
 PSYoungGen      total 27136K, used 2532K [0x00000000eab00000, 0x00000000eca00000, 0x0000000100000000)
  eden space 24576K, 0% used [0x00000000eab00000,0x00000000eab00000,0x00000000ec300000)
  from space 2560K, 98% used [0x00000000ec500000,0x00000000ec779128,0x00000000ec780000)
  to   space 2560K, 0% used [0x00000000ec780000,0x00000000ec780000,0x00000000eca00000)
 ParOldGen       total 68608K, used 10817K [0x00000000c0000000, 0x00000000c4300000, 0x00000000eab00000)
  object space 68608K, 15% used [0x00000000c0000000,0x00000000c0a90718,0x00000000c4300000)
 Metaspace       used 27590K, committed 28160K, reserved 1114112K
  class space    used 2806K, committed 3008K, reserved 1048576K
}
Event: 1.739 GC heap before
{Heap before GC invocations=9 (full 1):
 PSYoungGen      total 27136K, used 27108K [0x00000000eab00000, 0x00000000eca00000, 0x0000000100000000)
  eden space 24576K, 100% used [0x00000000eab00000,0x00000000ec300000,0x00000000ec300000)
  from space 2560K, 98% used [0x00000000ec500000,0x00000000ec779128,0x00000000ec780000)
  to   space 2560K, 0% used [0x00000000ec780000,0x00000000ec780000,0x00000000eca00000)
 ParOldGen       total 68608K, used 10817K [0x00000000c0000000, 0x00000000c4300000, 0x00000000eab00000)
  object space 68608K, 15% used [0x00000000c0000000,0x00000000c0a90718,0x00000000c4300000)
 Metaspace       used 30188K, committed 30848K, reserved 1114112K
  class space    used 2980K, committed 3264K, reserved 1048576K
}
Event: 1.739 GC heap after
{Heap after GC invocations=9 (full 1):
 PSYoungGen      total 26624K, used 2531K [0x00000000eab00000, 0x00000000eca00000, 0x0000000100000000)
  eden space 24064K, 0% used [0x00000000eab00000,0x00000000eab00000,0x00000000ec280000)
  from space 2560K, 98% used [0x00000000ec780000,0x00000000ec9f8f00,0x00000000eca00000)
  to   space 3072K, 0% used [0x00000000ec400000,0x00000000ec400000,0x00000000ec700000)
 ParOldGen       total 68608K, used 11069K [0x00000000c0000000, 0x00000000c4300000, 0x00000000eab00000)
  object space 68608K, 16% used [0x00000000c0000000,0x00000000c0acf728,0x00000000c4300000)
 Metaspace       used 30188K, committed 30848K, reserved 1114112K
  class space    used 2980K, committed 3264K, reserved 1048576K
}
Event: 1.849 GC heap before
{Heap before GC invocations=10 (full 1):
 PSYoungGen      total 26624K, used 26595K [0x00000000eab00000, 0x00000000eca00000, 0x0000000100000000)
  eden space 24064K, 100% used [0x00000000eab00000,0x00000000ec280000,0x00000000ec280000)
  from space 2560K, 98% used [0x00000000ec780000,0x00000000ec9f8f00,0x00000000eca00000)
  to   space 3072K, 0% used [0x00000000ec400000,0x00000000ec400000,0x00000000ec700000)
 ParOldGen       total 68608K, used 11069K [0x00000000c0000000, 0x00000000c4300000, 0x00000000eab00000)
  object space 68608K, 16% used [0x00000000c0000000,0x00000000c0acf728,0x00000000c4300000)
 Metaspace       used 32512K, committed 33152K, reserved 1114112K
  class space    used 3159K, committed 3392K, reserved 1048576K
}
Event: 1.850 GC heap after
{Heap after GC invocations=10 (full 1):
 PSYoungGen      total 26112K, used 2452K [0x00000000eab00000, 0x00000000ec800000, 0x0000000100000000)
  eden space 23552K, 0% used [0x00000000eab00000,0x00000000eab00000,0x00000000ec200000)
  from space 2560K, 95% used [0x00000000ec400000,0x00000000ec6653d0,0x00000000ec680000)
  to   space 1536K, 0% used [0x00000000ec680000,0x00000000ec680000,0x00000000ec800000)
 ParOldGen       total 68608K, used 11671K [0x00000000c0000000, 0x00000000c4300000, 0x00000000eab00000)
  object space 68608K, 17% used [0x00000000c0000000,0x00000000c0b65f98,0x00000000c4300000)
 Metaspace       used 32512K, committed 33152K, reserved 1114112K
  class space    used 3159K, committed 3392K, reserved 1048576K
}
Event: 2.033 GC heap before
{Heap before GC invocations=11 (full 1):
 PSYoungGen      total 26112K, used 17355K [0x00000000eab00000, 0x00000000ec800000, 0x0000000100000000)
  eden space 23552K, 63% used [0x00000000eab00000,0x00000000eb98dbb0,0x00000000ec200000)
  from space 2560K, 95% used [0x00000000ec400000,0x00000000ec6653d0,0x00000000ec680000)
  to   space 1536K, 0% used [0x00000000ec680000,0x00000000ec680000,0x00000000ec800000)
 ParOldGen       total 68608K, used 11671K [0x00000000c0000000, 0x00000000c4300000, 0x00000000eab00000)
  object space 68608K, 17% used [0x00000000c0000000,0x00000000c0b65f98,0x00000000c4300000)
 Metaspace       used 35165K, committed 35840K, reserved 1114112K
  class space    used 3465K, committed 3776K, reserved 1048576K
}
Event: 2.035 GC heap after
{Heap after GC invocations=11 (full 1):
 PSYoungGen      total 25088K, used 1524K [0x00000000eab00000, 0x00000000ec800000, 0x0000000100000000)
  eden space 23552K, 0% used [0x00000000eab00000,0x00000000eab00000,0x00000000ec200000)
  from space 1536K, 99% used [0x00000000ec680000,0x00000000ec7fd0f0,0x00000000ec800000)
  to   space 2048K, 0% used [0x00000000ec400000,0x00000000ec400000,0x00000000ec600000)
 ParOldGen       total 68608K, used 13545K [0x00000000c0000000, 0x00000000c4300000, 0x00000000eab00000)
  object space 68608K, 19% used [0x00000000c0000000,0x00000000c0d3a6e8,0x00000000c4300000)
 Metaspace       used 35165K, committed 35840K, reserved 1114112K
  class space    used 3465K, committed 3776K, reserved 1048576K
}
Event: 2.035 GC heap before
{Heap before GC invocations=12 (full 2):
 PSYoungGen      total 25088K, used 1524K [0x00000000eab00000, 0x00000000ec800000, 0x0000000100000000)
  eden space 23552K, 0% used [0x00000000eab00000,0x00000000eab00000,0x00000000ec200000)
  from space 1536K, 99% used [0x00000000ec680000,0x00000000ec7fd0f0,0x00000000ec800000)
  to   space 2048K, 0% used [0x00000000ec400000,0x00000000ec400000,0x00000000ec600000)
 ParOldGen       total 68608K, used 13545K [0x00000000c0000000, 0x00000000c4300000, 0x00000000eab00000)
  object space 68608K, 19% used [0x00000000c0000000,0x00000000c0d3a6e8,0x00000000c4300000)
 Metaspace       used 35165K, committed 35840K, reserved 1114112K
  class space    used 3465K, committed 3776K, reserved 1048576K
}
Event: 2.051 GC heap after
{Heap after GC invocations=12 (full 2):
 PSYoungGen      total 25088K, used 0K [0x00000000eab00000, 0x00000000ec800000, 0x0000000100000000)
  eden space 23552K, 0% used [0x00000000eab00000,0x00000000eab00000,0x00000000ec200000)
  from space 1536K, 0% used [0x00000000ec680000,0x00000000ec680000,0x00000000ec800000)
  to   space 2048K, 0% used [0x00000000ec400000,0x00000000ec400000,0x00000000ec600000)
 ParOldGen       total 68608K, used 13385K [0x00000000c0000000, 0x00000000c4300000, 0x00000000eab00000)
  object space 68608K, 19% used [0x00000000c0000000,0x00000000c0d12700,0x00000000c4300000)
 Metaspace       used 35152K, committed 35840K, reserved 1114112K
  class space    used 3462K, committed 3776K, reserved 1048576K
}
Event: 2.262 GC heap before
{Heap before GC invocations=13 (full 2):
 PSYoungGen      total 25088K, used 23552K [0x00000000eab00000, 0x00000000ec800000, 0x0000000100000000)
  eden space 23552K, 100% used [0x00000000eab00000,0x00000000ec200000,0x00000000ec200000)
  from space 1536K, 0% used [0x00000000ec680000,0x00000000ec680000,0x00000000ec800000)
  to   space 2048K, 0% used [0x00000000ec400000,0x00000000ec400000,0x00000000ec600000)
 ParOldGen       total 68608K, used 13385K [0x00000000c0000000, 0x00000000c4300000, 0x00000000eab00000)
  object space 68608K, 19% used [0x00000000c0000000,0x00000000c0d12700,0x00000000c4300000)
 Metaspace       used 38281K, committed 39104K, reserved 1114112K
  class space    used 3866K, committed 4224K, reserved 1048576K
}
Event: 2.263 GC heap after
{Heap after GC invocations=13 (full 2):
 PSYoungGen      total 24576K, used 1497K [0x00000000eab00000, 0x00000000ec700000, 0x0000000100000000)
  eden space 23040K, 0% used [0x00000000eab00000,0x00000000eab00000,0x00000000ec180000)
  from space 1536K, 97% used [0x00000000ec400000,0x00000000ec5765f8,0x00000000ec580000)
  to   space 1536K, 0% used [0x00000000ec580000,0x00000000ec580000,0x00000000ec700000)
 ParOldGen       total 68608K, used 13393K [0x00000000c0000000, 0x00000000c4300000, 0x00000000eab00000)
  object space 68608K, 19% used [0x00000000c0000000,0x00000000c0d14700,0x00000000c4300000)
 Metaspace       used 38281K, committed 39104K, reserved 1114112K
  class space    used 3866K, committed 4224K, reserved 1048576K
}
Event: 2.530 GC heap before
{Heap before GC invocations=14 (full 2):
 PSYoungGen      total 24576K, used 24537K [0x00000000eab00000, 0x00000000ec700000, 0x0000000100000000)
  eden space 23040K, 100% used [0x00000000eab00000,0x00000000ec180000,0x00000000ec180000)
  from space 1536K, 97% used [0x00000000ec400000,0x00000000ec5765f8,0x00000000ec580000)
  to   space 1536K, 0% used [0x00000000ec580000,0x00000000ec580000,0x00000000ec700000)
 ParOldGen       total 68608K, used 13393K [0x00000000c0000000, 0x00000000c4300000, 0x00000000eab00000)
  object space 68608K, 19% used [0x00000000c0000000,0x00000000c0d14700,0x00000000c4300000)
 Metaspace       used 41290K, committed 42112K, reserved 1114112K
  class space    used 4268K, committed 4608K, reserved 1048576K
}
Event: 2.531 GC heap after
{Heap after GC invocations=14 (full 2):
 PSYoungGen      total 23552K, used 960K [0x00000000eab00000, 0x00000000ec680000, 0x0000000100000000)
  eden space 22528K, 0% used [0x00000000eab00000,0x00000000eab00000,0x00000000ec100000)
  from space 1024K, 93% used [0x00000000ec580000,0x00000000ec670000,0x00000000ec680000)
  to   space 1536K, 0% used [0x00000000ec380000,0x00000000ec380000,0x00000000ec500000)
 ParOldGen       total 68608K, used 14645K [0x00000000c0000000, 0x00000000c4300000, 0x00000000eab00000)
  object space 68608K, 21% used [0x00000000c0000000,0x00000000c0e4d730,0x00000000c4300000)
 Metaspace       used 41290K, committed 42112K, reserved 1114112K
  class space    used 4268K, committed 4608K, reserved 1048576K
}
Event: 2.718 GC heap before
{Heap before GC invocations=15 (full 2):
 PSYoungGen      total 23552K, used 23488K [0x00000000eab00000, 0x00000000ec680000, 0x0000000100000000)
  eden space 22528K, 100% used [0x00000000eab00000,0x00000000ec100000,0x00000000ec100000)
  from space 1024K, 93% used [0x00000000ec580000,0x00000000ec670000,0x00000000ec680000)
  to   space 1536K, 0% used [0x00000000ec380000,0x00000000ec380000,0x00000000ec500000)
 ParOldGen       total 68608K, used 14645K [0x00000000c0000000, 0x00000000c4300000, 0x00000000eab00000)
  object space 68608K, 21% used [0x00000000c0000000,0x00000000c0e4d730,0x00000000c4300000)
 Metaspace       used 42736K, committed 43520K, reserved 1114112K
  class space    used 4468K, committed 4800K, reserved 1048576K
}
Event: 2.719 GC heap after
{Heap after GC invocations=15 (full 2):
 PSYoungGen      total 23552K, used 704K [0x00000000eab00000, 0x00000000ec600000, 0x0000000100000000)
  eden space 22016K, 0% used [0x00000000eab00000,0x00000000eab00000,0x00000000ec080000)
  from space 1536K, 45% used [0x00000000ec380000,0x00000000ec430000,0x00000000ec500000)
  to   space 1024K, 0% used [0x00000000ec500000,0x00000000ec500000,0x00000000ec600000)
 ParOldGen       total 68608K, used 15341K [0x00000000c0000000, 0x00000000c4300000, 0x00000000eab00000)
  object space 68608K, 22% used [0x00000000c0000000,0x00000000c0efb730,0x00000000c4300000)
 Metaspace       used 42736K, committed 43520K, reserved 1114112K
  class space    used 4468K, committed 4800K, reserved 1048576K
}

Dll operation events (10 events):
Event: 0.007 Loaded shared library c:\Users\joshm\.vscode\extensions\redhat.java-1.26.0-win32-x64\jre\17.0.9-win32-x86_64\bin\java.dll
Event: 0.102 Loaded shared library c:\Users\joshm\.vscode\extensions\redhat.java-1.26.0-win32-x64\jre\17.0.9-win32-x86_64\bin\zip.dll
Event: 0.104 Loaded shared library C:\Users\joshm\.vscode\extensions\redhat.java-1.26.0-win32-x64\jre\17.0.9-win32-x86_64\bin\instrument.dll
Event: 0.113 Loaded shared library C:\Users\joshm\.vscode\extensions\redhat.java-1.26.0-win32-x64\jre\17.0.9-win32-x86_64\bin\net.dll
Event: 0.114 Loaded shared library C:\Users\joshm\.vscode\extensions\redhat.java-1.26.0-win32-x64\jre\17.0.9-win32-x86_64\bin\nio.dll
Event: 0.121 Loaded shared library C:\Users\joshm\.vscode\extensions\redhat.java-1.26.0-win32-x64\jre\17.0.9-win32-x86_64\bin\zip.dll
Event: 0.133 Loaded shared library C:\Users\joshm\.vscode\extensions\redhat.java-1.26.0-win32-x64\jre\17.0.9-win32-x86_64\bin\jimage.dll
Event: 0.177 Loaded shared library c:\Users\joshm\.vscode\extensions\redhat.java-1.26.0-win32-x64\jre\17.0.9-win32-x86_64\bin\verify.dll
Event: 0.763 Loaded shared library C:\Users\joshm\AppData\Roaming\Code\User\globalStorage\redhat.java\1.26.0\config_win\org.eclipse.equinox.launcher\org.eclipse.equinox.launcher.win32.win32.x86_64_1.2.800.v20231003-1442\eclipse_11802.dll
Event: 2.003 Loaded shared library C:\Users\joshm\AppData\Local\Temp\jna-101313875\jna12103455080164902450.dll

Deoptimization events (20 events):
Event: 2.723 Thread 0x000002417b152e50 Uncommon trap: trap_request=0xffffffde fr.pc=0x000002416a714b94 relative=0x0000000000000494
Event: 2.723 Thread 0x000002417b152e50 Uncommon trap: reason=class_check action=maybe_recompile pc=0x000002416a714b94 method=java.lang.reflect.Executable.declaredAnnotations()Ljava/util/Map; @ 23 c2
Event: 2.723 Thread 0x000002417b152e50 DEOPT PACKING pc=0x000002416a714b94 sp=0x0000004f4befda90
Event: 2.723 Thread 0x000002417b152e50 DEOPT UNPACKING pc=0x0000024169df66a3 sp=0x0000004f4befda58 mode 2
Event: 2.723 Thread 0x000002417b152e50 Uncommon trap: trap_request=0xffffffde fr.pc=0x000002416a714b94 relative=0x0000000000000494
Event: 2.723 Thread 0x000002417b152e50 Uncommon trap: reason=class_check action=maybe_recompile pc=0x000002416a714b94 method=java.lang.reflect.Executable.declaredAnnotations()Ljava/util/Map; @ 23 c2
Event: 2.723 Thread 0x000002417b152e50 DEOPT PACKING pc=0x000002416a714b94 sp=0x0000004f4befd9f0
Event: 2.723 Thread 0x000002417b152e50 DEOPT UNPACKING pc=0x0000024169df66a3 sp=0x0000004f4befd9c0 mode 2
Event: 2.723 Thread 0x000002417b152e50 Uncommon trap: trap_request=0xffffffde fr.pc=0x000002416a714b94 relative=0x0000000000000494
Event: 2.723 Thread 0x000002417b152e50 Uncommon trap: reason=class_check action=maybe_recompile pc=0x000002416a714b94 method=java.lang.reflect.Executable.declaredAnnotations()Ljava/util/Map; @ 23 c2
Event: 2.723 Thread 0x000002417b152e50 DEOPT PACKING pc=0x000002416a714b94 sp=0x0000004f4befda90
Event: 2.723 Thread 0x000002417b152e50 DEOPT UNPACKING pc=0x0000024169df66a3 sp=0x0000004f4befda58 mode 2
Event: 2.723 Thread 0x000002417b152e50 Uncommon trap: trap_request=0xffffffde fr.pc=0x000002416a714b94 relative=0x0000000000000494
Event: 2.723 Thread 0x000002417b152e50 Uncommon trap: reason=class_check action=maybe_recompile pc=0x000002416a714b94 method=java.lang.reflect.Executable.declaredAnnotations()Ljava/util/Map; @ 23 c2
Event: 2.723 Thread 0x000002417b152e50 DEOPT PACKING pc=0x000002416a714b94 sp=0x0000004f4befd9f0
Event: 2.723 Thread 0x000002417b152e50 DEOPT UNPACKING pc=0x0000024169df66a3 sp=0x0000004f4befd9c0 mode 2
Event: 2.780 Thread 0x000002417b152e50 Uncommon trap: trap_request=0xffffffbe fr.pc=0x000002416a737ccc relative=0x0000000000001d4c
Event: 2.780 Thread 0x000002417b152e50 Uncommon trap: reason=profile_predicate action=maybe_recompile pc=0x000002416a737ccc method=org.eclipse.osgi.internal.loader.BundleLoader.searchHooks(Ljava/lang/String;I)Ljava/lang/Object; @ 186 c2
Event: 2.780 Thread 0x000002417b152e50 DEOPT PACKING pc=0x000002416a737ccc sp=0x0000004f4befbdd0
Event: 2.780 Thread 0x000002417b152e50 DEOPT UNPACKING pc=0x0000024169df66a3 sp=0x0000004f4befbdc8 mode 2

Classes unloaded (7 events):
Event: 2.037 Thread 0x0000024178cb45f0 Unloading class 0x0000000100248400 'java/lang/invoke/LambdaForm$MH+0x0000000100248400'
Event: 2.037 Thread 0x0000024178cb45f0 Unloading class 0x0000000100248000 'java/lang/invoke/LambdaForm$MH+0x0000000100248000'
Event: 2.037 Thread 0x0000024178cb45f0 Unloading class 0x0000000100243c00 'java/lang/invoke/LambdaForm$MH+0x0000000100243c00'
Event: 2.037 Thread 0x0000024178cb45f0 Unloading class 0x0000000100243800 'java/lang/invoke/LambdaForm$MH+0x0000000100243800'
Event: 2.037 Thread 0x0000024178cb45f0 Unloading class 0x0000000100243400 'java/lang/invoke/LambdaForm$BMH+0x0000000100243400'
Event: 2.037 Thread 0x0000024178cb45f0 Unloading class 0x0000000100243000 'java/lang/invoke/LambdaForm$DMH+0x0000000100243000'
Event: 2.037 Thread 0x0000024178cb45f0 Unloading class 0x0000000100240400 'java/lang/invoke/LambdaForm$DMH+0x0000000100240400'

Classes redefined (0 events):
No events

Internal exceptions (20 events):
Event: 1.853 Thread 0x000002417b1505d0 Exception <a 'java/lang/ClassNotFoundException'{0x00000000eab44288}: com/sun/org/apache/xerces/internal/impl/msg/spi/XMLSerializerMessagesProvider> (0x00000000eab44288) 
thrown [s\src\hotspot\share\classfile\systemDictionary.cpp, line 256]
Event: 1.854 Thread 0x000002417b1505d0 Exception <a 'java/lang/ClassNotFoundException'{0x00000000eab51510}: com/sun/org/apache/xerces/internal/impl/msg/spi/XMLMessagesProvider> (0x00000000eab51510) 
thrown [s\src\hotspot\share\classfile\systemDictionary.cpp, line 256]
Event: 1.875 Thread 0x000002417b1505d0 Exception <a 'java/lang/NoSuchMethodError'{0x00000000eadc62b8}: 'java.lang.Object java.lang.invoke.DirectMethodHandle$Holder.invokeStaticInit(java.lang.Object, int, int, int, int)'> (0x00000000eadc62b8) 
thrown [s\src\hotspot\share\interpreter\linkResolver.cpp, line 759]
Event: 1.899 Thread 0x000002417b1505d0 Exception <a 'java/lang/NoSuchMethodError'{0x00000000eae60a48}: 'java.lang.Object java.lang.invoke.DirectMethodHandle$Holder.invokeStaticInit(java.lang.Object, java.lang.Object, int, int, int, int)'> (0x00000000eae60a48) 
thrown [s\src\hotspot\share\interpreter\linkResolver.cpp, line 759]
Event: 1.935 Thread 0x000002417b1505d0 Exception <a 'java/lang/ClassNotFoundException'{0x00000000eb230620}: com/sun/org/apache/xml/internal/serializer/spi/XMLEntitiesProvider> (0x00000000eb230620) 
thrown [s\src\hotspot\share\classfile\systemDictionary.cpp, line 256]
Event: 1.982 Thread 0x000002417b1505d0 Exception <a 'java/io/FileNotFoundException'{0x00000000eb623850}> (0x00000000eb623850) 
thrown [s\src\hotspot\share\prims\jni.cpp, line 516]
Event: 2.028 Thread 0x000002417b1505d0 Exception <a 'java/lang/UnsatisfiedLinkError'{0x00000000eb925ca0}: The specified procedure could not be found.
> (0x00000000eb925ca0) 
thrown [s\src\hotspot\share\prims\jni.cpp, line 535]
Event: 2.032 Thread 0x000002417b1505d0 Exception <a 'java/io/FileNotFoundException'{0x00000000eb94b938}> (0x00000000eb94b938) 
thrown [s\src\hotspot\share\prims\jni.cpp, line 516]
Event: 2.055 Thread 0x000002417b1505d0 Exception <a 'java/io/FileNotFoundException'{0x00000000eab6c5d0}> (0x00000000eab6c5d0) 
thrown [s\src\hotspot\share\prims\jni.cpp, line 516]
Event: 2.062 Thread 0x000002417b1505d0 Exception <a 'java/lang/UnsatisfiedLinkError'{0x00000000eac162e8}: The specified procedure could not be found.
> (0x00000000eac162e8) 
thrown [s\src\hotspot\share\prims\jni.cpp, line 535]
Event: 2.078 Thread 0x000002415fcc3690 Exception <a 'sun/nio/fs/WindowsException'{0x00000000ead19ff8}> (0x00000000ead19ff8) 
thrown [s\src\hotspot\share\prims\jni.cpp, line 516]
Event: 2.123 Thread 0x000002415fcc3690 Exception <a 'java/lang/NoSuchMethodError'{0x00000000eb2216f8}: 'java.lang.Object java.lang.invoke.DirectMethodHandle$Holder.invokeStatic(java.lang.Object, java.lang.Object, long, java.lang.Object)'> (0x00000000eb2216f8) 
thrown [s\src\hotspot\share\interpreter\linkResolver.cpp, line 759]
Event: 2.124 Thread 0x000002415fcc3690 Exception <a 'java/lang/NoSuchMethodError'{0x00000000eb2253e0}: 'java.lang.Object java.lang.invoke.DirectMethodHandle$Holder.invokeStaticInit(java.lang.Object, java.lang.Object, long, java.lang.Object)'> (0x00000000eb2253e0) 
thrown [s\src\hotspot\share\interpreter\linkResolver.cpp, line 759]
Event: 2.124 Thread 0x000002415fcc3690 Exception <a 'java/lang/NoSuchMethodError'{0x00000000eb22bc48}: 'java.lang.Object java.lang.invoke.DirectMethodHandle$Holder.newInvokeSpecial(java.lang.Object, java.lang.Object, long)'> (0x00000000eb22bc48) 
thrown [s\src\hotspot\share\interpreter\linkResolver.cpp, line 759]
Event: 2.155 Thread 0x000002415fcc3690 Exception <a 'java/lang/NoSuchMethodError'{0x00000000eb3fa768}: 'void java.lang.invoke.DirectMethodHandle$Holder.invokeStatic(java.lang.Object, java.lang.Object, java.lang.Object, java.lang.Object)'> (0x00000000eb3fa768) 
thrown [s\src\hotspot\share\interpreter\linkResolver.cpp, line 759]
Event: 2.228 Thread 0x000002415fcc3690 Exception <a 'java/lang/NoSuchMethodError'{0x00000000ebe82468}: 'void java.lang.invoke.DirectMethodHandle$Holder.invokeSpecial(java.lang.Object, java.lang.Object, java.lang.Object, java.lang.Object, java.lang.Object, java.lang.Object)'> (0x00000000ebe82468) 
thrown [s\src\hotspot\share\interpreter\linkResolver.cpp, line 759]
Event: 2.229 Thread 0x000002415fcc3690 Exception <a 'java/lang/IncompatibleClassChangeError'{0x00000000ebe8c1c0}: Found class java.lang.Object, but interface was expected> (0x00000000ebe8c1c0) 
thrown [s\src\hotspot\share\interpreter\linkResolver.cpp, line 826]
Event: 2.329 Thread 0x000002417b152e50 Exception <a 'java/lang/NoSuchMethodError'{0x00000000eaf86ec8}: 'java.lang.Object java.lang.invoke.DirectMethodHandle$Holder.invokeSpecialIFC(java.lang.Object, java.lang.Object, java.lang.Object, java.lang.Object)'> (0x00000000eaf86ec8) 
thrown [s\src\hotspot\share\interpreter\linkResolver.cpp, line 759]
Event: 2.437 Thread 0x000002417b152e50 Exception <a 'java/lang/NoSuchMethodError'{0x00000000eb8e5098}: 'int java.lang.invoke.DirectMethodHandle$Holder.invokeSpecialIFC(java.lang.Object, java.lang.Object, java.lang.Object, java.lang.Object, java.lang.Object)'> (0x00000000eb8e5098) 
thrown [s\src\hotspot\share\interpreter\linkResolver.cpp, line 759]
Event: 2.511 Thread 0x000002417b152e50 Exception <a 'java/lang/NoClassDefFoundError'{0x00000000ebf5a938}: javax/enterprise/inject/Typed> (0x00000000ebf5a938) 
thrown [s\src\hotspot\share\classfile\systemDictionary.cpp, line 245]

VM Operations (20 events):
Event: 2.020 Executing VM operation: HandshakeAllThreads
Event: 2.020 Executing VM operation: HandshakeAllThreads done
Event: 2.033 Executing VM operation: CollectForMetadataAllocation
Event: 2.051 Executing VM operation: CollectForMetadataAllocation done
Event: 2.262 Executing VM operation: ParallelGCFailedAllocation
Event: 2.263 Executing VM operation: ParallelGCFailedAllocation done
Event: 2.309 Executing VM operation: HandshakeAllThreads
Event: 2.309 Executing VM operation: HandshakeAllThreads done
Event: 2.340 Executing VM operation: HandshakeAllThreads
Event: 2.340 Executing VM operation: HandshakeAllThreads done
Event: 2.502 Executing VM operation: HandshakeAllThreads
Event: 2.502 Executing VM operation: HandshakeAllThreads done
Event: 2.530 Executing VM operation: ParallelGCFailedAllocation
Event: 2.531 Executing VM operation: ParallelGCFailedAllocation done
Event: 2.718 Executing VM operation: ParallelGCFailedAllocation
Event: 2.719 Executing VM operation: ParallelGCFailedAllocation done
Event: 2.743 Executing VM operation: HandshakeAllThreads
Event: 2.744 Executing VM operation: HandshakeAllThreads done
Event: 2.861 Executing VM operation: HandshakeAllThreads
Event: 2.861 Executing VM operation: HandshakeAllThreads done

Events (20 events):
Event: 2.504 loading class java/lang/Short$ShortCache
Event: 2.504 loading class java/lang/Short$ShortCache done
Event: 2.511 loading class java/lang/annotation/IncompleteAnnotationException
Event: 2.511 loading class java/lang/annotation/IncompleteAnnotationException done
Event: 2.526 loading class jdk/internal/access/foreign/MemorySegmentProxy
Event: 2.526 loading class jdk/internal/access/foreign/MemorySegmentProxy done
Event: 2.526 Thread 0x000002417bc629c0 Thread added: 0x000002417bc629c0
Event: 2.533 Thread 0x000002417bc639b0 Thread added: 0x000002417bc639b0
Event: 2.533 Thread 0x000002417bc61f20 Thread added: 0x000002417bc61f20
Event: 2.533 Thread 0x000002417bc62470 Thread added: 0x000002417bc62470
Event: 2.672 Thread 0x000002417de6a600 Thread added: 0x000002417de6a600
Event: 2.716 loading class sun/reflect/annotation/AnnotatedTypeFactory$AnnotatedParameterizedTypeImpl
Event: 2.717 loading class java/lang/reflect/AnnotatedParameterizedType
Event: 2.717 loading class java/lang/reflect/AnnotatedParameterizedType done
Event: 2.717 loading class sun/reflect/annotation/AnnotatedTypeFactory$AnnotatedParameterizedTypeImpl done
Event: 2.820 loading class sun/reflect/generics/scope/ConstructorScope
Event: 2.820 loading class sun/reflect/generics/scope/ConstructorScope done
Event: 2.820 loading class sun/reflect/generics/tree/VoidDescriptor
Event: 2.820 loading class sun/reflect/generics/tree/VoidDescriptor done
Event: 2.859 Thread 0x000002417de67870 Thread added: 0x000002417de67870


Dynamic libraries:
0x00007ff6aaeb0000 - 0x00007ff6aaebe000 	c:\Users\joshm\.vscode\extensions\redhat.java-1.26.0-win32-x64\jre\17.0.9-win32-x86_64\bin\java.exe
0x00007fff52790000 - 0x00007fff529a7000 	C:\WINDOWS\SYSTEM32\ntdll.dll
0x00007fff50ad0000 - 0x00007fff50b94000 	C:\WINDOWS\System32\KERNEL32.DLL
0x00007fff4feb0000 - 0x00007fff50256000 	C:\WINDOWS\System32\KERNELBASE.dll
0x00007fff4fc40000 - 0x00007fff4fd51000 	C:\WINDOWS\System32\ucrtbase.dll
0x00007fff43e00000 - 0x00007fff43e1b000 	c:\Users\joshm\.vscode\extensions\redhat.java-1.26.0-win32-x64\jre\17.0.9-win32-x86_64\bin\VCRUNTIME140.dll
0x00007fff3c7f0000 - 0x00007fff3c807000 	c:\Users\joshm\.vscode\extensions\redhat.java-1.26.0-win32-x64\jre\17.0.9-win32-x86_64\bin\jli.dll
0x00007fff51090000 - 0x00007fff5123e000 	C:\WINDOWS\System32\USER32.dll
0x00007fff50260000 - 0x00007fff50286000 	C:\WINDOWS\System32\win32u.dll
0x00007fff50a50000 - 0x00007fff50a79000 	C:\WINDOWS\System32\GDI32.dll
0x00007fff3fdd0000 - 0x00007fff40063000 	C:\WINDOWS\WinSxS\amd64_microsoft.windows.common-controls_6595b64144ccf1df_6.0.22621.2506_none_270c5ae97388e100\COMCTL32.dll
0x00007fff4fd90000 - 0x00007fff4fea8000 	C:\WINDOWS\System32\gdi32full.dll
0x00007fff50310000 - 0x00007fff503aa000 	C:\WINDOWS\System32\msvcp_win.dll
0x00007fff51300000 - 0x00007fff513a7000 	C:\WINDOWS\System32\msvcrt.dll
0x00007fff51240000 - 0x00007fff51271000 	C:\WINDOWS\System32\IMM32.DLL
0x00007fff4cd10000 - 0x00007fff4cd1c000 	c:\Users\joshm\.vscode\extensions\redhat.java-1.26.0-win32-x64\jre\17.0.9-win32-x86_64\bin\vcruntime140_1.dll
0x00007fff17400000 - 0x00007fff1748d000 	c:\Users\joshm\.vscode\extensions\redhat.java-1.26.0-win32-x64\jre\17.0.9-win32-x86_64\bin\msvcp140.dll
0x00007ffee0550000 - 0x00007ffee11b1000 	c:\Users\joshm\.vscode\extensions\redhat.java-1.26.0-win32-x64\jre\17.0.9-win32-x86_64\bin\server\jvm.dll
0x00007fff51410000 - 0x00007fff514c3000 	C:\WINDOWS\System32\ADVAPI32.dll
0x00007fff50870000 - 0x00007fff50918000 	C:\WINDOWS\System32\sechost.dll
0x00007fff4fd60000 - 0x00007fff4fd88000 	C:\WINDOWS\System32\bcrypt.dll
0x00007fff50930000 - 0x00007fff50a47000 	C:\WINDOWS\System32\RPCRT4.dll
0x00007fff48ea0000 - 0x00007fff48ed4000 	C:\WINDOWS\SYSTEM32\WINMM.dll
0x00007fff4f9a0000 - 0x00007fff4f9ed000 	C:\WINDOWS\SYSTEM32\POWRPROF.dll
0x00007fff43bb0000 - 0x00007fff43bb9000 	C:\WINDOWS\SYSTEM32\WSOCK32.dll
0x00007fff51280000 - 0x00007fff512f1000 	C:\WINDOWS\System32\WS2_32.dll
0x00007fff48910000 - 0x00007fff4891a000 	C:\WINDOWS\SYSTEM32\VERSION.dll
0x00007fff4f980000 - 0x00007fff4f993000 	C:\WINDOWS\SYSTEM32\UMPDC.dll
0x00007fff4eac0000 - 0x00007fff4ead8000 	C:\WINDOWS\SYSTEM32\kernel.appcore.dll
0x00007fff42fb0000 - 0x00007fff42fba000 	c:\Users\joshm\.vscode\extensions\redhat.java-1.26.0-win32-x64\jre\17.0.9-win32-x86_64\bin\jimage.dll
0x00007fff477d0000 - 0x00007fff47a03000 	C:\WINDOWS\SYSTEM32\DBGHELP.DLL
0x00007fff504e0000 - 0x00007fff50869000 	C:\WINDOWS\System32\combase.dll
0x00007fff52420000 - 0x00007fff524f7000 	C:\WINDOWS\System32\OLEAUT32.dll
0x00007fff2ca20000 - 0x00007fff2ca52000 	C:\WINDOWS\SYSTEM32\dbgcore.DLL
0x00007fff50290000 - 0x00007fff5030a000 	C:\WINDOWS\System32\bcryptPrimitives.dll
0x00007fff3fba0000 - 0x00007fff3fbae000 	c:\Users\joshm\.vscode\extensions\redhat.java-1.26.0-win32-x64\jre\17.0.9-win32-x86_64\bin\instrument.dll
0x00007fff3c760000 - 0x00007fff3c785000 	c:\Users\joshm\.vscode\extensions\redhat.java-1.26.0-win32-x64\jre\17.0.9-win32-x86_64\bin\java.dll
0x00007fff3c3f0000 - 0x00007fff3c408000 	c:\Users\joshm\.vscode\extensions\redhat.java-1.26.0-win32-x64\jre\17.0.9-win32-x86_64\bin\zip.dll
0x00007fff51540000 - 0x00007fff51d9a000 	C:\WINDOWS\System32\SHELL32.dll
0x00007fff4d9d0000 - 0x00007fff4e2c6000 	C:\WINDOWS\SYSTEM32\windows.storage.dll
0x00007fff4d890000 - 0x00007fff4d9ce000 	C:\WINDOWS\SYSTEM32\wintypes.dll
0x00007fff52650000 - 0x00007fff52743000 	C:\WINDOWS\System32\SHCORE.dll
0x00007fff513b0000 - 0x00007fff5140e000 	C:\WINDOWS\System32\shlwapi.dll
0x00007fff4fa00000 - 0x00007fff4fa26000 	C:\WINDOWS\SYSTEM32\profapi.dll
0x00007fff3a550000 - 0x00007fff3a569000 	C:\Users\joshm\.vscode\extensions\redhat.java-1.26.0-win32-x64\jre\17.0.9-win32-x86_64\bin\net.dll
0x00007fff4a020000 - 0x00007fff4a157000 	C:\WINDOWS\SYSTEM32\WINHTTP.dll
0x00007fff4ef30000 - 0x00007fff4ef99000 	C:\WINDOWS\system32\mswsock.dll
0x00007fff3a530000 - 0x00007fff3a546000 	C:\Users\joshm\.vscode\extensions\redhat.java-1.26.0-win32-x64\jre\17.0.9-win32-x86_64\bin\nio.dll
0x00007fff3e6e0000 - 0x00007fff3e6f0000 	c:\Users\joshm\.vscode\extensions\redhat.java-1.26.0-win32-x64\jre\17.0.9-win32-x86_64\bin\verify.dll
0x00007fff2c9e0000 - 0x00007fff2ca1e000 	C:\Users\joshm\AppData\Roaming\Code\User\globalStorage\redhat.java\1.26.0\config_win\org.eclipse.equinox.launcher\org.eclipse.equinox.launcher.win32.win32.x86_64_1.2.800.v20231003-1442\eclipse_11802.dll
0x00007fff50c70000 - 0x00007fff50e10000 	C:\WINDOWS\System32\ole32.dll
0x00007fff4f170000 - 0x00007fff4f18b000 	C:\WINDOWS\SYSTEM32\CRYPTSP.dll
0x00007fff4ea20000 - 0x00007fff4ea55000 	C:\WINDOWS\system32\rsaenh.dll
0x00007fff4efe0000 - 0x00007fff4f00c000 	C:\WINDOWS\SYSTEM32\USERENV.dll
0x00007fff4f160000 - 0x00007fff4f16c000 	C:\WINDOWS\SYSTEM32\CRYPTBASE.dll
0x00007fff4e570000 - 0x00007fff4e59d000 	C:\WINDOWS\SYSTEM32\IPHLPAPI.DLL
0x00007fff51080000 - 0x00007fff51089000 	C:\WINDOWS\System32\NSI.dll
0x00007fff49f50000 - 0x00007fff49f69000 	C:\WINDOWS\SYSTEM32\dhcpcsvc6.DLL
0x00007fff498d0000 - 0x00007fff498ef000 	C:\WINDOWS\SYSTEM32\dhcpcsvc.DLL
0x00007fff4e5a0000 - 0x00007fff4e699000 	C:\WINDOWS\SYSTEM32\DNSAPI.dll
0x00007fff20710000 - 0x00007fff20755000 	C:\Users\joshm\AppData\Local\Temp\jna-101313875\jna12103455080164902450.dll
0x00007fff50920000 - 0x00007fff50928000 	C:\WINDOWS\System32\PSAPI.DLL

dbghelp: loaded successfully - version: 4.0.5 - missing functions: none
symbol engine: initialized successfully - sym options: 0x614 - pdb path: .;c:\Users\joshm\.vscode\extensions\redhat.java-1.26.0-win32-x64\jre\17.0.9-win32-x86_64\bin;C:\WINDOWS\SYSTEM32;C:\WINDOWS\WinSxS\amd64_microsoft.windows.common-controls_6595b64144ccf1df_6.0.22621.2506_none_270c5ae97388e100;c:\Users\joshm\.vscode\extensions\redhat.java-1.26.0-win32-x64\jre\17.0.9-win32-x86_64\bin\server;C:\Users\joshm\AppData\Roaming\Code\User\globalStorage\redhat.java\1.26.0\config_win\org.eclipse.equinox.launcher\org.eclipse.equinox.launcher.win32.win32.x86_64_1.2.800.v20231003-1442;C:\Users\joshm\AppData\Local\Temp\jna-101313875

VM Arguments:
jvm_args: --add-modules=ALL-SYSTEM --add-opens=java.base/java.util=ALL-UNNAMED --add-opens=java.base/java.lang=ALL-UNNAMED --add-opens=java.base/sun.nio.fs=ALL-UNNAMED -Declipse.application=org.eclipse.jdt.ls.core.id1 -Dosgi.bundles.defaultStartLevel=4 -Declipse.product=org.eclipse.jdt.ls.core.product -Djava.import.generatesMetadataFilesAtProjectRoot=false -DDetectVMInstallationsJob.disabled=true -Dfile.encoding=utf8 -XX:+UseParallelGC -XX:GCTimeRatio=4 -XX:AdaptiveSizePolicyWeight=90 -Dsun.zip.disableMemoryMapping=true -Xmx1G -Xms100m -Xlog:disable -javaagent:c:\Users\joshm\.vscode\extensions\redhat.java-1.26.0-win32-x64\lombok\lombok-1.18.31-3454.jar -XX:+HeapDumpOnOutOfMemoryError -XX:HeapDumpPath=c:\Users\joshm\AppData\Roaming\Code\User\workspaceStorage\b0d151ee9e6ba5e463fc4d2f3f896610\redhat.java -Daether.dependencyCollector.impl=bf 
java_command: c:\Users\joshm\.vscode\extensions\redhat.java-1.26.0-win32-x64\server\plugins\org.eclipse.equinox.launcher_1.6.700.v20231214-2017.jar -configuration c:\Users\joshm\AppData\Roaming\Code\User\globalStorage\redhat.java\1.26.0\config_win -data c:\Users\joshm\AppData\Roaming\Code\User\workspaceStorage\b0d151ee9e6ba5e463fc4d2f3f896610\redhat.java\jdt_ws --stdio
java_class_path (initial): c:\Users\joshm\.vscode\extensions\redhat.java-1.26.0-win32-x64\server\plugins\org.eclipse.equinox.launcher_1.6.700.v20231214-2017.jar
Launcher Type: SUN_STANDARD

[Global flags]
    uintx AdaptiveSizePolicyWeight                 = 90                                        {product} {command line}
     intx CICompilerCount                          = 12                                        {product} {ergonomic}
    uintx GCTimeRatio                              = 4                                         {product} {command line}
     bool HeapDumpOnOutOfMemoryError               = true                                   {manageable} {command line}
    ccstr HeapDumpPath                             = c:\Users\joshm\AppData\Roaming\Code\User\workspaceStorage\b0d151ee9e6ba5e463fc4d2f3f896610\redhat.java         {manageable} {command line}
   size_t InitialHeapSize                          = 104857600                                 {product} {command line}
   size_t MaxHeapSize                              = 1073741824                                {product} {command line}
   size_t MaxNewSize                               = 357564416                                 {product} {ergonomic}
   size_t MinHeapDeltaBytes                        = 524288                                    {product} {ergonomic}
   size_t MinHeapSize                              = 104857600                                 {product} {command line}
   size_t NewSize                                  = 34603008                                  {product} {ergonomic}
    uintx NonNMethodCodeHeapSize                   = 7602480                                {pd product} {ergonomic}
    uintx NonProfiledCodeHeapSize                  = 122027880                              {pd product} {ergonomic}
   size_t OldSize                                  = 70254592                                  {product} {ergonomic}
    uintx ProfiledCodeHeapSize                     = 122027880                              {pd product} {ergonomic}
    uintx ReservedCodeCacheSize                    = 251658240                              {pd product} {ergonomic}
     bool SegmentedCodeCache                       = true                                      {product} {ergonomic}
   size_t SoftMaxHeapSize                          = 1073741824                             {manageable} {ergonomic}
     bool UseCompressedClassPointers               = true                           {product lp64_product} {ergonomic}
     bool UseCompressedOops                        = true                           {product lp64_product} {ergonomic}
     bool UseLargePagesIndividualAllocation        = false                                  {pd product} {ergonomic}
     bool UseParallelGC                            = true                                      {product} {command line}

Logging:
Log output configuration:
 #0: stdout all=off uptime,level,tags
 #1: stderr all=off uptime,level,tags

Environment Variables:
JAVA_HOME=C:\Program Files\Java\jdk-17
PATH=C:\Program Files\Common Files\Oracle\Java\javapath;C:\Program Files (x86)\Razer\ChromaBroadcast\bin;C:\Program Files\Razer\ChromaBroadcast\bin;C:\Windows\system32;C:\Windows;C:\Windows\System32\Wbem;C:\Windows\System32\WindowsPowerShell\v1.0\;C:\Windows\System32\OpenSSH\;C:\Program Files (x86)\NVIDIA Corporation\PhysX\Common;C:\Program Files\NVIDIA Corporation\NVIDIA NvDLISR;C:\WINDOWS\system32;C:\WINDOWS;C:\WINDOWS\System32\Wbem;C:\WINDOWS\System32\WindowsPowerShell\v1.0\;C:\WINDOWS\System32\OpenSSH\;C:\WINDOWS\system32\config\systemprofile\AppData\Local\Microsoft\WindowsApps;C:\Program Files\dotnet\;C:\ProgramData\chocolatey\bin;C:\Program Files\Git\cmd;C:\Users\joshm\AppData\Local\Microsoft\WindowsApps;C:\Users\joshm\AppData\Local\Programs\Microsoft VS Code\bin;C:\Users\joshm\AppData\Local\Programs\Python\Python311;C:\Users\joshm\AppData\Local\spicetify;C:\Flutter\flutter\bin;
USERNAME=joshm
OS=Windows_NT
PROCESSOR_IDENTIFIER=AMD64 Family 25 Model 68 Stepping 1, AuthenticAMD
TMP=C:\Users\joshm\AppData\Local\Temp
TEMP=C:\Users\joshm\AppData\Local\Temp



Periodic native trim disabled


---------------  S Y S T E M  ---------------

OS:
 Windows 11 , 64 bit Build 22621 (10.0.22621.2506)
OS uptime: 0 days 19:00 hours
Hyper-V role detected

CPU: total 16 (initial active 16) (16 cores per cpu, 2 threads per core) family 25 model 68 stepping 1 microcode 0x0, cx8, cmov, fxsr, ht, mmx, 3dnowpref, sse, sse2, sse3, ssse3, sse4a, sse4.1, sse4.2, popcnt, lzcnt, tsc, tscinvbit, avx, avx2, aes, clmul, bmi1, bmi2, adx, sha, fma, vzeroupper, clflush, clflushopt, hv
Processor Information for all 16 processors :
  Max Mhz: 3201, Current Mhz: 3201, Mhz Limit: 3201

Memory: 4k page, system-wide physical 15613M (3449M free)
TotalPageFile size 37089M (AvailPageFile size 5M)
current process WorkingSet (physical memory assigned to process): 222M, peak: 222M
current process commit charge ("private bytes"): 337M, peak: 338M

vm_info: OpenJDK 64-Bit Server VM (17.0.9+9) for windows-amd64 JRE (17.0.9+9), built on Oct 26 2023 14:01:42 by "admin" with MS VC++ 16.10 / 16.11 (VS2019)

END.
