#
# There is insufficient memory for the Java Runtime Environment to continue.
# Native memory allocation (malloc) failed to allocate 1217136 bytes for Chunk::new
# Possible reasons:
#   The system is out of physical RAM or swap space
#   The process is running with CompressedOops enabled, and the Java Heap may be blocking the growth of the native heap
# Possible solutions:
#   Reduce memory load on the system
#   Increase physical memory or swap space
#   Check if swap backing store is full
#   Decrease Java heap size (-Xmx/-Xms)
#   Decrease number of Java threads
#   Decrease Java thread stack sizes (-Xss)
#   Set larger code cache with -XX:ReservedCodeCacheSize=
#   JVM is running with Unscaled Compressed Oops mode in which the Java heap is
#     placed in the first 4GB address space. The Java Heap base address is the
#     maximum limit for the native heap growth. Please use -XX:HeapBaseMinAddress
#     to set the Java Heap base and to place the Java Heap above 4GB virtual address.
# This output file may be truncated or incomplete.
#
#  Out of Memory Error (arena.cpp:191), pid=10876, tid=24488
#
# JRE version: OpenJDK Runtime Environment Temurin-17.0.9+9 (17.0.9+9) (build 17.0.9+9)
# Java VM: OpenJDK 64-Bit Server VM Temurin-17.0.9+9 (17.0.9+9, mixed mode, tiered, compressed oops, compressed class ptrs, parallel gc, windows-amd64)
# No core dump will be written. Minidumps are not enabled by default on client versions of Windows
#

---------------  S U M M A R Y ------------

Command Line: --add-modules=ALL-SYSTEM --add-opens=java.base/java.util=ALL-UNNAMED --add-opens=java.base/java.lang=ALL-UNNAMED --add-opens=java.base/sun.nio.fs=ALL-UNNAMED -Declipse.application=org.eclipse.jdt.ls.core.id1 -Dosgi.bundles.defaultStartLevel=4 -Declipse.product=org.eclipse.jdt.ls.core.product -Djava.import.generatesMetadataFilesAtProjectRoot=false -DDetectVMInstallationsJob.disabled=true -Dfile.encoding=utf8 -XX:+UseParallelGC -XX:GCTimeRatio=4 -XX:AdaptiveSizePolicyWeight=90 -Dsun.zip.disableMemoryMapping=true -Xmx1G -Xms100m -Xlog:disable -javaagent:c:\Users\joshm\.vscode\extensions\redhat.java-1.26.0-win32-x64\lombok\lombok-1.18.31-3454.jar -XX:+HeapDumpOnOutOfMemoryError -XX:HeapDumpPath=c:\Users\joshm\AppData\Roaming\Code\User\workspaceStorage\b0d151ee9e6ba5e463fc4d2f3f896610\redhat.java -Daether.dependencyCollector.impl=bf c:\Users\joshm\.vscode\extensions\redhat.java-1.26.0-win32-x64\server\plugins\org.eclipse.equinox.launcher_1.6.700.v20231214-2017.jar -configuration c:\Users\joshm\AppData\Roaming\Code\User\globalStorage\redhat.java\1.26.0\config_win -data c:\Users\joshm\AppData\Roaming\Code\User\workspaceStorage\b0d151ee9e6ba5e463fc4d2f3f896610\redhat.java\jdt_ws --stdio

Host: AMD Ryzen 7 6800H with Radeon Graphics         , 16 cores, 15G,  Windows 11 , 64 bit Build 22621 (10.0.22621.2506)
Time: Thu Jan 18 10:50:10 2024 Eastern Standard Time elapsed time: 3.888683 seconds (0d 0h 0m 3s)

---------------  T H R E A D  ---------------

Current thread (0x0000027c7b881f10):  JavaThread "C2 CompilerThread0" daemon [_thread_in_native, id=24488, stack(0x000000f1b6700000,0x000000f1b6800000)]


Current CompileTask:
C2:   3888 4752   !   4       org.eclipse.osgi.internal.loader.BundleLoader::findClass0 (470 bytes)

Stack: [0x000000f1b6700000,0x000000f1b6800000]
Native frames: (J=compiled Java code, j=interpreted, Vv=VM code, C=native code)
V  [jvm.dll+0x67cf49]
V  [jvm.dll+0x83478a]
V  [jvm.dll+0x83624e]
V  [jvm.dll+0x8368b3]
V  [jvm.dll+0x247f1f]
V  [jvm.dll+0xac43c]
V  [jvm.dll+0xaca8c]
V  [jvm.dll+0x367012]
V  [jvm.dll+0x1bd536]
V  [jvm.dll+0x21a709]
V  [jvm.dll+0x2199d1]
V  [jvm.dll+0x1a57cd]
V  [jvm.dll+0x2297ae]
V  [jvm.dll+0x22797c]
V  [jvm.dll+0x7e9877]
V  [jvm.dll+0x7e3c3a]
V  [jvm.dll+0x67be35]
C  [ucrtbase.dll+0x29363]
C  [KERNEL32.DLL+0x1257d]
C  [ntdll.dll+0x5aa58]


---------------  P R O C E S S  ---------------

Threads class SMR info:
_java_thread_list=0x0000027c7ecc4130, length=37, elements={
0x0000027c71881690, 0x0000027c76700020, 0x0000027c76701b00, 0x0000027c7670b2c0,
0x0000027c7670bc30, 0x0000027c7670d7a0, 0x0000027c7b87e510, 0x0000027c7b881f10,
0x0000027c7b885170, 0x0000027c7b88eae0, 0x0000027c7b962b40, 0x0000027c718e2860,
0x0000027c7d98fea0, 0x0000027c7d9903c0, 0x0000027c7d9f11c0, 0x0000027c7e2f2370,
0x0000027c7e85ec10, 0x0000027c7e34e6c0, 0x0000027c7eaaa540, 0x0000027c7eb16110,
0x0000027c7e69a030, 0x0000027c7ee5ffe0, 0x0000027c7edb1aa0, 0x0000027c7edb1fb0,
0x0000027c7edb33f0, 0x0000027c7edb24c0, 0x0000027c7e84c370, 0x0000027c7edb4320,
0x0000027c7edb4830, 0x0000027c7edb3e10, 0x0000027c7edb1080, 0x0000027c10938920,
0x0000027c108d61d0, 0x0000027c0faf0d30, 0x0000027c114c8700, 0x0000027c121b8e10,
0x0000027c11359b90
}

Java Threads: ( => current thread )
  0x0000027c71881690 JavaThread "main" [_thread_blocked, id=3904, stack(0x000000f1b5e00000,0x000000f1b5f00000)]
  0x0000027c76700020 JavaThread "Reference Handler" daemon [_thread_blocked, id=13600, stack(0x000000f1b6100000,0x000000f1b6200000)]
  0x0000027c76701b00 JavaThread "Finalizer" daemon [_thread_blocked, id=22704, stack(0x000000f1b6200000,0x000000f1b6300000)]
  0x0000027c7670b2c0 JavaThread "Signal Dispatcher" daemon [_thread_blocked, id=13880, stack(0x000000f1b6300000,0x000000f1b6400000)]
  0x0000027c7670bc30 JavaThread "Attach Listener" daemon [_thread_blocked, id=21280, stack(0x000000f1b6400000,0x000000f1b6500000)]
  0x0000027c7670d7a0 JavaThread "Service Thread" daemon [_thread_blocked, id=17452, stack(0x000000f1b6500000,0x000000f1b6600000)]
  0x0000027c7b87e510 JavaThread "Monitor Deflation Thread" daemon [_thread_blocked, id=1980, stack(0x000000f1b6600000,0x000000f1b6700000)]
=>0x0000027c7b881f10 JavaThread "C2 CompilerThread0" daemon [_thread_in_native, id=24488, stack(0x000000f1b6700000,0x000000f1b6800000)]
  0x0000027c7b885170 JavaThread "C1 CompilerThread0" daemon [_thread_blocked, id=14004, stack(0x000000f1b6800000,0x000000f1b6900000)]
  0x0000027c7b88eae0 JavaThread "Sweeper thread" daemon [_thread_blocked, id=1788, stack(0x000000f1b6900000,0x000000f1b6a00000)]
  0x0000027c7b962b40 JavaThread "Common-Cleaner" daemon [_thread_blocked, id=20260, stack(0x000000f1b6a00000,0x000000f1b6b00000)]
  0x0000027c718e2860 JavaThread "C1 CompilerThread1" daemon [_thread_blocked, id=17344, stack(0x000000f1b6b00000,0x000000f1b6c00000)]
  0x0000027c7d98fea0 JavaThread "C1 CompilerThread2" daemon [_thread_blocked, id=22576, stack(0x000000f1b6e00000,0x000000f1b6f00000)]
  0x0000027c7d9903c0 JavaThread "C1 CompilerThread3" daemon [_thread_blocked, id=18888, stack(0x000000f1b6f00000,0x000000f1b7000000)]
  0x0000027c7d9f11c0 JavaThread "Notification Thread" daemon [_thread_blocked, id=19628, stack(0x000000f1b7000000,0x000000f1b7100000)]
  0x0000027c7e2f2370 JavaThread "Active Thread: Equinox Container: 3eae2213-ee9c-41f6-a3bd-34711a751df7" [_thread_blocked, id=5456, stack(0x000000f1b7700000,0x000000f1b7800000)]
  0x0000027c7e85ec10 JavaThread "Framework Event Dispatcher: Equinox Container: 3eae2213-ee9c-41f6-a3bd-34711a751df7" daemon [_thread_blocked, id=16168, stack(0x000000f1b7800000,0x000000f1b7900000)]
  0x0000027c7e34e6c0 JavaThread "Start Level: Equinox Container: 3eae2213-ee9c-41f6-a3bd-34711a751df7" daemon [_thread_blocked, id=21196, stack(0x000000f1b7900000,0x000000f1b7a00000)]
  0x0000027c7eaaa540 JavaThread "Bundle File Closer" daemon [_thread_blocked, id=16844, stack(0x000000f1b7c00000,0x000000f1b7d00000)]
  0x0000027c7eb16110 JavaThread "SCR Component Actor" daemon [_thread_blocked, id=15328, stack(0x000000f1b7e00000,0x000000f1b7f00000)]
  0x0000027c7e69a030 JavaThread "SCR Component Registry" daemon [_thread_blocked, id=14524, stack(0x000000f1b7f00000,0x000000f1b8000000)]
  0x0000027c7ee5ffe0 JavaThread "C2 CompilerThread1" daemon [_thread_blocked, id=22452, stack(0x000000f1b6c00000,0x000000f1b6d00000)]
  0x0000027c7edb1aa0 JavaThread "Worker-JM" [_thread_blocked, id=10616, stack(0x000000f1b6d00000,0x000000f1b6e00000)]
  0x0000027c7edb1fb0 JavaThread "Worker-0: Updating Maven Dependencies" [_thread_in_vm, id=24436, stack(0x000000f1b8300000,0x000000f1b8400000)]
  0x0000027c7edb33f0 JavaThread "Worker-1" [_thread_blocked, id=22376, stack(0x000000f1b8400000,0x000000f1b8500000)]
  0x0000027c7edb24c0 JavaThread "Worker-2: Repository registry initialization" [_thread_blocked, id=26792, stack(0x000000f1b8500000,0x000000f1b8600000)]
  0x0000027c7e84c370 JavaThread "C2 CompilerThread2" daemon [_thread_in_vm, id=26596, stack(0x000000f1b8700000,0x000000f1b8800000)]
  0x0000027c7edb4320 JavaThread "Java indexing" daemon [_thread_blocked, id=20932, stack(0x000000f1b8800000,0x000000f1b8900000)]
  0x0000027c7edb4830 JavaThread "JNA Cleaner" daemon [_thread_blocked, id=14392, stack(0x000000f1b8900000,0x000000f1b8a00000)]
  0x0000027c7edb3e10 JavaThread "pool-2-thread-1" [_thread_blocked, id=2612, stack(0x000000f1b8a00000,0x000000f1b8b00000)]
  0x0000027c7edb1080 JavaThread "WorkspaceEventsHandler" [_thread_blocked, id=7756, stack(0x000000f1b8b00000,0x000000f1b8c00000)]
  0x0000027c10938920 JavaThread "pool-1-thread-1" [_thread_blocked, id=18756, stack(0x000000f1b8c00000,0x000000f1b8d00000)]
  0x0000027c108d61d0 JavaThread "C2 CompilerThread3" daemon [_thread_blocked, id=4668, stack(0x000000f1b8d00000,0x000000f1b8e00000)]
  0x0000027c0faf0d30 JavaThread "C2 CompilerThread4" daemon [_thread_blocked, id=17572, stack(0x000000f1b8e00000,0x000000f1b8f00000)]
  0x0000027c114c8700 JavaThread "C2 CompilerThread5" daemon [_thread_blocked, id=20496, stack(0x000000f1b8f00000,0x000000f1b9000000)]
  0x0000027c121b8e10 JavaThread "C2 CompilerThread6" daemon [_thread_blocked, id=12360, stack(0x000000f1b9000000,0x000000f1b9100000)]
  0x0000027c11359b90 JavaThread "C2 CompilerThread7" daemon [_thread_in_native, id=22436, stack(0x000000f1b9100000,0x000000f1b9200000)]

Other Threads:
  0x0000027c71909a60 VMThread "VM Thread" [stack: 0x000000f1b6000000,0x000000f1b6100000] [id=5104]
  0x0000027c7d9f16a0 WatcherThread [stack: 0x000000f1b7100000,0x000000f1b7200000] [id=9504]
  0x0000027c71895b80 GCTaskThread "GC Thread#0" [stack: 0x000000f1b5f00000,0x000000f1b6000000] [id=2756]
  0x0000027c7de7dac0 GCTaskThread "GC Thread#1" [stack: 0x000000f1b7200000,0x000000f1b7300000] [id=11252]
  0x0000027c7de80210 GCTaskThread "GC Thread#2" [stack: 0x000000f1b7300000,0x000000f1b7400000] [id=4004]
  0x0000027c7de804d0 GCTaskThread "GC Thread#3" [stack: 0x000000f1b7400000,0x000000f1b7500000] [id=18492]
  0x0000027c7db9d880 GCTaskThread "GC Thread#4" [stack: 0x000000f1b7500000,0x000000f1b7600000] [id=21284]
  0x0000027c7db9db40 GCTaskThread "GC Thread#5" [stack: 0x000000f1b7600000,0x000000f1b7700000] [id=12748]
  0x0000027c7e3decf0 GCTaskThread "GC Thread#6" [stack: 0x000000f1b7a00000,0x000000f1b7b00000] [id=12868]
  0x0000027c7e3d8df0 GCTaskThread "GC Thread#7" [stack: 0x000000f1b7b00000,0x000000f1b7c00000] [id=11588]
  0x0000027c7e46a030 GCTaskThread "GC Thread#8" [stack: 0x000000f1b7d00000,0x000000f1b7e00000] [id=12668]
  0x0000027c7ee5e8c0 GCTaskThread "GC Thread#9" [stack: 0x000000f1b8000000,0x000000f1b8100000] [id=4796]
  0x0000027c7e9e0b20 GCTaskThread "GC Thread#10" [stack: 0x000000f1b8100000,0x000000f1b8200000] [id=6960]
  0x0000027c7ea42e40 GCTaskThread "GC Thread#11" [stack: 0x000000f1b8200000,0x000000f1b8300000] [id=23908]
  0x0000027c7ee7f370 GCTaskThread "GC Thread#12" [stack: 0x000000f1b8600000,0x000000f1b8700000] [id=12212]

Threads with active compile tasks:
C2 CompilerThread0     3906 4752   !   4       org.eclipse.osgi.internal.loader.BundleLoader::findClass0 (470 bytes)
C1 CompilerThread0     3906 5112       3       com.google.common.util.concurrent.SettableFuture::<init> (5 bytes)
C1 CompilerThread2     3906 5109       3       com.google.common.cache.LocalCache$LoadingValueReference::<init> (6 bytes)
C1 CompilerThread3     3906 5110       3       com.google.common.cache.LocalCache$LoadingValueReference::<init> (34 bytes)
C2 CompilerThread2     3906 5102       4       java.lang.StringBuilder::<init> (6 bytes)
C2 CompilerThread7     3907 4595   !   4       org.eclipse.osgi.internal.loader.classpath.ClasspathManager::defineClass (636 bytes)

VM state: not at safepoint (normal execution)

VM Mutex/Monitor currently owned by a thread: None

Heap address: 0x00000000c0000000, size: 1024 MB, Compressed Oops mode: 32-bit

CDS archive(s) not mapped
Compressed class space mapped at: 0x0000000100000000-0x0000000140000000, reserved size: 1073741824
Narrow klass base: 0x0000000000000000, Narrow klass shift: 3, Narrow klass range: 0x140000000

GC Precious Log:
 CPUs: 16 total, 16 available
 Memory: 15613M
 Large Page Support: Disabled
 NUMA Support: Disabled
 Compressed Oops: Enabled (32-bit)
 Alignments: Space 512K, Generation 512K, Heap 2M
 Heap Min Capacity: 100M
 Heap Initial Capacity: 100M
 Heap Max Capacity: 1G
 Pre-touch: Disabled
 Parallel Workers: 13

Heap:
 PSYoungGen      total 23040K, used 9110K [0x00000000eab00000, 0x00000000ec600000, 0x0000000100000000)
  eden space 22016K, 36% used [0x00000000eab00000,0x00000000eb2e5a20,0x00000000ec080000)
  from space 1024K, 100% used [0x00000000ec500000,0x00000000ec600000,0x00000000ec600000)
  to   space 2048K, 0% used [0x00000000ec200000,0x00000000ec200000,0x00000000ec400000)
 ParOldGen       total 68608K, used 15762K [0x00000000c0000000, 0x00000000c4300000, 0x00000000eab00000)
  object space 68608K, 22% used [0x00000000c0000000,0x00000000c0f64ad0,0x00000000c4300000)
 Metaspace       used 46264K, committed 47104K, reserved 1114112K
  class space    used 4929K, committed 5312K, reserved 1048576K

Card table byte_map: [0x0000027c71240000,0x0000027c71450000] _byte_map_base: 0x0000027c70c40000

Marking Bits: (ParMarkBitMap*) 0x00007ffee10ed0b0
 Begin Bits: [0x0000027c74510000, 0x0000027c75510000)
 End Bits:   [0x0000027c75510000, 0x0000027c76510000)

Polling page: 0x0000027c71030000

Metaspace:

Usage:
  Non-class:     40.37 MB used.
      Class:      4.81 MB used.
       Both:     45.18 MB used.

Virtual space:
  Non-class space:       64.00 MB reserved,      40.81 MB ( 64%) committed,  1 nodes.
      Class space:        1.00 GB reserved,       5.19 MB ( <1%) committed,  1 nodes.
             Both:        1.06 GB reserved,      46.00 MB (  4%) committed. 

Chunk freelists:
   Non-Class:  6.45 MB
       Class:  10.86 MB
        Both:  17.31 MB

MaxMetaspaceSize: unlimited
CompressedClassSpaceSize: 1.00 GB
Initial GC threshold: 21.00 MB
Current GC threshold: 58.38 MB
CDS: off
MetaspaceReclaimPolicy: balanced
 - commit_granule_bytes: 65536.
 - commit_granule_words: 8192.
 - virtual_space_node_default_size: 8388608.
 - enlarge_chunks_in_place: 1.
 - new_chunks_are_fully_committed: 0.
 - uncommit_free_chunks: 1.
 - use_allocation_guard: 0.
 - handle_deallocations: 1.


Internal statistics:

num_allocs_failed_limit: 6.
num_arena_births: 440.
num_arena_deaths: 14.
num_vsnodes_births: 2.
num_vsnodes_deaths: 0.
num_space_committed: 736.
num_space_uncommitted: 0.
num_chunks_returned_to_freelist: 20.
num_chunks_taken_from_freelist: 2006.
num_chunk_merges: 11.
num_chunk_splits: 1321.
num_chunks_enlarged: 923.
num_inconsistent_stats: 0.

CodeHeap 'non-profiled nmethods': size=119168Kb used=2479Kb max_used=2479Kb free=116688Kb
 bounds [0x0000027c07ba0000, 0x0000027c07e10000, 0x0000027c0f000000]
CodeHeap 'profiled nmethods': size=119104Kb used=11095Kb max_used=11095Kb free=108008Kb
 bounds [0x0000027c00000000, 0x0000027c00ae0000, 0x0000027c07450000]
CodeHeap 'non-nmethods': size=7488Kb used=2964Kb max_used=3043Kb free=4524Kb
 bounds [0x0000027c07450000, 0x0000027c07750000, 0x0000027c07ba0000]
 total_blobs=5712 nmethods=5112 adapters=511
 compilation: enabled
              stopped_count=0, restarted_count=0
 full_count=0

Compilation events (20 events):
Event: 3.881 Thread 0x0000027c7d98fea0 nmethod 5059 0x0000027c00aba210 code [0x0000027c00aba400, 0x0000027c00aba938]
Event: 3.881 Thread 0x0000027c7b885170 nmethod 5060 0x0000027c00abaa90 code [0x0000027c00abac60, 0x0000027c00abb048]
Event: 3.881 Thread 0x0000027c718e2860 nmethod 5061 0x0000027c00abb210 code [0x0000027c00abb3c0, 0x0000027c00abb648]
Event: 3.881 Thread 0x0000027c7d98fea0 5062       3       com.google.inject.internal.MoreTypes::hashCodeOrZero (13 bytes)
Event: 3.881 Thread 0x0000027c7d98fea0 nmethod 5062 0x0000027c00abb710 code [0x0000027c00abb8c0, 0x0000027c00abbae8]
Event: 3.881 Thread 0x0000027c108d61d0 5063       4       com.google.inject.internal.KotlinSupport::getInstance (4 bytes)
Event: 3.882 Thread 0x0000027c7d9903c0 nmethod 5056 0x0000027c00abbb90 code [0x0000027c00abc0e0, 0x0000027c00abe7e8]
Event: 3.882 Thread 0x0000027c108d61d0 nmethod 5063 0x0000027c07e0aa90 code [0x0000027c07e0ac00, 0x0000027c07e0ac58]
Event: 3.883 Thread 0x0000027c7b885170 5064       3       com.google.inject.internal.KotlinSupport$KotlinUnsupported$$Lambda$275/0x0000000100467b00::test (8 bytes)
Event: 3.883 Thread 0x0000027c7e84c370 5065       4       java.lang.invoke.Invokers$Holder::linkToTargetMethod (10 bytes)
Event: 3.883 Thread 0x0000027c7d98fea0 5066       1       com.google.inject.internal.KotlinSupport$KotlinUnsupported::isLocalClass (2 bytes)
Event: 3.883 Thread 0x0000027c718e2860 5067       3       sun.reflect.generics.parser.SignatureParser::parseZeroOrMoreFormalTypeParameters (19 bytes)
Event: 3.883 Thread 0x0000027c7b885170 nmethod 5064 0x0000027c00abf890 code [0x0000027c00abfa40, 0x0000027c00abfc98]
Event: 3.883 Thread 0x0000027c7d98fea0 nmethod 5066 0x0000027c07e0ad90 code [0x0000027c07e0af20, 0x0000027c07e0aff8]
Event: 3.883 Thread 0x0000027c7d9903c0 5068   !   3       jdk.proxy6.$Proxy24::annotationType (29 bytes)
Event: 3.883 Thread 0x0000027c7b885170 5069       1       com.google.common.cache.LocalCache$WeakEntry::getNext (5 bytes)
Event: 3.883 Thread 0x0000027c718e2860 nmethod 5067 0x0000027c00abfd90 code [0x0000027c00abff40, 0x0000027c00ac01b8]
Event: 3.883 Thread 0x0000027c7d9903c0 nmethod 5068 0x0000027c00ac0290 code [0x0000027c00ac0460, 0x0000027c00ac0838]
Event: 3.883 Thread 0x0000027c7b885170 nmethod 5069 0x0000027c07e0b090 code [0x0000027c07e0b220, 0x0000027c07e0b2f8]
Event: 3.884 Thread 0x0000027c7e84c370 nmethod 5065 0x0000027c07e0b390 code [0x0000027c07e0b520, 0x0000027c07e0b5f8]

GC Heap History (20 events):
Event: 2.041 GC heap before
{Heap before GC invocations=7 (full 1):
 PSYoungGen      total 29696K, used 25600K [0x00000000eab00000, 0x00000000ece00000, 0x0000000100000000)
  eden space 25600K, 100% used [0x00000000eab00000,0x00000000ec400000,0x00000000ec400000)
  from space 4096K, 0% used [0x00000000ec400000,0x00000000ec400000,0x00000000ec800000)
  to   space 5120K, 0% used [0x00000000ec900000,0x00000000ec900000,0x00000000ece00000)
 ParOldGen       total 68608K, used 10401K [0x00000000c0000000, 0x00000000c4300000, 0x00000000eab00000)
  object space 68608K, 15% used [0x00000000c0000000,0x00000000c0a28630,0x00000000c4300000)
 Metaspace       used 24448K, committed 24960K, reserved 1114112K
  class space    used 2481K, committed 2688K, reserved 1048576K
}
Event: 2.043 GC heap after
{Heap after GC invocations=7 (full 1):
 PSYoungGen      total 26624K, used 1322K [0x00000000eab00000, 0x00000000eca80000, 0x0000000100000000)
  eden space 25088K, 0% used [0x00000000eab00000,0x00000000eab00000,0x00000000ec380000)
  from space 1536K, 86% used [0x00000000ec900000,0x00000000eca4a8f8,0x00000000eca80000)
  to   space 2560K, 0% used [0x00000000ec580000,0x00000000ec580000,0x00000000ec800000)
 ParOldGen       total 68608K, used 10409K [0x00000000c0000000, 0x00000000c4300000, 0x00000000eab00000)
  object space 68608K, 15% used [0x00000000c0000000,0x00000000c0a2a630,0x00000000c4300000)
 Metaspace       used 24448K, committed 24960K, reserved 1114112K
  class space    used 2481K, committed 2688K, reserved 1048576K
}
Event: 2.198 GC heap before
{Heap before GC invocations=8 (full 1):
 PSYoungGen      total 26624K, used 26200K [0x00000000eab00000, 0x00000000eca80000, 0x0000000100000000)
  eden space 25088K, 99% used [0x00000000eab00000,0x00000000ec34b820,0x00000000ec380000)
  from space 1536K, 86% used [0x00000000ec900000,0x00000000eca4a8f8,0x00000000eca80000)
  to   space 2560K, 0% used [0x00000000ec580000,0x00000000ec580000,0x00000000ec800000)
 ParOldGen       total 68608K, used 10409K [0x00000000c0000000, 0x00000000c4300000, 0x00000000eab00000)
  object space 68608K, 15% used [0x00000000c0000000,0x00000000c0a2a630,0x00000000c4300000)
 Metaspace       used 27394K, committed 28032K, reserved 1114112K
  class space    used 2788K, committed 3008K, reserved 1048576K
}
Event: 2.199 GC heap after
{Heap after GC invocations=8 (full 1):
 PSYoungGen      total 27136K, used 2553K [0x00000000eab00000, 0x00000000ecd00000, 0x0000000100000000)
  eden space 24576K, 0% used [0x00000000eab00000,0x00000000eab00000,0x00000000ec300000)
  from space 2560K, 99% used [0x00000000ec580000,0x00000000ec7fe688,0x00000000ec800000)
  to   space 5120K, 0% used [0x00000000ec800000,0x00000000ec800000,0x00000000ecd00000)
 ParOldGen       total 68608K, used 12324K [0x00000000c0000000, 0x00000000c4300000, 0x00000000eab00000)
  object space 68608K, 17% used [0x00000000c0000000,0x00000000c0c09260,0x00000000c4300000)
 Metaspace       used 27394K, committed 28032K, reserved 1114112K
  class space    used 2788K, committed 3008K, reserved 1048576K
}
Event: 2.296 GC heap before
{Heap before GC invocations=9 (full 1):
 PSYoungGen      total 27136K, used 27129K [0x00000000eab00000, 0x00000000ecd00000, 0x0000000100000000)
  eden space 24576K, 100% used [0x00000000eab00000,0x00000000ec300000,0x00000000ec300000)
  from space 2560K, 99% used [0x00000000ec580000,0x00000000ec7fe688,0x00000000ec800000)
  to   space 5120K, 0% used [0x00000000ec800000,0x00000000ec800000,0x00000000ecd00000)
 ParOldGen       total 68608K, used 12324K [0x00000000c0000000, 0x00000000c4300000, 0x00000000eab00000)
  object space 68608K, 17% used [0x00000000c0000000,0x00000000c0c09260,0x00000000c4300000)
 Metaspace       used 30295K, committed 30912K, reserved 1114112K
  class space    used 2988K, committed 3200K, reserved 1048576K
}
Event: 2.296 GC heap after
{Heap after GC invocations=9 (full 1):
 PSYoungGen      total 27648K, used 3185K [0x00000000eab00000, 0x00000000ecb80000, 0x0000000100000000)
  eden space 24064K, 0% used [0x00000000eab00000,0x00000000eab00000,0x00000000ec280000)
  from space 3584K, 88% used [0x00000000ec800000,0x00000000ecb1c5c0,0x00000000ecb80000)
  to   space 4096K, 0% used [0x00000000ec380000,0x00000000ec380000,0x00000000ec780000)
 ParOldGen       total 68608K, used 12332K [0x00000000c0000000, 0x00000000c4300000, 0x00000000eab00000)
  object space 68608K, 17% used [0x00000000c0000000,0x00000000c0c0b260,0x00000000c4300000)
 Metaspace       used 30295K, committed 30912K, reserved 1114112K
  class space    used 2988K, committed 3200K, reserved 1048576K
}
Event: 2.405 GC heap before
{Heap before GC invocations=10 (full 1):
 PSYoungGen      total 27648K, used 27249K [0x00000000eab00000, 0x00000000ecb80000, 0x0000000100000000)
  eden space 24064K, 100% used [0x00000000eab00000,0x00000000ec280000,0x00000000ec280000)
  from space 3584K, 88% used [0x00000000ec800000,0x00000000ecb1c5c0,0x00000000ecb80000)
  to   space 4096K, 0% used [0x00000000ec380000,0x00000000ec380000,0x00000000ec780000)
 ParOldGen       total 68608K, used 12332K [0x00000000c0000000, 0x00000000c4300000, 0x00000000eab00000)
  object space 68608K, 17% used [0x00000000c0000000,0x00000000c0c0b260,0x00000000c4300000)
 Metaspace       used 32553K, committed 33216K, reserved 1114112K
  class space    used 3171K, committed 3456K, reserved 1048576K
}
Event: 2.406 GC heap after
{Heap after GC invocations=10 (full 1):
 PSYoungGen      total 26624K, used 2661K [0x00000000eab00000, 0x00000000ec880000, 0x0000000100000000)
  eden space 23552K, 0% used [0x00000000eab00000,0x00000000eab00000,0x00000000ec200000)
  from space 3072K, 86% used [0x00000000ec380000,0x00000000ec6195d0,0x00000000ec680000)
  to   space 2048K, 0% used [0x00000000ec680000,0x00000000ec680000,0x00000000ec880000)
 ParOldGen       total 68608K, used 13421K [0x00000000c0000000, 0x00000000c4300000, 0x00000000eab00000)
  object space 68608K, 19% used [0x00000000c0000000,0x00000000c0d1b420,0x00000000c4300000)
 Metaspace       used 32553K, committed 33216K, reserved 1114112K
  class space    used 3171K, committed 3456K, reserved 1048576K
}
Event: 2.623 GC heap before
{Heap before GC invocations=11 (full 1):
 PSYoungGen      total 26624K, used 16997K [0x00000000eab00000, 0x00000000ec880000, 0x0000000100000000)
  eden space 23552K, 60% used [0x00000000eab00000,0x00000000eb9000a8,0x00000000ec200000)
  from space 3072K, 86% used [0x00000000ec380000,0x00000000ec6195d0,0x00000000ec680000)
  to   space 2048K, 0% used [0x00000000ec680000,0x00000000ec680000,0x00000000ec880000)
 ParOldGen       total 68608K, used 13421K [0x00000000c0000000, 0x00000000c4300000, 0x00000000eab00000)
  object space 68608K, 19% used [0x00000000c0000000,0x00000000c0d1b420,0x00000000c4300000)
 Metaspace       used 35106K, committed 35840K, reserved 1114112K
  class space    used 3458K, committed 3776K, reserved 1048576K
}
Event: 2.625 GC heap after
{Heap after GC invocations=11 (full 1):
 PSYoungGen      total 25600K, used 1708K [0x00000000eab00000, 0x00000000ec880000, 0x0000000100000000)
  eden space 23552K, 0% used [0x00000000eab00000,0x00000000eab00000,0x00000000ec200000)
  from space 2048K, 83% used [0x00000000ec680000,0x00000000ec82b330,0x00000000ec880000)
  to   space 2560K, 0% used [0x00000000ec380000,0x00000000ec380000,0x00000000ec600000)
 ParOldGen       total 68608K, used 15367K [0x00000000c0000000, 0x00000000c4300000, 0x00000000eab00000)
  object space 68608K, 22% used [0x00000000c0000000,0x00000000c0f01d18,0x00000000c4300000)
 Metaspace       used 35106K, committed 35840K, reserved 1114112K
  class space    used 3458K, committed 3776K, reserved 1048576K
}
Event: 2.625 GC heap before
{Heap before GC invocations=12 (full 2):
 PSYoungGen      total 25600K, used 1708K [0x00000000eab00000, 0x00000000ec880000, 0x0000000100000000)
  eden space 23552K, 0% used [0x00000000eab00000,0x00000000eab00000,0x00000000ec200000)
  from space 2048K, 83% used [0x00000000ec680000,0x00000000ec82b330,0x00000000ec880000)
  to   space 2560K, 0% used [0x00000000ec380000,0x00000000ec380000,0x00000000ec600000)
 ParOldGen       total 68608K, used 15367K [0x00000000c0000000, 0x00000000c4300000, 0x00000000eab00000)
  object space 68608K, 22% used [0x00000000c0000000,0x00000000c0f01d18,0x00000000c4300000)
 Metaspace       used 35106K, committed 35840K, reserved 1114112K
  class space    used 3458K, committed 3776K, reserved 1048576K
}
Event: 2.645 GC heap after
{Heap after GC invocations=12 (full 2):
 PSYoungGen      total 25600K, used 0K [0x00000000eab00000, 0x00000000ec880000, 0x0000000100000000)
  eden space 23552K, 0% used [0x00000000eab00000,0x00000000eab00000,0x00000000ec200000)
  from space 2048K, 0% used [0x00000000ec680000,0x00000000ec680000,0x00000000ec880000)
  to   space 2560K, 0% used [0x00000000ec380000,0x00000000ec380000,0x00000000ec600000)
 ParOldGen       total 68608K, used 13458K [0x00000000c0000000, 0x00000000c4300000, 0x00000000eab00000)
  object space 68608K, 19% used [0x00000000c0000000,0x00000000c0d24ac0,0x00000000c4300000)
 Metaspace       used 35106K, committed 35840K, reserved 1114112K
  class space    used 3458K, committed 3776K, reserved 1048576K
}
Event: 2.881 GC heap before
{Heap before GC invocations=13 (full 2):
 PSYoungGen      total 25600K, used 23552K [0x00000000eab00000, 0x00000000ec880000, 0x0000000100000000)
  eden space 23552K, 100% used [0x00000000eab00000,0x00000000ec200000,0x00000000ec200000)
  from space 2048K, 0% used [0x00000000ec680000,0x00000000ec680000,0x00000000ec880000)
  to   space 2560K, 0% used [0x00000000ec380000,0x00000000ec380000,0x00000000ec600000)
 ParOldGen       total 68608K, used 13458K [0x00000000c0000000, 0x00000000c4300000, 0x00000000eab00000)
  object space 68608K, 19% used [0x00000000c0000000,0x00000000c0d24ac0,0x00000000c4300000)
 Metaspace       used 38256K, committed 39104K, reserved 1114112K
  class space    used 3868K, committed 4224K, reserved 1048576K
}
Event: 2.882 GC heap after
{Heap after GC invocations=13 (full 2):
 PSYoungGen      total 24576K, used 1262K [0x00000000eab00000, 0x00000000ec700000, 0x0000000100000000)
  eden space 23040K, 0% used [0x00000000eab00000,0x00000000eab00000,0x00000000ec180000)
  from space 1536K, 82% used [0x00000000ec380000,0x00000000ec4bb8a0,0x00000000ec500000)
  to   space 1536K, 0% used [0x00000000ec580000,0x00000000ec580000,0x00000000ec700000)
 ParOldGen       total 68608K, used 13466K [0x00000000c0000000, 0x00000000c4300000, 0x00000000eab00000)
  object space 68608K, 19% used [0x00000000c0000000,0x00000000c0d26ac0,0x00000000c4300000)
 Metaspace       used 38256K, committed 39104K, reserved 1114112K
  class space    used 3868K, committed 4224K, reserved 1048576K
}
Event: 3.195 GC heap before
{Heap before GC invocations=14 (full 2):
 PSYoungGen      total 24576K, used 24302K [0x00000000eab00000, 0x00000000ec700000, 0x0000000100000000)
  eden space 23040K, 99% used [0x00000000eab00000,0x00000000ec17ffc8,0x00000000ec180000)
  from space 1536K, 82% used [0x00000000ec380000,0x00000000ec4bb8a0,0x00000000ec500000)
  to   space 1536K, 0% used [0x00000000ec580000,0x00000000ec580000,0x00000000ec700000)
 ParOldGen       total 68608K, used 13466K [0x00000000c0000000, 0x00000000c4300000, 0x00000000eab00000)
  object space 68608K, 19% used [0x00000000c0000000,0x00000000c0d26ac0,0x00000000c4300000)
 Metaspace       used 41119K, committed 41984K, reserved 1114112K
  class space    used 4250K, committed 4608K, reserved 1048576K
}
Event: 3.197 GC heap after
{Heap after GC invocations=14 (full 2):
 PSYoungGen      total 23552K, used 864K [0x00000000eab00000, 0x00000000ec680000, 0x0000000100000000)
  eden space 22528K, 0% used [0x00000000eab00000,0x00000000eab00000,0x00000000ec100000)
  from space 1024K, 84% used [0x00000000ec580000,0x00000000ec658020,0x00000000ec680000)
  to   space 1536K, 0% used [0x00000000ec380000,0x00000000ec380000,0x00000000ec500000)
 ParOldGen       total 68608K, used 14610K [0x00000000c0000000, 0x00000000c4300000, 0x00000000eab00000)
  object space 68608K, 21% used [0x00000000c0000000,0x00000000c0e44ad0,0x00000000c4300000)
 Metaspace       used 41119K, committed 41984K, reserved 1114112K
  class space    used 4250K, committed 4608K, reserved 1048576K
}
Event: 3.516 GC heap before
{Heap before GC invocations=15 (full 2):
 PSYoungGen      total 23552K, used 23392K [0x00000000eab00000, 0x00000000ec680000, 0x0000000100000000)
  eden space 22528K, 100% used [0x00000000eab00000,0x00000000ec100000,0x00000000ec100000)
  from space 1024K, 84% used [0x00000000ec580000,0x00000000ec658020,0x00000000ec680000)
  to   space 1536K, 0% used [0x00000000ec380000,0x00000000ec380000,0x00000000ec500000)
 ParOldGen       total 68608K, used 14610K [0x00000000c0000000, 0x00000000c4300000, 0x00000000eab00000)
  object space 68608K, 21% used [0x00000000c0000000,0x00000000c0e44ad0,0x00000000c4300000)
 Metaspace       used 42632K, committed 43456K, reserved 1114112K
  class space    used 4454K, committed 4800K, reserved 1048576K
}
Event: 3.517 GC heap after
{Heap after GC invocations=15 (full 2):
 PSYoungGen      total 23552K, used 704K [0x00000000eab00000, 0x00000000ec600000, 0x0000000100000000)
  eden space 22016K, 0% used [0x00000000eab00000,0x00000000eab00000,0x00000000ec080000)
  from space 1536K, 45% used [0x00000000ec380000,0x00000000ec430000,0x00000000ec500000)
  to   space 1024K, 0% used [0x00000000ec500000,0x00000000ec500000,0x00000000ec600000)
 ParOldGen       total 68608K, used 15218K [0x00000000c0000000, 0x00000000c4300000, 0x00000000eab00000)
  object space 68608K, 22% used [0x00000000c0000000,0x00000000c0edcad0,0x00000000c4300000)
 Metaspace       used 42632K, committed 43456K, reserved 1114112K
  class space    used 4454K, committed 4800K, reserved 1048576K
}
Event: 3.772 GC heap before
{Heap before GC invocations=16 (full 2):
 PSYoungGen      total 23552K, used 22720K [0x00000000eab00000, 0x00000000ec600000, 0x0000000100000000)
  eden space 22016K, 100% used [0x00000000eab00000,0x00000000ec080000,0x00000000ec080000)
  from space 1536K, 45% used [0x00000000ec380000,0x00000000ec430000,0x00000000ec500000)
  to   space 1024K, 0% used [0x00000000ec500000,0x00000000ec500000,0x00000000ec600000)
 ParOldGen       total 68608K, used 15218K [0x00000000c0000000, 0x00000000c4300000, 0x00000000eab00000)
  object space 68608K, 22% used [0x00000000c0000000,0x00000000c0edcad0,0x00000000c4300000)
 Metaspace       used 45265K, committed 46144K, reserved 1114112K
  class space    used 4801K, committed 5184K, reserved 1048576K
}
Event: 3.773 GC heap after
{Heap after GC invocations=16 (full 2):
 PSYoungGen      total 23040K, used 1024K [0x00000000eab00000, 0x00000000ec600000, 0x0000000100000000)
  eden space 22016K, 0% used [0x00000000eab00000,0x00000000eab00000,0x00000000ec080000)
  from space 1024K, 100% used [0x00000000ec500000,0x00000000ec600000,0x00000000ec600000)
  to   space 2048K, 0% used [0x00000000ec200000,0x00000000ec200000,0x00000000ec400000)
 ParOldGen       total 68608K, used 15762K [0x00000000c0000000, 0x00000000c4300000, 0x00000000eab00000)
  object space 68608K, 22% used [0x00000000c0000000,0x00000000c0f64ad0,0x00000000c4300000)
 Metaspace       used 45265K, committed 46144K, reserved 1114112K
  class space    used 4801K, committed 5184K, reserved 1048576K
}

Dll operation events (10 events):
Event: 0.006 Loaded shared library c:\Users\joshm\.vscode\extensions\redhat.java-1.26.0-win32-x64\jre\17.0.9-win32-x86_64\bin\java.dll
Event: 0.110 Loaded shared library c:\Users\joshm\.vscode\extensions\redhat.java-1.26.0-win32-x64\jre\17.0.9-win32-x86_64\bin\zip.dll
Event: 0.112 Loaded shared library C:\Users\joshm\.vscode\extensions\redhat.java-1.26.0-win32-x64\jre\17.0.9-win32-x86_64\bin\instrument.dll
Event: 0.122 Loaded shared library C:\Users\joshm\.vscode\extensions\redhat.java-1.26.0-win32-x64\jre\17.0.9-win32-x86_64\bin\net.dll
Event: 0.124 Loaded shared library C:\Users\joshm\.vscode\extensions\redhat.java-1.26.0-win32-x64\jre\17.0.9-win32-x86_64\bin\nio.dll
Event: 0.129 Loaded shared library C:\Users\joshm\.vscode\extensions\redhat.java-1.26.0-win32-x64\jre\17.0.9-win32-x86_64\bin\zip.dll
Event: 0.140 Loaded shared library C:\Users\joshm\.vscode\extensions\redhat.java-1.26.0-win32-x64\jre\17.0.9-win32-x86_64\bin\jimage.dll
Event: 0.182 Loaded shared library c:\Users\joshm\.vscode\extensions\redhat.java-1.26.0-win32-x64\jre\17.0.9-win32-x86_64\bin\verify.dll
Event: 0.945 Loaded shared library C:\Users\joshm\AppData\Roaming\Code\User\globalStorage\redhat.java\1.26.0\config_win\org.eclipse.equinox.launcher\org.eclipse.equinox.launcher.win32.win32.x86_64_1.2.800.v20231003-1442\eclipse_11802.dll
Event: 2.593 Loaded shared library C:\Users\joshm\AppData\Local\Temp\jna-101313875\jna1176774875954695407.dll

Deoptimization events (20 events):
Event: 3.793 Thread 0x0000027c7edb1fb0 Uncommon trap: trap_request=0xffffffbe fr.pc=0x0000027c07dd2af0 relative=0x0000000000001d70
Event: 3.793 Thread 0x0000027c7edb1fb0 Uncommon trap: reason=profile_predicate action=maybe_recompile pc=0x0000027c07dd2af0 method=org.eclipse.osgi.internal.loader.BundleLoader.searchHooks(Ljava/lang/String;I)Ljava/lang/Object; @ 186 c2
Event: 3.793 Thread 0x0000027c7edb1fb0 DEOPT PACKING pc=0x0000027c07dd2af0 sp=0x000000f1b83fb590
Event: 3.793 Thread 0x0000027c7edb1fb0 DEOPT UNPACKING pc=0x0000027c074a66a3 sp=0x000000f1b83fb588 mode 2
Event: 3.796 Thread 0x0000027c7edb1fb0 Uncommon trap: trap_request=0xffffff45 fr.pc=0x0000027c07d2f744 relative=0x0000000000000da4
Event: 3.796 Thread 0x0000027c7edb1fb0 Uncommon trap: reason=unstable_if action=reinterpret pc=0x0000027c07d2f744 method=java.util.TreeMap.put(Ljava/lang/Object;Ljava/lang/Object;Z)Ljava/lang/Object; @ 27 c2
Event: 3.796 Thread 0x0000027c7edb1fb0 DEOPT PACKING pc=0x0000027c07d2f744 sp=0x000000f1b83fddf0
Event: 3.796 Thread 0x0000027c7edb1fb0 DEOPT UNPACKING pc=0x0000027c074a66a3 sp=0x000000f1b83fdd90 mode 2
Event: 3.818 Thread 0x0000027c7edb1fb0 Uncommon trap: trap_request=0xffffff45 fr.pc=0x0000027c07cb6b7c relative=0x00000000000001dc
Event: 3.818 Thread 0x0000027c7edb1fb0 Uncommon trap: reason=unstable_if action=reinterpret pc=0x0000027c07cb6b7c method=java.lang.ClassLoader.checkName(Ljava/lang/String;)Z @ 1 c2
Event: 3.818 Thread 0x0000027c7edb1fb0 DEOPT PACKING pc=0x0000027c07cb6b7c sp=0x000000f1b83fdbd0
Event: 3.818 Thread 0x0000027c7edb1fb0 DEOPT UNPACKING pc=0x0000027c074a66a3 sp=0x000000f1b83fdb68 mode 2
Event: 3.818 Thread 0x0000027c7edb1fb0 Uncommon trap: trap_request=0xffffff45 fr.pc=0x0000027c07c351e8 relative=0x00000000000013c8
Event: 3.818 Thread 0x0000027c7edb1fb0 Uncommon trap: reason=unstable_if action=reinterpret pc=0x0000027c07c351e8 method=lombok.patcher.ScriptManager$OurClassFileTransformer.transform(Ljava/lang/ClassLoader;Ljava/lang/String;Ljava/lang/Class;Ljava/security/ProtectionDomain;[B)[B @ 1 c2
Event: 3.818 Thread 0x0000027c7edb1fb0 DEOPT PACKING pc=0x0000027c07c351e8 sp=0x000000f1b83fc7b0
Event: 3.818 Thread 0x0000027c7edb1fb0 DEOPT UNPACKING pc=0x0000027c074a66a3 sp=0x000000f1b83fc738 mode 2
Event: 3.844 Thread 0x0000027c7edb1fb0 Uncommon trap: trap_request=0xffffff45 fr.pc=0x0000027c07d69e70 relative=0x0000000000003270
Event: 3.844 Thread 0x0000027c7edb1fb0 Uncommon trap: reason=unstable_if action=reinterpret pc=0x0000027c07d69e70 method=jdk.internal.org.objectweb.asm.SymbolTable.addType(Ljava/lang/String;)I @ 33 c2
Event: 3.844 Thread 0x0000027c7edb1fb0 DEOPT PACKING pc=0x0000027c07d69e70 sp=0x000000f1b83fd280
Event: 3.844 Thread 0x0000027c7edb1fb0 DEOPT UNPACKING pc=0x0000027c074a66a3 sp=0x000000f1b83fd198 mode 2

Classes unloaded (7 events):
Event: 1.784 Thread 0x0000027c71909a60 Unloading class 0x0000000100248400 'java/lang/invoke/LambdaForm$MH+0x0000000100248400'
Event: 1.784 Thread 0x0000027c71909a60 Unloading class 0x0000000100248000 'java/lang/invoke/LambdaForm$MH+0x0000000100248000'
Event: 1.785 Thread 0x0000027c71909a60 Unloading class 0x0000000100243c00 'java/lang/invoke/LambdaForm$MH+0x0000000100243c00'
Event: 1.785 Thread 0x0000027c71909a60 Unloading class 0x0000000100243800 'java/lang/invoke/LambdaForm$MH+0x0000000100243800'
Event: 1.785 Thread 0x0000027c71909a60 Unloading class 0x0000000100243400 'java/lang/invoke/LambdaForm$BMH+0x0000000100243400'
Event: 1.785 Thread 0x0000027c71909a60 Unloading class 0x0000000100243000 'java/lang/invoke/LambdaForm$DMH+0x0000000100243000'
Event: 1.785 Thread 0x0000027c71909a60 Unloading class 0x0000000100240400 'java/lang/invoke/LambdaForm$DMH+0x0000000100240400'

Classes redefined (0 events):
No events

Internal exceptions (20 events):
Event: 2.617 Thread 0x0000027c7e34e6c0 Exception <a 'java/lang/UnsatisfiedLinkError'{0x00000000eb82a660}: The specified procedure could not be found.
> (0x00000000eb82a660) 
thrown [s\src\hotspot\share\prims\jni.cpp, line 535]
Event: 2.620 Thread 0x0000027c7e34e6c0 Exception <a 'java/io/FileNotFoundException'{0x00000000eb8502f8}> (0x00000000eb8502f8) 
thrown [s\src\hotspot\share\prims\jni.cpp, line 516]
Event: 2.648 Thread 0x0000027c7e34e6c0 Exception <a 'java/io/FileNotFoundException'{0x00000000eab3fcb8}> (0x00000000eab3fcb8) 
thrown [s\src\hotspot\share\prims\jni.cpp, line 516]
Event: 2.656 Thread 0x0000027c7e34e6c0 Exception <a 'java/lang/UnsatisfiedLinkError'{0x00000000eabcf558}: The specified procedure could not be found.
> (0x00000000eabcf558) 
thrown [s\src\hotspot\share\prims\jni.cpp, line 535]
Event: 2.716 Thread 0x0000027c71881690 Exception <a 'java/lang/NoSuchMethodError'{0x00000000eb101e68}: 'java.lang.Object java.lang.invoke.DirectMethodHandle$Holder.invokeStatic(java.lang.Object, java.lang.Object, long, java.lang.Object)'> (0x00000000eb101e68) 
thrown [s\src\hotspot\share\interpreter\linkResolver.cpp, line 759]
Event: 2.716 Thread 0x0000027c71881690 Exception <a 'java/lang/NoSuchMethodError'{0x00000000eb105b70}: 'java.lang.Object java.lang.invoke.DirectMethodHandle$Holder.invokeStaticInit(java.lang.Object, java.lang.Object, long, java.lang.Object)'> (0x00000000eb105b70) 
thrown [s\src\hotspot\share\interpreter\linkResolver.cpp, line 759]
Event: 2.716 Thread 0x0000027c71881690 Exception <a 'java/lang/NoSuchMethodError'{0x00000000eb10c3e0}: 'java.lang.Object java.lang.invoke.DirectMethodHandle$Holder.newInvokeSpecial(java.lang.Object, java.lang.Object, long)'> (0x00000000eb10c3e0) 
thrown [s\src\hotspot\share\interpreter\linkResolver.cpp, line 759]
Event: 2.748 Thread 0x0000027c71881690 Exception <a 'java/lang/NoSuchMethodError'{0x00000000eb2d8c38}: 'void java.lang.invoke.DirectMethodHandle$Holder.invokeStatic(java.lang.Object, java.lang.Object, java.lang.Object, java.lang.Object)'> (0x00000000eb2d8c38) 
thrown [s\src\hotspot\share\interpreter\linkResolver.cpp, line 759]
Event: 2.832 Thread 0x0000027c71881690 Exception <a 'java/lang/NoSuchMethodError'{0x00000000ebd60ab8}: 'void java.lang.invoke.DirectMethodHandle$Holder.invokeSpecial(java.lang.Object, java.lang.Object, java.lang.Object, java.lang.Object, java.lang.Object, java.lang.Object)'> (0x00000000ebd60ab8) 
thrown [s\src\hotspot\share\interpreter\linkResolver.cpp, line 759]
Event: 2.833 Thread 0x0000027c71881690 Exception <a 'java/lang/IncompatibleClassChangeError'{0x00000000ebd6a940}: Found class java.lang.Object, but interface was expected> (0x00000000ebd6a940) 
thrown [s\src\hotspot\share\interpreter\linkResolver.cpp, line 826]
Event: 2.926 Thread 0x0000027c7edb1fb0 Exception <a 'java/lang/NoSuchMethodError'{0x00000000eae940d0}: 'java.lang.Object java.lang.invoke.DirectMethodHandle$Holder.invokeSpecialIFC(java.lang.Object, java.lang.Object, java.lang.Object, java.lang.Object)'> (0x00000000eae940d0) 
thrown [s\src\hotspot\share\interpreter\linkResolver.cpp, line 759]
Event: 3.019 Thread 0x0000027c7edb1fb0 Exception <a 'java/lang/NoSuchMethodError'{0x00000000eb826ea8}: 'int java.lang.invoke.DirectMethodHandle$Holder.invokeSpecialIFC(java.lang.Object, java.lang.Object, java.lang.Object, java.lang.Object, java.lang.Object)'> (0x00000000eb826ea8) 
thrown [s\src\hotspot\share\interpreter\linkResolver.cpp, line 759]
Event: 3.152 Thread 0x0000027c7edb1fb0 Exception <a 'java/lang/NoClassDefFoundError'{0x00000000ebec6578}: javax/enterprise/inject/Typed> (0x00000000ebec6578) 
thrown [s\src\hotspot\share\classfile\systemDictionary.cpp, line 245]
Event: 3.789 Thread 0x0000027c7edb1fb0 Exception <a 'java/lang/NoSuchMethodError'{0x00000000eac448a8}: 'void java.lang.invoke.DirectMethodHandle$Holder.invokeStaticInit(java.lang.Object, java.lang.Object, java.lang.Object)'> (0x00000000eac448a8) 
thrown [s\src\hotspot\share\interpreter\linkResolver.cpp, line 759]
Event: 3.793 Thread 0x0000027c7edb1fb0 Exception <a 'java/lang/ExceptionInInitializerError'{0x00000000eac78a98}> (0x00000000eac78a98) 
thrown [s\src\hotspot\share\oops\instanceKlass.cpp, line 1218]
Event: 3.796 Thread 0x0000027c7edb1fb0 Implicit null exception at 0x0000027c07d2e9ef to 0x0000027c07d2f72c
Event: 3.818 Thread 0x0000027c7edb1fb0 Implicit null exception at 0x0000027c07cb69b0 to 0x0000027c07cb6b6c
Event: 3.818 Thread 0x0000027c7edb1fb0 Implicit null exception at 0x0000027c07c33e69 to 0x0000027c07c351c8
Event: 3.821 Thread 0x0000027c7edb1fb0 Exception <a 'java/lang/NoSuchMethodError'{0x00000000eadf2fd0}: 'java.lang.Object java.lang.invoke.Invokers$Holder.invokeExact_MT(java.lang.Object, int, java.lang.Object)'> (0x00000000eadf2fd0) 
thrown [s\src\hotspot\share\interpreter\linkResolver.cpp, line 759]
Event: 3.830 Thread 0x0000027c7edb1fb0 Exception <a 'java/lang/NoSuchMethodError'{0x00000000eae61748}: 'int java.lang.invoke.DirectMethodHandle$Holder.invokeSpecial(java.lang.Object, java.lang.Object, java.lang.Object, java.lang.Object)'> (0x00000000eae61748) 
thrown [s\src\hotspot\share\interpreter\linkResolver.cpp, line 759]

VM Operations (20 events):
Event: 2.881 Executing VM operation: ParallelGCFailedAllocation
Event: 2.882 Executing VM operation: ParallelGCFailedAllocation done
Event: 2.912 Executing VM operation: HandshakeAllThreads
Event: 2.912 Executing VM operation: HandshakeAllThreads done
Event: 2.933 Executing VM operation: HandshakeAllThreads
Event: 2.933 Executing VM operation: HandshakeAllThreads done
Event: 3.138 Executing VM operation: HandshakeAllThreads
Event: 3.138 Executing VM operation: HandshakeAllThreads done
Event: 3.192 Executing VM operation: ParallelGCFailedAllocation
Event: 3.197 Executing VM operation: ParallelGCFailedAllocation done
Event: 3.516 Executing VM operation: ParallelGCFailedAllocation
Event: 3.517 Executing VM operation: ParallelGCFailedAllocation done
Event: 3.546 Executing VM operation: HandshakeAllThreads
Event: 3.546 Executing VM operation: HandshakeAllThreads done
Event: 3.618 Executing VM operation: HandshakeAllThreads
Event: 3.618 Executing VM operation: HandshakeAllThreads done
Event: 3.772 Executing VM operation: ParallelGCFailedAllocation
Event: 3.773 Executing VM operation: ParallelGCFailedAllocation done
Event: 3.853 Executing VM operation: HandshakeAllThreads
Event: 3.853 Executing VM operation: HandshakeAllThreads done

Events (20 events):
Event: 3.584 loading class sun/reflect/generics/tree/VoidDescriptor
Event: 3.584 loading class sun/reflect/generics/tree/VoidDescriptor done
Event: 3.677 loading class java/util/concurrent/CompletionService
Event: 3.677 loading class java/util/concurrent/CompletionService done
Event: 3.686 loading class java/nio/channels/SocketChannel
Event: 3.686 loading class java/nio/channels/NetworkChannel
Event: 3.686 loading class java/nio/channels/NetworkChannel done
Event: 3.686 loading class java/nio/channels/spi/AbstractSelectableChannel
Event: 3.687 loading class java/nio/channels/SelectableChannel
Event: 3.687 loading class java/nio/channels/SelectableChannel done
Event: 3.687 loading class java/nio/channels/spi/AbstractSelectableChannel done
Event: 3.687 loading class java/nio/channels/SocketChannel done
Event: 3.687 loading class java/nio/channels/ServerSocketChannel
Event: 3.687 loading class java/nio/channels/ServerSocketChannel done
Event: 3.724 loading class java/io/UncheckedIOException
Event: 3.724 loading class java/io/UncheckedIOException done
Event: 3.792 loading class java/lang/ExceptionInInitializerError
Event: 3.792 loading class java/lang/ExceptionInInitializerError done
Event: 3.820 loading class java/util/function/ToIntFunction
Event: 3.820 loading class java/util/function/ToIntFunction done


Dynamic libraries:
0x00007ff6aaeb0000 - 0x00007ff6aaebe000 	c:\Users\joshm\.vscode\extensions\redhat.java-1.26.0-win32-x64\jre\17.0.9-win32-x86_64\bin\java.exe
0x00007fff52790000 - 0x00007fff529a7000 	C:\WINDOWS\SYSTEM32\ntdll.dll
0x00007fff50ad0000 - 0x00007fff50b94000 	C:\WINDOWS\System32\KERNEL32.DLL
0x00007fff4feb0000 - 0x00007fff50256000 	C:\WINDOWS\System32\KERNELBASE.dll
0x00007fff4fc40000 - 0x00007fff4fd51000 	C:\WINDOWS\System32\ucrtbase.dll
0x00007fff2e9b0000 - 0x00007fff2e9c7000 	c:\Users\joshm\.vscode\extensions\redhat.java-1.26.0-win32-x64\jre\17.0.9-win32-x86_64\bin\jli.dll
0x00007fff30d40000 - 0x00007fff30d5b000 	c:\Users\joshm\.vscode\extensions\redhat.java-1.26.0-win32-x64\jre\17.0.9-win32-x86_64\bin\VCRUNTIME140.dll
0x00007fff51090000 - 0x00007fff5123e000 	C:\WINDOWS\System32\USER32.dll
0x00007fff50260000 - 0x00007fff50286000 	C:\WINDOWS\System32\win32u.dll
0x00007fff50a50000 - 0x00007fff50a79000 	C:\WINDOWS\System32\GDI32.dll
0x00007fff3fdd0000 - 0x00007fff40063000 	C:\WINDOWS\WinSxS\amd64_microsoft.windows.common-controls_6595b64144ccf1df_6.0.22621.2506_none_270c5ae97388e100\COMCTL32.dll
0x00007fff4fd90000 - 0x00007fff4fea8000 	C:\WINDOWS\System32\gdi32full.dll
0x00007fff51300000 - 0x00007fff513a7000 	C:\WINDOWS\System32\msvcrt.dll
0x00007fff50310000 - 0x00007fff503aa000 	C:\WINDOWS\System32\msvcp_win.dll
0x00007fff51240000 - 0x00007fff51271000 	C:\WINDOWS\System32\IMM32.DLL
0x00007fff4cd10000 - 0x00007fff4cd1c000 	c:\Users\joshm\.vscode\extensions\redhat.java-1.26.0-win32-x64\jre\17.0.9-win32-x86_64\bin\vcruntime140_1.dll
0x00007fff166d0000 - 0x00007fff1675d000 	c:\Users\joshm\.vscode\extensions\redhat.java-1.26.0-win32-x64\jre\17.0.9-win32-x86_64\bin\msvcp140.dll
0x00007ffee0550000 - 0x00007ffee11b1000 	c:\Users\joshm\.vscode\extensions\redhat.java-1.26.0-win32-x64\jre\17.0.9-win32-x86_64\bin\server\jvm.dll
0x00007fff51410000 - 0x00007fff514c3000 	C:\WINDOWS\System32\ADVAPI32.dll
0x00007fff50870000 - 0x00007fff50918000 	C:\WINDOWS\System32\sechost.dll
0x00007fff4fd60000 - 0x00007fff4fd88000 	C:\WINDOWS\System32\bcrypt.dll
0x00007fff50930000 - 0x00007fff50a47000 	C:\WINDOWS\System32\RPCRT4.dll
0x00007fff4f9a0000 - 0x00007fff4f9ed000 	C:\WINDOWS\SYSTEM32\POWRPROF.dll
0x00007fff48ea0000 - 0x00007fff48ed4000 	C:\WINDOWS\SYSTEM32\WINMM.dll
0x00007fff43bb0000 - 0x00007fff43bb9000 	C:\WINDOWS\SYSTEM32\WSOCK32.dll
0x00007fff51280000 - 0x00007fff512f1000 	C:\WINDOWS\System32\WS2_32.dll
0x00007fff48910000 - 0x00007fff4891a000 	C:\WINDOWS\SYSTEM32\VERSION.dll
0x00007fff4f980000 - 0x00007fff4f993000 	C:\WINDOWS\SYSTEM32\UMPDC.dll
0x00007fff4eac0000 - 0x00007fff4ead8000 	C:\WINDOWS\SYSTEM32\kernel.appcore.dll
0x00007fff42fb0000 - 0x00007fff42fba000 	c:\Users\joshm\.vscode\extensions\redhat.java-1.26.0-win32-x64\jre\17.0.9-win32-x86_64\bin\jimage.dll
0x00007fff477d0000 - 0x00007fff47a03000 	C:\WINDOWS\SYSTEM32\DBGHELP.DLL
0x00007fff504e0000 - 0x00007fff50869000 	C:\WINDOWS\System32\combase.dll
0x00007fff52420000 - 0x00007fff524f7000 	C:\WINDOWS\System32\OLEAUT32.dll
0x00007fff2ca20000 - 0x00007fff2ca52000 	C:\WINDOWS\SYSTEM32\dbgcore.DLL
0x00007fff50290000 - 0x00007fff5030a000 	C:\WINDOWS\System32\bcryptPrimitives.dll
0x00007fff3fba0000 - 0x00007fff3fbae000 	c:\Users\joshm\.vscode\extensions\redhat.java-1.26.0-win32-x64\jre\17.0.9-win32-x86_64\bin\instrument.dll
0x00007fff267e0000 - 0x00007fff26805000 	c:\Users\joshm\.vscode\extensions\redhat.java-1.26.0-win32-x64\jre\17.0.9-win32-x86_64\bin\java.dll
0x00007fff2c950000 - 0x00007fff2c968000 	c:\Users\joshm\.vscode\extensions\redhat.java-1.26.0-win32-x64\jre\17.0.9-win32-x86_64\bin\zip.dll
0x00007fff51540000 - 0x00007fff51d9a000 	C:\WINDOWS\System32\SHELL32.dll
0x00007fff4d9d0000 - 0x00007fff4e2c6000 	C:\WINDOWS\SYSTEM32\windows.storage.dll
0x00007fff4d890000 - 0x00007fff4d9ce000 	C:\WINDOWS\SYSTEM32\wintypes.dll
0x00007fff52650000 - 0x00007fff52743000 	C:\WINDOWS\System32\SHCORE.dll
0x00007fff513b0000 - 0x00007fff5140e000 	C:\WINDOWS\System32\shlwapi.dll
0x00007fff4fa00000 - 0x00007fff4fa26000 	C:\WINDOWS\SYSTEM32\profapi.dll
0x00007fff2ba50000 - 0x00007fff2ba69000 	C:\Users\joshm\.vscode\extensions\redhat.java-1.26.0-win32-x64\jre\17.0.9-win32-x86_64\bin\net.dll
0x00007fff4a020000 - 0x00007fff4a157000 	C:\WINDOWS\SYSTEM32\WINHTTP.dll
0x00007fff4ef30000 - 0x00007fff4ef99000 	C:\WINDOWS\system32\mswsock.dll
0x00007fff29940000 - 0x00007fff29956000 	C:\Users\joshm\.vscode\extensions\redhat.java-1.26.0-win32-x64\jre\17.0.9-win32-x86_64\bin\nio.dll
0x00007fff3e6e0000 - 0x00007fff3e6f0000 	c:\Users\joshm\.vscode\extensions\redhat.java-1.26.0-win32-x64\jre\17.0.9-win32-x86_64\bin\verify.dll
0x00007fff2c9e0000 - 0x00007fff2ca1e000 	C:\Users\joshm\AppData\Roaming\Code\User\globalStorage\redhat.java\1.26.0\config_win\org.eclipse.equinox.launcher\org.eclipse.equinox.launcher.win32.win32.x86_64_1.2.800.v20231003-1442\eclipse_11802.dll
0x00007fff50c70000 - 0x00007fff50e10000 	C:\WINDOWS\System32\ole32.dll
0x00007fff4f170000 - 0x00007fff4f18b000 	C:\WINDOWS\SYSTEM32\CRYPTSP.dll
0x00007fff4ea20000 - 0x00007fff4ea55000 	C:\WINDOWS\system32\rsaenh.dll
0x00007fff4efe0000 - 0x00007fff4f00c000 	C:\WINDOWS\SYSTEM32\USERENV.dll
0x00007fff4f160000 - 0x00007fff4f16c000 	C:\WINDOWS\SYSTEM32\CRYPTBASE.dll
0x00007fff4e570000 - 0x00007fff4e59d000 	C:\WINDOWS\SYSTEM32\IPHLPAPI.DLL
0x00007fff51080000 - 0x00007fff51089000 	C:\WINDOWS\System32\NSI.dll
0x00007fff49f50000 - 0x00007fff49f69000 	C:\WINDOWS\SYSTEM32\dhcpcsvc6.DLL
0x00007fff498d0000 - 0x00007fff498ef000 	C:\WINDOWS\SYSTEM32\dhcpcsvc.DLL
0x00007fff4e5a0000 - 0x00007fff4e699000 	C:\WINDOWS\SYSTEM32\DNSAPI.dll
0x00007fff32e30000 - 0x00007fff32e75000 	C:\Users\joshm\AppData\Local\Temp\jna-101313875\jna1176774875954695407.dll
0x00007fff50920000 - 0x00007fff50928000 	C:\WINDOWS\System32\PSAPI.DLL

dbghelp: loaded successfully - version: 4.0.5 - missing functions: none
symbol engine: initialized successfully - sym options: 0x614 - pdb path: .;c:\Users\joshm\.vscode\extensions\redhat.java-1.26.0-win32-x64\jre\17.0.9-win32-x86_64\bin;C:\WINDOWS\SYSTEM32;C:\WINDOWS\WinSxS\amd64_microsoft.windows.common-controls_6595b64144ccf1df_6.0.22621.2506_none_270c5ae97388e100;c:\Users\joshm\.vscode\extensions\redhat.java-1.26.0-win32-x64\jre\17.0.9-win32-x86_64\bin\server;C:\Users\joshm\AppData\Roaming\Code\User\globalStorage\redhat.java\1.26.0\config_win\org.eclipse.equinox.launcher\org.eclipse.equinox.launcher.win32.win32.x86_64_1.2.800.v20231003-1442;C:\Users\joshm\AppData\Local\Temp\jna-101313875

VM Arguments:
jvm_args: --add-modules=ALL-SYSTEM --add-opens=java.base/java.util=ALL-UNNAMED --add-opens=java.base/java.lang=ALL-UNNAMED --add-opens=java.base/sun.nio.fs=ALL-UNNAMED -Declipse.application=org.eclipse.jdt.ls.core.id1 -Dosgi.bundles.defaultStartLevel=4 -Declipse.product=org.eclipse.jdt.ls.core.product -Djava.import.generatesMetadataFilesAtProjectRoot=false -DDetectVMInstallationsJob.disabled=true -Dfile.encoding=utf8 -XX:+UseParallelGC -XX:GCTimeRatio=4 -XX:AdaptiveSizePolicyWeight=90 -Dsun.zip.disableMemoryMapping=true -Xmx1G -Xms100m -Xlog:disable -javaagent:c:\Users\joshm\.vscode\extensions\redhat.java-1.26.0-win32-x64\lombok\lombok-1.18.31-3454.jar -XX:+HeapDumpOnOutOfMemoryError -XX:HeapDumpPath=c:\Users\joshm\AppData\Roaming\Code\User\workspaceStorage\b0d151ee9e6ba5e463fc4d2f3f896610\redhat.java -Daether.dependencyCollector.impl=bf 
java_command: c:\Users\joshm\.vscode\extensions\redhat.java-1.26.0-win32-x64\server\plugins\org.eclipse.equinox.launcher_1.6.700.v20231214-2017.jar -configuration c:\Users\joshm\AppData\Roaming\Code\User\globalStorage\redhat.java\1.26.0\config_win -data c:\Users\joshm\AppData\Roaming\Code\User\workspaceStorage\b0d151ee9e6ba5e463fc4d2f3f896610\redhat.java\jdt_ws --stdio
java_class_path (initial): c:\Users\joshm\.vscode\extensions\redhat.java-1.26.0-win32-x64\server\plugins\org.eclipse.equinox.launcher_1.6.700.v20231214-2017.jar
Launcher Type: SUN_STANDARD

[Global flags]
    uintx AdaptiveSizePolicyWeight                 = 90                                        {product} {command line}
     intx CICompilerCount                          = 12                                        {product} {ergonomic}
    uintx GCTimeRatio                              = 4                                         {product} {command line}
     bool HeapDumpOnOutOfMemoryError               = true                                   {manageable} {command line}
    ccstr HeapDumpPath                             = c:\Users\joshm\AppData\Roaming\Code\User\workspaceStorage\b0d151ee9e6ba5e463fc4d2f3f896610\redhat.java         {manageable} {command line}
   size_t InitialHeapSize                          = 104857600                                 {product} {command line}
   size_t MaxHeapSize                              = 1073741824                                {product} {command line}
   size_t MaxNewSize                               = 357564416                                 {product} {ergonomic}
   size_t MinHeapDeltaBytes                        = 524288                                    {product} {ergonomic}
   size_t MinHeapSize                              = 104857600                                 {product} {command line}
   size_t NewSize                                  = 34603008                                  {product} {ergonomic}
    uintx NonNMethodCodeHeapSize                   = 7602480                                {pd product} {ergonomic}
    uintx NonProfiledCodeHeapSize                  = 122027880                              {pd product} {ergonomic}
   size_t OldSize                                  = 70254592                                  {product} {ergonomic}
    uintx ProfiledCodeHeapSize                     = 122027880                              {pd product} {ergonomic}
    uintx ReservedCodeCacheSize                    = 251658240                              {pd product} {ergonomic}
     bool SegmentedCodeCache                       = true                                      {product} {ergonomic}
   size_t SoftMaxHeapSize                          = 1073741824                             {manageable} {ergonomic}
     bool UseCompressedClassPointers               = true                           {product lp64_product} {ergonomic}
     bool UseCompressedOops                        = true                           {product lp64_product} {ergonomic}
     bool UseLargePagesIndividualAllocation        = false                                  {pd product} {ergonomic}
     bool UseParallelGC                            = true                                      {product} {command line}

Logging:
Log output configuration:
 #0: stdout all=off uptime,level,tags
 #1: stderr all=off uptime,level,tags

Environment Variables:
JAVA_HOME=C:\Program Files\Java\jdk-17
PATH=C:\Program Files\Common Files\Oracle\Java\javapath;C:\Program Files (x86)\Razer\ChromaBroadcast\bin;C:\Program Files\Razer\ChromaBroadcast\bin;C:\Windows\system32;C:\Windows;C:\Windows\System32\Wbem;C:\Windows\System32\WindowsPowerShell\v1.0\;C:\Windows\System32\OpenSSH\;C:\Program Files (x86)\NVIDIA Corporation\PhysX\Common;C:\Program Files\NVIDIA Corporation\NVIDIA NvDLISR;C:\WINDOWS\system32;C:\WINDOWS;C:\WINDOWS\System32\Wbem;C:\WINDOWS\System32\WindowsPowerShell\v1.0\;C:\WINDOWS\System32\OpenSSH\;C:\WINDOWS\system32\config\systemprofile\AppData\Local\Microsoft\WindowsApps;C:\Program Files\dotnet\;C:\ProgramData\chocolatey\bin;C:\Program Files\Git\cmd;C:\Users\joshm\AppData\Local\Microsoft\WindowsApps;C:\Users\joshm\AppData\Local\Programs\Microsoft VS Code\bin;C:\Users\joshm\AppData\Local\Programs\Python\Python311;C:\Users\joshm\AppData\Local\spicetify;C:\Flutter\flutter\bin;
USERNAME=joshm
OS=Windows_NT
PROCESSOR_IDENTIFIER=AMD64 Family 25 Model 68 Stepping 1, AuthenticAMD
TMP=C:\Users\joshm\AppData\Local\Temp
TEMP=C:\Users\joshm\AppData\Local\Temp



Periodic native trim disabled


---------------  S Y S T E M  ---------------

OS:
 Windows 11 , 64 bit Build 22621 (10.0.22621.2506)
OS uptime: 0 days 19:01 hours
Hyper-V role detected

CPU: total 16 (initial active 16) (16 cores per cpu, 2 threads per core) family 25 model 68 stepping 1 microcode 0x0, cx8, cmov, fxsr, ht, mmx, 3dnowpref, sse, sse2, sse3, ssse3, sse4a, sse4.1, sse4.2, popcnt, lzcnt, tsc, tscinvbit, avx, avx2, aes, clmul, bmi1, bmi2, adx, sha, fma, vzeroupper, clflush, clflushopt, hv
Processor Information for all 16 processors :
  Max Mhz: 3201, Current Mhz: 3201, Mhz Limit: 3201

Memory: 4k page, system-wide physical 15613M (3444M free)
TotalPageFile size 37089M (AvailPageFile size 7M)
current process WorkingSet (physical memory assigned to process): 226M, peak: 227M
current process commit charge ("private bytes"): 337M, peak: 339M

vm_info: OpenJDK 64-Bit Server VM (17.0.9+9) for windows-amd64 JRE (17.0.9+9), built on Oct 26 2023 14:01:42 by "admin" with MS VC++ 16.10 / 16.11 (VS2019)

END.
